2022-04-06 23:08:46.525 [Info] Discovered 0 plugins:


--------------------------------------------------------------------------------
2022-04-06 23:08:47.746 [Info] Connecting to 38.129.153.213:5400...

--------------------------------------------------------------------------------
2022-04-06 23:08:48.176 [Info] Connection approved [00000000-0000-0000-0000-000000000000].

--------------------------------------------------------------------------------
2022-04-06 23:08:48.240 [Debug] approval Time=5050651 Offset=63784878277505 Real=63784883328157

--------------------------------------------------------------------------------
2022-04-06 23:08:48.240 [Debug] local Time=5050651 Offset=63784878277589 Real=63784883328240

--------------------------------------------------------------------------------
2022-04-06 23:08:48.241 [Debug] real delta=83

--------------------------------------------------------------------------------
2022-04-06 23:08:48.241 [Debug] this.Statistics.Ping=0 NCPing=9

--------------------------------------------------------------------------------
2022-04-06 23:08:48.243 [Debug] Connection established to remote [00000000-0000-0000-0000-000000000000/38.129.153.213:5400].

--------------------------------------------------------------------------------
2022-04-06 23:08:48.243 [Info] Connected [00000000-0000-0000-0000-000000000000].

--------------------------------------------------------------------------------
2022-04-06 23:08:51.636 [Warn] 'Me' is null.

--------------------------------------------------------------------------------
2022-04-06 23:08:51.904 [Debug] received epp: 5054073

--------------------------------------------------------------------------------
2022-04-06 23:09:18.427 [Debug] received epp: 5080870

--------------------------------------------------------------------------------
2022-04-06 23:09:39.161 [Debug] received epp: 5101604

--------------------------------------------------------------------------------
2022-04-06 23:41:07.022 [Debug] StatusChanged: [NetIncomingMessage #185 10 bytes] [Disconnecting]

--------------------------------------------------------------------------------
2022-04-06 23:41:07.026 [Debug] StatusChanged: [NetIncomingMessage #186 14 bytes] [Disconnected]

--------------------------------------------------------------------------------
2022-04-06 23:41:07.073 [Info] Acquiring context lock... (0ms)

--------------------------------------------------------------------------------
2022-04-06 23:41:07.073 [Info] Acquired. (0ms)

--------------------------------------------------------------------------------
2022-04-06 23:41:07.075 [Info] Beginning context dispose. (0ms)

--------------------------------------------------------------------------------
2022-04-06 23:41:07.075 [Info] GC.SuppressFinalize (0ms)

--------------------------------------------------------------------------------
2022-04-06 23:41:07.075 [Info] InternalDispose() completed. (0ms)

--------------------------------------------------------------------------------
2022-04-06 23:41:07.075 [Info] Clearing instance... (2ms)

--------------------------------------------------------------------------------
2022-04-06 23:41:07.075 [Info] Releasing context lock... (2ms)

--------------------------------------------------------------------------------
2022-04-06 23:41:07.075 [Info] Released. (2ms)

--------------------------------------------------------------------------------
