2022-04-03 22:27:58.502 [Info] Discovered 0 plugins:


--------------------------------------------------------------------------------
2022-04-03 22:27:59.463 [Info] Connecting to 38.129.153.213:5400...

--------------------------------------------------------------------------------
2022-04-03 22:27:59.889 [Info] Connection approved [00000000-0000-0000-0000-000000000000].

--------------------------------------------------------------------------------
2022-04-03 22:27:59.955 [Debug] approval Time=7467609 Offset=63784614212267 Real=63784621679877

--------------------------------------------------------------------------------
2022-04-03 22:27:59.955 [Debug] local Time=7467609 Offset=63784614212345 Real=63784621679955

--------------------------------------------------------------------------------
2022-04-03 22:27:59.955 [Debug] real delta=78

--------------------------------------------------------------------------------
2022-04-03 22:27:59.955 [Debug] this.Statistics.Ping=0 NCPing=6

--------------------------------------------------------------------------------
2022-04-03 22:27:59.960 [Debug] Connection established to remote [00000000-0000-0000-0000-000000000000/38.129.153.213:5400].

--------------------------------------------------------------------------------
2022-04-03 22:27:59.960 [Info] Connected [00000000-0000-0000-0000-000000000000].

--------------------------------------------------------------------------------
2022-04-03 22:28:25.808 [Warn] 'Me' is null.

--------------------------------------------------------------------------------
2022-04-03 22:28:26.027 [Debug] received epp: 7493469

--------------------------------------------------------------------------------
2022-04-03 22:28:46.445 [Debug] StatusChanged: [NetIncomingMessage #485 10 bytes] [Disconnecting]

--------------------------------------------------------------------------------
2022-04-03 22:28:46.448 [Debug] StatusChanged: [NetIncomingMessage #486 10 bytes] [Disconnected]

--------------------------------------------------------------------------------
2022-04-03 22:28:46.497 [Info] Acquiring context lock... (0ms)

--------------------------------------------------------------------------------
2022-04-03 22:28:46.497 [Info] Acquired. (0ms)

--------------------------------------------------------------------------------
2022-04-03 22:28:46.498 [Info] Beginning context dispose. (0ms)

--------------------------------------------------------------------------------
2022-04-03 22:28:46.498 [Info] GC.SuppressFinalize (0ms)

--------------------------------------------------------------------------------
2022-04-03 22:28:46.498 [Info] InternalDispose() completed. (0ms)

--------------------------------------------------------------------------------
2022-04-03 22:28:46.498 [Info] Clearing instance... (1ms)

--------------------------------------------------------------------------------
2022-04-03 22:28:46.499 [Info] Releasing context lock... (1ms)

--------------------------------------------------------------------------------
2022-04-03 22:28:46.499 [Info] Released. (1ms)

--------------------------------------------------------------------------------
