2022-04-04 01:43:14.367 [Info] Discovered 0 plugins:


--------------------------------------------------------------------------------
2022-04-04 01:43:15.310 [Info] Connecting to 38.129.153.213:5400...

--------------------------------------------------------------------------------
2022-04-04 01:43:15.713 [Info] Connection approved [00000000-0000-0000-0000-000000000000].

--------------------------------------------------------------------------------
2022-04-04 01:43:15.779 [Debug] approval Time=1954705 Offset=63784631440998 Real=63784633395703

--------------------------------------------------------------------------------
2022-04-04 01:43:15.780 [Debug] local Time=1954705 Offset=63784631441073 Real=63784633395779

--------------------------------------------------------------------------------
2022-04-04 01:43:15.780 [Debug] real delta=75

--------------------------------------------------------------------------------
2022-04-04 01:43:15.780 [Debug] this.Statistics.Ping=0 NCPing=6

--------------------------------------------------------------------------------
2022-04-04 01:43:15.782 [Debug] Connection established to remote [00000000-0000-0000-0000-000000000000/38.129.153.213:5400].

--------------------------------------------------------------------------------
2022-04-04 01:43:15.782 [Info] Connected [00000000-0000-0000-0000-000000000000].

--------------------------------------------------------------------------------
2022-04-04 01:44:30.012 [Warn] 'Me' is null.

--------------------------------------------------------------------------------
2022-04-04 01:44:30.237 [Debug] received epp: 2028940

--------------------------------------------------------------------------------
2022-04-04 01:44:36.264 [Debug] received epp: 2035252

--------------------------------------------------------------------------------
2022-04-04 01:44:36.766 [Debug] received epp: 2035705

--------------------------------------------------------------------------------
2022-04-04 01:44:36.966 [Debug] received epp: 2035705

--------------------------------------------------------------------------------
2022-04-04 01:44:40.614 [Debug] received epp: 2039597

--------------------------------------------------------------------------------
2022-04-04 01:44:40.730 [Debug] received epp: 2039643

--------------------------------------------------------------------------------
2022-04-04 01:44:41.401 [Debug] received epp: 2040393

--------------------------------------------------------------------------------
2022-04-04 01:44:41.431 [Debug] received epp: 2040409

--------------------------------------------------------------------------------
2022-04-04 01:44:43.532 [Debug] received epp: 2042503

--------------------------------------------------------------------------------
2022-04-04 01:44:43.814 [Debug] received epp: 2042783

--------------------------------------------------------------------------------
2022-04-04 01:44:44.417 [Debug] received epp: 2043394

--------------------------------------------------------------------------------
2022-04-04 01:44:44.698 [Debug] received epp: 2043674

--------------------------------------------------------------------------------
2022-04-04 01:44:44.965 [Debug] received epp: 2043925

--------------------------------------------------------------------------------
2022-04-04 01:44:45.764 [Debug] received epp: 2044752

--------------------------------------------------------------------------------
2022-04-04 01:47:48.753 [Debug] received epp: 2227705

--------------------------------------------------------------------------------
2022-04-04 01:48:37.523 [Debug] received epp: 2276503

--------------------------------------------------------------------------------
2022-04-04 01:49:48.120 [Debug] received epp: 2347096

--------------------------------------------------------------------------------
2022-04-04 01:50:07.035 [Debug] received epp: 2366002

--------------------------------------------------------------------------------
2022-04-04 01:50:51.688 [Debug] received epp: 2410628

--------------------------------------------------------------------------------
2022-04-04 01:51:31.402 [Debug] received epp: 2450362

--------------------------------------------------------------------------------
2022-04-04 01:53:11.791 [Debug] received epp: 2550737

--------------------------------------------------------------------------------
2022-04-04 01:53:48.220 [Debug] StatusChanged: [NetIncomingMessage #94 10 bytes] [Disconnecting]

--------------------------------------------------------------------------------
2022-04-04 01:53:48.224 [Debug] StatusChanged: [NetIncomingMessage #95 10 bytes] [Disconnected]

--------------------------------------------------------------------------------
2022-04-04 01:53:48.275 [Info] Acquiring context lock... (0ms)

--------------------------------------------------------------------------------
2022-04-04 01:53:48.275 [Info] Acquired. (0ms)

--------------------------------------------------------------------------------
2022-04-04 01:53:48.276 [Info] Beginning context dispose. (0ms)

--------------------------------------------------------------------------------
2022-04-04 01:53:48.277 [Info] GC.SuppressFinalize (0ms)

--------------------------------------------------------------------------------
2022-04-04 01:53:48.277 [Info] InternalDispose() completed. (0ms)

--------------------------------------------------------------------------------
2022-04-04 01:53:48.277 [Info] Clearing instance... (1ms)

--------------------------------------------------------------------------------
2022-04-04 01:53:48.277 [Info] Releasing context lock... (1ms)

--------------------------------------------------------------------------------
2022-04-04 01:53:48.277 [Info] Released. (1ms)

--------------------------------------------------------------------------------
