2022-04-04 22:43:58.117 [Info] Connecting to 38.129.153.213:5400...

--------------------------------------------------------------------------------
2022-04-04 22:43:58.564 [Info] Connection approved [00000000-0000-0000-0000-000000000000].

--------------------------------------------------------------------------------
2022-04-04 22:43:58.628 [Debug] approval Time=7716371 Offset=63784701322168 Real=63784709038540

--------------------------------------------------------------------------------
2022-04-04 22:43:58.628 [Debug] local Time=7716371 Offset=63784701322255 Real=63784709038627

--------------------------------------------------------------------------------
2022-04-04 22:43:58.628 [Debug] real delta=86

--------------------------------------------------------------------------------
2022-04-04 22:43:58.628 [Debug] this.Statistics.Ping=0 NCPing=5

--------------------------------------------------------------------------------
2022-04-04 22:43:58.630 [Debug] Connection established to remote [00000000-0000-0000-0000-000000000000/38.129.153.213:5400].

--------------------------------------------------------------------------------
2022-04-04 22:43:58.630 [Info] Connected [00000000-0000-0000-0000-000000000000].

--------------------------------------------------------------------------------
2022-04-04 22:46:20.488 [Debug] StatusChanged: [NetIncomingMessage #650 10 bytes] [Disconnecting]

--------------------------------------------------------------------------------
2022-04-04 22:46:20.491 [Debug] StatusChanged: [NetIncomingMessage #651 10 bytes] [Disconnected]

--------------------------------------------------------------------------------
2022-04-04 22:46:20.492 [Debug] Connection terminated to remote [00000000-0000-0000-0000-000000000000/38.129.153.213:5400].

--------------------------------------------------------------------------------
2022-04-04 22:46:20.492 [Info] Disconnected [00000000-0000-0000-0000-000000000000].

--------------------------------------------------------------------------------
