2022-04-04 14:02:35.514 [Info] Discovered 0 plugins:


--------------------------------------------------------------------------------
2022-04-04 14:02:36.536 [Info] Connecting to 38.129.153.213:5400...

--------------------------------------------------------------------------------
2022-04-04 14:02:36.992 [Info] Connection approved [00000000-0000-0000-0000-000000000000].

--------------------------------------------------------------------------------
2022-04-04 14:02:37.057 [Debug] approval Time=2313679 Offset=63784675443290 Real=63784677756970

--------------------------------------------------------------------------------
2022-04-04 14:02:37.057 [Debug] local Time=2313679 Offset=63784675443377 Real=63784677757057

--------------------------------------------------------------------------------
2022-04-04 14:02:37.058 [Debug] real delta=87

--------------------------------------------------------------------------------
2022-04-04 14:02:37.058 [Debug] this.Statistics.Ping=0 NCPing=8

--------------------------------------------------------------------------------
2022-04-04 14:02:37.060 [Debug] Connection established to remote [00000000-0000-0000-0000-000000000000/38.129.153.213:5400].

--------------------------------------------------------------------------------
2022-04-04 14:02:37.060 [Info] Connected [00000000-0000-0000-0000-000000000000].

--------------------------------------------------------------------------------
2022-04-04 14:02:40.745 [Warn] 'Me' is null.

--------------------------------------------------------------------------------
2022-04-04 14:02:40.981 [Debug] received epp: 2317382

--------------------------------------------------------------------------------
2022-04-04 14:02:47.019 [Debug] received epp: 2323664

--------------------------------------------------------------------------------
2022-04-04 14:03:43.145 [Debug] received epp: 2379791

--------------------------------------------------------------------------------
2022-04-04 14:04:38.908 [Debug] received epp: 2435554

--------------------------------------------------------------------------------
2022-04-04 14:05:08.496 [Debug] received epp: 2465179

--------------------------------------------------------------------------------
2022-04-04 14:05:42.031 [Debug] received epp: 2498726

--------------------------------------------------------------------------------
2022-04-04 14:06:38.482 [Debug] received epp: 2555179

--------------------------------------------------------------------------------
2022-04-04 14:06:44.849 [Debug] received epp: 2561540

--------------------------------------------------------------------------------
2022-04-04 14:08:39.352 [Warn] 'Me' is null.

--------------------------------------------------------------------------------
2022-04-04 14:08:39.429 [Debug] received epp: 2676039

--------------------------------------------------------------------------------
2022-04-04 14:08:45.466 [Debug] StatusChanged: [NetIncomingMessage #144 10 bytes] [Disconnecting]

--------------------------------------------------------------------------------
2022-04-04 14:08:45.469 [Debug] StatusChanged: [NetIncomingMessage #145 10 bytes] [Disconnected]

--------------------------------------------------------------------------------
2022-04-04 14:08:45.515 [Info] Acquiring context lock... (0ms)

--------------------------------------------------------------------------------
2022-04-04 14:08:45.515 [Info] Acquired. (0ms)

--------------------------------------------------------------------------------
2022-04-04 14:08:45.516 [Info] Beginning context dispose. (0ms)

--------------------------------------------------------------------------------
2022-04-04 14:08:45.517 [Info] GC.SuppressFinalize (0ms)

--------------------------------------------------------------------------------
2022-04-04 14:08:45.517 [Info] InternalDispose() completed. (0ms)

--------------------------------------------------------------------------------
2022-04-04 14:08:45.517 [Info] Clearing instance... (1ms)

--------------------------------------------------------------------------------
2022-04-04 14:08:45.517 [Info] Releasing context lock... (1ms)

--------------------------------------------------------------------------------
2022-04-04 14:08:45.517 [Info] Released. (1ms)

--------------------------------------------------------------------------------
