2022-04-28 15:08:09.394 [Info] Connecting to 38.129.153.213:5400...

--------------------------------------------------------------------------------
2022-04-28 15:08:09.818 [Info] Connection approved [00000000-0000-0000-0000-000000000000].

--------------------------------------------------------------------------------
2022-04-28 15:08:09.879 [Debug] approval Time=7991339 Offset=63786747298459 Real=63786755289798

--------------------------------------------------------------------------------
2022-04-28 15:08:09.879 [Debug] local Time=7991339 Offset=63786747298540 Real=63786755289879

--------------------------------------------------------------------------------
2022-04-28 15:08:09.880 [Debug] real delta=80

--------------------------------------------------------------------------------
2022-04-28 15:08:09.880 [Debug] this.Statistics.Ping=0 NCPing=6

--------------------------------------------------------------------------------
2022-04-28 15:08:09.881 [Debug] Connection established to remote [00000000-0000-0000-0000-000000000000/38.129.153.213:5400].

--------------------------------------------------------------------------------
2022-04-28 15:08:09.881 [Info] Connected [00000000-0000-0000-0000-000000000000].

--------------------------------------------------------------------------------
2022-04-28 15:10:31.986 [Debug] StatusChanged: [NetIncomingMessage #484 10 bytes] [Disconnecting]

--------------------------------------------------------------------------------
2022-04-28 15:10:31.992 [Debug] StatusChanged: [NetIncomingMessage #485 10 bytes] [Disconnected]

--------------------------------------------------------------------------------
2022-04-28 15:10:31.992 [Debug] Connection terminated to remote [00000000-0000-0000-0000-000000000000/38.129.153.213:5400].

--------------------------------------------------------------------------------
2022-04-28 15:10:31.993 [Info] Disconnected [00000000-0000-0000-0000-000000000000].

--------------------------------------------------------------------------------
