2022-04-03 15:42:37.175 [Info] Discovered 0 plugins:


--------------------------------------------------------------------------------
2022-04-03 15:42:38.134 [Info] Connecting to 38.129.153.213:5400...

--------------------------------------------------------------------------------
2022-04-03 15:42:38.542 [Info] Connection approved [00000000-0000-0000-0000-000000000000].

--------------------------------------------------------------------------------
2022-04-03 15:42:38.603 [Debug] approval Time=2568525 Offset=63784594789990 Real=63784597358516

--------------------------------------------------------------------------------
2022-04-03 15:42:38.604 [Debug] local Time=2568525 Offset=63784594790077 Real=63784597358603

--------------------------------------------------------------------------------
2022-04-03 15:42:38.604 [Debug] real delta=86

--------------------------------------------------------------------------------
2022-04-03 15:42:38.604 [Debug] this.Statistics.Ping=0 NCPing=5

--------------------------------------------------------------------------------
2022-04-03 15:42:38.606 [Debug] Connection established to remote [00000000-0000-0000-0000-000000000000/38.129.153.213:5400].

--------------------------------------------------------------------------------
2022-04-03 15:42:38.606 [Info] Connected [00000000-0000-0000-0000-000000000000].

--------------------------------------------------------------------------------
2022-04-03 15:42:54.444 [Debug] StatusChanged: [NetIncomingMessage #0 10 bytes] [Disconnecting]

--------------------------------------------------------------------------------
2022-04-03 15:42:54.447 [Debug] StatusChanged: [NetIncomingMessage #0 10 bytes] [Disconnected]

--------------------------------------------------------------------------------
2022-04-03 15:42:54.483 [Info] Acquiring context lock... (0ms)

--------------------------------------------------------------------------------
2022-04-03 15:42:54.483 [Info] Acquired. (0ms)

--------------------------------------------------------------------------------
2022-04-03 15:42:54.484 [Info] Beginning context dispose. (0ms)

--------------------------------------------------------------------------------
2022-04-03 15:42:54.484 [Info] GC.SuppressFinalize (0ms)

--------------------------------------------------------------------------------
2022-04-03 15:42:54.485 [Info] InternalDispose() completed. (0ms)

--------------------------------------------------------------------------------
2022-04-03 15:42:54.485 [Info] Clearing instance... (1ms)

--------------------------------------------------------------------------------
2022-04-03 15:42:54.485 [Info] Releasing context lock... (1ms)

--------------------------------------------------------------------------------
2022-04-03 15:42:54.485 [Info] Released. (1ms)

--------------------------------------------------------------------------------
