2022-04-04 18:16:56.250 [Info] Discovered 0 plugins:


--------------------------------------------------------------------------------
2022-04-04 18:16:57.334 [Info] Connecting to 38.129.153.213:5400...

--------------------------------------------------------------------------------
2022-04-04 18:16:57.742 [Info] Connection approved [00000000-0000-0000-0000-000000000000].

--------------------------------------------------------------------------------
2022-04-04 18:16:57.808 [Info] Connected [00000000-0000-0000-0000-000000000000].

--------------------------------------------------------------------------------
2022-04-04 18:17:09.121 [Warn] 'Me' is null.

--------------------------------------------------------------------------------
2022-04-04 18:47:26.244 [Info] Acquiring context lock... (0ms)

--------------------------------------------------------------------------------
2022-04-04 18:47:26.244 [Info] Acquired. (0ms)

--------------------------------------------------------------------------------
2022-04-04 18:47:26.246 [Info] Beginning context dispose. (0ms)

--------------------------------------------------------------------------------
2022-04-04 18:47:26.246 [Info] GC.SuppressFinalize (0ms)

--------------------------------------------------------------------------------
2022-04-04 18:47:26.246 [Info] InternalDispose() completed. (0ms)

--------------------------------------------------------------------------------
2022-04-04 18:47:26.246 [Info] Clearing instance... (1ms)

--------------------------------------------------------------------------------
2022-04-04 18:47:26.246 [Info] Releasing context lock... (2ms)

--------------------------------------------------------------------------------
2022-04-04 18:47:26.246 [Info] Released. (2ms)

--------------------------------------------------------------------------------
