2022-04-03 16:40:29.335 [Info] Discovered 0 plugins:


--------------------------------------------------------------------------------
2022-04-03 16:40:30.371 [Info] Connecting to 38.129.153.213:5400...

--------------------------------------------------------------------------------
2022-04-03 16:40:30.813 [Info] Connection approved [00000000-0000-0000-0000-000000000000].

--------------------------------------------------------------------------------
2022-04-03 16:40:30.887 [Debug] approval Time=6040806 Offset=63784594789990 Real=63784600830797

--------------------------------------------------------------------------------
2022-04-03 16:40:30.887 [Debug] local Time=6040806 Offset=63784594790080 Real=63784600830887

--------------------------------------------------------------------------------
2022-04-03 16:40:30.888 [Debug] real delta=89

--------------------------------------------------------------------------------
2022-04-03 16:40:30.888 [Debug] this.Statistics.Ping=0 NCPing=8

--------------------------------------------------------------------------------
2022-04-03 16:40:30.889 [Debug] Connection established to remote [00000000-0000-0000-0000-000000000000/38.129.153.213:5400].

--------------------------------------------------------------------------------
2022-04-03 16:40:30.889 [Info] Connected [00000000-0000-0000-0000-000000000000].

--------------------------------------------------------------------------------
2022-04-03 16:40:53.528 [Debug] StatusChanged: [NetIncomingMessage #0 10 bytes] [Disconnecting]

--------------------------------------------------------------------------------
2022-04-03 16:40:53.531 [Debug] StatusChanged: [NetIncomingMessage #0 10 bytes] [Disconnected]

--------------------------------------------------------------------------------
2022-04-03 16:40:53.575 [Info] Acquiring context lock... (0ms)

--------------------------------------------------------------------------------
2022-04-03 16:40:53.575 [Info] Acquired. (0ms)

--------------------------------------------------------------------------------
2022-04-03 16:40:53.576 [Info] Beginning context dispose. (0ms)

--------------------------------------------------------------------------------
2022-04-03 16:40:53.576 [Info] GC.SuppressFinalize (0ms)

--------------------------------------------------------------------------------
2022-04-03 16:40:53.576 [Info] InternalDispose() completed. (0ms)

--------------------------------------------------------------------------------
2022-04-03 16:40:53.576 [Info] Clearing instance... (1ms)

--------------------------------------------------------------------------------
2022-04-03 16:40:53.577 [Info] Releasing context lock... (1ms)

--------------------------------------------------------------------------------
2022-04-03 16:40:53.577 [Info] Released. (1ms)

--------------------------------------------------------------------------------
