2022-04-28 12:55:04.272 [Info] Connecting to 38.129.153.213:5400...

--------------------------------------------------------------------------------
2022-04-28 12:55:05.109 [Info] Connection approved [00000000-0000-0000-0000-000000000000].

--------------------------------------------------------------------------------
2022-04-28 12:55:05.170 [Debug] approval Time=6588 Offset=63786747298459 Real=63786747305047

--------------------------------------------------------------------------------
2022-04-28 12:55:05.170 [Debug] local Time=6588 Offset=63786747298582 Real=63786747305170

--------------------------------------------------------------------------------
2022-04-28 12:55:05.172 [Debug] real delta=124

--------------------------------------------------------------------------------
2022-04-28 12:55:05.172 [Debug] this.Statistics.Ping=0 NCPing=9

--------------------------------------------------------------------------------
2022-04-28 12:55:05.174 [Debug] Connection established to remote [00000000-0000-0000-0000-000000000000/38.129.153.213:5400].

--------------------------------------------------------------------------------
2022-04-28 12:55:05.174 [Info] Connected [00000000-0000-0000-0000-000000000000].

--------------------------------------------------------------------------------
2022-04-28 15:08:03.579 [Debug] StatusChanged: [NetIncomingMessage #0 10 bytes] [Disconnecting]

--------------------------------------------------------------------------------
2022-04-28 15:08:03.580 [Debug] StatusChanged: [NetIncomingMessage #0 10 bytes] [Disconnected]

--------------------------------------------------------------------------------
2022-04-28 15:08:03.580 [Debug] Connection terminated to remote [00000000-0000-0000-0000-000000000000/38.129.153.213:5400].

--------------------------------------------------------------------------------
2022-04-28 15:08:03.581 [Info] Disconnected [00000000-0000-0000-0000-000000000000].

--------------------------------------------------------------------------------
