2022-04-04 15:12:49.203 [Info] Discovered 0 plugins:


--------------------------------------------------------------------------------
2022-04-04 15:12:50.216 [Info] Connecting to 38.129.153.213:5400...

--------------------------------------------------------------------------------
2022-04-04 15:12:50.656 [Info] Connection approved [00000000-0000-0000-0000-000000000000].

--------------------------------------------------------------------------------
2022-04-04 15:12:50.730 [Debug] approval Time=6527352 Offset=63784675443290 Real=63784681970642

--------------------------------------------------------------------------------
2022-04-04 15:12:50.730 [Debug] local Time=6527352 Offset=63784675443377 Real=63784681970730

--------------------------------------------------------------------------------
2022-04-04 15:12:50.731 [Debug] real delta=87

--------------------------------------------------------------------------------
2022-04-04 15:12:50.731 [Debug] this.Statistics.Ping=0 NCPing=5

--------------------------------------------------------------------------------
2022-04-04 15:12:50.736 [Debug] Connection established to remote [00000000-0000-0000-0000-000000000000/38.129.153.213:5400].

--------------------------------------------------------------------------------
2022-04-04 15:12:50.736 [Info] Connected [00000000-0000-0000-0000-000000000000].

--------------------------------------------------------------------------------
2022-04-04 15:13:15.049 [Warn] 'Me' is null.

--------------------------------------------------------------------------------
2022-04-04 15:13:15.279 [Debug] received epp: 6551679

--------------------------------------------------------------------------------
2022-04-04 15:13:36.241 [Debug] received epp: 6572884

--------------------------------------------------------------------------------
2022-04-04 15:13:54.396 [Debug] received epp: 6591054

--------------------------------------------------------------------------------
2022-04-04 15:15:25.385 [Debug] received epp: 6682070

--------------------------------------------------------------------------------
2022-04-04 15:15:25.504 [Debug] received epp: 6682194

--------------------------------------------------------------------------------
2022-04-04 15:15:25.552 [Debug] received epp: 6682242

--------------------------------------------------------------------------------
2022-04-04 15:16:10.230 [Debug] received epp: 6726914

--------------------------------------------------------------------------------
2022-04-04 15:19:43.682 [Debug] received epp: 6940352

--------------------------------------------------------------------------------
2022-04-04 15:20:21.342 [Debug] StatusChanged: [NetIncomingMessage #0 10 bytes] [Disconnecting]

--------------------------------------------------------------------------------
2022-04-04 15:20:21.344 [Debug] StatusChanged: [NetIncomingMessage #0 10 bytes] [Disconnected]

--------------------------------------------------------------------------------
2022-04-04 15:20:21.397 [Info] Acquiring context lock... (0ms)

--------------------------------------------------------------------------------
2022-04-04 15:20:21.397 [Info] Acquired. (0ms)

--------------------------------------------------------------------------------
2022-04-04 15:20:21.398 [Info] Beginning context dispose. (0ms)

--------------------------------------------------------------------------------
2022-04-04 15:20:21.399 [Info] GC.SuppressFinalize (0ms)

--------------------------------------------------------------------------------
2022-04-04 15:20:21.399 [Info] InternalDispose() completed. (0ms)

--------------------------------------------------------------------------------
2022-04-04 15:20:21.399 [Info] Clearing instance... (1ms)

--------------------------------------------------------------------------------
2022-04-04 15:20:21.399 [Info] Releasing context lock... (1ms)

--------------------------------------------------------------------------------
2022-04-04 15:20:21.399 [Info] Released. (1ms)

--------------------------------------------------------------------------------
