2022-04-03 17:43:58.692 [Info] Discovered 0 plugins:


--------------------------------------------------------------------------------
2022-04-03 17:43:59.659 [Info] Connecting to 38.129.153.213:5400...

--------------------------------------------------------------------------------
2022-04-03 17:44:00.072 [Info] Connection approved [00000000-0000-0000-0000-000000000000].

--------------------------------------------------------------------------------
2022-04-03 17:44:00.140 [Debug] approval Time=9850058 Offset=63784594789990 Real=63784604640048

--------------------------------------------------------------------------------
2022-04-03 17:44:00.141 [Debug] local Time=9850059 Offset=63784594790081 Real=63784604640141

--------------------------------------------------------------------------------
2022-04-03 17:44:00.141 [Debug] real delta=92

--------------------------------------------------------------------------------
2022-04-03 17:44:00.141 [Debug] this.Statistics.Ping=0 NCPing=7

--------------------------------------------------------------------------------
2022-04-03 17:44:00.143 [Debug] Connection established to remote [00000000-0000-0000-0000-000000000000/38.129.153.213:5400].

--------------------------------------------------------------------------------
2022-04-03 17:44:00.143 [Info] Connected [00000000-0000-0000-0000-000000000000].

--------------------------------------------------------------------------------
2022-04-03 17:44:04.857 [Warn] 'Me' is null.

--------------------------------------------------------------------------------
2022-04-03 17:44:05.082 [Debug] received epp: 9854807

--------------------------------------------------------------------------------
2022-04-03 17:45:26.530 [Debug] StatusChanged: [NetIncomingMessage #297 10 bytes] [Disconnecting]

--------------------------------------------------------------------------------
2022-04-03 17:45:26.532 [Debug] StatusChanged: [NetIncomingMessage #298 10 bytes] [Disconnected]

--------------------------------------------------------------------------------
2022-04-03 17:45:26.581 [Info] Acquiring context lock... (0ms)

--------------------------------------------------------------------------------
2022-04-03 17:45:26.581 [Info] Acquired. (0ms)

--------------------------------------------------------------------------------
2022-04-03 17:45:26.582 [Info] Beginning context dispose. (0ms)

--------------------------------------------------------------------------------
2022-04-03 17:45:26.583 [Info] GC.SuppressFinalize (0ms)

--------------------------------------------------------------------------------
2022-04-03 17:45:26.583 [Info] InternalDispose() completed. (0ms)

--------------------------------------------------------------------------------
2022-04-03 17:45:26.583 [Info] Clearing instance... (1ms)

--------------------------------------------------------------------------------
2022-04-03 17:45:26.583 [Info] Releasing context lock... (1ms)

--------------------------------------------------------------------------------
2022-04-03 17:45:26.583 [Info] Released. (1ms)

--------------------------------------------------------------------------------
