2022-04-03 19:25:40.623 [Info] Discovered 0 plugins:


--------------------------------------------------------------------------------
2022-04-03 19:25:41.675 [Info] Connecting to 38.129.153.213:5400...

--------------------------------------------------------------------------------
2022-04-03 19:25:42.133 [Info] Connection approved [00000000-0000-0000-0000-000000000000].

--------------------------------------------------------------------------------
2022-04-03 19:25:42.201 [Debug] approval Time=15952119 Offset=63784594789990 Real=63784610742110

--------------------------------------------------------------------------------
2022-04-03 19:25:42.201 [Debug] local Time=15952119 Offset=63784594790080 Real=63784610742200

--------------------------------------------------------------------------------
2022-04-03 19:25:42.201 [Debug] real delta=89

--------------------------------------------------------------------------------
2022-04-03 19:25:42.201 [Debug] this.Statistics.Ping=0 NCPing=10

--------------------------------------------------------------------------------
2022-04-03 19:25:42.203 [Debug] Connection established to remote [00000000-0000-0000-0000-000000000000/38.129.153.213:5400].

--------------------------------------------------------------------------------
2022-04-03 19:25:42.203 [Info] Connected [00000000-0000-0000-0000-000000000000].

--------------------------------------------------------------------------------
2022-04-03 19:50:36.748 [Debug] StatusChanged: [NetIncomingMessage #0 10 bytes] [Disconnecting]

--------------------------------------------------------------------------------
2022-04-03 19:50:36.751 [Debug] StatusChanged: [NetIncomingMessage #0 10 bytes] [Disconnected]

--------------------------------------------------------------------------------
2022-04-03 19:50:36.796 [Info] Acquiring context lock... (0ms)

--------------------------------------------------------------------------------
2022-04-03 19:50:36.796 [Info] Acquired. (0ms)

--------------------------------------------------------------------------------
2022-04-03 19:50:36.797 [Info] Beginning context dispose. (0ms)

--------------------------------------------------------------------------------
2022-04-03 19:50:36.798 [Info] GC.SuppressFinalize (0ms)

--------------------------------------------------------------------------------
2022-04-03 19:50:36.798 [Info] InternalDispose() completed. (0ms)

--------------------------------------------------------------------------------
2022-04-03 19:50:36.798 [Info] Clearing instance... (1ms)

--------------------------------------------------------------------------------
2022-04-03 19:50:36.798 [Info] Releasing context lock... (1ms)

--------------------------------------------------------------------------------
2022-04-03 19:50:36.798 [Info] Released. (1ms)

--------------------------------------------------------------------------------
