2022-04-25 14:26:33.496 [Info] Connecting to 38.129.153.213:5400...

--------------------------------------------------------------------------------
2022-04-25 14:26:33.997 [Info] Connection approved [00000000-0000-0000-0000-000000000000].

--------------------------------------------------------------------------------
2022-04-25 14:26:34.059 [Debug] approval Time=15012 Offset=63786493578972 Real=63786493593985

--------------------------------------------------------------------------------
2022-04-25 14:26:34.059 [Debug] local Time=15012 Offset=63786493579046 Real=63786493594059

--------------------------------------------------------------------------------
2022-04-25 14:26:34.059 [Debug] real delta=73

--------------------------------------------------------------------------------
2022-04-25 14:26:34.059 [Debug] this.Statistics.Ping=0 NCPing=6

--------------------------------------------------------------------------------
2022-04-25 14:26:34.061 [Debug] Connection established to remote [00000000-0000-0000-0000-000000000000/38.129.153.213:5400].

--------------------------------------------------------------------------------
2022-04-25 14:26:34.061 [Info] Connected [00000000-0000-0000-0000-000000000000].

--------------------------------------------------------------------------------
2022-04-25 14:51:54.340 [Debug] StatusChanged: [NetIncomingMessage #151 10 bytes] [Disconnecting]

--------------------------------------------------------------------------------
2022-04-25 14:51:54.344 [Debug] StatusChanged: [NetIncomingMessage #154 10 bytes] [Disconnected]

--------------------------------------------------------------------------------
2022-04-25 14:51:54.344 [Debug] Connection terminated to remote [00000000-0000-0000-0000-000000000000/38.129.153.213:5400].

--------------------------------------------------------------------------------
2022-04-25 14:51:54.344 [Info] Disconnected [00000000-0000-0000-0000-000000000000].

--------------------------------------------------------------------------------
