2022-05-01 00:34:04.145 [Info] Connecting to 38.129.153.213:5400...

--------------------------------------------------------------------------------
2022-05-01 00:34:04.607 [Info] Connection approved [00000000-0000-0000-0000-000000000000].

--------------------------------------------------------------------------------
2022-05-01 00:34:04.674 [Debug] approval Time=10816876 Offset=63786951227719 Real=63786962044595

--------------------------------------------------------------------------------
2022-05-01 00:34:04.674 [Debug] local Time=10816876 Offset=63786951227798 Real=63786962044674

--------------------------------------------------------------------------------
2022-05-01 00:34:04.674 [Debug] real delta=79

--------------------------------------------------------------------------------
2022-05-01 00:34:04.675 [Debug] this.Statistics.Ping=0 NCPing=5

--------------------------------------------------------------------------------
2022-05-01 00:34:04.676 [Debug] Connection established to remote [00000000-0000-0000-0000-000000000000/38.129.153.213:5400].

--------------------------------------------------------------------------------
2022-05-01 00:34:04.677 [Info] Connected [00000000-0000-0000-0000-000000000000].

--------------------------------------------------------------------------------
2022-05-01 00:40:07.441 [Debug] StatusChanged: [NetIncomingMessage #0 10 bytes] [Disconnecting]

--------------------------------------------------------------------------------
2022-05-01 00:40:07.444 [Debug] StatusChanged: [NetIncomingMessage #0 10 bytes] [Disconnected]

--------------------------------------------------------------------------------
2022-05-01 00:40:07.444 [Debug] Connection terminated to remote [00000000-0000-0000-0000-000000000000/38.129.153.213:5400].

--------------------------------------------------------------------------------
2022-05-01 00:40:07.444 [Info] Disconnected [00000000-0000-0000-0000-000000000000].

--------------------------------------------------------------------------------
