2022-04-04 21:14:46.544 [Info] Discovered 0 plugins:


--------------------------------------------------------------------------------
2022-04-04 21:14:47.519 [Info] Connecting to 38.129.153.213:5400...

--------------------------------------------------------------------------------
2022-04-04 21:14:47.963 [Info] Connection approved [00000000-0000-0000-0000-000000000000].

--------------------------------------------------------------------------------
2022-04-04 21:14:48.032 [Debug] approval Time=2365769 Offset=63784701322168 Real=63784703687938

--------------------------------------------------------------------------------
2022-04-04 21:14:48.032 [Debug] local Time=2365769 Offset=63784701322262 Real=63784703688031

--------------------------------------------------------------------------------
2022-04-04 21:14:48.032 [Debug] real delta=93

--------------------------------------------------------------------------------
2022-04-04 21:14:48.032 [Debug] this.Statistics.Ping=0 NCPing=7

--------------------------------------------------------------------------------
2022-04-04 21:14:48.034 [Debug] Connection established to remote [00000000-0000-0000-0000-000000000000/38.129.153.213:5400].

--------------------------------------------------------------------------------
2022-04-04 21:14:48.034 [Info] Connected [00000000-0000-0000-0000-000000000000].

--------------------------------------------------------------------------------
2022-04-04 21:14:58.718 [Warn] 'Me' is null.

--------------------------------------------------------------------------------
2022-04-04 21:14:59.197 [Debug] received epp: 2376495

--------------------------------------------------------------------------------
2022-04-04 21:15:53.653 [Debug] StatusChanged: [NetIncomingMessage #945 10 bytes] [Disconnecting]

--------------------------------------------------------------------------------
2022-04-04 21:15:53.656 [Debug] StatusChanged: [NetIncomingMessage #98 14 bytes] [Disconnected]

--------------------------------------------------------------------------------
2022-04-04 21:15:53.692 [Info] Acquiring context lock... (0ms)

--------------------------------------------------------------------------------
2022-04-04 21:15:53.692 [Info] Acquired. (0ms)

--------------------------------------------------------------------------------
2022-04-04 21:15:53.693 [Info] Beginning context dispose. (0ms)

--------------------------------------------------------------------------------
2022-04-04 21:15:53.694 [Info] GC.SuppressFinalize (0ms)

--------------------------------------------------------------------------------
2022-04-04 21:15:53.694 [Info] InternalDispose() completed. (0ms)

--------------------------------------------------------------------------------
2022-04-04 21:15:53.694 [Info] Clearing instance... (2ms)

--------------------------------------------------------------------------------
2022-04-04 21:15:53.694 [Info] Releasing context lock... (2ms)

--------------------------------------------------------------------------------
2022-04-04 21:15:53.694 [Info] Released. (2ms)

--------------------------------------------------------------------------------
