2022-04-06 22:06:08.095 [Info] Discovered 0 plugins:


--------------------------------------------------------------------------------
2022-04-06 22:06:09.227 [Info] Connecting to 38.129.153.213:5400...

--------------------------------------------------------------------------------
2022-04-06 22:06:09.693 [Info] Connection approved [00000000-0000-0000-0000-000000000000].

--------------------------------------------------------------------------------
2022-04-06 22:06:09.759 [Debug] approval Time=1292167 Offset=63784878277505 Real=63784879569673

--------------------------------------------------------------------------------
2022-04-06 22:06:09.759 [Debug] local Time=1292167 Offset=63784878277592 Real=63784879569759

--------------------------------------------------------------------------------
2022-04-06 22:06:09.759 [Debug] real delta=86

--------------------------------------------------------------------------------
2022-04-06 22:06:09.759 [Debug] this.Statistics.Ping=0 NCPing=5

--------------------------------------------------------------------------------
2022-04-06 22:06:09.761 [Debug] Connection established to remote [00000000-0000-0000-0000-000000000000/38.129.153.213:5400].

--------------------------------------------------------------------------------
2022-04-06 22:06:09.761 [Info] Connected [00000000-0000-0000-0000-000000000000].

--------------------------------------------------------------------------------
2022-04-06 22:06:13.578 [Warn] 'Me' is null.

--------------------------------------------------------------------------------
2022-04-06 22:06:13.864 [Debug] received epp: 1296011

--------------------------------------------------------------------------------
2022-04-06 22:07:06.399 [Debug] received epp: 1348871

--------------------------------------------------------------------------------
2022-04-06 22:07:06.565 [Debug] received epp: 1349042

--------------------------------------------------------------------------------
2022-04-06 22:07:06.799 [Debug] received epp: 1349277

--------------------------------------------------------------------------------
2022-04-06 22:07:07.249 [Debug] received epp: 1349713

--------------------------------------------------------------------------------
2022-04-06 22:07:07.449 [Debug] received epp: 1349933

--------------------------------------------------------------------------------
2022-04-06 22:07:07.699 [Debug] received epp: 1350182

--------------------------------------------------------------------------------
2022-04-06 22:07:07.949 [Debug] received epp: 1350432

--------------------------------------------------------------------------------
2022-04-06 22:07:08.716 [Debug] received epp: 1351199

--------------------------------------------------------------------------------
2022-04-06 22:07:09.016 [Debug] received epp: 1351495

--------------------------------------------------------------------------------
2022-04-06 22:07:09.299 [Debug] received epp: 1351760

--------------------------------------------------------------------------------
2022-04-06 22:07:10.066 [Debug] received epp: 1352542

--------------------------------------------------------------------------------
2022-04-06 22:09:03.201 [Debug] StatusChanged: [NetIncomingMessage #1009 10 bytes] [Disconnecting]

--------------------------------------------------------------------------------
2022-04-06 22:09:03.206 [Debug] StatusChanged: [NetIncomingMessage #1010 14 bytes] [Disconnected]

--------------------------------------------------------------------------------
2022-04-06 22:09:03.256 [Info] Acquiring context lock... (0ms)

--------------------------------------------------------------------------------
2022-04-06 22:09:03.256 [Info] Acquired. (0ms)

--------------------------------------------------------------------------------
2022-04-06 22:09:03.257 [Info] Beginning context dispose. (0ms)

--------------------------------------------------------------------------------
2022-04-06 22:09:03.258 [Info] GC.SuppressFinalize (0ms)

--------------------------------------------------------------------------------
2022-04-06 22:09:03.258 [Info] InternalDispose() completed. (0ms)

--------------------------------------------------------------------------------
2022-04-06 22:09:03.258 [Info] Clearing instance... (1ms)

--------------------------------------------------------------------------------
2022-04-06 22:09:03.258 [Info] Releasing context lock... (1ms)

--------------------------------------------------------------------------------
2022-04-06 22:09:03.258 [Info] Released. (1ms)

--------------------------------------------------------------------------------
