2022-04-04 17:06:11.628 [Info] Discovered 0 plugins:


--------------------------------------------------------------------------------
2022-04-04 17:06:12.719 [Info] Connecting to 38.129.153.213:5400...

--------------------------------------------------------------------------------
2022-04-04 17:06:13.200 [Info] Connection approved [00000000-0000-0000-0000-000000000000].

--------------------------------------------------------------------------------
2022-04-04 17:06:13.290 [Info] Connected [00000000-0000-0000-0000-000000000000].

--------------------------------------------------------------------------------
2022-04-04 17:06:16.452 [Warn] 'Me' is null.

--------------------------------------------------------------------------------
2022-04-04 17:55:36.445 [Info] Acquiring context lock... (0ms)

--------------------------------------------------------------------------------
2022-04-04 17:55:36.445 [Info] Acquired. (0ms)

--------------------------------------------------------------------------------
2022-04-04 17:55:36.447 [Info] Beginning context dispose. (0ms)

--------------------------------------------------------------------------------
2022-04-04 17:55:36.447 [Info] GC.SuppressFinalize (0ms)

--------------------------------------------------------------------------------
2022-04-04 17:55:36.447 [Info] InternalDispose() completed. (0ms)

--------------------------------------------------------------------------------
2022-04-04 17:55:36.447 [Info] Clearing instance... (2ms)

--------------------------------------------------------------------------------
2022-04-04 17:55:36.447 [Info] Releasing context lock... (2ms)

--------------------------------------------------------------------------------
2022-04-04 17:55:36.447 [Info] Released. (2ms)

--------------------------------------------------------------------------------
