2022-04-03 17:36:56.692 [Info] Discovered 0 plugins:


--------------------------------------------------------------------------------
2022-04-03 17:36:57.748 [Info] Connecting to 38.129.153.213:5400...

--------------------------------------------------------------------------------
2022-04-03 17:36:58.169 [Info] Connection approved [00000000-0000-0000-0000-000000000000].

--------------------------------------------------------------------------------
2022-04-03 17:36:58.233 [Debug] approval Time=9428167 Offset=63784594789990 Real=63784604218157

--------------------------------------------------------------------------------
2022-04-03 17:36:58.233 [Debug] local Time=9428167 Offset=63784594790066 Real=63784604218233

--------------------------------------------------------------------------------
2022-04-03 17:36:58.233 [Debug] real delta=75

--------------------------------------------------------------------------------
2022-04-03 17:36:58.233 [Debug] this.Statistics.Ping=0 NCPing=6

--------------------------------------------------------------------------------
2022-04-03 17:36:58.235 [Debug] Connection established to remote [00000000-0000-0000-0000-000000000000/38.129.153.213:5400].

--------------------------------------------------------------------------------
2022-04-03 17:36:58.235 [Info] Connected [00000000-0000-0000-0000-000000000000].

--------------------------------------------------------------------------------
2022-04-03 17:37:46.677 [Debug] StatusChanged: [NetIncomingMessage #0 10 bytes] [Disconnecting]

--------------------------------------------------------------------------------
2022-04-03 17:37:46.680 [Debug] StatusChanged: [NetIncomingMessage #0 10 bytes] [Disconnected]

--------------------------------------------------------------------------------
2022-04-03 17:37:46.722 [Info] Acquiring context lock... (0ms)

--------------------------------------------------------------------------------
2022-04-03 17:37:46.722 [Info] Acquired. (0ms)

--------------------------------------------------------------------------------
2022-04-03 17:37:46.723 [Info] Beginning context dispose. (0ms)

--------------------------------------------------------------------------------
2022-04-03 17:37:46.723 [Info] GC.SuppressFinalize (0ms)

--------------------------------------------------------------------------------
2022-04-03 17:37:46.723 [Info] InternalDispose() completed. (0ms)

--------------------------------------------------------------------------------
2022-04-03 17:37:46.723 [Info] Clearing instance... (1ms)

--------------------------------------------------------------------------------
2022-04-03 17:37:46.724 [Info] Releasing context lock... (1ms)

--------------------------------------------------------------------------------
2022-04-03 17:37:46.724 [Info] Released. (1ms)

--------------------------------------------------------------------------------
