2022-04-05 00:27:43.103 [Info] Discovered 0 plugins:


--------------------------------------------------------------------------------
2022-04-05 00:27:44.050 [Info] Connecting to 38.129.153.213:5400...

--------------------------------------------------------------------------------
2022-04-05 00:27:44.755 [Info] Connection approved [00000000-0000-0000-0000-000000000000].

--------------------------------------------------------------------------------
2022-04-05 00:27:44.836 [Debug] approval Time=40257 Offset=63784715224415 Real=63784715264672

--------------------------------------------------------------------------------
2022-04-05 00:27:44.836 [Debug] local Time=40257 Offset=63784715224577 Real=63784715264835

--------------------------------------------------------------------------------
2022-04-05 00:27:44.836 [Debug] real delta=162

--------------------------------------------------------------------------------
2022-04-05 00:27:44.836 [Debug] this.Statistics.Ping=0 NCPing=10

--------------------------------------------------------------------------------
2022-04-05 00:27:44.838 [Debug] Connection established to remote [00000000-0000-0000-0000-000000000000/38.129.153.213:5400].

--------------------------------------------------------------------------------
2022-04-05 00:27:44.838 [Info] Connected [00000000-0000-0000-0000-000000000000].

--------------------------------------------------------------------------------
2022-04-05 00:28:25.182 [Warn] 'Me' is null.

--------------------------------------------------------------------------------
2022-04-05 00:28:25.483 [Debug] received epp: 80897

--------------------------------------------------------------------------------
2022-04-05 00:29:58.153 [Debug] StatusChanged: [NetIncomingMessage #655 10 bytes] [Disconnecting]

--------------------------------------------------------------------------------
2022-04-05 00:29:58.157 [Debug] StatusChanged: [NetIncomingMessage #656 14 bytes] [Disconnected]

--------------------------------------------------------------------------------
2022-04-05 00:29:58.207 [Info] Acquiring context lock... (0ms)

--------------------------------------------------------------------------------
2022-04-05 00:29:58.207 [Info] Acquired. (0ms)

--------------------------------------------------------------------------------
2022-04-05 00:29:58.208 [Info] Beginning context dispose. (0ms)

--------------------------------------------------------------------------------
2022-04-05 00:29:58.208 [Info] GC.SuppressFinalize (0ms)

--------------------------------------------------------------------------------
2022-04-05 00:29:58.209 [Info] InternalDispose() completed. (0ms)

--------------------------------------------------------------------------------
2022-04-05 00:29:58.209 [Info] Clearing instance... (1ms)

--------------------------------------------------------------------------------
2022-04-05 00:29:58.209 [Info] Releasing context lock... (1ms)

--------------------------------------------------------------------------------
2022-04-05 00:29:58.209 [Info] Released. (1ms)

--------------------------------------------------------------------------------
