2022-04-03 18:36:45.207 [Info] Discovered 0 plugins:


--------------------------------------------------------------------------------
2022-04-03 18:36:46.240 [Info] Connecting to 38.129.153.213:5400...

--------------------------------------------------------------------------------
2022-04-03 18:36:46.670 [Info] Connection approved [00000000-0000-0000-0000-000000000000].

--------------------------------------------------------------------------------
2022-04-03 18:36:46.745 [Debug] approval Time=13016667 Offset=63784594789990 Real=63784607806657

--------------------------------------------------------------------------------
2022-04-03 18:36:46.745 [Debug] local Time=13016667 Offset=63784594790078 Real=63784607806745

--------------------------------------------------------------------------------
2022-04-03 18:36:46.746 [Debug] real delta=87

--------------------------------------------------------------------------------
2022-04-03 18:36:46.746 [Debug] this.Statistics.Ping=0 NCPing=8

--------------------------------------------------------------------------------
2022-04-03 18:36:46.747 [Debug] Connection established to remote [00000000-0000-0000-0000-000000000000/38.129.153.213:5400].

--------------------------------------------------------------------------------
2022-04-03 18:36:46.748 [Info] Connected [00000000-0000-0000-0000-000000000000].

--------------------------------------------------------------------------------
2022-04-03 18:36:53.406 [Warn] 'Me' is null.

--------------------------------------------------------------------------------
2022-04-03 18:36:53.628 [Debug] received epp: 13023339

--------------------------------------------------------------------------------
2022-04-03 18:36:58.594 [Debug] received epp: 13028588

--------------------------------------------------------------------------------
2022-04-03 18:37:31.027 [Debug] StatusChanged: [NetIncomingMessage #839 10 bytes] [Disconnecting]

--------------------------------------------------------------------------------
2022-04-03 18:37:31.030 [Debug] StatusChanged: [NetIncomingMessage #840 10 bytes] [Disconnected]

--------------------------------------------------------------------------------
2022-04-03 18:37:31.082 [Info] Acquiring context lock... (0ms)

--------------------------------------------------------------------------------
2022-04-03 18:37:31.082 [Info] Acquired. (0ms)

--------------------------------------------------------------------------------
2022-04-03 18:37:31.083 [Info] Beginning context dispose. (0ms)

--------------------------------------------------------------------------------
2022-04-03 18:37:31.083 [Info] GC.SuppressFinalize (0ms)

--------------------------------------------------------------------------------
2022-04-03 18:37:31.083 [Info] InternalDispose() completed. (0ms)

--------------------------------------------------------------------------------
2022-04-03 18:37:31.083 [Info] Clearing instance... (1ms)

--------------------------------------------------------------------------------
2022-04-03 18:37:31.083 [Info] Releasing context lock... (1ms)

--------------------------------------------------------------------------------
2022-04-03 18:37:31.083 [Info] Released. (1ms)

--------------------------------------------------------------------------------
