2022-04-04 19:24:42.610 [Info] Discovered 0 plugins:


--------------------------------------------------------------------------------
2022-04-04 19:24:43.712 [Info] Connecting to 38.129.153.213:5400...

--------------------------------------------------------------------------------
2022-04-04 19:24:44.138 [Info] Connection approved [00000000-0000-0000-0000-000000000000].

--------------------------------------------------------------------------------
2022-04-04 19:24:44.209 [Info] Connected [00000000-0000-0000-0000-000000000000].

--------------------------------------------------------------------------------
2022-04-04 19:24:48.269 [Warn] 'Me' is null.

--------------------------------------------------------------------------------
2022-04-04 19:33:50.627 [Warn] 'Me' is null.

--------------------------------------------------------------------------------
2022-04-04 19:33:57.774 [Warn] 'Me' is null.

--------------------------------------------------------------------------------
2022-04-04 19:41:59.935 [Info] Acquiring context lock... (0ms)

--------------------------------------------------------------------------------
2022-04-04 19:41:59.936 [Info] Acquired. (0ms)

--------------------------------------------------------------------------------
2022-04-04 19:41:59.937 [Info] Beginning context dispose. (0ms)

--------------------------------------------------------------------------------
2022-04-04 19:41:59.938 [Info] GC.SuppressFinalize (0ms)

--------------------------------------------------------------------------------
2022-04-04 19:41:59.938 [Info] InternalDispose() completed. (0ms)

--------------------------------------------------------------------------------
2022-04-04 19:41:59.938 [Info] Clearing instance... (2ms)

--------------------------------------------------------------------------------
2022-04-04 19:41:59.938 [Info] Releasing context lock... (2ms)

--------------------------------------------------------------------------------
2022-04-04 19:41:59.938 [Info] Released. (2ms)

--------------------------------------------------------------------------------
