2022-04-04 13:24:20.238 [Info] Connecting to 38.129.153.213:5400...

--------------------------------------------------------------------------------
2022-04-04 13:24:20.911 [Info] Connection approved [00000000-0000-0000-0000-000000000000].

--------------------------------------------------------------------------------
2022-04-04 13:24:20.972 [Debug] approval Time=17570 Offset=63784675443290 Real=63784675460860

--------------------------------------------------------------------------------
2022-04-04 13:24:20.973 [Debug] local Time=17570 Offset=63784675443401 Real=63784675460972

--------------------------------------------------------------------------------
2022-04-04 13:24:20.973 [Debug] real delta=111

--------------------------------------------------------------------------------
2022-04-04 13:24:20.973 [Debug] this.Statistics.Ping=0 NCPing=20

--------------------------------------------------------------------------------
2022-04-04 13:24:20.974 [Debug] Connection established to remote [00000000-0000-0000-0000-000000000000/38.129.153.213:5400].

--------------------------------------------------------------------------------
2022-04-04 13:24:20.975 [Info] Connected [00000000-0000-0000-0000-000000000000].

--------------------------------------------------------------------------------
2022-04-04 13:31:48.384 [Debug] StatusChanged: [NetIncomingMessage #94 10 bytes] [Disconnecting]

--------------------------------------------------------------------------------
2022-04-04 13:31:48.388 [Debug] StatusChanged: [NetIncomingMessage #95 10 bytes] [Disconnected]

--------------------------------------------------------------------------------
2022-04-04 13:31:48.388 [Debug] Connection terminated to remote [00000000-0000-0000-0000-000000000000/38.129.153.213:5400].

--------------------------------------------------------------------------------
2022-04-04 13:31:48.388 [Info] Disconnected [00000000-0000-0000-0000-000000000000].

--------------------------------------------------------------------------------
