2022-04-04 20:46:26.515 [Info] Connecting to 38.129.153.213:5400...

--------------------------------------------------------------------------------
2022-04-04 20:46:26.923 [Info] Connection approved [00000000-0000-0000-0000-000000000000].

--------------------------------------------------------------------------------
2022-04-04 20:46:26.985 [Debug] approval Time=664739 Offset=63784701322168 Real=63784701986907

--------------------------------------------------------------------------------
2022-04-04 20:46:26.985 [Debug] local Time=664739 Offset=63784701322246 Real=63784701986985

--------------------------------------------------------------------------------
2022-04-04 20:46:26.986 [Debug] real delta=77

--------------------------------------------------------------------------------
2022-04-04 20:46:26.986 [Debug] this.Statistics.Ping=0 NCPing=6

--------------------------------------------------------------------------------
2022-04-04 20:46:26.988 [Debug] Connection established to remote [00000000-0000-0000-0000-000000000000/38.129.153.213:5400].

--------------------------------------------------------------------------------
2022-04-04 20:46:26.988 [Info] Connected [00000000-0000-0000-0000-000000000000].

--------------------------------------------------------------------------------
2022-04-04 21:02:08.575 [Debug] StatusChanged: [NetIncomingMessage #0 10 bytes] [Disconnecting]

--------------------------------------------------------------------------------
2022-04-04 21:02:08.589 [Debug] StatusChanged: [NetIncomingMessage #0 10 bytes] [Disconnected]

--------------------------------------------------------------------------------
2022-04-04 21:02:08.590 [Debug] Connection terminated to remote [00000000-0000-0000-0000-000000000000/38.129.153.213:5400].

--------------------------------------------------------------------------------
2022-04-04 21:02:08.590 [Info] Disconnected [00000000-0000-0000-0000-000000000000].

--------------------------------------------------------------------------------
