2022-04-03 22:25:51.964 [Info] Discovered 0 plugins:


--------------------------------------------------------------------------------
2022-04-03 22:25:53.045 [Info] Connecting to 38.129.153.213:5400...

--------------------------------------------------------------------------------
2022-04-03 22:25:53.475 [Info] Connection approved [00000000-0000-0000-0000-000000000000].

--------------------------------------------------------------------------------
2022-04-03 22:25:53.539 [Debug] approval Time=7341188 Offset=63784614212267 Real=63784621553455

--------------------------------------------------------------------------------
2022-04-03 22:25:53.539 [Debug] local Time=7341188 Offset=63784614212351 Real=63784621553539

--------------------------------------------------------------------------------
2022-04-03 22:25:53.540 [Debug] real delta=84

--------------------------------------------------------------------------------
2022-04-03 22:25:53.540 [Debug] this.Statistics.Ping=0 NCPing=7

--------------------------------------------------------------------------------
2022-04-03 22:25:53.541 [Debug] Connection established to remote [00000000-0000-0000-0000-000000000000/38.129.153.213:5400].

--------------------------------------------------------------------------------
2022-04-03 22:25:53.542 [Info] Connected [00000000-0000-0000-0000-000000000000].

--------------------------------------------------------------------------------
2022-04-03 22:27:55.244 [Debug] StatusChanged: [NetIncomingMessage #0 10 bytes] [Disconnecting]

--------------------------------------------------------------------------------
2022-04-03 22:27:55.246 [Debug] StatusChanged: [NetIncomingMessage #0 10 bytes] [Disconnected]

--------------------------------------------------------------------------------
2022-04-03 22:27:55.286 [Info] Acquiring context lock... (0ms)

--------------------------------------------------------------------------------
2022-04-03 22:27:55.287 [Info] Acquired. (0ms)

--------------------------------------------------------------------------------
2022-04-03 22:27:55.288 [Info] Beginning context dispose. (0ms)

--------------------------------------------------------------------------------
2022-04-03 22:27:55.288 [Info] GC.SuppressFinalize (0ms)

--------------------------------------------------------------------------------
2022-04-03 22:27:55.288 [Info] InternalDispose() completed. (0ms)

--------------------------------------------------------------------------------
2022-04-03 22:27:55.288 [Info] Clearing instance... (2ms)

--------------------------------------------------------------------------------
2022-04-03 22:27:55.289 [Info] Releasing context lock... (2ms)

--------------------------------------------------------------------------------
2022-04-03 22:27:55.289 [Info] Released. (2ms)

--------------------------------------------------------------------------------
