2022-04-04 01:23:09.669 [Info] Discovered 0 plugins:


--------------------------------------------------------------------------------
2022-04-04 01:23:10.604 [Info] Connecting to 38.129.153.213:5400...

--------------------------------------------------------------------------------
2022-04-04 01:23:11.039 [Info] Connection approved [00000000-0000-0000-0000-000000000000].

--------------------------------------------------------------------------------
2022-04-04 01:23:11.099 [Debug] approval Time=750017 Offset=63784631440998 Real=63784632191015

--------------------------------------------------------------------------------
2022-04-04 01:23:11.099 [Debug] local Time=750017 Offset=63784631441081 Real=63784632191099

--------------------------------------------------------------------------------
2022-04-04 01:23:11.099 [Debug] real delta=83

--------------------------------------------------------------------------------
2022-04-04 01:23:11.099 [Debug] this.Statistics.Ping=0 NCPing=6

--------------------------------------------------------------------------------
2022-04-04 01:23:11.104 [Debug] Connection established to remote [00000000-0000-0000-0000-000000000000/38.129.153.213:5400].

--------------------------------------------------------------------------------
2022-04-04 01:23:11.104 [Info] Connected [00000000-0000-0000-0000-000000000000].

--------------------------------------------------------------------------------
2022-04-04 01:23:15.256 [Warn] 'Me' is null.

--------------------------------------------------------------------------------
2022-04-04 01:23:15.454 [Debug] received epp: 754206

--------------------------------------------------------------------------------
2022-04-04 01:23:27.579 [Debug] StatusChanged: [NetIncomingMessage #9 10 bytes] [Disconnecting]

--------------------------------------------------------------------------------
2022-04-04 01:23:27.582 [Debug] StatusChanged: [NetIncomingMessage #10 10 bytes] [Disconnected]

--------------------------------------------------------------------------------
2022-04-04 01:23:27.624 [Info] Acquiring context lock... (0ms)

--------------------------------------------------------------------------------
2022-04-04 01:23:27.624 [Info] Acquired. (0ms)

--------------------------------------------------------------------------------
2022-04-04 01:23:27.625 [Info] Beginning context dispose. (0ms)

--------------------------------------------------------------------------------
2022-04-04 01:23:27.625 [Info] GC.SuppressFinalize (0ms)

--------------------------------------------------------------------------------
2022-04-04 01:23:27.625 [Info] InternalDispose() completed. (0ms)

--------------------------------------------------------------------------------
2022-04-04 01:23:27.625 [Info] Clearing instance... (1ms)

--------------------------------------------------------------------------------
2022-04-04 01:23:27.625 [Info] Releasing context lock... (1ms)

--------------------------------------------------------------------------------
2022-04-04 01:23:27.625 [Info] Released. (1ms)

--------------------------------------------------------------------------------
