2022-04-03 18:08:22.869 [Info] Discovered 0 plugins:


--------------------------------------------------------------------------------
2022-04-03 18:08:23.927 [Info] Connecting to 38.129.153.213:5400...

--------------------------------------------------------------------------------
2022-04-03 18:08:24.348 [Info] Connection approved [00000000-0000-0000-0000-000000000000].

--------------------------------------------------------------------------------
2022-04-03 18:08:24.415 [Debug] approval Time=11314338 Offset=63784594789990 Real=63784606104328

--------------------------------------------------------------------------------
2022-04-03 18:08:24.415 [Debug] local Time=11314338 Offset=63784594790076 Real=63784606104415

--------------------------------------------------------------------------------
2022-04-03 18:08:24.415 [Debug] real delta=86

--------------------------------------------------------------------------------
2022-04-03 18:08:24.416 [Debug] this.Statistics.Ping=0 NCPing=6

--------------------------------------------------------------------------------
2022-04-03 18:08:24.417 [Debug] Connection established to remote [00000000-0000-0000-0000-000000000000/38.129.153.213:5400].

--------------------------------------------------------------------------------
2022-04-03 18:08:24.418 [Info] Connected [00000000-0000-0000-0000-000000000000].

--------------------------------------------------------------------------------
2022-04-03 18:09:02.214 [Warn] 'Me' is null.

--------------------------------------------------------------------------------
2022-04-03 18:09:02.440 [Debug] received epp: 11352167

--------------------------------------------------------------------------------
2022-04-03 18:09:22.754 [Debug] received epp: 11372728

--------------------------------------------------------------------------------
2022-04-03 18:09:22.754 [Debug] received epp: 11372744

--------------------------------------------------------------------------------
2022-04-03 18:09:23.003 [Debug] received epp: 11372994

--------------------------------------------------------------------------------
2022-04-03 18:09:23.503 [Debug] received epp: 11373495

--------------------------------------------------------------------------------
2022-04-03 18:09:24.486 [Debug] received epp: 11374479

--------------------------------------------------------------------------------
2022-04-03 18:09:25.487 [Debug] received epp: 11375479

--------------------------------------------------------------------------------
2022-04-03 18:09:33.521 [Debug] received epp: 11383511

--------------------------------------------------------------------------------
2022-04-03 18:09:33.720 [Debug] received epp: 11383511

--------------------------------------------------------------------------------
2022-04-03 18:09:44.356 [Debug] received epp: 11394339

--------------------------------------------------------------------------------
2022-04-03 18:09:59.637 [Debug] received epp: 11409622

--------------------------------------------------------------------------------
2022-04-03 18:10:08.737 [Debug] received epp: 11418730

--------------------------------------------------------------------------------
2022-04-03 18:10:13.003 [Debug] received epp: 11422994

--------------------------------------------------------------------------------
2022-04-03 18:10:17.320 [Debug] received epp: 11427307

--------------------------------------------------------------------------------
2022-04-03 18:15:26.555 [Debug] StatusChanged: [NetIncomingMessage #676 10 bytes] [Disconnecting]

--------------------------------------------------------------------------------
2022-04-03 18:15:26.558 [Debug] StatusChanged: [NetIncomingMessage #677 10 bytes] [Disconnected]

--------------------------------------------------------------------------------
2022-04-03 18:15:26.609 [Info] Acquiring context lock... (0ms)

--------------------------------------------------------------------------------
2022-04-03 18:15:26.609 [Info] Acquired. (0ms)

--------------------------------------------------------------------------------
2022-04-03 18:15:26.610 [Error] Received unhandled exception from Name:Intersect Client.exe
There are no context policies.
.

--------------------------------------------------------------------------------
2022-04-03 18:15:26.610 [Info] Beginning context dispose. (0ms)

--------------------------------------------------------------------------------
2022-04-03 18:15:26.611 [Info] GC.SuppressFinalize (0ms)

--------------------------------------------------------------------------------
2022-04-03 18:15:26.611 [Info] InternalDispose() completed. (0ms)

--------------------------------------------------------------------------------
2022-04-03 18:15:26.611 [Info] Clearing instance... (1ms)

--------------------------------------------------------------------------------
2022-04-03 18:15:26.611 [Info] Releasing context lock... (1ms)

--------------------------------------------------------------------------------
2022-04-03 18:15:26.611 [Info] Released. (2ms)

--------------------------------------------------------------------------------
