2022-04-04 16:19:37.921 [Info] Discovered 0 plugins:


--------------------------------------------------------------------------------
2022-04-04 16:19:38.925 [Info] Connecting to 38.129.153.213:5400...

--------------------------------------------------------------------------------
2022-04-04 16:19:39.589 [Info] Connection approved [00000000-0000-0000-0000-000000000000].

--------------------------------------------------------------------------------
2022-04-04 16:19:39.674 [Info] Connected [00000000-0000-0000-0000-000000000000].

--------------------------------------------------------------------------------
2022-04-04 16:19:45.075 [Warn] 'Me' is null.

--------------------------------------------------------------------------------
2022-04-04 16:20:17.258 [Info] Acquiring context lock... (0ms)

--------------------------------------------------------------------------------
2022-04-04 16:20:17.258 [Info] Acquired. (0ms)

--------------------------------------------------------------------------------
2022-04-04 16:20:17.259 [Info] Beginning context dispose. (0ms)

--------------------------------------------------------------------------------
2022-04-04 16:20:17.260 [Info] GC.SuppressFinalize (0ms)

--------------------------------------------------------------------------------
2022-04-04 16:20:17.260 [Info] InternalDispose() completed. (0ms)

--------------------------------------------------------------------------------
2022-04-04 16:20:17.260 [Info] Clearing instance... (2ms)

--------------------------------------------------------------------------------
2022-04-04 16:20:17.260 [Info] Releasing context lock... (2ms)

--------------------------------------------------------------------------------
2022-04-04 16:20:17.260 [Info] Released. (2ms)

--------------------------------------------------------------------------------
