2022-04-04 15:33:25.390 [Info] Discovered 0 plugins:


--------------------------------------------------------------------------------
2022-04-04 15:33:26.520 [Info] Connecting to 38.129.153.213:5400...

--------------------------------------------------------------------------------
2022-04-04 15:33:26.928 [Info] Connection approved [00000000-0000-0000-0000-000000000000].

--------------------------------------------------------------------------------
2022-04-04 15:33:27.014 [Debug] approval Time=7763616 Offset=63784675443290 Real=63784683206906

--------------------------------------------------------------------------------
2022-04-04 15:33:27.014 [Debug] local Time=7763616 Offset=63784675443397 Real=63784683207014

--------------------------------------------------------------------------------
2022-04-04 15:33:27.015 [Debug] real delta=107

--------------------------------------------------------------------------------
2022-04-04 15:33:27.015 [Debug] this.Statistics.Ping=0 NCPing=6

--------------------------------------------------------------------------------
2022-04-04 15:33:27.017 [Debug] Connection established to remote [00000000-0000-0000-0000-000000000000/38.129.153.213:5400].

--------------------------------------------------------------------------------
2022-04-04 15:33:27.017 [Info] Connected [00000000-0000-0000-0000-000000000000].

--------------------------------------------------------------------------------
2022-04-04 15:33:38.523 [Warn] 'Me' is null.

--------------------------------------------------------------------------------
2022-04-04 15:33:38.738 [Debug] received epp: 7775163

--------------------------------------------------------------------------------
2022-04-04 15:33:42.509 [Debug] received epp: 7779195

--------------------------------------------------------------------------------
2022-04-04 15:33:42.759 [Debug] received epp: 7779383

--------------------------------------------------------------------------------
2022-04-04 15:33:42.963 [Debug] received epp: 7779633

--------------------------------------------------------------------------------
2022-04-04 15:33:43.141 [Debug] received epp: 7779835

--------------------------------------------------------------------------------
2022-04-04 15:33:43.393 [Debug] received epp: 7780071

--------------------------------------------------------------------------------
2022-04-04 15:33:43.625 [Debug] received epp: 7780321

--------------------------------------------------------------------------------
2022-04-04 15:33:43.840 [Debug] received epp: 7780539

--------------------------------------------------------------------------------
2022-04-04 15:33:44.142 [Debug] received epp: 7780821

--------------------------------------------------------------------------------
2022-04-04 15:33:45.026 [Debug] received epp: 7781694

--------------------------------------------------------------------------------
2022-04-04 15:36:17.713 [Debug] received epp: 7934398

--------------------------------------------------------------------------------
2022-04-04 15:36:21.725 [Debug] received epp: 7938413

--------------------------------------------------------------------------------
2022-04-04 15:36:22.360 [Debug] received epp: 7939039

--------------------------------------------------------------------------------
2022-04-04 15:36:36.559 [Warn] 'Me' is null.

--------------------------------------------------------------------------------
2022-04-04 15:36:36.612 [Debug] received epp: 7953241

--------------------------------------------------------------------------------
2022-04-04 15:36:41.475 [Debug] received epp: 7958164

--------------------------------------------------------------------------------
2022-04-04 15:36:41.709 [Debug] received epp: 7958399

--------------------------------------------------------------------------------
2022-04-04 15:36:42.543 [Debug] received epp: 7959226

--------------------------------------------------------------------------------
2022-04-04 15:36:43.859 [Debug] received epp: 7960554

--------------------------------------------------------------------------------
2022-04-04 15:36:44.561 [Debug] received epp: 7961257

--------------------------------------------------------------------------------
2022-04-04 15:36:44.764 [Debug] received epp: 7961257

--------------------------------------------------------------------------------
2022-04-04 15:36:46.909 [Debug] received epp: 7963586

--------------------------------------------------------------------------------
2022-04-04 15:36:47.125 [Debug] received epp: 7963820

--------------------------------------------------------------------------------
2022-04-04 15:36:47.662 [Debug] received epp: 7964351

--------------------------------------------------------------------------------
2022-04-04 15:36:49.459 [Debug] received epp: 7966148

--------------------------------------------------------------------------------
2022-04-04 15:36:49.742 [Debug] received epp: 7966428

--------------------------------------------------------------------------------
2022-04-04 15:36:50.509 [Debug] received epp: 7967195

--------------------------------------------------------------------------------
2022-04-04 15:36:50.842 [Debug] received epp: 7967539

--------------------------------------------------------------------------------
2022-04-04 15:36:51.158 [Debug] received epp: 7967850

--------------------------------------------------------------------------------
2022-04-04 15:36:51.443 [Debug] received epp: 7968086

--------------------------------------------------------------------------------
2022-04-04 15:37:34.397 [Debug] received epp: 8011086

--------------------------------------------------------------------------------
2022-04-04 15:37:59.092 [Debug] received epp: 8035773

--------------------------------------------------------------------------------
2022-04-04 15:37:59.332 [Debug] received epp: 8036007

--------------------------------------------------------------------------------
2022-04-04 15:37:59.609 [Debug] received epp: 8036289

--------------------------------------------------------------------------------
2022-04-04 15:38:00.411 [Debug] received epp: 8037102

--------------------------------------------------------------------------------
2022-04-04 15:38:01.992 [Debug] received epp: 8038679

--------------------------------------------------------------------------------
2022-04-04 15:39:52.914 [Debug] received epp: 8149600

--------------------------------------------------------------------------------
2022-04-04 15:41:43.027 [Debug] received epp: 8259727

--------------------------------------------------------------------------------
2022-04-04 15:41:55.431 [Debug] received epp: 8272101

--------------------------------------------------------------------------------
2022-04-04 15:42:15.144 [Debug] received epp: 8291835

--------------------------------------------------------------------------------
2022-04-04 15:42:20.643 [Debug] received epp: 8297320

--------------------------------------------------------------------------------
2022-04-04 15:42:22.694 [Debug] received epp: 8299367

--------------------------------------------------------------------------------
2022-04-04 15:42:24.677 [Debug] received epp: 8301366

--------------------------------------------------------------------------------
2022-04-04 15:42:37.349 [Debug] received epp: 8314007

--------------------------------------------------------------------------------
2022-04-04 15:44:01.283 [Debug] received epp: 8397961

--------------------------------------------------------------------------------
2022-04-04 15:45:07.083 [Debug] received epp: 8463757

--------------------------------------------------------------------------------
2022-04-04 15:45:39.315 [Debug] received epp: 8495976

--------------------------------------------------------------------------------
2022-04-04 15:47:30.235 [Debug] received epp: 8606914

--------------------------------------------------------------------------------
2022-04-04 15:47:32.228 [Debug] received epp: 8608914

--------------------------------------------------------------------------------
2022-04-04 15:47:35.045 [Debug] received epp: 8611741

--------------------------------------------------------------------------------
2022-04-04 15:47:35.796 [Debug] received epp: 8612491

--------------------------------------------------------------------------------
2022-04-04 15:47:36.678 [Debug] received epp: 8613367

--------------------------------------------------------------------------------
2022-04-04 15:47:41.146 [Debug] received epp: 8617835

--------------------------------------------------------------------------------
2022-04-04 15:47:42.649 [Debug] received epp: 8619321

--------------------------------------------------------------------------------
2022-04-04 15:47:47.745 [Debug] received epp: 8624413

--------------------------------------------------------------------------------
2022-04-04 15:47:48.595 [Debug] received epp: 8625289

--------------------------------------------------------------------------------
2022-04-04 15:50:13.167 [Debug] received epp: 8769851

--------------------------------------------------------------------------------
2022-04-04 15:52:06.184 [Debug] received epp: 8882868

--------------------------------------------------------------------------------
2022-04-04 15:53:00.357 [Debug] received epp: 8936992

--------------------------------------------------------------------------------
2022-04-04 15:54:02.404 [Debug] received epp: 8999101

--------------------------------------------------------------------------------
2022-04-04 15:54:05.697 [Debug] received epp: 9002383

--------------------------------------------------------------------------------
2022-04-04 15:54:05.931 [Debug] received epp: 9002601

--------------------------------------------------------------------------------
2022-04-04 15:54:06.165 [Debug] received epp: 9002851

--------------------------------------------------------------------------------
2022-04-04 15:54:06.380 [Debug] received epp: 9003069

--------------------------------------------------------------------------------
2022-04-04 15:54:20.915 [Debug] received epp: 9017601

--------------------------------------------------------------------------------
2022-04-04 15:54:58.131 [Debug] received epp: 9054819

--------------------------------------------------------------------------------
2022-04-04 15:55:03.686 [Debug] received epp: 9060367

--------------------------------------------------------------------------------
2022-04-04 15:57:41.964 [Debug] received epp: 9218664

--------------------------------------------------------------------------------
2022-04-04 15:57:42.198 [Debug] received epp: 9218883

--------------------------------------------------------------------------------
2022-04-04 15:57:42.715 [Debug] received epp: 9219413

--------------------------------------------------------------------------------
2022-04-04 15:57:43.001 [Debug] received epp: 9219694

--------------------------------------------------------------------------------
2022-04-04 15:57:43.599 [Debug] received epp: 9220290

--------------------------------------------------------------------------------
2022-04-04 15:57:43.949 [Debug] received epp: 9220633

--------------------------------------------------------------------------------
2022-04-04 15:57:44.299 [Debug] received epp: 9220977

--------------------------------------------------------------------------------
2022-04-04 15:57:44.582 [Debug] received epp: 9221273

--------------------------------------------------------------------------------
2022-04-04 15:57:44.815 [Debug] received epp: 9221507

--------------------------------------------------------------------------------
2022-04-04 15:57:45.665 [Debug] received epp: 9222352

--------------------------------------------------------------------------------
2022-04-04 15:57:45.866 [Debug] received epp: 9222555

--------------------------------------------------------------------------------
2022-04-04 15:57:46.069 [Debug] received epp: 9222758

--------------------------------------------------------------------------------
2022-04-04 15:57:46.299 [Debug] received epp: 9222960

--------------------------------------------------------------------------------
2022-04-04 15:57:46.481 [Debug] received epp: 9223179

--------------------------------------------------------------------------------
2022-04-04 15:57:46.716 [Debug] received epp: 9223413

--------------------------------------------------------------------------------
2022-04-04 15:57:47.499 [Debug] received epp: 9224179

--------------------------------------------------------------------------------
2022-04-04 15:57:47.865 [Debug] received epp: 9224555

--------------------------------------------------------------------------------
2022-04-04 15:57:48.432 [Debug] received epp: 9225116

--------------------------------------------------------------------------------
2022-04-04 15:57:48.848 [Debug] received epp: 9225538

--------------------------------------------------------------------------------
2022-04-04 15:57:49.131 [Debug] received epp: 9225803

--------------------------------------------------------------------------------
2022-04-04 15:57:49.782 [Debug] received epp: 9226477

--------------------------------------------------------------------------------
2022-04-04 15:57:50.349 [Debug] received epp: 9227039

--------------------------------------------------------------------------------
2022-04-04 15:57:51.006 [Debug] received epp: 9227696

--------------------------------------------------------------------------------
2022-04-04 15:57:51.532 [Debug] received epp: 9228227

--------------------------------------------------------------------------------
2022-04-04 15:58:48.270 [Debug] received epp: 9284945

--------------------------------------------------------------------------------
2022-04-04 15:58:50.852 [Debug] received epp: 9287538

--------------------------------------------------------------------------------
2022-04-04 15:59:00.415 [Debug] received epp: 9297101

--------------------------------------------------------------------------------
2022-04-04 15:59:00.632 [Debug] received epp: 9297321

--------------------------------------------------------------------------------
2022-04-04 15:59:00.834 [Debug] received epp: 9297522

--------------------------------------------------------------------------------
2022-04-04 15:59:01.048 [Debug] received epp: 9297741

--------------------------------------------------------------------------------
2022-04-04 15:59:01.266 [Debug] received epp: 9297961

--------------------------------------------------------------------------------
2022-04-04 15:59:01.482 [Debug] received epp: 9298180

--------------------------------------------------------------------------------
2022-04-04 15:59:01.683 [Debug] received epp: 9298381

--------------------------------------------------------------------------------
2022-04-04 15:59:02.002 [Debug] received epp: 9298694

--------------------------------------------------------------------------------
2022-04-04 15:59:02.716 [Debug] received epp: 9299413

--------------------------------------------------------------------------------
2022-04-04 15:59:02.917 [Debug] received epp: 9299616

--------------------------------------------------------------------------------
2022-04-04 15:59:03.149 [Debug] received epp: 9299835

--------------------------------------------------------------------------------
2022-04-04 15:59:04.165 [Debug] received epp: 9300851

--------------------------------------------------------------------------------
2022-04-04 15:59:07.265 [Debug] received epp: 9303961

--------------------------------------------------------------------------------
2022-04-04 15:59:07.898 [Debug] received epp: 9304586

--------------------------------------------------------------------------------
2022-04-04 15:59:08.148 [Debug] received epp: 9304835

--------------------------------------------------------------------------------
2022-04-04 15:59:08.649 [Debug] received epp: 9305336

--------------------------------------------------------------------------------
2022-04-04 15:59:08.884 [Debug] received epp: 9305571

--------------------------------------------------------------------------------
2022-04-04 15:59:10.032 [Debug] received epp: 9306725

--------------------------------------------------------------------------------
2022-04-04 15:59:13.918 [Debug] received epp: 9310586

--------------------------------------------------------------------------------
2022-04-04 15:59:14.715 [Debug] received epp: 9311398

--------------------------------------------------------------------------------
2022-04-04 15:59:14.931 [Debug] received epp: 9311616

--------------------------------------------------------------------------------
2022-04-04 15:59:15.183 [Debug] received epp: 9311851

--------------------------------------------------------------------------------
2022-04-04 15:59:15.898 [Debug] received epp: 9312586

--------------------------------------------------------------------------------
2022-04-04 15:59:16.154 [Debug] received epp: 9312836

--------------------------------------------------------------------------------
2022-04-04 15:59:16.365 [Debug] received epp: 9313054

--------------------------------------------------------------------------------
2022-04-04 15:59:17.098 [Debug] received epp: 9313789

--------------------------------------------------------------------------------
2022-04-04 15:59:18.899 [Debug] received epp: 9315571

--------------------------------------------------------------------------------
2022-04-04 16:01:29.251 [Debug] received epp: 9445867

--------------------------------------------------------------------------------
2022-04-04 16:03:12.404 [Debug] received epp: 9549102

--------------------------------------------------------------------------------
2022-04-04 16:07:46.518 [Debug] received epp: 9823179

--------------------------------------------------------------------------------
2022-04-04 16:07:59.318 [Debug] received epp: 9836007

--------------------------------------------------------------------------------
2022-04-04 16:08:00.784 [Debug] received epp: 9837477

--------------------------------------------------------------------------------
2022-04-04 16:08:02.317 [Debug] received epp: 9839007

--------------------------------------------------------------------------------
2022-04-04 16:08:03.718 [Debug] received epp: 9840398

--------------------------------------------------------------------------------
2022-04-04 16:08:04.001 [Debug] received epp: 9840695

--------------------------------------------------------------------------------
2022-04-04 16:08:04.752 [Debug] received epp: 9841428

--------------------------------------------------------------------------------
2022-04-04 16:08:05.585 [Debug] received epp: 9842241

--------------------------------------------------------------------------------
2022-04-04 16:08:08.951 [Debug] received epp: 9845648

--------------------------------------------------------------------------------
2022-04-04 16:08:38.351 [Debug] received epp: 9875038

--------------------------------------------------------------------------------
2022-04-04 16:08:49.219 [Debug] StatusChanged: [NetIncomingMessage #957 10 bytes] [Disconnecting]

--------------------------------------------------------------------------------
2022-04-04 16:08:49.222 [Debug] StatusChanged: [NetIncomingMessage #958 10 bytes] [Disconnected]

--------------------------------------------------------------------------------
2022-04-04 16:08:49.276 [Info] Acquiring context lock... (0ms)

--------------------------------------------------------------------------------
2022-04-04 16:08:49.276 [Info] Acquired. (0ms)

--------------------------------------------------------------------------------
2022-04-04 16:08:49.277 [Info] Beginning context dispose. (0ms)

--------------------------------------------------------------------------------
2022-04-04 16:08:49.277 [Info] GC.SuppressFinalize (0ms)

--------------------------------------------------------------------------------
2022-04-04 16:08:49.277 [Info] InternalDispose() completed. (0ms)

--------------------------------------------------------------------------------
2022-04-04 16:08:49.277 [Info] Clearing instance... (1ms)

--------------------------------------------------------------------------------
2022-04-04 16:08:49.277 [Info] Releasing context lock... (1ms)

--------------------------------------------------------------------------------
2022-04-04 16:08:49.277 [Info] Released. (1ms)

--------------------------------------------------------------------------------
