2022-04-03 20:15:29.661 [Info] Discovered 0 plugins:


--------------------------------------------------------------------------------
2022-04-03 20:15:30.780 [Info] Connecting to 38.129.153.213:5400...

--------------------------------------------------------------------------------
2022-04-03 20:15:31.229 [Info] Connection approved [00000000-0000-0000-0000-000000000000].

--------------------------------------------------------------------------------
2022-04-03 20:15:31.293 [Debug] approval Time=1290485 Offset=63784612440734 Real=63784613731219

--------------------------------------------------------------------------------
2022-04-03 20:15:31.293 [Debug] local Time=1290485 Offset=63784612440807 Real=63784613731293

--------------------------------------------------------------------------------
2022-04-03 20:15:31.293 [Debug] real delta=73

--------------------------------------------------------------------------------
2022-04-03 20:15:31.293 [Debug] this.Statistics.Ping=0 NCPing=5

--------------------------------------------------------------------------------
2022-04-03 20:15:31.295 [Debug] Connection established to remote [00000000-0000-0000-0000-000000000000/38.129.153.213:5400].

--------------------------------------------------------------------------------
2022-04-03 20:15:31.295 [Info] Connected [00000000-0000-0000-0000-000000000000].

--------------------------------------------------------------------------------
2022-04-03 20:15:49.148 [Warn] 'Me' is null.

--------------------------------------------------------------------------------
2022-04-03 20:15:49.375 [Debug] received epp: 1308547

--------------------------------------------------------------------------------
2022-04-03 20:16:05.336 [Debug] StatusChanged: [NetIncomingMessage #420 10 bytes] [Disconnecting]

--------------------------------------------------------------------------------
2022-04-03 20:16:05.338 [Debug] StatusChanged: [NetIncomingMessage #421 10 bytes] [Disconnected]

--------------------------------------------------------------------------------
2022-04-03 20:16:05.381 [Info] Acquiring context lock... (0ms)

--------------------------------------------------------------------------------
2022-04-03 20:16:05.381 [Info] Acquired. (0ms)

--------------------------------------------------------------------------------
2022-04-03 20:16:05.382 [Info] Beginning context dispose. (0ms)

--------------------------------------------------------------------------------
2022-04-03 20:16:05.382 [Info] GC.SuppressFinalize (0ms)

--------------------------------------------------------------------------------
2022-04-03 20:16:05.382 [Info] InternalDispose() completed. (0ms)

--------------------------------------------------------------------------------
2022-04-03 20:16:05.382 [Info] Clearing instance... (1ms)

--------------------------------------------------------------------------------
2022-04-03 20:16:05.382 [Info] Releasing context lock... (1ms)

--------------------------------------------------------------------------------
2022-04-03 20:16:05.382 [Info] Released. (1ms)

--------------------------------------------------------------------------------
