2022-04-06 22:48:34.807 [Info] Discovered 0 plugins:


--------------------------------------------------------------------------------
2022-04-06 22:48:35.979 [Info] Connecting to 38.129.153.213:5400...

--------------------------------------------------------------------------------
2022-04-06 22:48:36.400 [Info] Connection approved [00000000-0000-0000-0000-000000000000].

--------------------------------------------------------------------------------
2022-04-06 22:48:36.474 [Debug] approval Time=3838870 Offset=63784878277505 Real=63784882116375

--------------------------------------------------------------------------------
2022-04-06 22:48:36.474 [Debug] local Time=3838870 Offset=63784878277603 Real=63784882116473

--------------------------------------------------------------------------------
2022-04-06 22:48:36.474 [Debug] real delta=97

--------------------------------------------------------------------------------
2022-04-06 22:48:36.474 [Debug] this.Statistics.Ping=0 NCPing=8

--------------------------------------------------------------------------------
2022-04-06 22:48:36.476 [Debug] Connection established to remote [00000000-0000-0000-0000-000000000000/38.129.153.213:5400].

--------------------------------------------------------------------------------
2022-04-06 22:48:36.476 [Info] Connected [00000000-0000-0000-0000-000000000000].

--------------------------------------------------------------------------------
2022-04-06 22:48:40.495 [Warn] 'Me' is null.

--------------------------------------------------------------------------------
2022-04-06 22:48:40.771 [Debug] received epp: 3842932

--------------------------------------------------------------------------------
2022-04-06 22:48:45.232 [Debug] received epp: 3847698

--------------------------------------------------------------------------------
2022-04-06 22:48:45.849 [Debug] received epp: 3848323

--------------------------------------------------------------------------------
2022-04-06 22:48:47.749 [Debug] received epp: 3850213

--------------------------------------------------------------------------------
2022-04-06 22:51:53.589 [Debug] received epp: 4036043

--------------------------------------------------------------------------------
2022-04-06 22:52:43.025 [Debug] received epp: 4085495

--------------------------------------------------------------------------------
2022-04-06 22:53:30.205 [Debug] received epp: 4132683

--------------------------------------------------------------------------------
2022-04-06 22:53:43.418 [Debug] received epp: 4145885

--------------------------------------------------------------------------------
2022-04-06 22:53:43.884 [Debug] received epp: 4146355

--------------------------------------------------------------------------------
2022-04-06 22:53:45.418 [Debug] received epp: 4147886

--------------------------------------------------------------------------------
2022-04-06 22:55:41.189 [Debug] received epp: 4263667

--------------------------------------------------------------------------------
2022-04-06 22:55:41.502 [Debug] received epp: 4263964

--------------------------------------------------------------------------------
2022-04-06 22:55:42.601 [Debug] received epp: 4265074

--------------------------------------------------------------------------------
2022-04-06 22:56:27.175 [Error] Received unhandled exception from System.Threading.Tasks.ContinuationTaskFromTask.

--------------------------------------------------------------------------------
2022-04-06 22:56:27.176 [Error] AggregateException: A Task's exception(s) were not observed either by Waiting on the Task or accessing its Exception property. As a result, the unobserved exception was rethrown by the finalizer thread.

Caused By
IndexOutOfRangeException: Index was outside the bounds of the array.
    Stack:    at System.Array.Clear(Array array, Int32 index, Int32 length)
   at System.Collections.Generic.List`1.RemoveAll(Predicate`1 match)
   at Intersect.Client.Framework.Content.ContentWatcher.<>c__DisplayClass12_0.<Modify>b__0(Task completedTask)
   at System.Threading.Tasks.Task.Execute()


--------------------------------------------------------------------------------
2022-04-06 22:56:27.179 [Error] Caused by:

--------------------------------------------------------------------------------
2022-04-06 22:56:27.179 [Error] IndexOutOfRangeException: Index was outside the bounds of the array.
    Stack:    at System.Array.Clear(Array array, Int32 index, Int32 length)
   at System.Collections.Generic.List`1.RemoveAll(Predicate`1 match)
   at Intersect.Client.Framework.Content.ContentWatcher.<>c__DisplayClass12_0.<Modify>b__0(Task completedTask)
   at System.Threading.Tasks.Task.Execute()


--------------------------------------------------------------------------------
2022-04-06 22:56:27.180 [Info] Acquiring context lock... (0ms)

--------------------------------------------------------------------------------
2022-04-06 22:56:27.180 [Info] Acquired. (0ms)

--------------------------------------------------------------------------------
2022-04-06 22:56:27.181 [Info] Beginning context dispose. (0ms)

--------------------------------------------------------------------------------
2022-04-06 22:56:27.181 [Info] GC.SuppressFinalize (0ms)

--------------------------------------------------------------------------------
2022-04-06 22:56:27.181 [Info] InternalDispose() completed. (0ms)

--------------------------------------------------------------------------------
2022-04-06 22:56:27.181 [Info] Clearing instance... (1ms)

--------------------------------------------------------------------------------
2022-04-06 22:56:27.181 [Info] Releasing context lock... (1ms)

--------------------------------------------------------------------------------
2022-04-06 22:56:27.181 [Info] Released. (1ms)

--------------------------------------------------------------------------------
2022-04-06 23:08:36.541 [Debug] StatusChanged: [NetIncomingMessage #352 10 bytes] [Disconnecting]

--------------------------------------------------------------------------------
2022-04-06 23:08:36.546 [Debug] StatusChanged: [NetIncomingMessage #353 14 bytes] [Disconnected]

--------------------------------------------------------------------------------
