2022-04-04 14:08:51.591 [Info] Discovered 0 plugins:


--------------------------------------------------------------------------------
2022-04-04 14:08:52.715 [Info] Connecting to 38.129.153.213:5400...

--------------------------------------------------------------------------------
2022-04-04 14:08:53.142 [Info] Connection approved [00000000-0000-0000-0000-000000000000].

--------------------------------------------------------------------------------
2022-04-04 14:08:53.205 [Debug] approval Time=2689836 Offset=63784675443290 Real=63784678133126

--------------------------------------------------------------------------------
2022-04-04 14:08:53.205 [Debug] local Time=2689836 Offset=63784675443368 Real=63784678133205

--------------------------------------------------------------------------------
2022-04-04 14:08:53.205 [Debug] real delta=78

--------------------------------------------------------------------------------
2022-04-04 14:08:53.205 [Debug] this.Statistics.Ping=0 NCPing=8

--------------------------------------------------------------------------------
2022-04-04 14:08:53.208 [Debug] Connection established to remote [00000000-0000-0000-0000-000000000000/38.129.153.213:5400].

--------------------------------------------------------------------------------
2022-04-04 14:08:53.208 [Info] Connected [00000000-0000-0000-0000-000000000000].

--------------------------------------------------------------------------------
2022-04-04 14:09:00.215 [Warn] 'Me' is null.

--------------------------------------------------------------------------------
2022-04-04 14:09:00.437 [Debug] received epp: 2696852

--------------------------------------------------------------------------------
2022-04-04 14:09:11.282 [Debug] received epp: 2707961

--------------------------------------------------------------------------------
2022-04-04 14:09:34.669 [Debug] received epp: 2731352

--------------------------------------------------------------------------------
2022-04-04 14:10:10.631 [Debug] received epp: 2767304

--------------------------------------------------------------------------------
2022-04-04 14:10:12.933 [Debug] received epp: 2769632

--------------------------------------------------------------------------------
2022-04-04 14:10:21.232 [Debug] received epp: 2777929

--------------------------------------------------------------------------------
2022-04-04 14:10:41.249 [Debug] received epp: 2797945

--------------------------------------------------------------------------------
2022-04-04 14:10:41.866 [Debug] received epp: 2798555

--------------------------------------------------------------------------------
2022-04-04 14:11:08.832 [Debug] received epp: 2825522

--------------------------------------------------------------------------------
2022-04-04 14:11:32.218 [Debug] StatusChanged: [NetIncomingMessage #590 10 bytes] [Disconnecting]

--------------------------------------------------------------------------------
2022-04-04 14:11:32.220 [Debug] StatusChanged: [NetIncomingMessage #591 10 bytes] [Disconnected]

--------------------------------------------------------------------------------
2022-04-04 14:11:32.273 [Info] Acquiring context lock... (0ms)

--------------------------------------------------------------------------------
2022-04-04 14:11:32.273 [Info] Acquired. (0ms)

--------------------------------------------------------------------------------
2022-04-04 14:11:32.274 [Info] Beginning context dispose. (0ms)

--------------------------------------------------------------------------------
2022-04-04 14:11:32.274 [Info] GC.SuppressFinalize (0ms)

--------------------------------------------------------------------------------
2022-04-04 14:11:32.274 [Info] InternalDispose() completed. (0ms)

--------------------------------------------------------------------------------
2022-04-04 14:11:32.274 [Info] Clearing instance... (1ms)

--------------------------------------------------------------------------------
2022-04-04 14:11:32.274 [Info] Releasing context lock... (1ms)

--------------------------------------------------------------------------------
2022-04-04 14:11:32.275 [Info] Released. (1ms)

--------------------------------------------------------------------------------
