2022-04-03 15:23:07.936 [Info] Connecting to 38.129.153.213:5400...

--------------------------------------------------------------------------------
2022-04-03 15:23:08.392 [Info] Connection approved [00000000-0000-0000-0000-000000000000].

--------------------------------------------------------------------------------
2022-04-03 15:23:08.457 [Debug] approval Time=1398384 Offset=63784594789990 Real=63784596188375

--------------------------------------------------------------------------------
2022-04-03 15:23:08.458 [Debug] local Time=1398384 Offset=63784594790072 Real=63784596188457

--------------------------------------------------------------------------------
2022-04-03 15:23:08.458 [Debug] real delta=81

--------------------------------------------------------------------------------
2022-04-03 15:23:08.458 [Debug] this.Statistics.Ping=0 NCPing=6

--------------------------------------------------------------------------------
2022-04-03 15:23:08.459 [Debug] Connection established to remote [00000000-0000-0000-0000-000000000000/38.129.153.213:5400].

--------------------------------------------------------------------------------
2022-04-03 15:23:08.460 [Info] Connected [00000000-0000-0000-0000-000000000000].

--------------------------------------------------------------------------------
2022-04-03 15:26:29.819 [Debug] StatusChanged: [NetIncomingMessage #0 10 bytes] [Disconnecting]

--------------------------------------------------------------------------------
2022-04-03 15:26:29.823 [Debug] StatusChanged: [NetIncomingMessage #0 10 bytes] [Disconnected]

--------------------------------------------------------------------------------
2022-04-03 15:26:29.823 [Debug] Connection terminated to remote [00000000-0000-0000-0000-000000000000/38.129.153.213:5400].

--------------------------------------------------------------------------------
2022-04-03 15:26:29.823 [Info] Disconnected [00000000-0000-0000-0000-000000000000].

--------------------------------------------------------------------------------
