2022-04-06 00:15:58.493 [Info] Discovered 0 plugins:


--------------------------------------------------------------------------------
2022-04-06 00:15:59.712 [Info] Connecting to 38.129.153.213:5400...

--------------------------------------------------------------------------------
2022-04-06 00:16:00.133 [Info] Connection approved [00000000-0000-0000-0000-000000000000].

--------------------------------------------------------------------------------
2022-04-06 00:16:00.210 [Debug] approval Time=1369448 Offset=63784799590665 Real=63784800960113

--------------------------------------------------------------------------------
2022-04-06 00:16:00.210 [Debug] local Time=1369448 Offset=63784799590762 Real=63784800960210

--------------------------------------------------------------------------------
2022-04-06 00:16:00.210 [Debug] real delta=96

--------------------------------------------------------------------------------
2022-04-06 00:16:00.210 [Debug] this.Statistics.Ping=0 NCPing=7

--------------------------------------------------------------------------------
2022-04-06 00:16:00.212 [Debug] Connection established to remote [00000000-0000-0000-0000-000000000000/38.129.153.213:5400].

--------------------------------------------------------------------------------
2022-04-06 00:16:00.212 [Info] Connected [00000000-0000-0000-0000-000000000000].

--------------------------------------------------------------------------------
2022-04-06 00:16:05.156 [Warn] 'Me' is null.

--------------------------------------------------------------------------------
2022-04-06 00:16:05.594 [Debug] received epp: 1374649

--------------------------------------------------------------------------------
2022-04-06 00:16:08.246 [Error] Received unhandled exception from Name:Intersect Client.exe
There are no context policies.
.

--------------------------------------------------------------------------------
2022-04-06 00:16:08.255 [Error] InvalidOperationException: Collection was modified; enumeration operation may not execute.
    Stack:    at System.ThrowHelper.ThrowInvalidOperationException(ExceptionResource resource)
   at System.Collections.Generic.List`1.Enumerator.MoveNextRare()
   at System.Linq.Enumerable.<SelectManyIterator>d__17`2.MoveNext()
   at System.Linq.Enumerable.<SelectManyIterator>d__17`2.MoveNext()
   at System.Linq.Enumerable.<SelectManyIterator>d__17`2.MoveNext()
   at System.Linq.Enumerable.<SelectManyIterator>d__17`2.MoveNext()
   at System.Linq.Enumerable.<ConcatIterator>d__59`1.MoveNext()
   at System.Linq.Enumerable.<ConcatIterator>d__59`1.MoveNext()
   at System.Linq.Enumerable.<ConcatIterator>d__59`1.MoveNext()
   at System.Linq.Enumerable.<ConcatIterator>d__59`1.MoveNext()
   at System.Linq.Enumerable.<ConcatIterator>d__59`1.MoveNext()
   at System.Linq.Enumerable.<ConcatIterator>d__59`1.MoveNext()
   at System.Linq.Buffer`1..ctor(IEnumerable`1 source)
   at System.Linq.Enumerable.ToArray[TSource](IEnumerable`1 source)
   at Intersect.Client.Interface.Debugging.DebugWindow.<>c.<CreateTableDebugStats>b__29_13(CancellationToken cancellationToken)
   at Intersect.Client.Framework.Gwen.Control.Data.ValueTableCellDataProvider`1.<>c__DisplayClass1_1.<.ctor>b__3(Task _)
   at System.Threading.Tasks.ContinuationResultTaskFromTask`1.InnerInvoke()
   at System.Threading.Tasks.Task.Execute()
--- End of stack trace from previous location where exception was thrown ---
   at System.Runtime.ExceptionServices.ExceptionDispatchInfo.Throw()
   at System.Runtime.CompilerServices.TaskAwaiter.HandleNonSuccessAndDebuggerNotification(Task task)
   at System.Runtime.CompilerServices.ConfiguredTaskAwaitable`1.ConfiguredTaskAwaiter.GetResult()
   at Intersect.Async.AsyncValueGenerator`1.<DoLoop>d__6.MoveNext()
--- End of stack trace from previous location where exception was thrown ---
   at System.Runtime.ExceptionServices.ExceptionDispatchInfo.Throw()
   at System.Threading.ExecutionContext.RunInternal(ExecutionContext executionContext, ContextCallback callback, Object state, Boolean preserveSyncCtx)
   at System.Threading.ExecutionContext.Run(ExecutionContext executionContext, ContextCallback callback, Object state, Boolean preserveSyncCtx)
   at System.Threading.QueueUserWorkItemCallback.System.Threading.IThreadPoolWorkItem.ExecuteWorkItem()
   at System.Threading.ThreadPoolWorkQueue.Dispatch()


--------------------------------------------------------------------------------
2022-04-06 00:16:08.297 [Info] Acquiring context lock... (0ms)

--------------------------------------------------------------------------------
2022-04-06 00:16:08.297 [Info] Acquired. (0ms)

--------------------------------------------------------------------------------
2022-04-06 00:16:08.298 [Info] Beginning context dispose. (0ms)

--------------------------------------------------------------------------------
2022-04-06 00:16:08.298 [Info] GC.SuppressFinalize (0ms)

--------------------------------------------------------------------------------
2022-04-06 00:16:08.298 [Info] InternalDispose() completed. (0ms)

--------------------------------------------------------------------------------
2022-04-06 00:16:08.298 [Info] Clearing instance... (1ms)

--------------------------------------------------------------------------------
2022-04-06 00:16:08.298 [Info] Releasing context lock... (1ms)

--------------------------------------------------------------------------------
2022-04-06 00:16:08.298 [Info] Released. (1ms)

--------------------------------------------------------------------------------
