2022-04-28 19:42:58.245 [Info] Connecting to 38.129.153.213:5400...

--------------------------------------------------------------------------------
2022-04-28 19:42:58.711 [Info] Connection approved [00000000-0000-0000-0000-000000000000].

--------------------------------------------------------------------------------
2022-04-28 19:42:58.775 [Debug] approval Time=24480228 Offset=63786747298459 Real=63786771778688

--------------------------------------------------------------------------------
2022-04-28 19:42:58.776 [Debug] local Time=24480228 Offset=63786747298546 Real=63786771778775

--------------------------------------------------------------------------------
2022-04-28 19:42:58.776 [Debug] real delta=87

--------------------------------------------------------------------------------
2022-04-28 19:42:58.776 [Debug] this.Statistics.Ping=0 NCPing=5

--------------------------------------------------------------------------------
2022-04-28 19:42:58.778 [Debug] Connection established to remote [00000000-0000-0000-0000-000000000000/38.129.153.213:5400].

--------------------------------------------------------------------------------
2022-04-28 19:42:58.778 [Info] Connected [00000000-0000-0000-0000-000000000000].

--------------------------------------------------------------------------------
2022-04-28 20:26:13.384 [Debug] StatusChanged: [NetIncomingMessage #201 10 bytes] [Disconnecting]

--------------------------------------------------------------------------------
2022-04-28 20:26:13.397 [Debug] StatusChanged: [NetIncomingMessage #202 10 bytes] [Disconnected]

--------------------------------------------------------------------------------
2022-04-28 20:26:13.399 [Debug] Connection terminated to remote [00000000-0000-0000-0000-000000000000/38.129.153.213:5400].

--------------------------------------------------------------------------------
2022-04-28 20:26:13.399 [Info] Disconnected [00000000-0000-0000-0000-000000000000].

--------------------------------------------------------------------------------
