2022-04-04 15:05:02.733 [Info] Connecting to 38.129.153.213:5400...

--------------------------------------------------------------------------------
2022-04-04 15:05:03.185 [Info] Connection approved [00000000-0000-0000-0000-000000000000].

--------------------------------------------------------------------------------
2022-04-04 15:05:03.247 [Debug] approval Time=6059883 Offset=63784675443290 Real=63784681503173

--------------------------------------------------------------------------------
2022-04-04 15:05:03.247 [Debug] local Time=6059883 Offset=63784675443363 Real=63784681503247

--------------------------------------------------------------------------------
2022-04-04 15:05:03.247 [Debug] real delta=73

--------------------------------------------------------------------------------
2022-04-04 15:05:03.247 [Debug] this.Statistics.Ping=0 NCPing=8

--------------------------------------------------------------------------------
2022-04-04 15:05:03.250 [Debug] Connection established to remote [00000000-0000-0000-0000-000000000000/38.129.153.213:5400].

--------------------------------------------------------------------------------
2022-04-04 15:05:03.250 [Info] Connected [00000000-0000-0000-0000-000000000000].

--------------------------------------------------------------------------------
2022-04-04 15:08:54.946 [Debug] StatusChanged: [NetIncomingMessage #0 10 bytes] [Disconnecting]

--------------------------------------------------------------------------------
2022-04-04 15:08:54.949 [Debug] StatusChanged: [NetIncomingMessage #0 10 bytes] [Disconnected]

--------------------------------------------------------------------------------
2022-04-04 15:08:54.950 [Debug] Connection terminated to remote [00000000-0000-0000-0000-000000000000/38.129.153.213:5400].

--------------------------------------------------------------------------------
2022-04-04 15:08:54.950 [Info] Disconnected [00000000-0000-0000-0000-000000000000].

--------------------------------------------------------------------------------
