2022-04-03 21:38:32.492 [Info] Discovered 0 plugins:


--------------------------------------------------------------------------------
2022-04-03 21:38:33.596 [Info] Connecting to 38.129.153.213:5400...

--------------------------------------------------------------------------------
2022-04-03 21:38:34.056 [Info] Connection approved [00000000-0000-0000-0000-000000000000].

--------------------------------------------------------------------------------
2022-04-03 21:38:34.136 [Debug] approval Time=4501764 Offset=63784614212267 Real=63784618714031

--------------------------------------------------------------------------------
2022-04-03 21:38:34.136 [Debug] local Time=4501764 Offset=63784614212371 Real=63784618714136

--------------------------------------------------------------------------------
2022-04-03 21:38:34.136 [Debug] real delta=104

--------------------------------------------------------------------------------
2022-04-03 21:38:34.136 [Debug] this.Statistics.Ping=0 NCPing=9

--------------------------------------------------------------------------------
2022-04-03 21:38:34.139 [Debug] Connection established to remote [00000000-0000-0000-0000-000000000000/38.129.153.213:5400].

--------------------------------------------------------------------------------
2022-04-03 21:38:34.139 [Info] Connected [00000000-0000-0000-0000-000000000000].

--------------------------------------------------------------------------------
2022-04-03 21:39:11.570 [Debug] StatusChanged: [NetIncomingMessage #0 10 bytes] [Disconnecting]

--------------------------------------------------------------------------------
2022-04-03 21:39:11.572 [Debug] StatusChanged: [NetIncomingMessage #0 10 bytes] [Disconnected]

--------------------------------------------------------------------------------
2022-04-03 21:39:11.607 [Info] Acquiring context lock... (0ms)

--------------------------------------------------------------------------------
2022-04-03 21:39:11.607 [Info] Acquired. (0ms)

--------------------------------------------------------------------------------
2022-04-03 21:39:11.608 [Info] Beginning context dispose. (0ms)

--------------------------------------------------------------------------------
2022-04-03 21:39:11.609 [Info] GC.SuppressFinalize (0ms)

--------------------------------------------------------------------------------
2022-04-03 21:39:11.609 [Info] InternalDispose() completed. (0ms)

--------------------------------------------------------------------------------
2022-04-03 21:39:11.609 [Info] Clearing instance... (2ms)

--------------------------------------------------------------------------------
2022-04-03 21:39:11.610 [Info] Releasing context lock... (2ms)

--------------------------------------------------------------------------------
2022-04-03 21:39:11.610 [Info] Released. (2ms)

--------------------------------------------------------------------------------
