2022-04-29 18:56:54.916 [Info] Connecting to 38.129.153.213:5400...

--------------------------------------------------------------------------------
2022-04-29 18:56:55.346 [Info] Connection approved [00000000-0000-0000-0000-000000000000].

--------------------------------------------------------------------------------
2022-04-29 18:56:55.407 [Debug] approval Time=6480568 Offset=63786848934761 Real=63786855415330

--------------------------------------------------------------------------------
2022-04-29 18:56:55.407 [Debug] local Time=6480568 Offset=63786848934838 Real=63786855415407

--------------------------------------------------------------------------------
2022-04-29 18:56:55.407 [Debug] real delta=76

--------------------------------------------------------------------------------
2022-04-29 18:56:55.407 [Debug] this.Statistics.Ping=0 NCPing=9

--------------------------------------------------------------------------------
2022-04-29 18:56:55.409 [Debug] Connection established to remote [00000000-0000-0000-0000-000000000000/38.129.153.213:5400].

--------------------------------------------------------------------------------
2022-04-29 18:56:55.409 [Info] Connected [00000000-0000-0000-0000-000000000000].

--------------------------------------------------------------------------------
2022-04-29 19:05:02.402 [Debug] StatusChanged: [NetIncomingMessage #537 10 bytes] [Disconnecting]

--------------------------------------------------------------------------------
2022-04-29 19:05:02.411 [Debug] StatusChanged: [NetIncomingMessage #538 10 bytes] [Disconnected]

--------------------------------------------------------------------------------
2022-04-29 19:05:02.411 [Debug] Connection terminated to remote [00000000-0000-0000-0000-000000000000/38.129.153.213:5400].

--------------------------------------------------------------------------------
2022-04-29 19:05:02.412 [Info] Disconnected [00000000-0000-0000-0000-000000000000].

--------------------------------------------------------------------------------
