2022-04-03 15:22:32.906 [Info] Discovered 0 plugins:


--------------------------------------------------------------------------------
2022-04-03 15:22:33.976 [Info] Connecting to 38.129.153.213:5400...

--------------------------------------------------------------------------------
2022-04-03 15:22:34.444 [Info] Connection approved [00000000-0000-0000-0000-000000000000].

--------------------------------------------------------------------------------
2022-04-03 15:22:34.523 [Debug] approval Time=1364432 Offset=63784594789990 Real=63784596154423

--------------------------------------------------------------------------------
2022-04-03 15:22:34.523 [Debug] local Time=1364432 Offset=63784594790090 Real=63784596154523

--------------------------------------------------------------------------------
2022-04-03 15:22:34.524 [Debug] real delta=99

--------------------------------------------------------------------------------
2022-04-03 15:22:34.524 [Debug] this.Statistics.Ping=0 NCPing=6

--------------------------------------------------------------------------------
2022-04-03 15:22:34.529 [Debug] Connection established to remote [00000000-0000-0000-0000-000000000000/38.129.153.213:5400].

--------------------------------------------------------------------------------
2022-04-03 15:22:34.529 [Info] Connected [00000000-0000-0000-0000-000000000000].

--------------------------------------------------------------------------------
2022-04-03 15:22:39.234 [Warn] 'Me' is null.

--------------------------------------------------------------------------------
2022-04-03 15:22:39.490 [Debug] received epp: 1369167

--------------------------------------------------------------------------------
2022-04-03 15:24:28.557 [Debug] received epp: 1478542

--------------------------------------------------------------------------------
2022-04-03 15:24:28.772 [Debug] received epp: 1478760

--------------------------------------------------------------------------------
2022-04-03 15:24:29.489 [Debug] received epp: 1479479

--------------------------------------------------------------------------------
2022-04-03 15:24:30.306 [Debug] received epp: 1480292

--------------------------------------------------------------------------------
2022-04-03 15:24:46.225 [Warn] 'Me' is null.

--------------------------------------------------------------------------------
2022-04-03 15:24:46.286 [Debug] received epp: 1496213

--------------------------------------------------------------------------------
2022-04-03 15:26:08.258 [Debug] received epp: 1578244

--------------------------------------------------------------------------------
2022-04-03 15:26:08.489 [Debug] received epp: 1578464

--------------------------------------------------------------------------------
2022-04-03 15:26:08.689 [Debug] received epp: 1578667

--------------------------------------------------------------------------------
2022-04-03 15:26:08.907 [Debug] received epp: 1578884

--------------------------------------------------------------------------------
2022-04-03 15:26:09.072 [Debug] received epp: 1579057

--------------------------------------------------------------------------------
2022-04-03 15:26:09.257 [Debug] received epp: 1579244

--------------------------------------------------------------------------------
2022-04-03 15:26:09.456 [Debug] received epp: 1579447

--------------------------------------------------------------------------------
2022-04-03 15:26:10.042 [Debug] received epp: 1580026

--------------------------------------------------------------------------------
2022-04-03 15:26:10.257 [Debug] received epp: 1580244

--------------------------------------------------------------------------------
2022-04-03 15:26:10.457 [Debug] received epp: 1580447

--------------------------------------------------------------------------------
2022-04-03 15:26:10.656 [Debug] received epp: 1580652

--------------------------------------------------------------------------------
2022-04-03 15:26:10.957 [Debug] received epp: 1580932

--------------------------------------------------------------------------------
2022-04-03 15:26:10.957 [Debug] received epp: 1580947

--------------------------------------------------------------------------------
2022-04-03 15:26:25.045 [Debug] StatusChanged: [NetIncomingMessage #159 10 bytes] [Disconnecting]

--------------------------------------------------------------------------------
2022-04-03 15:26:25.048 [Debug] StatusChanged: [NetIncomingMessage #90 10 bytes] [Disconnected]

--------------------------------------------------------------------------------
2022-04-03 15:26:25.092 [Info] Acquiring context lock... (0ms)

--------------------------------------------------------------------------------
2022-04-03 15:26:25.092 [Info] Acquired. (0ms)

--------------------------------------------------------------------------------
2022-04-03 15:26:25.092 [Info] Beginning context dispose. (0ms)

--------------------------------------------------------------------------------
2022-04-03 15:26:25.093 [Info] GC.SuppressFinalize (0ms)

--------------------------------------------------------------------------------
2022-04-03 15:26:25.093 [Info] InternalDispose() completed. (0ms)

--------------------------------------------------------------------------------
2022-04-03 15:26:25.093 [Info] Clearing instance... (1ms)

--------------------------------------------------------------------------------
2022-04-03 15:26:25.093 [Info] Releasing context lock... (1ms)

--------------------------------------------------------------------------------
2022-04-03 15:26:25.093 [Info] Released. (1ms)

--------------------------------------------------------------------------------
