2022-04-04 03:27:23.854 [Info] Discovered 0 plugins:


--------------------------------------------------------------------------------
2022-04-04 03:27:24.878 [Info] Connecting to 38.129.153.213:5400...

--------------------------------------------------------------------------------
2022-04-04 03:27:25.321 [Info] Connection approved [00000000-0000-0000-0000-000000000000].

--------------------------------------------------------------------------------
2022-04-04 03:27:25.391 [Debug] approval Time=523451 Offset=63784639121846 Real=63784639645297

--------------------------------------------------------------------------------
2022-04-04 03:27:25.392 [Debug] local Time=523451 Offset=63784639121940 Real=63784639645391

--------------------------------------------------------------------------------
2022-04-04 03:27:25.392 [Debug] real delta=93

--------------------------------------------------------------------------------
2022-04-04 03:27:25.392 [Debug] this.Statistics.Ping=0 NCPing=16

--------------------------------------------------------------------------------
2022-04-04 03:27:25.394 [Debug] Connection established to remote [00000000-0000-0000-0000-000000000000/38.129.153.213:5400].

--------------------------------------------------------------------------------
2022-04-04 03:27:25.394 [Info] Connected [00000000-0000-0000-0000-000000000000].

--------------------------------------------------------------------------------
2022-04-04 03:27:28.544 [Warn] 'Me' is null.

--------------------------------------------------------------------------------
2022-04-04 03:27:28.761 [Debug] received epp: 526608

--------------------------------------------------------------------------------
2022-04-04 03:28:21.632 [Debug] StatusChanged: [NetIncomingMessage #726 10 bytes] [Disconnecting]

--------------------------------------------------------------------------------
2022-04-04 03:28:21.635 [Debug] StatusChanged: [NetIncomingMessage #727 10 bytes] [Disconnected]

--------------------------------------------------------------------------------
2022-04-04 03:28:21.684 [Info] Acquiring context lock... (0ms)

--------------------------------------------------------------------------------
2022-04-04 03:28:21.684 [Info] Acquired. (0ms)

--------------------------------------------------------------------------------
2022-04-04 03:28:21.686 [Info] Beginning context dispose. (0ms)

--------------------------------------------------------------------------------
2022-04-04 03:28:21.686 [Info] GC.SuppressFinalize (0ms)

--------------------------------------------------------------------------------
2022-04-04 03:28:21.686 [Info] InternalDispose() completed. (0ms)

--------------------------------------------------------------------------------
2022-04-04 03:28:21.686 [Info] Clearing instance... (2ms)

--------------------------------------------------------------------------------
2022-04-04 03:28:21.686 [Info] Releasing context lock... (2ms)

--------------------------------------------------------------------------------
2022-04-04 03:28:21.686 [Info] Released. (2ms)

--------------------------------------------------------------------------------
