2022-04-30 23:49:31.021 [Info] Connecting to 38.129.153.213:5400...

--------------------------------------------------------------------------------
2022-04-30 23:49:31.566 [Info] Connection approved [00000000-0000-0000-0000-000000000000].

--------------------------------------------------------------------------------
2022-04-30 23:49:31.632 [Debug] approval Time=8143829 Offset=63786951227719 Real=63786959371548

--------------------------------------------------------------------------------
2022-04-30 23:49:31.632 [Debug] local Time=8143829 Offset=63786951227803 Real=63786959371632

--------------------------------------------------------------------------------
2022-04-30 23:49:31.633 [Debug] real delta=84

--------------------------------------------------------------------------------
2022-04-30 23:49:31.633 [Debug] this.Statistics.Ping=0 NCPing=7

--------------------------------------------------------------------------------
2022-04-30 23:49:31.635 [Debug] Connection established to remote [00000000-0000-0000-0000-000000000000/38.129.153.213:5400].

--------------------------------------------------------------------------------
2022-04-30 23:49:31.635 [Info] Connected [00000000-0000-0000-0000-000000000000].

--------------------------------------------------------------------------------
2022-05-01 00:33:54.856 [Debug] StatusChanged: [NetIncomingMessage #0 10 bytes] [Disconnecting]

--------------------------------------------------------------------------------
2022-05-01 00:33:54.871 [Debug] StatusChanged: [NetIncomingMessage #0 10 bytes] [Disconnected]

--------------------------------------------------------------------------------
2022-05-01 00:33:54.871 [Debug] Connection terminated to remote [00000000-0000-0000-0000-000000000000/38.129.153.213:5400].

--------------------------------------------------------------------------------
2022-05-01 00:33:54.871 [Info] Disconnected [00000000-0000-0000-0000-000000000000].

--------------------------------------------------------------------------------
