2022-04-04 14:19:05.148 [Info] Discovered 0 plugins:


--------------------------------------------------------------------------------
2022-04-04 14:19:06.307 [Info] Connecting to 38.129.153.213:5400...

--------------------------------------------------------------------------------
2022-04-04 14:19:06.781 [Info] Connection approved [00000000-0000-0000-0000-000000000000].

--------------------------------------------------------------------------------
2022-04-04 14:19:06.855 [Debug] approval Time=3303476 Offset=63784675443290 Real=63784678746766

--------------------------------------------------------------------------------
2022-04-04 14:19:06.856 [Debug] local Time=3303476 Offset=63784675443378 Real=63784678746855

--------------------------------------------------------------------------------
2022-04-04 14:19:06.856 [Debug] real delta=88

--------------------------------------------------------------------------------
2022-04-04 14:19:06.856 [Debug] this.Statistics.Ping=0 NCPing=5

--------------------------------------------------------------------------------
2022-04-04 14:19:06.857 [Debug] Connection established to remote [00000000-0000-0000-0000-000000000000/38.129.153.213:5400].

--------------------------------------------------------------------------------
2022-04-04 14:19:06.861 [Info] Connected [00000000-0000-0000-0000-000000000000].

--------------------------------------------------------------------------------
2022-04-04 14:19:10.932 [Warn] 'Me' is null.

--------------------------------------------------------------------------------
2022-04-04 14:19:11.186 [Debug] received epp: 3307570

--------------------------------------------------------------------------------
2022-04-04 14:19:14.119 [Debug] received epp: 3310805

--------------------------------------------------------------------------------
2022-04-04 14:19:14.521 [Debug] received epp: 3311211

--------------------------------------------------------------------------------
2022-04-04 14:19:15.753 [Debug] received epp: 3312444

--------------------------------------------------------------------------------
2022-04-04 14:19:24.869 [Debug] received epp: 3321553

--------------------------------------------------------------------------------
2022-04-04 14:19:39.887 [Debug] received epp: 3336585

--------------------------------------------------------------------------------
2022-04-04 14:19:40.703 [Debug] received epp: 3337398

--------------------------------------------------------------------------------
2022-04-04 14:19:44.453 [Debug] received epp: 3341133

--------------------------------------------------------------------------------
2022-04-04 14:19:45.436 [Debug] received epp: 3342117

--------------------------------------------------------------------------------
2022-04-04 14:19:47.403 [Debug] received epp: 3344085

--------------------------------------------------------------------------------
2022-04-04 14:22:24.524 [Debug] received epp: 3501226

--------------------------------------------------------------------------------
2022-04-04 14:22:43.341 [Debug] received epp: 3520008

--------------------------------------------------------------------------------
2022-04-04 14:23:08.503 [Debug] received epp: 3545195

--------------------------------------------------------------------------------
2022-04-04 14:23:08.721 [Debug] received epp: 3545414

--------------------------------------------------------------------------------
2022-04-04 14:23:08.954 [Debug] received epp: 3545633

--------------------------------------------------------------------------------
2022-04-04 14:23:09.154 [Debug] received epp: 3545852

--------------------------------------------------------------------------------
2022-04-04 14:23:09.404 [Debug] received epp: 3546100

--------------------------------------------------------------------------------
2022-04-04 14:23:09.923 [Debug] received epp: 3546601

--------------------------------------------------------------------------------
2022-04-04 14:23:10.170 [Debug] received epp: 3546868

--------------------------------------------------------------------------------
2022-04-04 14:23:10.571 [Debug] received epp: 3547258

--------------------------------------------------------------------------------
2022-04-04 14:23:10.958 [Debug] received epp: 3547632

--------------------------------------------------------------------------------
2022-04-04 14:23:11.625 [Debug] received epp: 3548305

--------------------------------------------------------------------------------
2022-04-04 14:23:35.655 [Debug] received epp: 3572336

--------------------------------------------------------------------------------
2022-04-04 14:23:36.337 [Debug] received epp: 3573038

--------------------------------------------------------------------------------
2022-04-04 14:23:43.988 [Debug] received epp: 3580679

--------------------------------------------------------------------------------
2022-04-04 14:23:47.954 [Debug] received epp: 3584648

--------------------------------------------------------------------------------
2022-04-04 14:24:20.987 [Debug] received epp: 3617680

--------------------------------------------------------------------------------
2022-04-04 14:24:34.054 [Debug] received epp: 3630757

--------------------------------------------------------------------------------
2022-04-04 14:24:35.204 [Debug] received epp: 3631897

--------------------------------------------------------------------------------
2022-04-04 14:25:09.872 [Debug] received epp: 3666569

--------------------------------------------------------------------------------
2022-04-04 14:25:10.055 [Debug] received epp: 3666742

--------------------------------------------------------------------------------
2022-04-04 14:25:10.272 [Debug] received epp: 3666961

--------------------------------------------------------------------------------
2022-04-04 14:25:10.455 [Debug] received epp: 3667148

--------------------------------------------------------------------------------
2022-04-04 14:25:10.672 [Debug] received epp: 3667366

--------------------------------------------------------------------------------
2022-04-04 14:25:10.905 [Debug] received epp: 3667602

--------------------------------------------------------------------------------
2022-04-04 14:25:11.140 [Debug] received epp: 3667835

--------------------------------------------------------------------------------
2022-04-04 14:25:11.371 [Debug] received epp: 3668069

--------------------------------------------------------------------------------
2022-04-04 14:25:11.622 [Debug] received epp: 3668319

--------------------------------------------------------------------------------
2022-04-04 14:25:11.821 [Debug] received epp: 3668508

--------------------------------------------------------------------------------
2022-04-04 14:25:12.054 [Debug] received epp: 3668742

--------------------------------------------------------------------------------
2022-04-04 14:25:12.505 [Debug] received epp: 3669179

--------------------------------------------------------------------------------
2022-04-04 14:25:12.988 [Debug] received epp: 3669680

--------------------------------------------------------------------------------
2022-04-04 14:25:13.221 [Debug] received epp: 3669883

--------------------------------------------------------------------------------
2022-04-04 14:25:13.405 [Debug] received epp: 3670102

--------------------------------------------------------------------------------
2022-04-04 14:25:13.621 [Debug] received epp: 3670304

--------------------------------------------------------------------------------
2022-04-04 14:25:14.872 [Debug] received epp: 3671554

--------------------------------------------------------------------------------
2022-04-04 14:25:41.788 [Debug] received epp: 3698477

--------------------------------------------------------------------------------
2022-04-04 14:25:42.022 [Debug] received epp: 3698711

--------------------------------------------------------------------------------
2022-04-04 14:25:42.938 [Debug] received epp: 3699633

--------------------------------------------------------------------------------
2022-04-04 14:25:43.738 [Debug] received epp: 3700429

--------------------------------------------------------------------------------
2022-04-04 14:25:44.144 [Debug] received epp: 3700819

--------------------------------------------------------------------------------
2022-04-04 14:25:44.540 [Debug] received epp: 3701210

--------------------------------------------------------------------------------
2022-04-04 14:25:45.005 [Debug] received epp: 3701695

--------------------------------------------------------------------------------
2022-04-04 14:25:45.821 [Debug] received epp: 3702507

--------------------------------------------------------------------------------
2022-04-04 14:25:46.222 [Debug] received epp: 3702913

--------------------------------------------------------------------------------
2022-04-04 14:25:49.570 [Debug] received epp: 3706258

--------------------------------------------------------------------------------
2022-04-04 14:25:50.722 [Debug] received epp: 3707414

--------------------------------------------------------------------------------
2022-04-04 14:25:52.055 [Debug] received epp: 3708725

--------------------------------------------------------------------------------
2022-04-04 14:28:36.021 [Debug] received epp: 3872711

--------------------------------------------------------------------------------
2022-04-04 14:28:36.296 [Debug] received epp: 3872975

--------------------------------------------------------------------------------
2022-04-04 14:28:36.557 [Debug] received epp: 3873242

--------------------------------------------------------------------------------
2022-04-04 14:28:36.638 [Debug] received epp: 3873336

--------------------------------------------------------------------------------
2022-04-04 14:28:36.873 [Debug] received epp: 3873569

--------------------------------------------------------------------------------
2022-04-04 14:28:37.139 [Debug] received epp: 3873835

--------------------------------------------------------------------------------
2022-04-04 14:28:37.642 [Debug] received epp: 3874335

--------------------------------------------------------------------------------
2022-04-04 14:28:38.039 [Debug] received epp: 3874726

--------------------------------------------------------------------------------
2022-04-04 14:29:03.689 [Debug] received epp: 3900383

--------------------------------------------------------------------------------
2022-04-04 14:29:03.762 [Debug] received epp: 3900383

--------------------------------------------------------------------------------
2022-04-04 14:31:57.922 [Warn] 'Me' is null.

--------------------------------------------------------------------------------
2022-04-04 14:31:57.988 [Debug] received epp: 4074616

--------------------------------------------------------------------------------
2022-04-04 14:32:47.141 [Debug] received epp: 4123821

--------------------------------------------------------------------------------
2022-04-04 14:32:57.274 [Debug] received epp: 4133960

--------------------------------------------------------------------------------
2022-04-04 14:32:57.357 [Debug] received epp: 4133960

--------------------------------------------------------------------------------
2022-04-04 14:34:20.764 [Debug] received epp: 4217445

--------------------------------------------------------------------------------
2022-04-04 14:34:21.205 [Debug] received epp: 4217695

--------------------------------------------------------------------------------
2022-04-04 14:34:21.364 [Debug] received epp: 4217695

--------------------------------------------------------------------------------
2022-04-04 14:35:38.359 [Debug] received epp: 4295039

--------------------------------------------------------------------------------
2022-04-04 14:35:41.492 [Debug] received epp: 4298180

--------------------------------------------------------------------------------
2022-04-04 14:35:41.741 [Debug] received epp: 4298429

--------------------------------------------------------------------------------
2022-04-04 14:35:41.991 [Debug] received epp: 4298679

--------------------------------------------------------------------------------
2022-04-04 14:35:42.277 [Debug] received epp: 4298961

--------------------------------------------------------------------------------
2022-04-04 14:35:42.475 [Debug] received epp: 4299164

--------------------------------------------------------------------------------
2022-04-04 14:35:42.741 [Debug] received epp: 4299429

--------------------------------------------------------------------------------
2022-04-04 14:35:42.991 [Debug] received epp: 4299680

--------------------------------------------------------------------------------
2022-04-04 14:35:43.258 [Debug] received epp: 4299944

--------------------------------------------------------------------------------
2022-04-04 14:35:43.524 [Debug] received epp: 4300211

--------------------------------------------------------------------------------
2022-04-04 14:35:43.791 [Debug] received epp: 4300476

--------------------------------------------------------------------------------
2022-04-04 14:35:44.058 [Debug] received epp: 4300757

--------------------------------------------------------------------------------
2022-04-04 14:35:44.375 [Debug] received epp: 4301055

--------------------------------------------------------------------------------
2022-04-04 14:35:44.641 [Debug] received epp: 4301336

--------------------------------------------------------------------------------
2022-04-04 14:35:44.941 [Debug] received epp: 4301633

--------------------------------------------------------------------------------
2022-04-04 14:35:45.229 [Debug] received epp: 4301898

--------------------------------------------------------------------------------
2022-04-04 14:35:45.462 [Debug] received epp: 4302149

--------------------------------------------------------------------------------
2022-04-04 14:35:46.440 [Debug] received epp: 4303133

--------------------------------------------------------------------------------
2022-04-04 14:35:56.107 [Debug] received epp: 4312804

--------------------------------------------------------------------------------
2022-04-04 14:35:56.707 [Debug] received epp: 4313397

--------------------------------------------------------------------------------
2022-04-04 14:36:37.257 [Debug] received epp: 4353944

--------------------------------------------------------------------------------
2022-04-04 14:36:37.782 [Debug] received epp: 4354195

--------------------------------------------------------------------------------
2022-04-04 14:36:58.925 [Debug] received epp: 4375617

--------------------------------------------------------------------------------
2022-04-04 14:36:59.129 [Debug] received epp: 4375819

--------------------------------------------------------------------------------
2022-04-04 14:36:59.341 [Debug] received epp: 4376038

--------------------------------------------------------------------------------
2022-04-04 14:36:59.610 [Debug] received epp: 4376304

--------------------------------------------------------------------------------
2022-04-04 14:37:00.628 [Debug] received epp: 4377319

--------------------------------------------------------------------------------
2022-04-04 14:37:02.442 [Debug] received epp: 4379132

--------------------------------------------------------------------------------
2022-04-04 14:37:14.510 [Debug] received epp: 4391195

--------------------------------------------------------------------------------
2022-04-04 14:37:14.694 [Debug] received epp: 4391321

--------------------------------------------------------------------------------
2022-04-04 14:37:54.176 [Debug] received epp: 4430850

--------------------------------------------------------------------------------
2022-04-04 14:37:54.447 [Debug] received epp: 4431117

--------------------------------------------------------------------------------
2022-04-04 14:37:55.158 [Debug] received epp: 4431850

--------------------------------------------------------------------------------
2022-04-04 14:37:55.392 [Debug] received epp: 4432086

--------------------------------------------------------------------------------
2022-04-04 14:37:55.593 [Debug] received epp: 4432289

--------------------------------------------------------------------------------
2022-04-04 14:37:55.807 [Debug] received epp: 4432507

--------------------------------------------------------------------------------
2022-04-04 14:37:56.209 [Debug] received epp: 4432898

--------------------------------------------------------------------------------
2022-04-04 14:37:56.410 [Debug] received epp: 4433101

--------------------------------------------------------------------------------
2022-04-04 14:37:56.693 [Debug] received epp: 4433382

--------------------------------------------------------------------------------
2022-04-04 14:37:57.541 [Debug] received epp: 4434225

--------------------------------------------------------------------------------
2022-04-04 14:37:57.777 [Debug] received epp: 4434476

--------------------------------------------------------------------------------
2022-04-04 14:37:57.994 [Debug] received epp: 4434679

--------------------------------------------------------------------------------
2022-04-04 14:37:58.875 [Debug] received epp: 4435571

--------------------------------------------------------------------------------
2022-04-04 14:38:00.675 [Debug] received epp: 4437367

--------------------------------------------------------------------------------
2022-04-04 14:38:00.874 [Debug] received epp: 4437570

--------------------------------------------------------------------------------
2022-04-04 14:38:01.092 [Debug] received epp: 4437788

--------------------------------------------------------------------------------
2022-04-04 14:38:01.325 [Debug] received epp: 4438023

--------------------------------------------------------------------------------
2022-04-04 14:38:07.359 [Debug] received epp: 4444039

--------------------------------------------------------------------------------
2022-04-04 14:38:07.741 [Debug] received epp: 4444429

--------------------------------------------------------------------------------
2022-04-04 14:38:07.946 [Debug] received epp: 4444632

--------------------------------------------------------------------------------
2022-04-04 14:38:08.441 [Debug] received epp: 4445133

--------------------------------------------------------------------------------
2022-04-04 14:38:08.727 [Debug] received epp: 4445399

--------------------------------------------------------------------------------
2022-04-04 14:38:09.643 [Debug] received epp: 4446319

--------------------------------------------------------------------------------
2022-04-04 14:38:10.708 [Debug] received epp: 4447397

--------------------------------------------------------------------------------
2022-04-04 14:38:14.208 [Debug] received epp: 4450898

--------------------------------------------------------------------------------
2022-04-04 14:38:14.233 [Debug] received epp: 4450898

--------------------------------------------------------------------------------
2022-04-04 14:38:25.158 [Debug] received epp: 4461850

--------------------------------------------------------------------------------
2022-04-04 14:38:25.321 [Debug] received epp: 4461850

--------------------------------------------------------------------------------
2022-04-04 14:38:36.342 [Debug] received epp: 4473039

--------------------------------------------------------------------------------
2022-04-04 14:38:36.365 [Debug] received epp: 4473039

--------------------------------------------------------------------------------
2022-04-04 14:38:40.059 [Debug] received epp: 4476725

--------------------------------------------------------------------------------
2022-04-04 14:38:40.215 [Debug] received epp: 4476725

--------------------------------------------------------------------------------
2022-04-04 14:39:17.742 [Debug] received epp: 4514429

--------------------------------------------------------------------------------
2022-04-04 14:39:17.959 [Debug] received epp: 4514648

--------------------------------------------------------------------------------
2022-04-04 14:39:18.192 [Debug] received epp: 4514867

--------------------------------------------------------------------------------
2022-04-04 14:39:19.141 [Debug] received epp: 4515836

--------------------------------------------------------------------------------
2022-04-04 14:39:19.776 [Debug] received epp: 4516429

--------------------------------------------------------------------------------
2022-04-04 14:39:46.392 [Debug] received epp: 4543086

--------------------------------------------------------------------------------
2022-04-04 14:39:46.441 [Debug] received epp: 4543086

--------------------------------------------------------------------------------
2022-04-04 14:40:22.026 [Debug] received epp: 4578695

--------------------------------------------------------------------------------
2022-04-04 14:40:22.215 [Debug] received epp: 4578710

--------------------------------------------------------------------------------
2022-04-04 14:50:53.497 [Debug] StatusChanged: [NetIncomingMessage #404 10 bytes] [Disconnecting]

--------------------------------------------------------------------------------
2022-04-04 14:50:53.499 [Debug] StatusChanged: [NetIncomingMessage #405 10 bytes] [Disconnected]

--------------------------------------------------------------------------------
2022-04-04 14:50:53.550 [Info] Acquiring context lock... (0ms)

--------------------------------------------------------------------------------
2022-04-04 14:50:53.550 [Info] Acquired. (0ms)

--------------------------------------------------------------------------------
2022-04-04 14:50:53.550 [Info] Beginning context dispose. (0ms)

--------------------------------------------------------------------------------
2022-04-04 14:50:53.551 [Info] GC.SuppressFinalize (0ms)

--------------------------------------------------------------------------------
2022-04-04 14:50:53.551 [Info] InternalDispose() completed. (0ms)

--------------------------------------------------------------------------------
2022-04-04 14:50:53.551 [Info] Clearing instance... (1ms)

--------------------------------------------------------------------------------
2022-04-04 14:50:53.551 [Info] Releasing context lock... (1ms)

--------------------------------------------------------------------------------
2022-04-04 14:50:53.551 [Info] Released. (1ms)

--------------------------------------------------------------------------------
