2022-04-04 01:31:03.392 [Info] Discovered 0 plugins:


--------------------------------------------------------------------------------
2022-04-04 01:31:04.428 [Info] Connecting to 38.129.153.213:5400...

--------------------------------------------------------------------------------
2022-04-04 01:31:04.827 [Info] Connection approved [00000000-0000-0000-0000-000000000000].

--------------------------------------------------------------------------------
2022-04-04 01:31:04.890 [Debug] approval Time=1223814 Offset=63784631440998 Real=63784632664812

--------------------------------------------------------------------------------
2022-04-04 01:31:04.890 [Debug] local Time=1223814 Offset=63784631441075 Real=63784632664890

--------------------------------------------------------------------------------
2022-04-04 01:31:04.891 [Debug] real delta=78

--------------------------------------------------------------------------------
2022-04-04 01:31:04.891 [Debug] this.Statistics.Ping=0 NCPing=7

--------------------------------------------------------------------------------
2022-04-04 01:31:04.892 [Debug] Connection established to remote [00000000-0000-0000-0000-000000000000/38.129.153.213:5400].

--------------------------------------------------------------------------------
2022-04-04 01:31:04.893 [Info] Connected [00000000-0000-0000-0000-000000000000].

--------------------------------------------------------------------------------
2022-04-04 01:31:52.441 [Warn] 'Me' is null.

--------------------------------------------------------------------------------
2022-04-04 01:31:52.645 [Debug] received epp: 1271378

--------------------------------------------------------------------------------
2022-04-04 01:33:00.595 [Debug] received epp: 1339564

--------------------------------------------------------------------------------
2022-04-04 01:33:01.950 [Debug] received epp: 1340894

--------------------------------------------------------------------------------
2022-04-04 01:33:02.125 [Debug] received epp: 1340894

--------------------------------------------------------------------------------
2022-04-04 01:33:08.880 [Debug] received epp: 1347846

--------------------------------------------------------------------------------
2022-04-04 01:33:09.112 [Debug] received epp: 1348081

--------------------------------------------------------------------------------
2022-04-04 01:33:09.353 [Debug] received epp: 1348330

--------------------------------------------------------------------------------
2022-04-04 01:33:09.596 [Debug] received epp: 1348581

--------------------------------------------------------------------------------
2022-04-04 01:33:10.262 [Debug] received epp: 1349236

--------------------------------------------------------------------------------
2022-04-04 01:33:10.262 [Debug] received epp: 1349236

--------------------------------------------------------------------------------
2022-04-04 01:33:10.515 [Debug] received epp: 1349503

--------------------------------------------------------------------------------
2022-04-04 01:33:12.513 [Debug] received epp: 1351488

--------------------------------------------------------------------------------
2022-04-04 01:33:13.362 [Debug] received epp: 1352331

--------------------------------------------------------------------------------
2022-04-04 01:33:13.435 [Debug] received epp: 1352331

--------------------------------------------------------------------------------
2022-04-04 01:33:44.363 [Debug] received epp: 1383346

--------------------------------------------------------------------------------
2022-04-04 01:33:44.679 [Debug] received epp: 1383644

--------------------------------------------------------------------------------
2022-04-04 01:35:02.397 [Debug] StatusChanged: [NetIncomingMessage #127 10 bytes] [Disconnecting]

--------------------------------------------------------------------------------
2022-04-04 01:35:02.400 [Debug] StatusChanged: [NetIncomingMessage #128 10 bytes] [Disconnected]

--------------------------------------------------------------------------------
2022-04-04 01:35:02.440 [Info] Acquiring context lock... (0ms)

--------------------------------------------------------------------------------
2022-04-04 01:35:02.440 [Info] Acquired. (0ms)

--------------------------------------------------------------------------------
2022-04-04 01:35:02.441 [Info] Beginning context dispose. (0ms)

--------------------------------------------------------------------------------
2022-04-04 01:35:02.441 [Info] GC.SuppressFinalize (0ms)

--------------------------------------------------------------------------------
2022-04-04 01:35:02.441 [Info] InternalDispose() completed. (0ms)

--------------------------------------------------------------------------------
2022-04-04 01:35:02.441 [Info] Clearing instance... (1ms)

--------------------------------------------------------------------------------
2022-04-04 01:35:02.441 [Info] Releasing context lock... (1ms)

--------------------------------------------------------------------------------
2022-04-04 01:35:02.441 [Info] Released. (1ms)

--------------------------------------------------------------------------------
