2022-04-28 15:28:10.435 [Info] Discovered 0 plugins:


--------------------------------------------------------------------------------
2022-04-28 15:28:11.657 [Info] Connecting to 38.129.153.213:5400...

--------------------------------------------------------------------------------
2022-04-28 15:28:12.107 [Info] Connection approved [00000000-0000-0000-0000-000000000000].

--------------------------------------------------------------------------------
2022-04-28 15:28:12.198 [Debug] approval Time=9193619 Offset=63786747298459 Real=63786756492078

--------------------------------------------------------------------------------
2022-04-28 15:28:12.198 [Debug] local Time=9193619 Offset=63786747298578 Real=63786756492197

--------------------------------------------------------------------------------
2022-04-28 15:28:12.198 [Debug] real delta=118

--------------------------------------------------------------------------------
2022-04-28 15:28:12.198 [Debug] this.Statistics.Ping=0 NCPing=6

--------------------------------------------------------------------------------
2022-04-28 15:28:12.201 [Debug] Connection established to remote [00000000-0000-0000-0000-000000000000/38.129.153.213:5400].

--------------------------------------------------------------------------------
2022-04-28 15:28:12.201 [Info] Connected [00000000-0000-0000-0000-000000000000].

--------------------------------------------------------------------------------
2022-04-28 15:28:16.382 [Warn] 'Me' is null.

--------------------------------------------------------------------------------
2022-04-28 15:28:16.678 [Debug] received epp: 9197885

--------------------------------------------------------------------------------
2022-04-28 15:41:12.588 [Debug] StatusChanged: [NetIncomingMessage #21 10 bytes] [Disconnecting]

--------------------------------------------------------------------------------
2022-04-28 15:41:12.594 [Debug] StatusChanged: [NetIncomingMessage #22 14 bytes] [Disconnected]

--------------------------------------------------------------------------------
2022-04-28 15:41:12.644 [Info] Acquiring context lock... (0ms)

--------------------------------------------------------------------------------
2022-04-28 15:41:12.644 [Info] Acquired. (0ms)

--------------------------------------------------------------------------------
2022-04-28 15:41:12.645 [Info] Beginning context dispose. (0ms)

--------------------------------------------------------------------------------
2022-04-28 15:41:12.646 [Info] GC.SuppressFinalize (0ms)

--------------------------------------------------------------------------------
2022-04-28 15:41:12.646 [Info] InternalDispose() completed. (0ms)

--------------------------------------------------------------------------------
2022-04-28 15:41:12.646 [Info] Clearing instance... (1ms)

--------------------------------------------------------------------------------
2022-04-28 15:41:12.646 [Info] Releasing context lock... (1ms)

--------------------------------------------------------------------------------
2022-04-28 15:41:12.646 [Info] Released. (1ms)

--------------------------------------------------------------------------------
