2022-04-28 15:41:58.085 [Info] Connecting to 38.129.153.213:5400...

--------------------------------------------------------------------------------
2022-04-28 15:41:58.554 [Info] Connection approved [00000000-0000-0000-0000-000000000000].

--------------------------------------------------------------------------------
2022-04-28 15:41:58.620 [Debug] approval Time=10020072 Offset=63786747298459 Real=63786757318531

--------------------------------------------------------------------------------
2022-04-28 15:41:58.620 [Debug] local Time=10020072 Offset=63786747298548 Real=63786757318620

--------------------------------------------------------------------------------
2022-04-28 15:41:58.620 [Debug] real delta=88

--------------------------------------------------------------------------------
2022-04-28 15:41:58.620 [Debug] this.Statistics.Ping=0 NCPing=7

--------------------------------------------------------------------------------
2022-04-28 15:41:58.622 [Debug] Connection established to remote [00000000-0000-0000-0000-000000000000/38.129.153.213:5400].

--------------------------------------------------------------------------------
2022-04-28 15:41:58.623 [Info] Connected [00000000-0000-0000-0000-000000000000].

--------------------------------------------------------------------------------
2022-04-28 19:42:26.116 [Debug] StatusChanged: [NetIncomingMessage #655 10 bytes] [Disconnecting]

--------------------------------------------------------------------------------
2022-04-28 19:42:26.123 [Debug] StatusChanged: [NetIncomingMessage #656 10 bytes] [Disconnected]

--------------------------------------------------------------------------------
2022-04-28 19:42:26.124 [Debug] Connection terminated to remote [00000000-0000-0000-0000-000000000000/38.129.153.213:5400].

--------------------------------------------------------------------------------
2022-04-28 19:42:26.124 [Info] Disconnected [00000000-0000-0000-0000-000000000000].

--------------------------------------------------------------------------------
