2022-04-11 01:23:30.301 [Info] Connecting to 38.129.153.213:5400...

--------------------------------------------------------------------------------
2022-04-11 01:23:30.951 [Info] Connection approved [00000000-0000-0000-0000-000000000000].

--------------------------------------------------------------------------------
2022-04-11 01:23:31.014 [Debug] approval Time=430694 Offset=63785236580198 Real=63785237010892

--------------------------------------------------------------------------------
2022-04-11 01:23:31.014 [Debug] local Time=430694 Offset=63785236580319 Real=63785237011014

--------------------------------------------------------------------------------
2022-04-11 01:23:31.014 [Debug] real delta=121

--------------------------------------------------------------------------------
2022-04-11 01:23:31.014 [Debug] this.Statistics.Ping=0 NCPing=10

--------------------------------------------------------------------------------
2022-04-11 01:23:31.016 [Debug] Connection established to remote [00000000-0000-0000-0000-000000000000/38.129.153.213:5400].

--------------------------------------------------------------------------------
2022-04-11 01:23:31.016 [Info] Connected [00000000-0000-0000-0000-000000000000].

--------------------------------------------------------------------------------
2022-04-11 01:30:24.965 [Debug] StatusChanged: [NetIncomingMessage #365 10 bytes] [Disconnecting]

--------------------------------------------------------------------------------
2022-04-11 01:30:24.978 [Debug] StatusChanged: [NetIncomingMessage #368 10 bytes] [Disconnected]

--------------------------------------------------------------------------------
2022-04-11 01:30:24.978 [Debug] Connection terminated to remote [00000000-0000-0000-0000-000000000000/38.129.153.213:5400].

--------------------------------------------------------------------------------
2022-04-11 01:30:24.978 [Info] Disconnected [00000000-0000-0000-0000-000000000000].

--------------------------------------------------------------------------------
