2022-04-03 21:54:59.252 [Info] Discovered 0 plugins:


--------------------------------------------------------------------------------
2022-04-03 21:55:00.232 [Info] Connecting to 38.129.153.213:5400...

--------------------------------------------------------------------------------
2022-04-03 21:55:00.644 [Info] Connection approved [00000000-0000-0000-0000-000000000000].

--------------------------------------------------------------------------------
2022-04-03 21:55:00.719 [Debug] approval Time=5488358 Offset=63784614212267 Real=63784619700625

--------------------------------------------------------------------------------
2022-04-03 21:55:00.719 [Debug] local Time=5488358 Offset=63784614212360 Real=63784619700719

--------------------------------------------------------------------------------
2022-04-03 21:55:00.720 [Debug] real delta=93

--------------------------------------------------------------------------------
2022-04-03 21:55:00.720 [Debug] this.Statistics.Ping=0 NCPing=6

--------------------------------------------------------------------------------
2022-04-03 21:55:00.722 [Debug] Connection established to remote [00000000-0000-0000-0000-000000000000/38.129.153.213:5400].

--------------------------------------------------------------------------------
2022-04-03 21:55:00.722 [Info] Connected [00000000-0000-0000-0000-000000000000].

--------------------------------------------------------------------------------
2022-04-03 21:55:05.701 [Warn] 'Me' is null.

--------------------------------------------------------------------------------
2022-04-03 21:55:05.927 [Debug] received epp: 5493359

--------------------------------------------------------------------------------
2022-04-03 21:55:24.739 [Debug] StatusChanged: [NetIncomingMessage #450 10 bytes] [Disconnecting]

--------------------------------------------------------------------------------
2022-04-03 21:55:24.741 [Debug] StatusChanged: [NetIncomingMessage #451 10 bytes] [Disconnected]

--------------------------------------------------------------------------------
2022-04-03 21:55:24.779 [Info] Acquiring context lock... (0ms)

--------------------------------------------------------------------------------
2022-04-03 21:55:24.779 [Info] Acquired. (0ms)

--------------------------------------------------------------------------------
2022-04-03 21:55:24.780 [Info] Beginning context dispose. (0ms)

--------------------------------------------------------------------------------
2022-04-03 21:55:24.781 [Info] GC.SuppressFinalize (0ms)

--------------------------------------------------------------------------------
2022-04-03 21:55:24.781 [Info] InternalDispose() completed. (1ms)

--------------------------------------------------------------------------------
2022-04-03 21:55:24.781 [Info] Clearing instance... (2ms)

--------------------------------------------------------------------------------
2022-04-03 21:55:24.781 [Info] Releasing context lock... (2ms)

--------------------------------------------------------------------------------
2022-04-03 21:55:24.782 [Info] Released. (2ms)

--------------------------------------------------------------------------------
