2022-04-04 18:57:49.825 [Info] Discovered 0 plugins:


--------------------------------------------------------------------------------
2022-04-04 18:57:50.857 [Info] Connecting to 38.129.153.213:5400...

--------------------------------------------------------------------------------
2022-04-04 18:57:51.266 [Info] Connection approved [00000000-0000-0000-0000-000000000000].

--------------------------------------------------------------------------------
2022-04-04 18:57:51.337 [Info] Connected [00000000-0000-0000-0000-000000000000].

--------------------------------------------------------------------------------
2022-04-04 18:59:10.445 [Warn] 'Me' is null.

--------------------------------------------------------------------------------
2022-04-04 19:06:27.954 [Info] Acquiring context lock... (0ms)

--------------------------------------------------------------------------------
2022-04-04 19:06:27.954 [Info] Acquired. (0ms)

--------------------------------------------------------------------------------
2022-04-04 19:06:27.956 [Info] Beginning context dispose. (0ms)

--------------------------------------------------------------------------------
2022-04-04 19:06:27.957 [Info] GC.SuppressFinalize (0ms)

--------------------------------------------------------------------------------
2022-04-04 19:06:27.957 [Info] InternalDispose() completed. (0ms)

--------------------------------------------------------------------------------
2022-04-04 19:06:27.957 [Info] Clearing instance... (2ms)

--------------------------------------------------------------------------------
2022-04-04 19:06:27.957 [Info] Releasing context lock... (2ms)

--------------------------------------------------------------------------------
2022-04-04 19:06:27.957 [Info] Released. (2ms)

--------------------------------------------------------------------------------
