2022-05-01 15:23:22.217 [Info] Discovered 0 plugins:


--------------------------------------------------------------------------------
2022-05-01 15:23:23.345 [Info] Connecting to 38.129.153.213:5400...

--------------------------------------------------------------------------------
2022-05-01 15:23:23.808 [Info] Connection approved [00000000-0000-0000-0000-000000000000].

--------------------------------------------------------------------------------
2022-05-01 15:23:23.895 [Debug] approval Time=7005085 Offset=63787008398697 Real=63787015403783

--------------------------------------------------------------------------------
2022-05-01 15:23:23.895 [Debug] local Time=7005085 Offset=63787008398809 Real=63787015403895

--------------------------------------------------------------------------------
2022-05-01 15:23:23.895 [Debug] real delta=112

--------------------------------------------------------------------------------
2022-05-01 15:23:23.896 [Debug] this.Statistics.Ping=0 NCPing=8

--------------------------------------------------------------------------------
2022-05-01 15:23:23.897 [Debug] Connection established to remote [00000000-0000-0000-0000-000000000000/38.129.153.213:5400].

--------------------------------------------------------------------------------
2022-05-01 15:23:23.897 [Info] Connected [00000000-0000-0000-0000-000000000000].

--------------------------------------------------------------------------------
2022-05-01 15:23:27.832 [Warn] 'Me' is null.

--------------------------------------------------------------------------------
2022-05-01 15:23:28.163 [Debug] received epp: 7009093

--------------------------------------------------------------------------------
2022-05-01 15:23:32.839 [Debug] received epp: 7014131

--------------------------------------------------------------------------------
2022-05-01 15:23:32.985 [Debug] received epp: 7014167

--------------------------------------------------------------------------------
2022-05-01 15:23:33.047 [Debug] received epp: 7014335

--------------------------------------------------------------------------------
2022-05-01 15:23:34.089 [Debug] received epp: 7015382

--------------------------------------------------------------------------------
2022-05-01 15:23:45.612 [Debug] received epp: 7026897

--------------------------------------------------------------------------------
2022-05-01 15:23:48.856 [Debug] received epp: 7030148

--------------------------------------------------------------------------------
2022-05-01 15:23:51.986 [Debug] received epp: 7033271

--------------------------------------------------------------------------------
2022-05-01 15:26:13.805 [Debug] received epp: 7175069

--------------------------------------------------------------------------------
2022-05-01 15:26:28.882 [Info] Acquiring context lock... (0ms)

--------------------------------------------------------------------------------
2022-05-01 15:26:28.883 [Info] Acquired. (0ms)

--------------------------------------------------------------------------------
2022-05-01 15:26:28.883 [Info] Beginning context dispose. (0ms)

--------------------------------------------------------------------------------
2022-05-01 15:26:28.884 [Info] GC.SuppressFinalize (0ms)

--------------------------------------------------------------------------------
2022-05-01 15:26:28.884 [Info] InternalDispose() completed. (0ms)

--------------------------------------------------------------------------------
2022-05-01 15:26:28.884 [Info] Clearing instance... (1ms)

--------------------------------------------------------------------------------
2022-05-01 15:26:28.884 [Info] Releasing context lock... (1ms)

--------------------------------------------------------------------------------
2022-05-01 15:26:28.884 [Info] Released. (1ms)

--------------------------------------------------------------------------------
2022-05-01 15:26:28.885 [Error] InvalidOperationException: GetSkin: null
    Stack:    at Intersect.Client.Framework.Gwen.Control.Base.get_Skin()
   at Intersect.Client.Framework.Gwen.Control.Base.Dispose()
   at Intersect.Client.Interface.Debugging.DebugWindow.Dispose()
   at Intersect.Client.Interface.MutableInterface.DisposeDebugWindow()
   at Intersect.Client.Interface.Interface.DestroyGwen(Boolean exiting)
   at Intersect.Client.Core.Main.DestroyGame()
   at Intersect.Client.MonoGame.IntersectGame.Update(GameTime gameTime)
   at Microsoft.Xna.Framework.Game.DoUpdate(GameTime gameTime)
   at Microsoft.Xna.Framework.Game.Tick()
   at Microsoft.Xna.Framework.SdlGamePlatform.RunLoop()
   at Microsoft.Xna.Framework.Game.Run(GameRunBehavior runBehavior)
   at Intersect.Client.MonoGame.IntersectGame.MonoGameRunner.Start(IClientContext context, Action postStartupAction)
   at Intersect.Client.Core.ClientContext.InternalStart()
   at Intersect.Core.ApplicationContext`2.Start(Boolean lockUntilShutdown)


--------------------------------------------------------------------------------
