2022-04-04 23:52:52.259 [Info] Discovered 0 plugins:


--------------------------------------------------------------------------------
2022-04-04 23:52:53.240 [Info] Connecting to 38.129.153.213:5400...

--------------------------------------------------------------------------------
2022-04-04 23:52:53.636 [Info] Connection approved [00000000-0000-0000-0000-000000000000].

--------------------------------------------------------------------------------
2022-04-04 23:52:53.702 [Debug] approval Time=1362483 Offset=63784711811125 Real=63784713173609

--------------------------------------------------------------------------------
2022-04-04 23:52:53.702 [Debug] local Time=1362483 Offset=63784711811218 Real=63784713173702

--------------------------------------------------------------------------------
2022-04-04 23:52:53.702 [Debug] real delta=92

--------------------------------------------------------------------------------
2022-04-04 23:52:53.702 [Debug] this.Statistics.Ping=0 NCPing=6

--------------------------------------------------------------------------------
2022-04-04 23:52:53.704 [Debug] Connection established to remote [00000000-0000-0000-0000-000000000000/38.129.153.213:5400].

--------------------------------------------------------------------------------
2022-04-04 23:52:53.704 [Info] Connected [00000000-0000-0000-0000-000000000000].

--------------------------------------------------------------------------------
2022-04-04 23:52:58.316 [Warn] 'Me' is null.

--------------------------------------------------------------------------------
2022-04-04 23:52:58.596 [Debug] received epp: 1367110

--------------------------------------------------------------------------------
2022-04-04 23:53:13.671 [Debug] received epp: 1382530

--------------------------------------------------------------------------------
2022-04-04 23:53:38.569 [Debug] received epp: 1407422

--------------------------------------------------------------------------------
2022-04-04 23:54:16.404 [Debug] received epp: 1445265

--------------------------------------------------------------------------------
2022-04-04 23:54:40.637 [Debug] received epp: 1469500

--------------------------------------------------------------------------------
2022-04-04 23:55:11.289 [Debug] received epp: 1500140

--------------------------------------------------------------------------------
2022-04-04 23:55:28.687 [Debug] received epp: 1517547

--------------------------------------------------------------------------------
2022-04-04 23:55:30.471 [Debug] received epp: 1519327

--------------------------------------------------------------------------------
2022-04-04 23:55:54.638 [Debug] received epp: 1543500

--------------------------------------------------------------------------------
2022-04-04 23:55:55.158 [Debug] received epp: 1544000

--------------------------------------------------------------------------------
2022-04-04 23:56:52.673 [Debug] StatusChanged: [NetIncomingMessage #860 10 bytes] [Disconnecting]

--------------------------------------------------------------------------------
2022-04-04 23:56:52.677 [Debug] StatusChanged: [NetIncomingMessage #861 14 bytes] [Disconnected]

--------------------------------------------------------------------------------
2022-04-04 23:56:52.720 [Info] Acquiring context lock... (0ms)

--------------------------------------------------------------------------------
2022-04-04 23:56:52.720 [Info] Acquired. (0ms)

--------------------------------------------------------------------------------
2022-04-04 23:56:52.721 [Info] Beginning context dispose. (0ms)

--------------------------------------------------------------------------------
2022-04-04 23:56:52.722 [Info] GC.SuppressFinalize (0ms)

--------------------------------------------------------------------------------
2022-04-04 23:56:52.722 [Info] InternalDispose() completed. (0ms)

--------------------------------------------------------------------------------
2022-04-04 23:56:52.722 [Info] Clearing instance... (1ms)

--------------------------------------------------------------------------------
2022-04-04 23:56:52.722 [Info] Releasing context lock... (1ms)

--------------------------------------------------------------------------------
2022-04-04 23:56:52.722 [Info] Released. (1ms)

--------------------------------------------------------------------------------
