2022-04-03 16:51:09.176 [Info] Discovered 0 plugins:


--------------------------------------------------------------------------------
2022-04-03 16:51:10.238 [Info] Connecting to 38.129.153.213:5400...

--------------------------------------------------------------------------------
2022-04-03 16:51:10.640 [Info] Connection approved [00000000-0000-0000-0000-000000000000].

--------------------------------------------------------------------------------
2022-04-03 16:51:10.711 [Debug] approval Time=6680635 Offset=63784594789990 Real=63784601470626

--------------------------------------------------------------------------------
2022-04-03 16:51:10.711 [Debug] local Time=6680635 Offset=63784594790075 Real=63784601470711

--------------------------------------------------------------------------------
2022-04-03 16:51:10.712 [Debug] real delta=84

--------------------------------------------------------------------------------
2022-04-03 16:51:10.712 [Debug] this.Statistics.Ping=0 NCPing=7

--------------------------------------------------------------------------------
2022-04-03 16:51:10.714 [Debug] Connection established to remote [00000000-0000-0000-0000-000000000000/38.129.153.213:5400].

--------------------------------------------------------------------------------
2022-04-03 16:51:10.714 [Info] Connected [00000000-0000-0000-0000-000000000000].

--------------------------------------------------------------------------------
2022-04-03 16:52:15.500 [Debug] StatusChanged: [NetIncomingMessage #0 10 bytes] [Disconnecting]

--------------------------------------------------------------------------------
2022-04-03 16:52:15.502 [Debug] StatusChanged: [NetIncomingMessage #0 10 bytes] [Disconnected]

--------------------------------------------------------------------------------
2022-04-03 16:52:15.534 [Info] Acquiring context lock... (0ms)

--------------------------------------------------------------------------------
2022-04-03 16:52:15.534 [Info] Acquired. (0ms)

--------------------------------------------------------------------------------
2022-04-03 16:52:15.534 [Info] Beginning context dispose. (0ms)

--------------------------------------------------------------------------------
2022-04-03 16:52:15.535 [Info] GC.SuppressFinalize (0ms)

--------------------------------------------------------------------------------
2022-04-03 16:52:15.535 [Info] InternalDispose() completed. (0ms)

--------------------------------------------------------------------------------
2022-04-03 16:52:15.535 [Info] Clearing instance... (1ms)

--------------------------------------------------------------------------------
2022-04-03 16:52:15.535 [Info] Releasing context lock... (1ms)

--------------------------------------------------------------------------------
2022-04-03 16:52:15.535 [Info] Released. (1ms)

--------------------------------------------------------------------------------
