2022-04-06 23:09:02.645 [Info] Connecting to 38.129.153.213:5400...

--------------------------------------------------------------------------------
2022-04-06 23:09:03.079 [Info] Connection approved [00000000-0000-0000-0000-000000000000].

--------------------------------------------------------------------------------
2022-04-06 23:09:03.142 [Debug] approval Time=5065559 Offset=63784878277505 Real=63784883343064

--------------------------------------------------------------------------------
2022-04-06 23:09:03.142 [Debug] local Time=5065559 Offset=63784878277583 Real=63784883343142

--------------------------------------------------------------------------------
2022-04-06 23:09:03.142 [Debug] real delta=77

--------------------------------------------------------------------------------
2022-04-06 23:09:03.143 [Debug] this.Statistics.Ping=0 NCPing=9

--------------------------------------------------------------------------------
2022-04-06 23:09:03.144 [Debug] Connection established to remote [00000000-0000-0000-0000-000000000000/38.129.153.213:5400].

--------------------------------------------------------------------------------
2022-04-06 23:09:03.144 [Info] Connected [00000000-0000-0000-0000-000000000000].

--------------------------------------------------------------------------------
2022-04-06 23:41:42.278 [Debug] StatusChanged: [NetIncomingMessage #1015 10 bytes] [Disconnecting]

--------------------------------------------------------------------------------
2022-04-06 23:41:42.288 [Debug] StatusChanged: [NetIncomingMessage #1016 10 bytes] [Disconnected]

--------------------------------------------------------------------------------
2022-04-06 23:41:42.288 [Debug] Connection terminated to remote [00000000-0000-0000-0000-000000000000/38.129.153.213:5400].

--------------------------------------------------------------------------------
2022-04-06 23:41:42.288 [Info] Disconnected [00000000-0000-0000-0000-000000000000].

--------------------------------------------------------------------------------
