2022-04-30 23:49:31.193 [Info] Discovered 0 plugins:


--------------------------------------------------------------------------------
2022-04-30 23:49:32.802 [Info] Connecting to 38.129.153.213:5400...

--------------------------------------------------------------------------------
2022-04-30 23:49:33.326 [Info] Connection approved [00000000-0000-0000-0000-000000000000].

--------------------------------------------------------------------------------
2022-04-30 23:49:33.401 [Debug] approval Time=8145595 Offset=63786951227719 Real=63786959373314

--------------------------------------------------------------------------------
2022-04-30 23:49:33.401 [Debug] local Time=8145595 Offset=63786951227806 Real=63786959373401

--------------------------------------------------------------------------------
2022-04-30 23:49:33.401 [Debug] real delta=87

--------------------------------------------------------------------------------
2022-04-30 23:49:33.401 [Debug] this.Statistics.Ping=0 NCPing=7

--------------------------------------------------------------------------------
2022-04-30 23:49:33.403 [Debug] Connection established to remote [00000000-0000-0000-0000-000000000000/38.129.153.213:5400].

--------------------------------------------------------------------------------
2022-04-30 23:49:33.403 [Info] Connected [00000000-0000-0000-0000-000000000000].

--------------------------------------------------------------------------------
2022-04-30 23:58:38.012 [Warn] 'Me' is null.

--------------------------------------------------------------------------------
2022-04-30 23:58:38.660 [Debug] received epp: 8690204

--------------------------------------------------------------------------------
2022-05-01 00:03:01.297 [Debug] received epp: 8953547

--------------------------------------------------------------------------------
2022-05-01 00:03:01.541 [Debug] received epp: 8953547

--------------------------------------------------------------------------------
2022-05-01 00:03:04.208 [Debug] received epp: 8956469

--------------------------------------------------------------------------------
2022-05-01 00:03:14.917 [Debug] received epp: 8967173

--------------------------------------------------------------------------------
2022-05-01 00:03:28.301 [Debug] received epp: 8980563

--------------------------------------------------------------------------------
2022-05-01 00:03:29.230 [Debug] received epp: 8981469

--------------------------------------------------------------------------------
2022-05-01 00:03:31.209 [Debug] received epp: 8983469

--------------------------------------------------------------------------------
2022-05-01 00:03:31.261 [Debug] received epp: 8983469

--------------------------------------------------------------------------------
2022-05-01 00:04:05.183 [Debug] received epp: 9017438

--------------------------------------------------------------------------------
2022-05-01 00:04:05.420 [Debug] received epp: 9017454

--------------------------------------------------------------------------------
2022-05-01 00:06:21.597 [Debug] received epp: 9153844

--------------------------------------------------------------------------------
2022-05-01 00:09:28.486 [Debug] received epp: 9340750

--------------------------------------------------------------------------------
2022-05-01 00:09:34.778 [Debug] received epp: 9347017

--------------------------------------------------------------------------------
2022-05-01 00:09:35.514 [Debug] received epp: 9347783

--------------------------------------------------------------------------------
2022-05-01 00:09:35.639 [Debug] received epp: 9347906

--------------------------------------------------------------------------------
2022-05-01 00:09:35.903 [Debug] received epp: 9348172

--------------------------------------------------------------------------------
2022-05-01 00:09:36.397 [Debug] received epp: 9348658

--------------------------------------------------------------------------------
2022-05-01 00:09:36.847 [Debug] received epp: 9349109

--------------------------------------------------------------------------------
2022-05-01 00:23:19.747 [Debug] received epp: 10172001

--------------------------------------------------------------------------------
2022-05-01 00:23:20.025 [Debug] received epp: 10172281

--------------------------------------------------------------------------------
2022-05-01 00:23:20.706 [Debug] received epp: 10172953

--------------------------------------------------------------------------------
2022-05-01 00:23:21.999 [Debug] received epp: 10174250

--------------------------------------------------------------------------------
2022-05-01 00:23:23.004 [Debug] received epp: 10175267

--------------------------------------------------------------------------------
2022-05-01 00:23:23.812 [Debug] received epp: 10176047

--------------------------------------------------------------------------------
2022-05-01 00:23:25.373 [Debug] received epp: 10177642

--------------------------------------------------------------------------------
2022-05-01 00:23:30.671 [Warn] 'Me' is null.

--------------------------------------------------------------------------------
2022-05-01 00:23:30.814 [Debug] received epp: 10182939

--------------------------------------------------------------------------------
2022-05-01 00:24:59.872 [Debug] received epp: 10272126

--------------------------------------------------------------------------------
2022-05-01 00:25:00.220 [Debug] received epp: 10272484

--------------------------------------------------------------------------------
2022-05-01 00:25:00.930 [Debug] received epp: 10273173

--------------------------------------------------------------------------------
2022-05-01 00:25:26.617 [Debug] received epp: 10298860

--------------------------------------------------------------------------------
2022-05-01 00:40:11.467 [Info] Acquiring context lock... (0ms)

--------------------------------------------------------------------------------
2022-05-01 00:40:11.467 [Info] Acquired. (0ms)

--------------------------------------------------------------------------------
2022-05-01 00:40:11.468 [Info] Beginning context dispose. (0ms)

--------------------------------------------------------------------------------
2022-05-01 00:40:11.468 [Info] GC.SuppressFinalize (0ms)

--------------------------------------------------------------------------------
2022-05-01 00:40:11.468 [Info] InternalDispose() completed. (0ms)

--------------------------------------------------------------------------------
2022-05-01 00:40:11.468 [Info] Clearing instance... (1ms)

--------------------------------------------------------------------------------
2022-05-01 00:40:11.468 [Info] Releasing context lock... (1ms)

--------------------------------------------------------------------------------
2022-05-01 00:40:11.468 [Info] Released. (1ms)

--------------------------------------------------------------------------------
2022-05-01 00:40:11.469 [Error] InvalidOperationException: GetSkin: null
    Stack:    at Intersect.Client.Framework.Gwen.Control.Base.get_Skin()
   at Intersect.Client.Framework.Gwen.Control.Base.Dispose()
   at Intersect.Client.Interface.Debugging.DebugWindow.Dispose()
   at Intersect.Client.Interface.MutableInterface.DisposeDebugWindow()
   at Intersect.Client.Interface.Interface.DestroyGwen(Boolean exiting)
   at Intersect.Client.Core.Main.DestroyGame()
   at Intersect.Client.MonoGame.IntersectGame.Update(GameTime gameTime)
   at Microsoft.Xna.Framework.Game.DoUpdate(GameTime gameTime)
   at Microsoft.Xna.Framework.Game.Tick()
   at Microsoft.Xna.Framework.SdlGamePlatform.RunLoop()
   at Microsoft.Xna.Framework.Game.Run(GameRunBehavior runBehavior)
   at Intersect.Client.MonoGame.IntersectGame.MonoGameRunner.Start(IClientContext context, Action postStartupAction)
   at Intersect.Client.Core.ClientContext.InternalStart()
   at Intersect.Core.ApplicationContext`2.Start(Boolean lockUntilShutdown)


--------------------------------------------------------------------------------
