2022-04-03 17:34:56.880 [Info] Discovered 0 plugins:


--------------------------------------------------------------------------------
2022-04-03 17:34:57.828 [Info] Connecting to 38.129.153.213:5400...

--------------------------------------------------------------------------------
2022-04-03 17:34:58.258 [Info] Connection approved [00000000-0000-0000-0000-000000000000].

--------------------------------------------------------------------------------
2022-04-03 17:34:58.326 [Debug] approval Time=9308244 Offset=63784594789990 Real=63784604098235

--------------------------------------------------------------------------------
2022-04-03 17:34:58.326 [Debug] local Time=9308244 Offset=63784594790080 Real=63784604098325

--------------------------------------------------------------------------------
2022-04-03 17:34:58.326 [Debug] real delta=89

--------------------------------------------------------------------------------
2022-04-03 17:34:58.326 [Debug] this.Statistics.Ping=0 NCPing=7

--------------------------------------------------------------------------------
2022-04-03 17:34:58.328 [Debug] Connection established to remote [00000000-0000-0000-0000-000000000000/38.129.153.213:5400].

--------------------------------------------------------------------------------
2022-04-03 17:34:58.328 [Info] Connected [00000000-0000-0000-0000-000000000000].

--------------------------------------------------------------------------------
2022-04-03 17:36:07.377 [Debug] StatusChanged: [NetIncomingMessage #0 10 bytes] [Disconnecting]

--------------------------------------------------------------------------------
2022-04-03 17:36:07.380 [Debug] StatusChanged: [NetIncomingMessage #0 10 bytes] [Disconnected]

--------------------------------------------------------------------------------
2022-04-03 17:36:07.416 [Info] Acquiring context lock... (0ms)

--------------------------------------------------------------------------------
2022-04-03 17:36:07.416 [Info] Acquired. (0ms)

--------------------------------------------------------------------------------
2022-04-03 17:36:07.417 [Info] Beginning context dispose. (0ms)

--------------------------------------------------------------------------------
2022-04-03 17:36:07.418 [Info] GC.SuppressFinalize (0ms)

--------------------------------------------------------------------------------
2022-04-03 17:36:07.418 [Info] InternalDispose() completed. (0ms)

--------------------------------------------------------------------------------
2022-04-03 17:36:07.418 [Info] Clearing instance... (1ms)

--------------------------------------------------------------------------------
2022-04-03 17:36:07.418 [Info] Releasing context lock... (1ms)

--------------------------------------------------------------------------------
2022-04-03 17:36:07.418 [Info] Released. (1ms)

--------------------------------------------------------------------------------
