2022-04-30 21:54:27.821 [Info] Discovered 0 plugins:


--------------------------------------------------------------------------------
2022-04-30 21:54:29.151 [Info] Connecting to 38.129.153.213:5400...

--------------------------------------------------------------------------------
2022-04-30 21:54:29.590 [Info] Connection approved [00000000-0000-0000-0000-000000000000].

--------------------------------------------------------------------------------
2022-04-30 21:54:29.662 [Debug] approval Time=1241845 Offset=63786951227719 Real=63786952469564

--------------------------------------------------------------------------------
2022-04-30 21:54:29.663 [Debug] local Time=1241845 Offset=63786951227816 Real=63786952469662

--------------------------------------------------------------------------------
2022-04-30 21:54:29.663 [Debug] real delta=97

--------------------------------------------------------------------------------
2022-04-30 21:54:29.663 [Debug] this.Statistics.Ping=0 NCPing=7

--------------------------------------------------------------------------------
2022-04-30 21:54:29.665 [Debug] Connection established to remote [00000000-0000-0000-0000-000000000000/38.129.153.213:5400].

--------------------------------------------------------------------------------
2022-04-30 21:54:29.666 [Info] Connected [00000000-0000-0000-0000-000000000000].

--------------------------------------------------------------------------------
2022-04-30 21:54:34.239 [Warn] 'Me' is null.

--------------------------------------------------------------------------------
2022-04-30 21:54:34.375 [Error] Received unhandled exception from System.Threading.Tasks.ContinuationTaskFromTask.

--------------------------------------------------------------------------------
2022-04-30 21:54:34.400 [Error] AggregateException: A Task's exception(s) were not observed either by Waiting on the Task or accessing its Exception property. As a result, the unobserved exception was rethrown by the finalizer thread.

Caused By
ArgumentOutOfRangeException: Index was out of range. Must be non-negative and less than the size of the collection.
Parameter name: index
    Stack:    at System.ThrowHelper.ThrowArgumentOutOfRangeException(ExceptionArgument argument, ExceptionResource resource)
   at System.Collections.Generic.List`1.RemoveAt(Int32 index)
   at System.Collections.Generic.List`1.Remove(T item)
   at Intersect.Client.Framework.Content.ContentWatcher.<>c__DisplayClass12_0.<Modify>b__0(Task completedTask)
   at System.Threading.Tasks.Task.Execute()


--------------------------------------------------------------------------------
2022-04-30 21:54:34.404 [Error] Caused by:

--------------------------------------------------------------------------------
2022-04-30 21:54:34.404 [Error] ArgumentOutOfRangeException: Index was out of range. Must be non-negative and less than the size of the collection.
Parameter name: index
    Stack:    at System.ThrowHelper.ThrowArgumentOutOfRangeException(ExceptionArgument argument, ExceptionResource resource)
   at System.Collections.Generic.List`1.RemoveAt(Int32 index)
   at System.Collections.Generic.List`1.Remove(T item)
   at Intersect.Client.Framework.Content.ContentWatcher.<>c__DisplayClass12_0.<Modify>b__0(Task completedTask)
   at System.Threading.Tasks.Task.Execute()


--------------------------------------------------------------------------------
2022-04-30 21:54:34.406 [Info] Acquiring context lock... (0ms)

--------------------------------------------------------------------------------
2022-04-30 21:54:34.406 [Info] Acquired. (0ms)

--------------------------------------------------------------------------------
2022-04-30 21:54:34.407 [Info] Beginning context dispose. (0ms)

--------------------------------------------------------------------------------
2022-04-30 21:54:34.407 [Info] GC.SuppressFinalize (0ms)

--------------------------------------------------------------------------------
2022-04-30 21:54:34.407 [Info] InternalDispose() completed. (0ms)

--------------------------------------------------------------------------------
2022-04-30 21:54:34.407 [Info] Clearing instance... (1ms)

--------------------------------------------------------------------------------
2022-04-30 21:54:34.407 [Info] Releasing context lock... (1ms)

--------------------------------------------------------------------------------
2022-04-30 21:54:34.407 [Info] Released. (1ms)

--------------------------------------------------------------------------------
2022-04-30 21:54:34.802 [Debug] received epp: 1246632

--------------------------------------------------------------------------------
2022-04-30 21:54:40.690 [Debug] received epp: 1252953

--------------------------------------------------------------------------------
2022-04-30 21:54:41.847 [Debug] received epp: 1254109

--------------------------------------------------------------------------------
2022-04-30 21:54:44.162 [Debug] received epp: 1256421

--------------------------------------------------------------------------------
2022-04-30 21:54:44.843 [Debug] received epp: 1257110

--------------------------------------------------------------------------------
2022-04-30 21:54:45.106 [Debug] received epp: 1257375

--------------------------------------------------------------------------------
2022-04-30 21:54:46.461 [Debug] received epp: 1258719

--------------------------------------------------------------------------------
2022-04-30 21:54:46.691 [Debug] received epp: 1258953

--------------------------------------------------------------------------------
2022-04-30 21:54:51.421 [Debug] received epp: 1263672

--------------------------------------------------------------------------------
2022-04-30 21:54:53.273 [Debug] received epp: 1265533

--------------------------------------------------------------------------------
2022-04-30 21:54:53.558 [Debug] received epp: 1265814

--------------------------------------------------------------------------------
2022-04-30 21:54:53.571 [Debug] received epp: 1265828

--------------------------------------------------------------------------------
2022-04-30 21:54:57.182 [Debug] received epp: 1269438

--------------------------------------------------------------------------------
2022-04-30 21:54:57.246 [Debug] received epp: 1269438

--------------------------------------------------------------------------------
2022-04-30 22:27:02.473 [Debug] received epp: 3194687

--------------------------------------------------------------------------------
2022-04-30 22:28:06.907 [Debug] received epp: 3259172

--------------------------------------------------------------------------------
2022-04-30 22:28:07.235 [Debug] received epp: 3259172

--------------------------------------------------------------------------------
2022-04-30 22:28:11.623 [Debug] received epp: 3263875

--------------------------------------------------------------------------------
2022-04-30 22:28:11.700 [Debug] received epp: 3263875

--------------------------------------------------------------------------------
2022-04-30 22:28:11.758 [Debug] received epp: 3264016

--------------------------------------------------------------------------------
2022-04-30 22:28:48.982 [Debug] received epp: 3301220

--------------------------------------------------------------------------------
2022-04-30 22:31:31.617 [Debug] received epp: 3463875

--------------------------------------------------------------------------------
2022-04-30 22:37:18.697 [Debug] received epp: 3810954

--------------------------------------------------------------------------------
2022-04-30 22:39:13.946 [Debug] received epp: 3926173

--------------------------------------------------------------------------------
2022-04-30 22:41:34.869 [Debug] received epp: 4067125

--------------------------------------------------------------------------------
2022-04-30 23:01:36.735 [Debug] received epp: 5269000

--------------------------------------------------------------------------------
2022-04-30 23:04:02.186 [Debug] StatusChanged: [NetIncomingMessage #750 10 bytes] [Disconnecting]

--------------------------------------------------------------------------------
2022-04-30 23:04:02.187 [Debug] StatusChanged: [NetIncomingMessage #0 10 bytes] [Disconnected]

--------------------------------------------------------------------------------
2022-04-30 23:04:02.188 [Debug] Connection terminated to remote [00000000-0000-0000-0000-000000000000/38.129.153.213:5400].

--------------------------------------------------------------------------------
2022-04-30 23:04:02.188 [Info] Disconnected [00000000-0000-0000-0000-000000000000].

--------------------------------------------------------------------------------
2022-04-30 23:04:02.188 [Info] Connecting to 38.129.153.213:5400...

--------------------------------------------------------------------------------
