2022-04-03 19:53:45.040 [Info] Discovered 0 plugins:


--------------------------------------------------------------------------------
2022-04-03 19:53:46.046 [Info] Connecting to 38.129.153.213:5400...

--------------------------------------------------------------------------------
2022-04-03 19:54:01.453 [Debug] StatusChanged: [NetIncomingMessage #0 63 bytes] [Disconnected]

--------------------------------------------------------------------------------
2022-04-03 19:54:01.454 [Debug] Unknown client disconnected (00-00-00-00-00-00-00-00).

--------------------------------------------------------------------------------
2022-04-03 19:54:01.455 [Info] Disconnected [00000000-0000-0000-0000-000000000000].

--------------------------------------------------------------------------------
2022-04-03 19:54:01.457 [Info] Connecting to 38.129.153.213:5400...

--------------------------------------------------------------------------------
2022-04-03 19:54:01.895 [Info] Connection approved [00000000-0000-0000-0000-000000000000].

--------------------------------------------------------------------------------
2022-04-03 19:54:01.956 [Debug] approval Time=1111 Offset=63784612440734 Real=63784612441845

--------------------------------------------------------------------------------
2022-04-03 19:54:01.956 [Debug] local Time=1111 Offset=63784612440845 Real=63784612441956

--------------------------------------------------------------------------------
2022-04-03 19:54:01.956 [Debug] real delta=111

--------------------------------------------------------------------------------
2022-04-03 19:54:01.956 [Debug] this.Statistics.Ping=0 NCPing=7

--------------------------------------------------------------------------------
2022-04-03 19:54:01.958 [Debug] Connection established to remote [00000000-0000-0000-0000-000000000000/38.129.153.213:5400].

--------------------------------------------------------------------------------
2022-04-03 19:54:01.958 [Info] Connected [00000000-0000-0000-0000-000000000000].

--------------------------------------------------------------------------------
2022-04-03 19:56:23.448 [Debug] StatusChanged: [NetIncomingMessage #0 10 bytes] [Disconnecting]

--------------------------------------------------------------------------------
2022-04-03 19:56:23.449 [Debug] StatusChanged: [NetIncomingMessage #0 10 bytes] [Disconnected]

--------------------------------------------------------------------------------
2022-04-03 19:56:23.449 [Debug] Connection terminated to remote [00000000-0000-0000-0000-000000000000/38.129.153.213:5400].

--------------------------------------------------------------------------------
2022-04-03 19:56:23.449 [Info] Disconnected [00000000-0000-0000-0000-000000000000].

--------------------------------------------------------------------------------
2022-04-03 19:56:23.449 [Info] Connecting to 38.129.153.213:5400...

--------------------------------------------------------------------------------
2022-04-03 19:56:23.493 [Info] Acquiring context lock... (0ms)

--------------------------------------------------------------------------------
2022-04-03 19:56:23.493 [Info] Acquired. (0ms)

--------------------------------------------------------------------------------
2022-04-03 19:56:23.494 [Info] Beginning context dispose. (0ms)

--------------------------------------------------------------------------------
2022-04-03 19:56:23.494 [Info] GC.SuppressFinalize (0ms)

--------------------------------------------------------------------------------
2022-04-03 19:56:23.494 [Info] InternalDispose() completed. (0ms)

--------------------------------------------------------------------------------
2022-04-03 19:56:23.494 [Info] Clearing instance... (1ms)

--------------------------------------------------------------------------------
2022-04-03 19:56:23.494 [Info] Releasing context lock... (1ms)

--------------------------------------------------------------------------------
2022-04-03 19:56:23.494 [Info] Released. (1ms)

--------------------------------------------------------------------------------
