2022-04-03 18:46:55.135 [Info] Discovered 0 plugins:


--------------------------------------------------------------------------------
2022-04-03 18:46:56.422 [Info] Connecting to 38.129.153.213:5400...

--------------------------------------------------------------------------------
2022-04-03 18:46:56.840 [Info] Connection approved [00000000-0000-0000-0000-000000000000].

--------------------------------------------------------------------------------
2022-04-03 18:46:56.918 [Debug] approval Time=13626837 Offset=63784594789990 Real=63784608416828

--------------------------------------------------------------------------------
2022-04-03 18:46:56.919 [Debug] local Time=13626837 Offset=63784594790080 Real=63784608416918

--------------------------------------------------------------------------------
2022-04-03 18:46:56.919 [Debug] real delta=89

--------------------------------------------------------------------------------
2022-04-03 18:46:56.919 [Debug] this.Statistics.Ping=0 NCPing=8

--------------------------------------------------------------------------------
2022-04-03 18:46:56.921 [Debug] Connection established to remote [00000000-0000-0000-0000-000000000000/38.129.153.213:5400].

--------------------------------------------------------------------------------
2022-04-03 18:46:56.921 [Info] Connected [00000000-0000-0000-0000-000000000000].

--------------------------------------------------------------------------------
2022-04-03 18:47:00.584 [Warn] 'Me' is null.

--------------------------------------------------------------------------------
2022-04-03 18:47:00.866 [Debug] received epp: 13630525

--------------------------------------------------------------------------------
2022-04-03 18:48:26.281 [Debug] StatusChanged: [NetIncomingMessage #193 10 bytes] [Disconnecting]

--------------------------------------------------------------------------------
2022-04-03 18:48:26.283 [Debug] StatusChanged: [NetIncomingMessage #453 10 bytes] [Disconnected]

--------------------------------------------------------------------------------
2022-04-03 18:48:26.334 [Info] Acquiring context lock... (0ms)

--------------------------------------------------------------------------------
2022-04-03 18:48:26.334 [Info] Acquired. (0ms)

--------------------------------------------------------------------------------
2022-04-03 18:48:26.334 [Info] Beginning context dispose. (0ms)

--------------------------------------------------------------------------------
2022-04-03 18:48:26.335 [Info] GC.SuppressFinalize (0ms)

--------------------------------------------------------------------------------
2022-04-03 18:48:26.335 [Info] InternalDispose() completed. (0ms)

--------------------------------------------------------------------------------
2022-04-03 18:48:26.335 [Info] Clearing instance... (1ms)

--------------------------------------------------------------------------------
2022-04-03 18:48:26.335 [Info] Releasing context lock... (1ms)

--------------------------------------------------------------------------------
2022-04-03 18:48:26.335 [Info] Released. (1ms)

--------------------------------------------------------------------------------
