2022-04-05 00:16:41.587 [Info] Connecting to 38.129.153.213:5400...

--------------------------------------------------------------------------------
2022-04-05 00:16:42.009 [Info] Connection approved [00000000-0000-0000-0000-000000000000].

--------------------------------------------------------------------------------
2022-04-05 00:16:42.069 [Debug] approval Time=2790860 Offset=63784711811125 Real=63784714601986

--------------------------------------------------------------------------------
2022-04-05 00:16:42.070 [Debug] local Time=2790860 Offset=63784711811208 Real=63784714602069

--------------------------------------------------------------------------------
2022-04-05 00:16:42.070 [Debug] real delta=82

--------------------------------------------------------------------------------
2022-04-05 00:16:42.070 [Debug] this.Statistics.Ping=0 NCPing=7

--------------------------------------------------------------------------------
2022-04-05 00:16:42.071 [Debug] Connection established to remote [00000000-0000-0000-0000-000000000000/38.129.153.213:5400].

--------------------------------------------------------------------------------
2022-04-05 00:16:42.072 [Info] Connected [00000000-0000-0000-0000-000000000000].

--------------------------------------------------------------------------------
2022-04-05 00:21:40.522 [Debug] StatusChanged: [NetIncomingMessage #165 10 bytes] [Disconnecting]

--------------------------------------------------------------------------------
2022-04-05 00:21:40.528 [Debug] StatusChanged: [NetIncomingMessage #203 10 bytes] [Disconnected]

--------------------------------------------------------------------------------
2022-04-05 00:21:40.528 [Debug] Connection terminated to remote [00000000-0000-0000-0000-000000000000/38.129.153.213:5400].

--------------------------------------------------------------------------------
2022-04-05 00:21:40.528 [Info] Disconnected [00000000-0000-0000-0000-000000000000].

--------------------------------------------------------------------------------
