2022-04-04 13:50:09.008 [Info] Discovered 0 plugins:


--------------------------------------------------------------------------------
2022-04-04 13:50:10.066 [Info] Connecting to 38.129.153.213:5400...

--------------------------------------------------------------------------------
2022-04-04 13:50:10.493 [Info] Connection approved [00000000-0000-0000-0000-000000000000].

--------------------------------------------------------------------------------
2022-04-04 13:50:10.557 [Debug] approval Time=1567179 Offset=63784675443290 Real=63784677010469

--------------------------------------------------------------------------------
2022-04-04 13:50:10.558 [Debug] local Time=1567179 Offset=63784675443378 Real=63784677010557

--------------------------------------------------------------------------------
2022-04-04 13:50:10.558 [Debug] real delta=88

--------------------------------------------------------------------------------
2022-04-04 13:50:10.558 [Debug] this.Statistics.Ping=0 NCPing=7

--------------------------------------------------------------------------------
2022-04-04 13:50:10.563 [Debug] Connection established to remote [00000000-0000-0000-0000-000000000000/38.129.153.213:5400].

--------------------------------------------------------------------------------
2022-04-04 13:50:10.563 [Info] Connected [00000000-0000-0000-0000-000000000000].

--------------------------------------------------------------------------------
2022-04-04 13:50:17.238 [Warn] 'Me' is null.

--------------------------------------------------------------------------------
2022-04-04 13:50:17.455 [Debug] received epp: 1573882

--------------------------------------------------------------------------------
2022-04-04 13:53:06.828 [Debug] received epp: 1743507

--------------------------------------------------------------------------------
2022-04-04 13:53:06.828 [Debug] received epp: 1743523

--------------------------------------------------------------------------------
2022-04-04 13:53:07.077 [Debug] received epp: 1743772

--------------------------------------------------------------------------------
2022-04-04 13:55:12.062 [Debug] StatusChanged: [NetIncomingMessage #731 10 bytes] [Disconnecting]

--------------------------------------------------------------------------------
2022-04-04 13:55:12.064 [Debug] StatusChanged: [NetIncomingMessage #732 10 bytes] [Disconnected]

--------------------------------------------------------------------------------
2022-04-04 13:55:12.102 [Info] Acquiring context lock... (0ms)

--------------------------------------------------------------------------------
2022-04-04 13:55:12.102 [Info] Acquired. (0ms)

--------------------------------------------------------------------------------
2022-04-04 13:55:12.102 [Info] Beginning context dispose. (0ms)

--------------------------------------------------------------------------------
2022-04-04 13:55:12.103 [Info] GC.SuppressFinalize (0ms)

--------------------------------------------------------------------------------
2022-04-04 13:55:12.103 [Info] InternalDispose() completed. (0ms)

--------------------------------------------------------------------------------
2022-04-04 13:55:12.103 [Info] Clearing instance... (1ms)

--------------------------------------------------------------------------------
2022-04-04 13:55:12.103 [Info] Releasing context lock... (1ms)

--------------------------------------------------------------------------------
2022-04-04 13:55:12.103 [Info] Released. (1ms)

--------------------------------------------------------------------------------
