2022-04-04 03:18:53.649 [Info] Discovered 0 plugins:


--------------------------------------------------------------------------------
2022-04-04 03:18:54.946 [Info] Connecting to 38.129.153.213:5400...

--------------------------------------------------------------------------------
2022-04-04 03:18:55.660 [Info] Connection approved [00000000-0000-0000-0000-000000000000].

--------------------------------------------------------------------------------
2022-04-04 03:18:55.730 [Debug] approval Time=13763 Offset=63784639121846 Real=63784639135609

--------------------------------------------------------------------------------
2022-04-04 03:18:55.730 [Debug] local Time=13763 Offset=63784639121967 Real=63784639135730

--------------------------------------------------------------------------------
2022-04-04 03:18:55.730 [Debug] real delta=120

--------------------------------------------------------------------------------
2022-04-04 03:18:55.730 [Debug] this.Statistics.Ping=0 NCPing=8

--------------------------------------------------------------------------------
2022-04-04 03:18:55.732 [Debug] Connection established to remote [00000000-0000-0000-0000-000000000000/38.129.153.213:5400].

--------------------------------------------------------------------------------
2022-04-04 03:18:55.733 [Info] Connected [00000000-0000-0000-0000-000000000000].

--------------------------------------------------------------------------------
2022-04-04 03:19:04.495 [Warn] 'Me' is null.

--------------------------------------------------------------------------------
2022-04-04 03:19:04.806 [Debug] received epp: 22764

--------------------------------------------------------------------------------
2022-04-04 03:23:41.164 [Debug] received epp: 299278

--------------------------------------------------------------------------------
2022-04-04 03:23:41.351 [Debug] received epp: 299467

--------------------------------------------------------------------------------
2022-04-04 03:23:41.582 [Debug] received epp: 299717

--------------------------------------------------------------------------------
2022-04-04 03:23:42.649 [Debug] received epp: 300794

--------------------------------------------------------------------------------
2022-04-04 03:23:42.931 [Debug] received epp: 301045

--------------------------------------------------------------------------------
2022-04-04 03:23:44.899 [Debug] received epp: 303014

--------------------------------------------------------------------------------
2022-04-04 03:23:46.332 [Debug] received epp: 304451

--------------------------------------------------------------------------------
2022-04-04 03:23:47.383 [Debug] received epp: 305513

--------------------------------------------------------------------------------
2022-04-04 03:23:48.318 [Debug] received epp: 306435

--------------------------------------------------------------------------------
2022-04-04 03:23:49.048 [Debug] received epp: 307186

--------------------------------------------------------------------------------
2022-04-04 03:23:49.682 [Debug] received epp: 307810

--------------------------------------------------------------------------------
2022-04-04 03:23:50.319 [Debug] received epp: 308434

--------------------------------------------------------------------------------
2022-04-04 03:23:50.982 [Debug] received epp: 309122

--------------------------------------------------------------------------------
2022-04-04 03:23:51.798 [Debug] received epp: 309934

--------------------------------------------------------------------------------
2022-04-04 03:23:52.364 [Debug] received epp: 310498

--------------------------------------------------------------------------------
2022-04-04 03:23:52.949 [Debug] received epp: 311091

--------------------------------------------------------------------------------
2022-04-04 03:23:53.198 [Debug] received epp: 311326

--------------------------------------------------------------------------------
2022-04-04 03:23:53.448 [Debug] received epp: 311591

--------------------------------------------------------------------------------
2022-04-04 03:24:51.472 [Debug] received epp: 369576

--------------------------------------------------------------------------------
2022-04-04 03:25:05.399 [Debug] received epp: 383528

--------------------------------------------------------------------------------
2022-04-04 03:25:43.215 [Debug] StatusChanged: [NetIncomingMessage #423 10 bytes] [Disconnecting]

--------------------------------------------------------------------------------
2022-04-04 03:25:43.217 [Debug] StatusChanged: [NetIncomingMessage #424 10 bytes] [Disconnected]

--------------------------------------------------------------------------------
2022-04-04 03:25:43.264 [Info] Acquiring context lock... (0ms)

--------------------------------------------------------------------------------
2022-04-04 03:25:43.265 [Info] Acquired. (0ms)

--------------------------------------------------------------------------------
2022-04-04 03:25:43.266 [Info] Beginning context dispose. (0ms)

--------------------------------------------------------------------------------
2022-04-04 03:25:43.266 [Info] GC.SuppressFinalize (0ms)

--------------------------------------------------------------------------------
2022-04-04 03:25:43.266 [Info] InternalDispose() completed. (0ms)

--------------------------------------------------------------------------------
2022-04-04 03:25:43.266 [Info] Clearing instance... (2ms)

--------------------------------------------------------------------------------
2022-04-04 03:25:43.267 [Info] Releasing context lock... (2ms)

--------------------------------------------------------------------------------
2022-04-04 03:25:43.267 [Info] Released. (2ms)

--------------------------------------------------------------------------------
