2022-04-30 00:12:23.112 [Info] Connecting to 38.129.153.213:5400...

--------------------------------------------------------------------------------
2022-04-30 00:12:23.761 [Info] Connection approved [00000000-0000-0000-0000-000000000000].

--------------------------------------------------------------------------------
2022-04-30 00:12:23.822 [Debug] approval Time=12072 Offset=63786874331631 Real=63786874343704

--------------------------------------------------------------------------------
2022-04-30 00:12:23.822 [Debug] local Time=12072 Offset=63786874331749 Real=63786874343822

--------------------------------------------------------------------------------
2022-04-30 00:12:23.822 [Debug] real delta=117

--------------------------------------------------------------------------------
2022-04-30 00:12:23.823 [Debug] this.Statistics.Ping=0 NCPing=9

--------------------------------------------------------------------------------
2022-04-30 00:12:23.824 [Debug] Connection established to remote [00000000-0000-0000-0000-000000000000/38.129.153.213:5400].

--------------------------------------------------------------------------------
2022-04-30 00:12:23.824 [Info] Connected [00000000-0000-0000-0000-000000000000].

--------------------------------------------------------------------------------
2022-04-30 00:29:25.519 [Debug] StatusChanged: [NetIncomingMessage #0 10 bytes] [Disconnecting]

--------------------------------------------------------------------------------
2022-04-30 00:29:25.539 [Debug] StatusChanged: [NetIncomingMessage #0 10 bytes] [Disconnected]

--------------------------------------------------------------------------------
2022-04-30 00:29:25.541 [Debug] Connection terminated to remote [00000000-0000-0000-0000-000000000000/38.129.153.213:5400].

--------------------------------------------------------------------------------
2022-04-30 00:29:25.542 [Info] Disconnected [00000000-0000-0000-0000-000000000000].

--------------------------------------------------------------------------------
