2022-04-05 00:12:00.788 [Info] Discovered 0 plugins:


--------------------------------------------------------------------------------
2022-04-05 00:12:01.776 [Info] Connecting to 38.129.153.213:5400...

--------------------------------------------------------------------------------
2022-04-05 00:12:02.224 [Info] Connection approved [00000000-0000-0000-0000-000000000000].

--------------------------------------------------------------------------------
2022-04-05 00:12:02.297 [Debug] approval Time=2511079 Offset=63784711811125 Real=63784714322204

--------------------------------------------------------------------------------
2022-04-05 00:12:02.298 [Debug] local Time=2511079 Offset=63784711811218 Real=63784714322297

--------------------------------------------------------------------------------
2022-04-05 00:12:02.298 [Debug] real delta=92

--------------------------------------------------------------------------------
2022-04-05 00:12:02.298 [Debug] this.Statistics.Ping=0 NCPing=5

--------------------------------------------------------------------------------
2022-04-05 00:12:02.300 [Debug] Connection established to remote [00000000-0000-0000-0000-000000000000/38.129.153.213:5400].

--------------------------------------------------------------------------------
2022-04-05 00:12:02.301 [Info] Connected [00000000-0000-0000-0000-000000000000].

--------------------------------------------------------------------------------
2022-04-05 00:12:08.108 [Warn] 'Me' is null.

--------------------------------------------------------------------------------
2022-04-05 00:12:08.377 [Debug] received epp: 2516921

--------------------------------------------------------------------------------
2022-04-05 00:12:21.094 [Debug] received epp: 2529953

--------------------------------------------------------------------------------
2022-04-05 00:12:22.363 [Debug] received epp: 2531204

--------------------------------------------------------------------------------
2022-04-05 00:12:22.367 [Debug] received epp: 2531219

--------------------------------------------------------------------------------
2022-04-05 00:12:23.761 [Debug] received epp: 2532609

--------------------------------------------------------------------------------
2022-04-05 00:12:28.144 [Debug] received epp: 2537000

--------------------------------------------------------------------------------
2022-04-05 00:12:28.197 [Debug] received epp: 2537000

--------------------------------------------------------------------------------
2022-04-05 00:12:37.130 [Debug] received epp: 2545968

--------------------------------------------------------------------------------
2022-04-05 00:12:37.313 [Debug] received epp: 2545968

--------------------------------------------------------------------------------
2022-04-05 00:12:41.227 [Debug] received epp: 2550093

--------------------------------------------------------------------------------
2022-04-05 00:13:54.628 [Debug] received epp: 2623469

--------------------------------------------------------------------------------
2022-04-05 00:13:54.628 [Debug] received epp: 2623485

--------------------------------------------------------------------------------
2022-04-05 00:14:30.095 [Debug] received epp: 2658952

--------------------------------------------------------------------------------
2022-04-05 00:14:30.978 [Debug] received epp: 2659812

--------------------------------------------------------------------------------
2022-04-05 00:14:32.062 [Debug] received epp: 2660906

--------------------------------------------------------------------------------
2022-04-05 00:15:20.845 [Debug] received epp: 2709703

--------------------------------------------------------------------------------
2022-04-05 00:15:21.179 [Debug] received epp: 2710032

--------------------------------------------------------------------------------
2022-04-05 00:15:21.494 [Debug] received epp: 2710343

--------------------------------------------------------------------------------
2022-04-05 00:15:21.798 [Debug] received epp: 2710656

--------------------------------------------------------------------------------
2022-04-05 00:15:22.062 [Debug] received epp: 2710906

--------------------------------------------------------------------------------
2022-04-05 00:15:22.311 [Debug] received epp: 2711172

--------------------------------------------------------------------------------
2022-04-05 00:18:36.331 [Debug] received epp: 2905187

--------------------------------------------------------------------------------
2022-04-05 00:18:36.579 [Debug] received epp: 2905436

--------------------------------------------------------------------------------
2022-04-05 00:18:39.684 [Debug] received epp: 2908515

--------------------------------------------------------------------------------
2022-04-05 00:18:41.813 [Debug] received epp: 2910671

--------------------------------------------------------------------------------
2022-04-05 00:18:44.766 [Debug] received epp: 2913625

--------------------------------------------------------------------------------
2022-04-05 00:18:45.615 [Debug] received epp: 2914468

--------------------------------------------------------------------------------
2022-04-05 00:20:11.231 [Debug] received epp: 3000093

--------------------------------------------------------------------------------
2022-04-05 00:20:11.532 [Debug] received epp: 3000390

--------------------------------------------------------------------------------
2022-04-05 00:20:14.647 [Debug] received epp: 3003501

--------------------------------------------------------------------------------
2022-04-05 00:20:14.931 [Debug] received epp: 3003782

--------------------------------------------------------------------------------
2022-04-05 00:20:16.815 [Debug] received epp: 3005672

--------------------------------------------------------------------------------
2022-04-05 00:20:30.368 [Debug] received epp: 3019204

--------------------------------------------------------------------------------
2022-04-05 00:21:37.684 [Debug] StatusChanged: [NetIncomingMessage #311 10 bytes] [Disconnecting]

--------------------------------------------------------------------------------
2022-04-05 00:21:37.689 [Debug] StatusChanged: [NetIncomingMessage #312 14 bytes] [Disconnected]

--------------------------------------------------------------------------------
2022-04-05 00:21:37.728 [Info] Acquiring context lock... (0ms)

--------------------------------------------------------------------------------
2022-04-05 00:21:37.728 [Info] Acquired. (0ms)

--------------------------------------------------------------------------------
2022-04-05 00:21:37.729 [Info] Beginning context dispose. (0ms)

--------------------------------------------------------------------------------
2022-04-05 00:21:37.730 [Info] GC.SuppressFinalize (0ms)

--------------------------------------------------------------------------------
2022-04-05 00:21:37.730 [Info] InternalDispose() completed. (0ms)

--------------------------------------------------------------------------------
2022-04-05 00:21:37.730 [Info] Clearing instance... (1ms)

--------------------------------------------------------------------------------
2022-04-05 00:21:37.730 [Info] Releasing context lock... (1ms)

--------------------------------------------------------------------------------
2022-04-05 00:21:37.730 [Info] Released. (1ms)

--------------------------------------------------------------------------------
