2022-04-29 23:26:37.863 [Info] Discovered 0 plugins:


--------------------------------------------------------------------------------
2022-04-29 23:26:39.075 [Info] Connecting to 38.129.153.213:5400...

--------------------------------------------------------------------------------
2022-04-29 23:26:39.534 [Info] Connection approved [00000000-0000-0000-0000-000000000000].

--------------------------------------------------------------------------------
2022-04-29 23:26:39.607 [Debug] approval Time=149204 Offset=63786871450313 Real=63786871599517

--------------------------------------------------------------------------------
2022-04-29 23:26:39.607 [Debug] local Time=149204 Offset=63786871450402 Real=63786871599607

--------------------------------------------------------------------------------
2022-04-29 23:26:39.607 [Debug] real delta=89

--------------------------------------------------------------------------------
2022-04-29 23:26:39.607 [Debug] this.Statistics.Ping=0 NCPing=6

--------------------------------------------------------------------------------
2022-04-29 23:26:39.609 [Debug] Connection established to remote [00000000-0000-0000-0000-000000000000/38.129.153.213:5400].

--------------------------------------------------------------------------------
2022-04-29 23:26:39.609 [Info] Connected [00000000-0000-0000-0000-000000000000].

--------------------------------------------------------------------------------
2022-04-29 23:27:00.139 [Warn] 'Me' is null.

--------------------------------------------------------------------------------
2022-04-29 23:27:00.740 [Debug] received epp: 169957

--------------------------------------------------------------------------------
2022-04-29 23:27:40.184 [Debug] received epp: 209860

--------------------------------------------------------------------------------
2022-04-29 23:27:44.501 [Error] Received unhandled exception from System.Threading.Tasks.ContinuationTaskFromTask.

--------------------------------------------------------------------------------
2022-04-29 23:27:44.501 [Error] AggregateException: A Task's exception(s) were not observed either by Waiting on the Task or accessing its Exception property. As a result, the unobserved exception was rethrown by the finalizer thread.

Caused By
ArgumentOutOfRangeException: Index was out of range. Must be non-negative and less than the size of the collection.
Parameter name: index
    Stack:    at System.ThrowHelper.ThrowArgumentOutOfRangeException(ExceptionArgument argument, ExceptionResource resource)
   at System.Collections.Generic.List`1.RemoveAt(Int32 index)
   at System.Collections.Generic.List`1.Remove(T item)
   at Intersect.Client.Framework.Content.ContentWatcher.<>c__DisplayClass12_0.<Modify>b__0(Task completedTask)
   at System.Threading.Tasks.Task.Execute()


--------------------------------------------------------------------------------
2022-04-29 23:27:44.503 [Error] Caused by:

--------------------------------------------------------------------------------
2022-04-29 23:27:44.503 [Error] ArgumentOutOfRangeException: Index was out of range. Must be non-negative and less than the size of the collection.
Parameter name: index
    Stack:    at System.ThrowHelper.ThrowArgumentOutOfRangeException(ExceptionArgument argument, ExceptionResource resource)
   at System.Collections.Generic.List`1.RemoveAt(Int32 index)
   at System.Collections.Generic.List`1.Remove(T item)
   at Intersect.Client.Framework.Content.ContentWatcher.<>c__DisplayClass12_0.<Modify>b__0(Task completedTask)
   at System.Threading.Tasks.Task.Execute()


--------------------------------------------------------------------------------
2022-04-29 23:27:44.505 [Info] Acquiring context lock... (0ms)

--------------------------------------------------------------------------------
2022-04-29 23:27:44.505 [Info] Acquired. (0ms)

--------------------------------------------------------------------------------
2022-04-29 23:27:44.506 [Info] Beginning context dispose. (0ms)

--------------------------------------------------------------------------------
2022-04-29 23:27:44.506 [Info] GC.SuppressFinalize (0ms)

--------------------------------------------------------------------------------
2022-04-29 23:27:44.506 [Info] InternalDispose() completed. (0ms)

--------------------------------------------------------------------------------
2022-04-29 23:27:44.506 [Info] Clearing instance... (1ms)

--------------------------------------------------------------------------------
2022-04-29 23:27:44.506 [Info] Releasing context lock... (1ms)

--------------------------------------------------------------------------------
2022-04-29 23:27:44.506 [Info] Released. (1ms)

--------------------------------------------------------------------------------
2022-04-29 23:28:16.240 [Debug] received epp: 245906

--------------------------------------------------------------------------------
2022-04-29 23:28:16.303 [Debug] received epp: 245906

--------------------------------------------------------------------------------
2022-04-29 23:31:14.531 [Warn] 'Me' is null.

--------------------------------------------------------------------------------
2022-04-29 23:31:14.662 [Debug] received epp: 424203

--------------------------------------------------------------------------------
2022-04-29 23:31:21.116 [Debug] received epp: 430766

--------------------------------------------------------------------------------
2022-04-29 23:31:21.324 [Debug] received epp: 430985

--------------------------------------------------------------------------------
2022-04-29 23:31:21.535 [Debug] received epp: 431204

--------------------------------------------------------------------------------
2022-04-29 23:31:21.802 [Debug] received epp: 431453

--------------------------------------------------------------------------------
2022-04-29 23:31:26.889 [Debug] received epp: 436547

--------------------------------------------------------------------------------
2022-04-29 23:31:26.944 [Debug] received epp: 436547

--------------------------------------------------------------------------------
2022-04-29 23:48:36.424 [Debug] StatusChanged: [NetIncomingMessage #699 10 bytes] [Disconnecting]

--------------------------------------------------------------------------------
2022-04-29 23:48:36.428 [Debug] StatusChanged: [NetIncomingMessage #0 14 bytes] [Disconnected]

--------------------------------------------------------------------------------
