2022-04-29 19:06:59.762 [Info] Connecting to 38.129.153.213:5400...

--------------------------------------------------------------------------------
2022-04-29 19:07:00.201 [Info] Connection approved [00000000-0000-0000-0000-000000000000].

--------------------------------------------------------------------------------
2022-04-29 19:07:00.271 [Debug] approval Time=7085426 Offset=63786848934761 Real=63786856020188

--------------------------------------------------------------------------------
2022-04-29 19:07:00.271 [Debug] local Time=7085426 Offset=63786848934844 Real=63786856020271

--------------------------------------------------------------------------------
2022-04-29 19:07:00.271 [Debug] real delta=82

--------------------------------------------------------------------------------
2022-04-29 19:07:00.271 [Debug] this.Statistics.Ping=0 NCPing=7

--------------------------------------------------------------------------------
2022-04-29 19:07:00.273 [Debug] Connection established to remote [00000000-0000-0000-0000-000000000000/38.129.153.213:5400].

--------------------------------------------------------------------------------
2022-04-29 19:07:00.273 [Info] Connected [00000000-0000-0000-0000-000000000000].

--------------------------------------------------------------------------------
2022-04-29 20:04:24.699 [Debug] StatusChanged: [NetIncomingMessage #0 10 bytes] [Disconnecting]

--------------------------------------------------------------------------------
2022-04-29 20:04:24.715 [Debug] StatusChanged: [NetIncomingMessage #0 10 bytes] [Disconnected]

--------------------------------------------------------------------------------
2022-04-29 20:04:24.716 [Debug] Connection terminated to remote [00000000-0000-0000-0000-000000000000/38.129.153.213:5400].

--------------------------------------------------------------------------------
2022-04-29 20:04:24.716 [Info] Disconnected [00000000-0000-0000-0000-000000000000].

--------------------------------------------------------------------------------
