2022-04-05 00:03:40.798 [Info] Discovered 0 plugins:


--------------------------------------------------------------------------------
2022-04-05 00:03:41.791 [Info] Connecting to 38.129.153.213:5400...

--------------------------------------------------------------------------------
2022-04-05 00:03:42.239 [Info] Connection approved [00000000-0000-0000-0000-000000000000].

--------------------------------------------------------------------------------
2022-04-05 00:03:42.304 [Debug] approval Time=2011094 Offset=63784711811125 Real=63784713822220

--------------------------------------------------------------------------------
2022-04-05 00:03:42.304 [Debug] local Time=2011094 Offset=63784711811210 Real=63784713822304

--------------------------------------------------------------------------------
2022-04-05 00:03:42.305 [Debug] real delta=84

--------------------------------------------------------------------------------
2022-04-05 00:03:42.305 [Debug] this.Statistics.Ping=0 NCPing=5

--------------------------------------------------------------------------------
2022-04-05 00:03:42.306 [Debug] Connection established to remote [00000000-0000-0000-0000-000000000000/38.129.153.213:5400].

--------------------------------------------------------------------------------
2022-04-05 00:03:42.307 [Info] Connected [00000000-0000-0000-0000-000000000000].

--------------------------------------------------------------------------------
2022-04-05 00:03:48.106 [Warn] 'Me' is null.

--------------------------------------------------------------------------------
2022-04-05 00:03:48.393 [Debug] received epp: 2016905

--------------------------------------------------------------------------------
2022-04-05 00:03:56.582 [Debug] received epp: 2025436

--------------------------------------------------------------------------------
2022-04-05 00:10:43.329 [Debug] StatusChanged: [NetIncomingMessage #598 10 bytes] [Disconnecting]

--------------------------------------------------------------------------------
2022-04-05 00:10:43.332 [Debug] StatusChanged: [NetIncomingMessage #599 14 bytes] [Disconnected]

--------------------------------------------------------------------------------
2022-04-05 00:10:43.375 [Info] Acquiring context lock... (0ms)

--------------------------------------------------------------------------------
2022-04-05 00:10:43.375 [Info] Acquired. (0ms)

--------------------------------------------------------------------------------
2022-04-05 00:10:43.376 [Info] Beginning context dispose. (0ms)

--------------------------------------------------------------------------------
2022-04-05 00:10:43.377 [Info] GC.SuppressFinalize (0ms)

--------------------------------------------------------------------------------
2022-04-05 00:10:43.377 [Info] InternalDispose() completed. (0ms)

--------------------------------------------------------------------------------
2022-04-05 00:10:43.377 [Info] Clearing instance... (1ms)

--------------------------------------------------------------------------------
2022-04-05 00:10:43.377 [Info] Releasing context lock... (1ms)

--------------------------------------------------------------------------------
2022-04-05 00:10:43.377 [Info] Released. (1ms)

--------------------------------------------------------------------------------
