2022-04-04 21:04:06.630 [Info] Connecting to 38.129.153.213:5400...

--------------------------------------------------------------------------------
2022-04-04 21:04:07.064 [Info] Connection approved [00000000-0000-0000-0000-000000000000].

--------------------------------------------------------------------------------
2022-04-04 21:04:07.128 [Debug] approval Time=1724878 Offset=63784701322168 Real=63784703047047

--------------------------------------------------------------------------------
2022-04-04 21:04:07.128 [Debug] local Time=1724878 Offset=63784701322250 Real=63784703047128

--------------------------------------------------------------------------------
2022-04-04 21:04:07.128 [Debug] real delta=81

--------------------------------------------------------------------------------
2022-04-04 21:04:07.128 [Debug] this.Statistics.Ping=0 NCPing=7

--------------------------------------------------------------------------------
2022-04-04 21:04:07.130 [Debug] Connection established to remote [00000000-0000-0000-0000-000000000000/38.129.153.213:5400].

--------------------------------------------------------------------------------
2022-04-04 21:04:07.130 [Info] Connected [00000000-0000-0000-0000-000000000000].

--------------------------------------------------------------------------------
2022-04-04 21:11:04.631 [Debug] StatusChanged: [NetIncomingMessage #0 10 bytes] [Disconnecting]

--------------------------------------------------------------------------------
2022-04-04 21:11:04.637 [Debug] StatusChanged: [NetIncomingMessage #0 10 bytes] [Disconnected]

--------------------------------------------------------------------------------
2022-04-04 21:11:04.638 [Debug] Connection terminated to remote [00000000-0000-0000-0000-000000000000/38.129.153.213:5400].

--------------------------------------------------------------------------------
2022-04-04 21:11:04.639 [Info] Disconnected [00000000-0000-0000-0000-000000000000].

--------------------------------------------------------------------------------
