2022-04-04 16:30:57.743 [Info] Discovered 0 plugins:


--------------------------------------------------------------------------------
2022-04-04 16:30:58.782 [Info] Connecting to 38.129.153.213:5400...

--------------------------------------------------------------------------------
2022-04-04 16:30:59.243 [Info] Connection approved [00000000-0000-0000-0000-000000000000].

--------------------------------------------------------------------------------
2022-04-04 16:30:59.338 [Info] Connected [00000000-0000-0000-0000-000000000000].

--------------------------------------------------------------------------------
2022-04-04 16:31:16.739 [Warn] 'Me' is null.

--------------------------------------------------------------------------------
2022-04-04 16:42:02.535 [Info] Acquiring context lock... (0ms)

--------------------------------------------------------------------------------
2022-04-04 16:42:02.535 [Info] Acquired. (0ms)

--------------------------------------------------------------------------------
2022-04-04 16:42:02.536 [Info] Beginning context dispose. (0ms)

--------------------------------------------------------------------------------
2022-04-04 16:42:02.537 [Info] GC.SuppressFinalize (0ms)

--------------------------------------------------------------------------------
2022-04-04 16:42:02.537 [Info] InternalDispose() completed. (0ms)

--------------------------------------------------------------------------------
2022-04-04 16:42:02.537 [Info] Clearing instance... (1ms)

--------------------------------------------------------------------------------
2022-04-04 16:42:02.537 [Info] Releasing context lock... (1ms)

--------------------------------------------------------------------------------
2022-04-04 16:42:02.537 [Info] Released. (2ms)

--------------------------------------------------------------------------------
