2022-04-03 02:55:29.338 [Info] Discovered 0 plugins:


--------------------------------------------------------------------------------
2022-04-03 02:55:30.648 [Info] Connecting to 38.129.153.213:5400...

--------------------------------------------------------------------------------
2022-04-03 02:55:31.315 [Info] Connection approved [00000000-0000-0000-0000-000000000000].

--------------------------------------------------------------------------------
2022-04-03 02:55:31.399 [Debug] approval Time=3286 Offset=63784551327965 Real=63784551331251

--------------------------------------------------------------------------------
2022-04-03 02:55:31.399 [Debug] local Time=3286 Offset=63784551328113 Real=63784551331399

--------------------------------------------------------------------------------
2022-04-03 02:55:31.399 [Debug] real delta=147

--------------------------------------------------------------------------------
2022-04-03 02:55:31.399 [Debug] this.Statistics.Ping=0 NCPing=9

--------------------------------------------------------------------------------
2022-04-03 02:55:31.401 [Debug] Connection established to remote [00000000-0000-0000-0000-000000000000/38.129.153.213:5400].

--------------------------------------------------------------------------------
2022-04-03 02:55:31.401 [Info] Connected [00000000-0000-0000-0000-000000000000].

--------------------------------------------------------------------------------
2022-04-03 02:55:53.786 [Warn] 'Me' is null.

--------------------------------------------------------------------------------
2022-04-03 02:55:54.278 [Debug] received epp: 25941

--------------------------------------------------------------------------------
2022-04-03 02:55:58.290 [Debug] received epp: 30301

--------------------------------------------------------------------------------
2022-04-03 02:55:58.572 [Debug] received epp: 30583

--------------------------------------------------------------------------------
2022-04-03 02:56:01.155 [Debug] received epp: 33176

--------------------------------------------------------------------------------
2022-04-03 02:56:34.540 [Debug] received epp: 66535

--------------------------------------------------------------------------------
2022-04-03 02:56:34.789 [Debug] received epp: 66800

--------------------------------------------------------------------------------
2022-04-03 02:56:35.172 [Debug] received epp: 67192

--------------------------------------------------------------------------------
2022-04-03 02:56:35.456 [Debug] received epp: 67473

--------------------------------------------------------------------------------
2022-04-03 02:56:35.687 [Debug] received epp: 67707

--------------------------------------------------------------------------------
2022-04-03 02:56:35.938 [Debug] received epp: 67957

--------------------------------------------------------------------------------
2022-04-03 02:56:36.789 [Debug] received epp: 68801

--------------------------------------------------------------------------------
2022-04-03 02:56:38.705 [Debug] received epp: 70722

--------------------------------------------------------------------------------
2022-04-03 02:56:40.106 [Debug] received epp: 72128

--------------------------------------------------------------------------------
2022-04-03 02:56:40.191 [Debug] received epp: 72128

--------------------------------------------------------------------------------
2022-04-03 02:56:59.676 [Debug] received epp: 91692

--------------------------------------------------------------------------------
2022-04-03 02:56:59.888 [Debug] received epp: 91692

--------------------------------------------------------------------------------
2022-04-03 02:57:10.659 [Debug] received epp: 102675

--------------------------------------------------------------------------------
2022-04-03 02:57:10.956 [Debug] received epp: 102972

--------------------------------------------------------------------------------
2022-04-03 02:57:11.206 [Debug] received epp: 103223

--------------------------------------------------------------------------------
2022-04-03 02:57:11.472 [Debug] received epp: 103489

--------------------------------------------------------------------------------
2022-04-03 02:57:11.724 [Debug] received epp: 103739

--------------------------------------------------------------------------------
2022-04-03 02:57:11.972 [Debug] received epp: 103989

--------------------------------------------------------------------------------
2022-04-03 02:57:12.257 [Debug] received epp: 104271

--------------------------------------------------------------------------------
2022-04-03 02:57:12.489 [Debug] received epp: 104504

--------------------------------------------------------------------------------
2022-04-03 02:57:12.754 [Debug] received epp: 104769

--------------------------------------------------------------------------------
2022-04-03 02:57:13.055 [Debug] received epp: 105067

--------------------------------------------------------------------------------
2022-04-03 02:57:13.355 [Debug] received epp: 105363

--------------------------------------------------------------------------------
2022-04-03 02:57:13.671 [Debug] received epp: 105676

--------------------------------------------------------------------------------
2022-04-03 02:57:26.922 [Debug] received epp: 118926

--------------------------------------------------------------------------------
2022-04-03 02:57:26.971 [Debug] received epp: 118926

--------------------------------------------------------------------------------
2022-04-03 02:57:31.139 [Debug] received epp: 123160

--------------------------------------------------------------------------------
2022-04-03 02:57:31.331 [Debug] received epp: 123160

--------------------------------------------------------------------------------
2022-04-03 02:57:33.721 [Debug] received epp: 125738

--------------------------------------------------------------------------------
2022-04-03 02:57:33.762 [Debug] received epp: 125738

--------------------------------------------------------------------------------
2022-04-03 02:57:41.339 [Debug] StatusChanged: [NetIncomingMessage #799 10 bytes] [Disconnecting]

--------------------------------------------------------------------------------
2022-04-03 02:57:41.342 [Debug] StatusChanged: [NetIncomingMessage #800 10 bytes] [Disconnected]

--------------------------------------------------------------------------------
2022-04-03 02:57:41.388 [Info] Acquiring context lock... (0ms)

--------------------------------------------------------------------------------
2022-04-03 02:57:41.388 [Info] Acquired. (0ms)

--------------------------------------------------------------------------------
2022-04-03 02:57:41.389 [Info] Beginning context dispose. (0ms)

--------------------------------------------------------------------------------
2022-04-03 02:57:41.390 [Info] GC.SuppressFinalize (0ms)

--------------------------------------------------------------------------------
2022-04-03 02:57:41.390 [Info] InternalDispose() completed. (0ms)

--------------------------------------------------------------------------------
2022-04-03 02:57:41.390 [Info] Clearing instance... (1ms)

--------------------------------------------------------------------------------
2022-04-03 02:57:41.390 [Info] Releasing context lock... (1ms)

--------------------------------------------------------------------------------
2022-04-03 02:57:41.390 [Info] Released. (1ms)

--------------------------------------------------------------------------------
