2022-04-03 17:37:48.791 [Info] Discovered 0 plugins:


--------------------------------------------------------------------------------
2022-04-03 17:37:49.780 [Info] Connecting to 38.129.153.213:5400...

--------------------------------------------------------------------------------
2022-04-03 17:37:50.206 [Info] Connection approved [00000000-0000-0000-0000-000000000000].

--------------------------------------------------------------------------------
2022-04-03 17:37:50.274 [Debug] approval Time=9480197 Offset=63784594789990 Real=63784604270188

--------------------------------------------------------------------------------
2022-04-03 17:37:50.274 [Debug] local Time=9480197 Offset=63784594790076 Real=63784604270274

--------------------------------------------------------------------------------
2022-04-03 17:37:50.274 [Debug] real delta=86

--------------------------------------------------------------------------------
2022-04-03 17:37:50.275 [Debug] this.Statistics.Ping=0 NCPing=5

--------------------------------------------------------------------------------
2022-04-03 17:37:50.276 [Debug] Connection established to remote [00000000-0000-0000-0000-000000000000/38.129.153.213:5400].

--------------------------------------------------------------------------------
2022-04-03 17:37:50.277 [Info] Connected [00000000-0000-0000-0000-000000000000].

--------------------------------------------------------------------------------
2022-04-03 17:38:18.244 [Debug] StatusChanged: [NetIncomingMessage #0 10 bytes] [Disconnecting]

--------------------------------------------------------------------------------
2022-04-03 17:38:18.246 [Debug] StatusChanged: [NetIncomingMessage #0 10 bytes] [Disconnected]

--------------------------------------------------------------------------------
2022-04-03 17:38:18.287 [Info] Acquiring context lock... (0ms)

--------------------------------------------------------------------------------
2022-04-03 17:38:18.287 [Info] Acquired. (0ms)

--------------------------------------------------------------------------------
2022-04-03 17:38:18.288 [Info] Beginning context dispose. (0ms)

--------------------------------------------------------------------------------
2022-04-03 17:38:18.288 [Info] GC.SuppressFinalize (0ms)

--------------------------------------------------------------------------------
2022-04-03 17:38:18.288 [Info] InternalDispose() completed. (0ms)

--------------------------------------------------------------------------------
2022-04-03 17:38:18.288 [Info] Clearing instance... (1ms)

--------------------------------------------------------------------------------
2022-04-03 17:38:18.288 [Info] Releasing context lock... (1ms)

--------------------------------------------------------------------------------
2022-04-03 17:38:18.288 [Info] Released. (1ms)

--------------------------------------------------------------------------------
