2022-04-06 22:35:00.073 [Info] Discovered 0 plugins:


--------------------------------------------------------------------------------
2022-04-06 22:35:01.208 [Info] Connecting to 38.129.153.213:5400...

--------------------------------------------------------------------------------
2022-04-06 22:35:01.681 [Info] Connection approved [00000000-0000-0000-0000-000000000000].

--------------------------------------------------------------------------------
2022-04-06 22:35:01.756 [Debug] approval Time=3024151 Offset=63784878277505 Real=63784881301657

--------------------------------------------------------------------------------
2022-04-06 22:35:01.756 [Debug] local Time=3024151 Offset=63784878277604 Real=63784881301756

--------------------------------------------------------------------------------
2022-04-06 22:35:01.756 [Debug] real delta=98

--------------------------------------------------------------------------------
2022-04-06 22:35:01.756 [Debug] this.Statistics.Ping=0 NCPing=6

--------------------------------------------------------------------------------
2022-04-06 22:35:01.758 [Debug] Connection established to remote [00000000-0000-0000-0000-000000000000/38.129.153.213:5400].

--------------------------------------------------------------------------------
2022-04-06 22:35:01.758 [Info] Connected [00000000-0000-0000-0000-000000000000].

--------------------------------------------------------------------------------
2022-04-06 22:35:12.639 [Warn] 'Me' is null.

--------------------------------------------------------------------------------
2022-04-06 22:35:12.919 [Debug] received epp: 3035058

--------------------------------------------------------------------------------
2022-04-06 22:48:11.382 [Debug] StatusChanged: [NetIncomingMessage #470 10 bytes] [Disconnecting]

--------------------------------------------------------------------------------
2022-04-06 22:48:11.387 [Debug] StatusChanged: [NetIncomingMessage #471 14 bytes] [Disconnected]

--------------------------------------------------------------------------------
2022-04-06 22:48:11.438 [Info] Acquiring context lock... (0ms)

--------------------------------------------------------------------------------
2022-04-06 22:48:11.439 [Info] Acquired. (0ms)

--------------------------------------------------------------------------------
2022-04-06 22:48:11.439 [Info] Beginning context dispose. (0ms)

--------------------------------------------------------------------------------
2022-04-06 22:48:11.440 [Info] GC.SuppressFinalize (0ms)

--------------------------------------------------------------------------------
2022-04-06 22:48:11.440 [Info] InternalDispose() completed. (0ms)

--------------------------------------------------------------------------------
2022-04-06 22:48:11.440 [Info] Clearing instance... (1ms)

--------------------------------------------------------------------------------
2022-04-06 22:48:11.440 [Info] Releasing context lock... (1ms)

--------------------------------------------------------------------------------
2022-04-06 22:48:11.440 [Info] Released. (1ms)

--------------------------------------------------------------------------------
