2022-04-10 17:56:24.816 [Info] Discovered 0 plugins:


--------------------------------------------------------------------------------
2022-04-10 17:56:25.962 [Info] Connecting to 38.129.153.213:5400...

--------------------------------------------------------------------------------
2022-04-10 17:56:26.400 [Info] Connection approved [00000000-0000-0000-0000-000000000000].

--------------------------------------------------------------------------------
2022-04-10 17:56:26.477 [Debug] approval Time=3342664 Offset=63785206843711 Real=63785210186376

--------------------------------------------------------------------------------
2022-04-10 17:56:26.477 [Debug] local Time=3342664 Offset=63785206843812 Real=63785210186476

--------------------------------------------------------------------------------
2022-04-10 17:56:26.477 [Debug] real delta=100

--------------------------------------------------------------------------------
2022-04-10 17:56:26.477 [Debug] this.Statistics.Ping=0 NCPing=9

--------------------------------------------------------------------------------
2022-04-10 17:56:26.479 [Debug] Connection established to remote [00000000-0000-0000-0000-000000000000/38.129.153.213:5400].

--------------------------------------------------------------------------------
2022-04-10 17:56:26.479 [Info] Connected [00000000-0000-0000-0000-000000000000].

--------------------------------------------------------------------------------
2022-04-10 17:56:29.797 [Warn] 'Me' is null.

--------------------------------------------------------------------------------
2022-04-10 17:56:30.094 [Debug] received epp: 3346042

--------------------------------------------------------------------------------
2022-04-10 18:00:53.700 [Debug] received epp: 3609961

--------------------------------------------------------------------------------
2022-04-10 18:00:53.902 [Debug] received epp: 3610179

--------------------------------------------------------------------------------
2022-04-10 18:00:54.168 [Debug] received epp: 3610446

--------------------------------------------------------------------------------
2022-04-10 18:00:55.285 [Debug] received epp: 3611555

--------------------------------------------------------------------------------
2022-04-10 18:00:56.317 [Debug] received epp: 3612586

--------------------------------------------------------------------------------
2022-04-10 18:00:57.002 [Debug] received epp: 3613273

--------------------------------------------------------------------------------
2022-04-10 18:05:13.269 [Debug] received epp: 3869540

--------------------------------------------------------------------------------
2022-04-10 18:05:14.986 [Debug] received epp: 3871258

--------------------------------------------------------------------------------
2022-04-10 18:05:15.039 [Debug] received epp: 3871258

--------------------------------------------------------------------------------
2022-04-10 18:05:24.670 [Debug] received epp: 3880945

--------------------------------------------------------------------------------
2022-04-10 18:05:24.874 [Debug] received epp: 3880945

--------------------------------------------------------------------------------
2022-04-10 18:05:29.769 [Debug] received epp: 3886039

--------------------------------------------------------------------------------
2022-04-10 18:05:34.570 [Debug] received epp: 3890820

--------------------------------------------------------------------------------
2022-04-10 18:05:38.803 [Debug] received epp: 3895071

--------------------------------------------------------------------------------
2022-04-10 18:05:38.829 [Debug] received epp: 3895071

--------------------------------------------------------------------------------
2022-04-10 18:05:40.988 [Debug] received epp: 3897258

--------------------------------------------------------------------------------
2022-04-10 18:05:41.158 [Debug] received epp: 3897258

--------------------------------------------------------------------------------
2022-04-10 18:05:42.469 [Debug] received epp: 3898742

--------------------------------------------------------------------------------
2022-04-10 18:05:42.493 [Debug] received epp: 3898742

--------------------------------------------------------------------------------
2022-04-10 18:05:42.569 [Debug] received epp: 3898836

--------------------------------------------------------------------------------
2022-04-10 18:06:25.753 [Debug] StatusChanged: [NetIncomingMessage #613 10 bytes] [Disconnecting]

--------------------------------------------------------------------------------
2022-04-10 18:06:25.758 [Debug] StatusChanged: [NetIncomingMessage #620 14 bytes] [Disconnected]

--------------------------------------------------------------------------------
2022-04-10 18:06:25.802 [Info] Acquiring context lock... (0ms)

--------------------------------------------------------------------------------
2022-04-10 18:06:25.802 [Info] Acquired. (0ms)

--------------------------------------------------------------------------------
2022-04-10 18:06:25.803 [Info] Beginning context dispose. (0ms)

--------------------------------------------------------------------------------
2022-04-10 18:06:25.803 [Info] GC.SuppressFinalize (0ms)

--------------------------------------------------------------------------------
2022-04-10 18:06:25.803 [Info] InternalDispose() completed. (0ms)

--------------------------------------------------------------------------------
2022-04-10 18:06:25.804 [Info] Clearing instance... (1ms)

--------------------------------------------------------------------------------
2022-04-10 18:06:25.804 [Info] Releasing context lock... (1ms)

--------------------------------------------------------------------------------
2022-04-10 18:06:25.804 [Info] Released. (1ms)

--------------------------------------------------------------------------------
