2022-04-03 17:42:27.142 [Info] Discovered 0 plugins:


--------------------------------------------------------------------------------
2022-04-03 17:42:28.111 [Info] Connecting to 38.129.153.213:5400...

--------------------------------------------------------------------------------
2022-04-03 17:42:28.563 [Info] Connection approved [00000000-0000-0000-0000-000000000000].

--------------------------------------------------------------------------------
2022-04-03 17:42:28.638 [Debug] approval Time=9758557 Offset=63784594789990 Real=63784604548548

--------------------------------------------------------------------------------
2022-04-03 17:42:28.638 [Debug] local Time=9758557 Offset=63784594790079 Real=63784604548637

--------------------------------------------------------------------------------
2022-04-03 17:42:28.638 [Debug] real delta=88

--------------------------------------------------------------------------------
2022-04-03 17:42:28.638 [Debug] this.Statistics.Ping=0 NCPing=11

--------------------------------------------------------------------------------
2022-04-03 17:42:28.640 [Debug] Connection established to remote [00000000-0000-0000-0000-000000000000/38.129.153.213:5400].

--------------------------------------------------------------------------------
2022-04-03 17:42:28.641 [Info] Connected [00000000-0000-0000-0000-000000000000].

--------------------------------------------------------------------------------
2022-04-03 17:42:34.509 [Warn] 'Me' is null.

--------------------------------------------------------------------------------
2022-04-03 17:42:34.734 [Debug] received epp: 9764447

--------------------------------------------------------------------------------
2022-04-03 17:42:59.346 [Debug] StatusChanged: [NetIncomingMessage #636 10 bytes] [Disconnecting]

--------------------------------------------------------------------------------
2022-04-03 17:42:59.348 [Debug] StatusChanged: [NetIncomingMessage #637 10 bytes] [Disconnected]

--------------------------------------------------------------------------------
2022-04-03 17:42:59.400 [Info] Acquiring context lock... (0ms)

--------------------------------------------------------------------------------
2022-04-03 17:42:59.400 [Info] Acquired. (0ms)

--------------------------------------------------------------------------------
2022-04-03 17:42:59.401 [Info] Beginning context dispose. (0ms)

--------------------------------------------------------------------------------
2022-04-03 17:42:59.401 [Info] GC.SuppressFinalize (0ms)

--------------------------------------------------------------------------------
2022-04-03 17:42:59.401 [Info] InternalDispose() completed. (0ms)

--------------------------------------------------------------------------------
2022-04-03 17:42:59.401 [Info] Clearing instance... (1ms)

--------------------------------------------------------------------------------
2022-04-03 17:42:59.401 [Info] Releasing context lock... (1ms)

--------------------------------------------------------------------------------
2022-04-03 17:42:59.401 [Info] Released. (1ms)

--------------------------------------------------------------------------------
