2022-04-03 22:00:45.184 [Info] Discovered 0 plugins:


--------------------------------------------------------------------------------
2022-04-03 22:00:46.246 [Info] Connecting to 38.129.153.213:5400...

--------------------------------------------------------------------------------
2022-04-03 22:00:46.657 [Info] Connection approved [00000000-0000-0000-0000-000000000000].

--------------------------------------------------------------------------------
2022-04-03 22:00:46.723 [Debug] approval Time=5834374 Offset=63784614212267 Real=63784620046641

--------------------------------------------------------------------------------
2022-04-03 22:00:46.724 [Debug] local Time=5834374 Offset=63784614212349 Real=63784620046723

--------------------------------------------------------------------------------
2022-04-03 22:00:46.724 [Debug] real delta=82

--------------------------------------------------------------------------------
2022-04-03 22:00:46.724 [Debug] this.Statistics.Ping=0 NCPing=6

--------------------------------------------------------------------------------
2022-04-03 22:00:46.728 [Debug] Connection established to remote [00000000-0000-0000-0000-000000000000/38.129.153.213:5400].

--------------------------------------------------------------------------------
2022-04-03 22:00:46.728 [Info] Connected [00000000-0000-0000-0000-000000000000].

--------------------------------------------------------------------------------
2022-04-03 22:01:08.322 [Debug] StatusChanged: [NetIncomingMessage #0 10 bytes] [Disconnecting]

--------------------------------------------------------------------------------
2022-04-03 22:01:08.324 [Debug] StatusChanged: [NetIncomingMessage #0 10 bytes] [Disconnected]

--------------------------------------------------------------------------------
2022-04-03 22:01:08.355 [Info] Acquiring context lock... (0ms)

--------------------------------------------------------------------------------
2022-04-03 22:01:08.355 [Info] Acquired. (0ms)

--------------------------------------------------------------------------------
2022-04-03 22:01:08.356 [Info] Beginning context dispose. (0ms)

--------------------------------------------------------------------------------
2022-04-03 22:01:08.357 [Info] GC.SuppressFinalize (0ms)

--------------------------------------------------------------------------------
2022-04-03 22:01:08.357 [Info] InternalDispose() completed. (0ms)

--------------------------------------------------------------------------------
2022-04-03 22:01:08.357 [Info] Clearing instance... (2ms)

--------------------------------------------------------------------------------
2022-04-03 22:01:08.357 [Info] Releasing context lock... (2ms)

--------------------------------------------------------------------------------
2022-04-03 22:01:08.357 [Info] Released. (2ms)

--------------------------------------------------------------------------------
