2022-04-04 01:45:04.759 [Info] Connecting to 38.129.153.213:5400...

--------------------------------------------------------------------------------
2022-04-04 01:45:05.266 [Info] Connection approved [00000000-0000-0000-0000-000000000000].

--------------------------------------------------------------------------------
2022-04-04 01:45:05.332 [Debug] approval Time=2064252 Offset=63784631440998 Real=63784633505250

--------------------------------------------------------------------------------
2022-04-04 01:45:05.333 [Debug] local Time=2064252 Offset=63784631441079 Real=63784633505332

--------------------------------------------------------------------------------
2022-04-04 01:45:05.333 [Debug] real delta=81

--------------------------------------------------------------------------------
2022-04-04 01:45:05.333 [Debug] this.Statistics.Ping=0 NCPing=5

--------------------------------------------------------------------------------
2022-04-04 01:45:05.336 [Debug] Connection established to remote [00000000-0000-0000-0000-000000000000/38.129.153.213:5400].

--------------------------------------------------------------------------------
2022-04-04 01:45:05.336 [Info] Connected [00000000-0000-0000-0000-000000000000].

--------------------------------------------------------------------------------
2022-04-04 01:54:35.252 [Debug] StatusChanged: [NetIncomingMessage #0 10 bytes] [Disconnecting]

--------------------------------------------------------------------------------
2022-04-04 01:54:35.255 [Debug] StatusChanged: [NetIncomingMessage #0 10 bytes] [Disconnected]

--------------------------------------------------------------------------------
2022-04-04 01:54:35.255 [Debug] Connection terminated to remote [00000000-0000-0000-0000-000000000000/38.129.153.213:5400].

--------------------------------------------------------------------------------
2022-04-04 01:54:35.256 [Info] Disconnected [00000000-0000-0000-0000-000000000000].

--------------------------------------------------------------------------------
