2022-04-03 22:04:53.975 [Info] Discovered 0 plugins:


--------------------------------------------------------------------------------
2022-04-03 22:04:54.971 [Info] Connecting to 38.129.153.213:5400...

--------------------------------------------------------------------------------
2022-04-03 22:04:55.435 [Info] Connection approved [00000000-0000-0000-0000-000000000000].

--------------------------------------------------------------------------------
2022-04-03 22:04:55.500 [Debug] approval Time=6083155 Offset=63784614212267 Real=63784620295422

--------------------------------------------------------------------------------
2022-04-03 22:04:55.501 [Debug] local Time=6083155 Offset=63784614212344 Real=63784620295500

--------------------------------------------------------------------------------
2022-04-03 22:04:55.501 [Debug] real delta=77

--------------------------------------------------------------------------------
2022-04-03 22:04:55.501 [Debug] this.Statistics.Ping=0 NCPing=5

--------------------------------------------------------------------------------
2022-04-03 22:04:55.503 [Debug] Connection established to remote [00000000-0000-0000-0000-000000000000/38.129.153.213:5400].

--------------------------------------------------------------------------------
2022-04-03 22:04:55.503 [Info] Connected [00000000-0000-0000-0000-000000000000].

--------------------------------------------------------------------------------
2022-04-03 22:10:40.693 [Debug] StatusChanged: [NetIncomingMessage #0 10 bytes] [Disconnecting]

--------------------------------------------------------------------------------
2022-04-03 22:10:40.696 [Debug] StatusChanged: [NetIncomingMessage #0 10 bytes] [Disconnected]

--------------------------------------------------------------------------------
2022-04-03 22:10:40.735 [Info] Acquiring context lock... (0ms)

--------------------------------------------------------------------------------
2022-04-03 22:10:40.735 [Info] Acquired. (0ms)

--------------------------------------------------------------------------------
2022-04-03 22:10:40.736 [Info] Beginning context dispose. (0ms)

--------------------------------------------------------------------------------
2022-04-03 22:10:40.737 [Info] GC.SuppressFinalize (0ms)

--------------------------------------------------------------------------------
2022-04-03 22:10:40.737 [Info] InternalDispose() completed. (0ms)

--------------------------------------------------------------------------------
2022-04-03 22:10:40.737 [Info] Clearing instance... (2ms)

--------------------------------------------------------------------------------
2022-04-03 22:10:40.737 [Info] Releasing context lock... (2ms)

--------------------------------------------------------------------------------
2022-04-03 22:10:40.737 [Info] Released. (2ms)

--------------------------------------------------------------------------------
