2022-04-04 18:05:59.040 [Info] Discovered 0 plugins:


--------------------------------------------------------------------------------
2022-04-04 18:06:00.148 [Info] Connecting to 38.129.153.213:5400...

--------------------------------------------------------------------------------
2022-04-04 18:06:00.609 [Info] Connection approved [00000000-0000-0000-0000-000000000000].

--------------------------------------------------------------------------------
2022-04-04 18:06:00.689 [Info] Connected [00000000-0000-0000-0000-000000000000].

--------------------------------------------------------------------------------
2022-04-04 18:06:04.597 [Warn] 'Me' is null.

--------------------------------------------------------------------------------
2022-04-04 18:16:48.883 [Error] Received unhandled exception from Name:Intersect Client.exe
There are no context policies.
.

--------------------------------------------------------------------------------
2022-04-04 18:16:48.892 [Info] Acquiring context lock... (0ms)

--------------------------------------------------------------------------------
2022-04-04 18:16:48.892 [Info] Acquired. (0ms)

--------------------------------------------------------------------------------
2022-04-04 18:16:48.895 [Info] Beginning context dispose. (0ms)

--------------------------------------------------------------------------------
2022-04-04 18:16:48.895 [Info] GC.SuppressFinalize (0ms)

--------------------------------------------------------------------------------
2022-04-04 18:16:48.895 [Info] InternalDispose() completed. (0ms)

--------------------------------------------------------------------------------
2022-04-04 18:16:48.895 [Info] Clearing instance... (3ms)

--------------------------------------------------------------------------------
2022-04-04 18:16:48.896 [Info] Releasing context lock... (3ms)

--------------------------------------------------------------------------------
2022-04-04 18:16:48.896 [Info] Released. (3ms)

--------------------------------------------------------------------------------
