2022-04-14 20:50:45.568 [Info] Discovered 0 plugins:


--------------------------------------------------------------------------------
2022-04-14 20:50:46.739 [Info] Connecting to 38.129.153.213:5400...

--------------------------------------------------------------------------------
2022-04-14 20:50:47.210 [Info] Connection approved [00000000-0000-0000-0000-000000000000].

--------------------------------------------------------------------------------
2022-04-14 20:50:47.276 [Debug] approval Time=1236244 Offset=63785565010944 Real=63785566247188

--------------------------------------------------------------------------------
2022-04-14 20:50:47.276 [Debug] local Time=1236244 Offset=63785565011031 Real=63785566247276

--------------------------------------------------------------------------------
2022-04-14 20:50:47.276 [Debug] real delta=87

--------------------------------------------------------------------------------
2022-04-14 20:50:47.276 [Debug] this.Statistics.Ping=0 NCPing=7

--------------------------------------------------------------------------------
2022-04-14 20:50:47.281 [Debug] Connection established to remote [00000000-0000-0000-0000-000000000000/38.129.153.213:5400].

--------------------------------------------------------------------------------
2022-04-14 20:50:47.281 [Info] Connected [00000000-0000-0000-0000-000000000000].

--------------------------------------------------------------------------------
2022-04-14 20:50:51.545 [Warn] 'Me' is null.

--------------------------------------------------------------------------------
2022-04-14 20:50:51.826 [Debug] received epp: 1240494

--------------------------------------------------------------------------------
2022-04-14 20:50:54.751 [Debug] received epp: 1243776

--------------------------------------------------------------------------------
2022-04-14 20:50:54.958 [Debug] received epp: 1243776

--------------------------------------------------------------------------------
2022-04-14 20:50:59.300 [Debug] received epp: 1248337

--------------------------------------------------------------------------------
2022-04-14 20:51:00.098 [Debug] received epp: 1249134

--------------------------------------------------------------------------------
2022-04-14 20:51:00.448 [Debug] received epp: 1249495

--------------------------------------------------------------------------------
2022-04-14 20:51:01.065 [Debug] received epp: 1250102

--------------------------------------------------------------------------------
2022-04-14 20:51:01.732 [Debug] received epp: 1250776

--------------------------------------------------------------------------------
2022-04-14 20:51:03.531 [Debug] received epp: 1252572

--------------------------------------------------------------------------------
2022-04-14 20:51:04.431 [Debug] received epp: 1253448

--------------------------------------------------------------------------------
2022-04-14 20:52:49.953 [Debug] received epp: 1358962

--------------------------------------------------------------------------------
2022-04-14 20:53:47.433 [Debug] StatusChanged: [NetIncomingMessage #394 10 bytes] [Disconnecting]

--------------------------------------------------------------------------------
2022-04-14 20:53:47.436 [Debug] StatusChanged: [NetIncomingMessage #395 14 bytes] [Disconnected]

--------------------------------------------------------------------------------
2022-04-14 20:53:47.487 [Info] Acquiring context lock... (0ms)

--------------------------------------------------------------------------------
2022-04-14 20:53:47.487 [Info] Acquired. (0ms)

--------------------------------------------------------------------------------
2022-04-14 20:53:47.488 [Info] Beginning context dispose. (0ms)

--------------------------------------------------------------------------------
2022-04-14 20:53:47.488 [Info] GC.SuppressFinalize (0ms)

--------------------------------------------------------------------------------
2022-04-14 20:53:47.488 [Info] InternalDispose() completed. (0ms)

--------------------------------------------------------------------------------
2022-04-14 20:53:47.488 [Info] Clearing instance... (1ms)

--------------------------------------------------------------------------------
2022-04-14 20:53:47.488 [Info] Releasing context lock... (1ms)

--------------------------------------------------------------------------------
2022-04-14 20:53:47.488 [Info] Released. (1ms)

--------------------------------------------------------------------------------
