2022-04-04 19:43:36.711 [Info] Discovered 0 plugins:


--------------------------------------------------------------------------------
2022-04-04 19:43:37.822 [Info] Connecting to 38.129.153.213:5400...

--------------------------------------------------------------------------------
2022-04-04 19:43:38.239 [Info] Connection approved [00000000-0000-0000-0000-000000000000].

--------------------------------------------------------------------------------
2022-04-04 19:43:38.306 [Info] Connected [00000000-0000-0000-0000-000000000000].

--------------------------------------------------------------------------------
2022-04-04 19:43:41.912 [Warn] 'Me' is null.

--------------------------------------------------------------------------------
2022-04-04 20:14:45.463 [Info] Acquiring context lock... (0ms)

--------------------------------------------------------------------------------
2022-04-04 20:14:45.463 [Info] Acquired. (0ms)

--------------------------------------------------------------------------------
2022-04-04 20:14:45.465 [Info] Beginning context dispose. (0ms)

--------------------------------------------------------------------------------
2022-04-04 20:14:45.465 [Info] GC.SuppressFinalize (0ms)

--------------------------------------------------------------------------------
2022-04-04 20:14:45.465 [Info] InternalDispose() completed. (0ms)

--------------------------------------------------------------------------------
2022-04-04 20:14:45.465 [Info] Clearing instance... (2ms)

--------------------------------------------------------------------------------
2022-04-04 20:14:45.466 [Info] Releasing context lock... (2ms)

--------------------------------------------------------------------------------
2022-04-04 20:14:45.466 [Info] Released. (2ms)

--------------------------------------------------------------------------------
