2022-04-08 21:49:33.821 [Info] Connecting to 38.129.153.213:5400...

--------------------------------------------------------------------------------
2022-04-08 21:49:34.475 [Info] Connection approved [00000000-0000-0000-0000-000000000000].

--------------------------------------------------------------------------------
2022-04-08 21:49:34.537 [Debug] approval Time=15378 Offset=63785051359043 Real=63785051374422

--------------------------------------------------------------------------------
2022-04-08 21:49:34.537 [Debug] local Time=15378 Offset=63785051359158 Real=63785051374537

--------------------------------------------------------------------------------
2022-04-08 21:49:34.537 [Debug] real delta=114

--------------------------------------------------------------------------------
2022-04-08 21:49:34.537 [Debug] this.Statistics.Ping=0 NCPing=10

--------------------------------------------------------------------------------
2022-04-08 21:49:34.540 [Debug] Connection established to remote [00000000-0000-0000-0000-000000000000/38.129.153.213:5400].

--------------------------------------------------------------------------------
2022-04-08 21:49:34.540 [Info] Connected [00000000-0000-0000-0000-000000000000].

--------------------------------------------------------------------------------
2022-04-08 22:00:38.789 [Debug] StatusChanged: [NetIncomingMessage #190 10 bytes] [Disconnecting]

--------------------------------------------------------------------------------
2022-04-08 22:00:38.799 [Debug] StatusChanged: [NetIncomingMessage #191 10 bytes] [Disconnected]

--------------------------------------------------------------------------------
2022-04-08 22:00:38.799 [Debug] Connection terminated to remote [00000000-0000-0000-0000-000000000000/38.129.153.213:5400].

--------------------------------------------------------------------------------
2022-04-08 22:00:38.800 [Info] Disconnected [00000000-0000-0000-0000-000000000000].

--------------------------------------------------------------------------------
