2022-04-29 23:56:42.197 [Info] Connecting to 38.129.153.213:5400...

--------------------------------------------------------------------------------
2022-04-29 23:56:42.659 [Info] Connection approved [00000000-0000-0000-0000-000000000000].

--------------------------------------------------------------------------------
2022-04-29 23:56:42.724 [Debug] approval Time=178155 Offset=63786873224487 Real=63786873402642

--------------------------------------------------------------------------------
2022-04-29 23:56:42.724 [Debug] local Time=178155 Offset=63786873224568 Real=63786873402723

--------------------------------------------------------------------------------
2022-04-29 23:56:42.724 [Debug] real delta=80

--------------------------------------------------------------------------------
2022-04-29 23:56:42.724 [Debug] this.Statistics.Ping=0 NCPing=5

--------------------------------------------------------------------------------
2022-04-29 23:56:42.726 [Debug] Connection established to remote [00000000-0000-0000-0000-000000000000/38.129.153.213:5400].

--------------------------------------------------------------------------------
2022-04-29 23:56:42.726 [Info] Connected [00000000-0000-0000-0000-000000000000].

--------------------------------------------------------------------------------
2022-04-29 23:58:27.916 [Debug] StatusChanged: [NetIncomingMessage #679 10 bytes] [Disconnecting]

--------------------------------------------------------------------------------
2022-04-29 23:58:27.923 [Debug] StatusChanged: [NetIncomingMessage #680 10 bytes] [Disconnected]

--------------------------------------------------------------------------------
2022-04-29 23:58:27.923 [Debug] Connection terminated to remote [00000000-0000-0000-0000-000000000000/38.129.153.213:5400].

--------------------------------------------------------------------------------
2022-04-29 23:58:27.923 [Info] Disconnected [00000000-0000-0000-0000-000000000000].

--------------------------------------------------------------------------------
