2022-04-28 12:55:03.236 [Info] Discovered 0 plugins:


--------------------------------------------------------------------------------
2022-04-28 12:55:05.209 [Info] Connecting to 38.129.153.213:5400...

--------------------------------------------------------------------------------
2022-04-28 12:55:05.760 [Info] Connection approved [00000000-0000-0000-0000-000000000000].

--------------------------------------------------------------------------------
2022-04-28 12:55:05.817 [Debug] approval Time=7276 Offset=63786747298459 Real=63786747305736

--------------------------------------------------------------------------------
2022-04-28 12:55:05.817 [Debug] local Time=7276 Offset=63786747298541 Real=63786747305817

--------------------------------------------------------------------------------
2022-04-28 12:55:05.818 [Debug] real delta=81

--------------------------------------------------------------------------------
2022-04-28 12:55:05.818 [Debug] this.Statistics.Ping=0 NCPing=7

--------------------------------------------------------------------------------
2022-04-28 12:55:05.820 [Debug] Connection established to remote [00000000-0000-0000-0000-000000000000/38.129.153.213:5400].

--------------------------------------------------------------------------------
2022-04-28 12:55:05.820 [Info] Connected [00000000-0000-0000-0000-000000000000].

--------------------------------------------------------------------------------
2022-04-28 12:55:12.951 [Warn] 'Me' is null.

--------------------------------------------------------------------------------
2022-04-28 12:55:13.753 [Debug] received epp: 14653

--------------------------------------------------------------------------------
2022-04-28 12:55:31.370 [Debug] received epp: 32885

--------------------------------------------------------------------------------
2022-04-28 12:56:04.284 [Debug] received epp: 65806

--------------------------------------------------------------------------------
2022-04-28 12:56:04.575 [Debug] received epp: 66105

--------------------------------------------------------------------------------
2022-04-28 12:56:07.262 [Debug] received epp: 68792

--------------------------------------------------------------------------------
2022-04-28 12:56:08.486 [Debug] received epp: 69994

--------------------------------------------------------------------------------
2022-04-28 12:56:08.839 [Debug] received epp: 70369

--------------------------------------------------------------------------------
2022-04-28 12:56:09.708 [Debug] received epp: 71228

--------------------------------------------------------------------------------
2022-04-28 12:56:16.686 [Debug] received epp: 78213

--------------------------------------------------------------------------------
2022-04-28 12:56:16.964 [Debug] received epp: 78495

--------------------------------------------------------------------------------
2022-04-28 12:56:17.930 [Debug] received epp: 79462

--------------------------------------------------------------------------------
2022-04-28 12:56:18.666 [Debug] received epp: 80197

--------------------------------------------------------------------------------
2022-04-28 12:56:19.994 [Debug] received epp: 81525

--------------------------------------------------------------------------------
2022-04-28 12:56:20.839 [Debug] received epp: 82354

--------------------------------------------------------------------------------
2022-04-28 12:56:21.699 [Debug] received epp: 83229

--------------------------------------------------------------------------------
2022-04-28 12:56:44.026 [Debug] received epp: 105558

--------------------------------------------------------------------------------
2022-04-28 12:56:44.326 [Debug] received epp: 105839

--------------------------------------------------------------------------------
2022-04-28 12:56:45.741 [Debug] received epp: 107244

--------------------------------------------------------------------------------
2022-04-28 12:56:46.345 [Debug] received epp: 107870

--------------------------------------------------------------------------------
2022-04-28 12:56:47.693 [Debug] received epp: 109214

--------------------------------------------------------------------------------
2022-04-28 12:56:48.825 [Debug] received epp: 110338

--------------------------------------------------------------------------------
2022-04-28 12:56:49.214 [Debug] received epp: 110744

--------------------------------------------------------------------------------
2022-04-28 12:56:49.576 [Debug] received epp: 111103

--------------------------------------------------------------------------------
2022-04-28 12:56:50.152 [Debug] received epp: 111666

--------------------------------------------------------------------------------
2022-04-28 12:56:51.146 [Debug] received epp: 112650

--------------------------------------------------------------------------------
2022-04-28 12:56:51.687 [Debug] received epp: 113213

--------------------------------------------------------------------------------
2022-04-28 12:56:52.241 [Debug] received epp: 113760

--------------------------------------------------------------------------------
2022-04-28 12:56:52.875 [Debug] received epp: 114401

--------------------------------------------------------------------------------
2022-04-28 12:56:53.463 [Debug] received epp: 114994

--------------------------------------------------------------------------------
2022-04-28 12:56:54.422 [Debug] received epp: 115932

--------------------------------------------------------------------------------
2022-04-28 12:56:55.242 [Debug] received epp: 116759

--------------------------------------------------------------------------------
2022-04-28 12:56:56.223 [Debug] received epp: 117729

--------------------------------------------------------------------------------
2022-04-28 12:56:56.935 [Debug] received epp: 118464

--------------------------------------------------------------------------------
2022-04-28 12:56:57.603 [Debug] received epp: 119134

--------------------------------------------------------------------------------
2022-04-28 12:57:01.120 [Debug] received epp: 122635

--------------------------------------------------------------------------------
2022-04-28 12:57:02.860 [Debug] received epp: 124385

--------------------------------------------------------------------------------
2022-04-28 12:57:03.419 [Debug] received epp: 124932

--------------------------------------------------------------------------------
2022-04-28 12:57:04.387 [Debug] received epp: 125916

--------------------------------------------------------------------------------
2022-04-28 12:57:05.401 [Debug] received epp: 126932

--------------------------------------------------------------------------------
2022-04-28 12:58:34.582 [Debug] received epp: 216103

--------------------------------------------------------------------------------
2022-04-28 12:58:34.807 [Info] Acquiring context lock... (0ms)

--------------------------------------------------------------------------------
2022-04-28 12:58:34.807 [Info] Acquired. (0ms)

--------------------------------------------------------------------------------
2022-04-28 12:58:34.808 [Info] Beginning context dispose. (0ms)

--------------------------------------------------------------------------------
2022-04-28 12:58:34.808 [Info] GC.SuppressFinalize (0ms)

--------------------------------------------------------------------------------
2022-04-28 12:58:34.808 [Info] InternalDispose() completed. (0ms)

--------------------------------------------------------------------------------
2022-04-28 12:58:34.809 [Info] Clearing instance... (1ms)

--------------------------------------------------------------------------------
2022-04-28 12:58:34.809 [Info] Releasing context lock... (1ms)

--------------------------------------------------------------------------------
2022-04-28 12:58:34.809 [Info] Released. (1ms)

--------------------------------------------------------------------------------
2022-04-28 12:58:34.809 [Error] NullReferenceException: Object reference not set to an instance of an object.
    Stack:    at Intersect.Client.Entities.Player.Update()
   at Intersect.Client.Core.Main.ProcessGame()
   at Intersect.Client.Core.Main.Update(TimeSpan deltaTime)
   at Intersect.Client.MonoGame.IntersectGame.Update(GameTime gameTime)
   at Microsoft.Xna.Framework.Game.DoUpdate(GameTime gameTime)
   at Microsoft.Xna.Framework.Game.Tick()
   at Microsoft.Xna.Framework.SdlGamePlatform.RunLoop()
   at Microsoft.Xna.Framework.Game.Run(GameRunBehavior runBehavior)
   at Intersect.Client.MonoGame.IntersectGame.MonoGameRunner.Start(IClientContext context, Action postStartupAction)
   at Intersect.Client.Core.ClientContext.InternalStart()
   at Intersect.Core.ApplicationContext`2.Start(Boolean lockUntilShutdown)


--------------------------------------------------------------------------------
