2022-05-01 15:16:48.199 [Info] Connecting to 38.129.153.213:5400...

--------------------------------------------------------------------------------
2022-05-01 15:16:48.632 [Info] Connection approved [00000000-0000-0000-0000-000000000000].

--------------------------------------------------------------------------------
2022-05-01 15:16:48.693 [Debug] approval Time=6609913 Offset=63787008398697 Real=63787015008611

--------------------------------------------------------------------------------
2022-05-01 15:16:48.693 [Debug] local Time=6609913 Offset=63787008398779 Real=63787015008693

--------------------------------------------------------------------------------
2022-05-01 15:16:48.694 [Debug] real delta=81

--------------------------------------------------------------------------------
2022-05-01 15:16:48.694 [Debug] this.Statistics.Ping=0 NCPing=7

--------------------------------------------------------------------------------
2022-05-01 15:16:48.695 [Debug] Connection established to remote [00000000-0000-0000-0000-000000000000/38.129.153.213:5400].

--------------------------------------------------------------------------------
2022-05-01 15:16:48.696 [Info] Connected [00000000-0000-0000-0000-000000000000].

--------------------------------------------------------------------------------
2022-05-01 15:50:30.491 [Debug] StatusChanged: [NetIncomingMessage #638 10 bytes] [Disconnecting]

--------------------------------------------------------------------------------
2022-05-01 15:50:30.499 [Debug] StatusChanged: [NetIncomingMessage #587 10 bytes] [Disconnected]

--------------------------------------------------------------------------------
2022-05-01 15:50:30.499 [Debug] Connection terminated to remote [00000000-0000-0000-0000-000000000000/38.129.153.213:5400].

--------------------------------------------------------------------------------
2022-05-01 15:50:30.499 [Info] Disconnected [00000000-0000-0000-0000-000000000000].

--------------------------------------------------------------------------------
