2022-04-05 00:40:20.144 [Info] Discovered 0 plugins:


--------------------------------------------------------------------------------
2022-04-05 00:40:21.170 [Info] Connecting to 38.129.153.213:5400...

--------------------------------------------------------------------------------
2022-04-05 00:40:21.830 [Info] Connection approved [00000000-0000-0000-0000-000000000000].

--------------------------------------------------------------------------------
2022-04-05 00:40:21.900 [Debug] approval Time=416265 Offset=63784715605500 Real=63784716021765

--------------------------------------------------------------------------------
2022-04-05 00:40:21.900 [Debug] local Time=416265 Offset=63784715605634 Real=63784716021900

--------------------------------------------------------------------------------
2022-04-05 00:40:21.901 [Debug] real delta=134

--------------------------------------------------------------------------------
2022-04-05 00:40:21.901 [Debug] this.Statistics.Ping=0 NCPing=7

--------------------------------------------------------------------------------
2022-04-05 00:40:21.902 [Debug] Connection established to remote [00000000-0000-0000-0000-000000000000/38.129.153.213:5400].

--------------------------------------------------------------------------------
2022-04-05 00:40:21.902 [Info] Connected [00000000-0000-0000-0000-000000000000].

--------------------------------------------------------------------------------
2022-04-05 00:40:26.805 [Warn] 'Me' is null.

--------------------------------------------------------------------------------
2022-04-05 00:40:27.088 [Debug] received epp: 421438

--------------------------------------------------------------------------------
2022-04-05 00:42:01.745 [Error] Received unhandled exception from Name:Intersect Client.exe
There are no context policies.
.

--------------------------------------------------------------------------------
2022-04-05 00:42:01.758 [Error] InvalidOperationException: Collection was modified; enumeration operation may not execute.
    Stack:    at System.ThrowHelper.ThrowInvalidOperationException(ExceptionResource resource)
   at System.Collections.Generic.List`1.Enumerator.MoveNextRare()
   at System.Linq.Enumerable.<SelectManyIterator>d__17`2.MoveNext()
   at System.Linq.Enumerable.<SelectManyIterator>d__17`2.MoveNext()
   at System.Linq.Enumerable.<SelectManyIterator>d__17`2.MoveNext()
   at System.Linq.Enumerable.<SelectManyIterator>d__17`2.MoveNext()
   at System.Linq.Enumerable.<SelectManyIterator>d__17`2.MoveNext()
   at System.Linq.Enumerable.<SelectManyIterator>d__17`2.MoveNext()
   at System.Linq.Enumerable.Any[TSource](IEnumerable`1 source)
   at Intersect.Extensions.EnumerableExtensions.SelectManyRecursive[T](IEnumerable`1 source, Func`2 selector, CancellationToken cancellationToken)
   at Intersect.Extensions.EnumerableExtensions.SelectManyRecursive[T](IEnumerable`1 source, Func`2 selector, CancellationToken cancellationToken)
   at Intersect.Extensions.EnumerableExtensions.SelectManyRecursive[T](IEnumerable`1 source, Func`2 selector, CancellationToken cancellationToken)
   at Intersect.Extensions.EnumerableExtensions.SelectManyRecursive[T](IEnumerable`1 source, Func`2 selector, CancellationToken cancellationToken)
   at Intersect.Extensions.EnumerableExtensions.SelectManyRecursive[T](IEnumerable`1 source, Func`2 selector, CancellationToken cancellationToken)
   at Intersect.Extensions.EnumerableExtensions.SelectManyRecursive[T](IEnumerable`1 source, Func`2 selector, CancellationToken cancellationToken)
   at Intersect.Extensions.EnumerableExtensions.SelectManyRecursive[T](IEnumerable`1 source, Func`2 selector, CancellationToken cancellationToken)
   at Intersect.Extensions.EnumerableExtensions.SelectManyRecursive[T](IEnumerable`1 source, Func`2 selector, CancellationToken cancellationToken)
   at Intersect.Client.Interface.Debugging.DebugWindow.<>c.<CreateTableDebugStats>b__29_13(CancellationToken cancellationToken)
   at Intersect.Client.Framework.Gwen.Control.Data.ValueTableCellDataProvider`1.<>c__DisplayClass1_1.<.ctor>b__3(Task _)
   at System.Threading.Tasks.ContinuationResultTaskFromTask`1.InnerInvoke()
   at System.Threading.Tasks.Task.Execute()
--- End of stack trace from previous location where exception was thrown ---
   at System.Runtime.ExceptionServices.ExceptionDispatchInfo.Throw()
   at System.Runtime.CompilerServices.TaskAwaiter.HandleNonSuccessAndDebuggerNotification(Task task)
   at System.Runtime.CompilerServices.ConfiguredTaskAwaitable`1.ConfiguredTaskAwaiter.GetResult()
   at Intersect.Async.AsyncValueGenerator`1.<DoLoop>d__6.MoveNext()
--- End of stack trace from previous location where exception was thrown ---
   at System.Runtime.ExceptionServices.ExceptionDispatchInfo.Throw()
   at System.Threading.ExecutionContext.RunInternal(ExecutionContext executionContext, ContextCallback callback, Object state, Boolean preserveSyncCtx)
   at System.Threading.ExecutionContext.Run(ExecutionContext executionContext, ContextCallback callback, Object state, Boolean preserveSyncCtx)
   at System.Threading.QueueUserWorkItemCallback.System.Threading.IThreadPoolWorkItem.ExecuteWorkItem()
   at System.Threading.ThreadPoolWorkQueue.Dispatch()


--------------------------------------------------------------------------------
2022-04-05 00:42:01.778 [Info] Acquiring context lock... (0ms)

--------------------------------------------------------------------------------
2022-04-05 00:42:01.778 [Info] Acquired. (0ms)

--------------------------------------------------------------------------------
2022-04-05 00:42:01.779 [Info] Beginning context dispose. (0ms)

--------------------------------------------------------------------------------
2022-04-05 00:42:01.779 [Info] GC.SuppressFinalize (0ms)

--------------------------------------------------------------------------------
2022-04-05 00:42:01.779 [Info] InternalDispose() completed. (0ms)

--------------------------------------------------------------------------------
2022-04-05 00:42:01.779 [Info] Clearing instance... (1ms)

--------------------------------------------------------------------------------
2022-04-05 00:42:01.779 [Info] Releasing context lock... (1ms)

--------------------------------------------------------------------------------
2022-04-05 00:42:01.779 [Info] Released. (1ms)

--------------------------------------------------------------------------------
