2022-04-06 21:44:45.191 [Info] Discovered 0 plugins:


--------------------------------------------------------------------------------
2022-04-06 21:44:46.452 [Info] Connecting to 38.129.153.213:5400...

--------------------------------------------------------------------------------
2022-04-06 21:44:46.924 [Info] Connection approved [00000000-0000-0000-0000-000000000000].

--------------------------------------------------------------------------------
2022-04-06 21:44:47.006 [Debug] approval Time=9402 Offset=63784878277505 Real=63784878286907

--------------------------------------------------------------------------------
2022-04-06 21:44:47.006 [Debug] local Time=9402 Offset=63784878277604 Real=63784878287006

--------------------------------------------------------------------------------
2022-04-06 21:44:47.007 [Debug] real delta=98

--------------------------------------------------------------------------------
2022-04-06 21:44:47.007 [Debug] this.Statistics.Ping=0 NCPing=6

--------------------------------------------------------------------------------
2022-04-06 21:44:47.009 [Debug] Connection established to remote [00000000-0000-0000-0000-000000000000/38.129.153.213:5400].

--------------------------------------------------------------------------------
2022-04-06 21:44:47.009 [Info] Connected [00000000-0000-0000-0000-000000000000].

--------------------------------------------------------------------------------
2022-04-06 21:47:18.673 [Warn] 'Me' is null.

--------------------------------------------------------------------------------
2022-04-06 21:47:19.096 [Debug] received epp: 161308

--------------------------------------------------------------------------------
2022-04-06 21:48:40.326 [Debug] received epp: 242807

--------------------------------------------------------------------------------
2022-04-06 21:48:41.758 [Debug] received epp: 244230

--------------------------------------------------------------------------------
2022-04-06 21:49:06.625 [Debug] received epp: 269104

--------------------------------------------------------------------------------
2022-04-06 21:49:45.208 [Debug] received epp: 307683

--------------------------------------------------------------------------------
2022-04-06 21:49:45.725 [Debug] received epp: 308199

--------------------------------------------------------------------------------
2022-04-06 21:49:46.091 [Debug] received epp: 308573

--------------------------------------------------------------------------------
2022-04-06 21:49:48.836 [Error] Received unhandled exception from Name:Intersect Client.exe
There are no context policies.
.

--------------------------------------------------------------------------------
2022-04-06 21:49:48.845 [Error] InvalidOperationException: Collection was modified; enumeration operation may not execute.
    Stack:    at System.ThrowHelper.ThrowInvalidOperationException(ExceptionResource resource)
   at System.Collections.Generic.List`1.Enumerator.MoveNextRare()
   at System.Linq.Enumerable.<SelectManyIterator>d__17`2.MoveNext()
   at System.Linq.Enumerable.<SelectManyIterator>d__17`2.MoveNext()
   at System.Linq.Enumerable.<SelectManyIterator>d__17`2.MoveNext()
   at System.Linq.Enumerable.<SelectManyIterator>d__17`2.MoveNext()
   at System.Linq.Enumerable.<SelectManyIterator>d__17`2.MoveNext()
   at System.Linq.Enumerable.<SelectManyIterator>d__17`2.MoveNext()
   at System.Linq.Enumerable.Any[TSource](IEnumerable`1 source)
   at Intersect.Extensions.EnumerableExtensions.SelectManyRecursive[T](IEnumerable`1 source, Func`2 selector, CancellationToken cancellationToken)
   at Intersect.Extensions.EnumerableExtensions.SelectManyRecursive[T](IEnumerable`1 source, Func`2 selector, CancellationToken cancellationToken)
   at Intersect.Extensions.EnumerableExtensions.SelectManyRecursive[T](IEnumerable`1 source, Func`2 selector, CancellationToken cancellationToken)
   at Intersect.Extensions.EnumerableExtensions.SelectManyRecursive[T](IEnumerable`1 source, Func`2 selector, CancellationToken cancellationToken)
   at Intersect.Extensions.EnumerableExtensions.SelectManyRecursive[T](IEnumerable`1 source, Func`2 selector, CancellationToken cancellationToken)
   at Intersect.Extensions.EnumerableExtensions.SelectManyRecursive[T](IEnumerable`1 source, Func`2 selector, CancellationToken cancellationToken)
   at Intersect.Extensions.EnumerableExtensions.SelectManyRecursive[T](IEnumerable`1 source, Func`2 selector, CancellationToken cancellationToken)
   at Intersect.Extensions.EnumerableExtensions.SelectManyRecursive[T](IEnumerable`1 source, Func`2 selector, CancellationToken cancellationToken)
   at Intersect.Client.Interface.Debugging.DebugWindow.<>c.<CreateTableDebugStats>b__29_13(CancellationToken cancellationToken)
   at Intersect.Client.Framework.Gwen.Control.Data.ValueTableCellDataProvider`1.<>c__DisplayClass1_1.<.ctor>b__3(Task _)
   at System.Threading.Tasks.ContinuationResultTaskFromTask`1.InnerInvoke()
   at System.Threading.Tasks.Task.Execute()
--- End of stack trace from previous location where exception was thrown ---
   at System.Runtime.ExceptionServices.ExceptionDispatchInfo.Throw()
   at System.Runtime.CompilerServices.TaskAwaiter.HandleNonSuccessAndDebuggerNotification(Task task)
   at System.Runtime.CompilerServices.ConfiguredTaskAwaitable`1.ConfiguredTaskAwaiter.GetResult()
   at Intersect.Async.AsyncValueGenerator`1.<DoLoop>d__6.MoveNext()
--- End of stack trace from previous location where exception was thrown ---
   at System.Runtime.ExceptionServices.ExceptionDispatchInfo.Throw()
   at System.Threading.ExecutionContext.RunInternal(ExecutionContext executionContext, ContextCallback callback, Object state, Boolean preserveSyncCtx)
   at System.Threading.ExecutionContext.Run(ExecutionContext executionContext, ContextCallback callback, Object state, Boolean preserveSyncCtx)
   at System.Threading.QueueUserWorkItemCallback.System.Threading.IThreadPoolWorkItem.ExecuteWorkItem()
   at System.Threading.ThreadPoolWorkQueue.Dispatch()


--------------------------------------------------------------------------------
2022-04-06 21:49:48.870 [Info] Acquiring context lock... (0ms)

--------------------------------------------------------------------------------
2022-04-06 21:49:48.870 [Info] Acquired. (0ms)

--------------------------------------------------------------------------------
2022-04-06 21:49:48.870 [Info] Beginning context dispose. (0ms)

--------------------------------------------------------------------------------
2022-04-06 21:49:48.871 [Info] GC.SuppressFinalize (0ms)

--------------------------------------------------------------------------------
2022-04-06 21:49:48.871 [Info] InternalDispose() completed. (0ms)

--------------------------------------------------------------------------------
2022-04-06 21:49:48.871 [Info] Clearing instance... (1ms)

--------------------------------------------------------------------------------
2022-04-06 21:49:48.871 [Info] Releasing context lock... (1ms)

--------------------------------------------------------------------------------
2022-04-06 21:49:48.871 [Info] Released. (1ms)

--------------------------------------------------------------------------------
