2022-04-03 17:28:27.438 [Info] Discovered 0 plugins:


--------------------------------------------------------------------------------
2022-04-03 17:28:28.455 [Info] Connecting to 38.129.153.213:5400...

--------------------------------------------------------------------------------
2022-04-03 17:28:28.908 [Info] Connection approved [00000000-0000-0000-0000-000000000000].

--------------------------------------------------------------------------------
2022-04-03 17:28:29.002 [Debug] approval Time=8918900 Offset=63784594789990 Real=63784603708891

--------------------------------------------------------------------------------
2022-04-03 17:28:29.002 [Debug] local Time=8918900 Offset=63784594790101 Real=63784603709002

--------------------------------------------------------------------------------
2022-04-03 17:28:29.002 [Debug] real delta=111

--------------------------------------------------------------------------------
2022-04-03 17:28:29.003 [Debug] this.Statistics.Ping=0 NCPing=8

--------------------------------------------------------------------------------
2022-04-03 17:28:29.005 [Debug] Connection established to remote [00000000-0000-0000-0000-000000000000/38.129.153.213:5400].

--------------------------------------------------------------------------------
2022-04-03 17:28:29.005 [Info] Connected [00000000-0000-0000-0000-000000000000].

--------------------------------------------------------------------------------
2022-04-03 17:28:47.326 [Debug] StatusChanged: [NetIncomingMessage #0 10 bytes] [Disconnecting]

--------------------------------------------------------------------------------
2022-04-03 17:28:47.328 [Debug] StatusChanged: [NetIncomingMessage #0 10 bytes] [Disconnected]

--------------------------------------------------------------------------------
2022-04-03 17:28:47.373 [Info] Acquiring context lock... (0ms)

--------------------------------------------------------------------------------
2022-04-03 17:28:47.373 [Info] Acquired. (0ms)

--------------------------------------------------------------------------------
2022-04-03 17:28:47.374 [Info] Beginning context dispose. (0ms)

--------------------------------------------------------------------------------
2022-04-03 17:28:47.375 [Info] GC.SuppressFinalize (0ms)

--------------------------------------------------------------------------------
2022-04-03 17:28:47.375 [Info] InternalDispose() completed. (0ms)

--------------------------------------------------------------------------------
2022-04-03 17:28:47.375 [Info] Clearing instance... (2ms)

--------------------------------------------------------------------------------
2022-04-03 17:28:47.375 [Info] Releasing context lock... (2ms)

--------------------------------------------------------------------------------
2022-04-03 17:28:47.375 [Info] Released. (2ms)

--------------------------------------------------------------------------------
