2022-04-06 22:06:51.073 [Info] Connecting to 38.129.153.213:5400...

--------------------------------------------------------------------------------
2022-04-06 22:06:51.501 [Info] Connection approved [00000000-0000-0000-0000-000000000000].

--------------------------------------------------------------------------------
2022-04-06 22:06:51.566 [Debug] approval Time=1333980 Offset=63784878277505 Real=63784879611486

--------------------------------------------------------------------------------
2022-04-06 22:06:51.566 [Debug] local Time=1333980 Offset=63784878277585 Real=63784879611566

--------------------------------------------------------------------------------
2022-04-06 22:06:51.566 [Debug] real delta=80

--------------------------------------------------------------------------------
2022-04-06 22:06:51.566 [Debug] this.Statistics.Ping=0 NCPing=19

--------------------------------------------------------------------------------
2022-04-06 22:06:51.568 [Debug] Connection established to remote [00000000-0000-0000-0000-000000000000/38.129.153.213:5400].

--------------------------------------------------------------------------------
2022-04-06 22:06:51.568 [Info] Connected [00000000-0000-0000-0000-000000000000].

--------------------------------------------------------------------------------
2022-04-06 22:09:05.725 [Debug] StatusChanged: [NetIncomingMessage #340 10 bytes] [Disconnecting]

--------------------------------------------------------------------------------
2022-04-06 22:09:05.742 [Debug] StatusChanged: [NetIncomingMessage #341 10 bytes] [Disconnected]

--------------------------------------------------------------------------------
2022-04-06 22:09:05.742 [Debug] Connection terminated to remote [00000000-0000-0000-0000-000000000000/38.129.153.213:5400].

--------------------------------------------------------------------------------
2022-04-06 22:09:05.742 [Info] Disconnected [00000000-0000-0000-0000-000000000000].

--------------------------------------------------------------------------------
