2022-04-03 15:12:29.941 [Info] Connecting to 38.129.153.213:5400...

--------------------------------------------------------------------------------
2022-04-03 15:12:30.365 [Info] Connection approved [00000000-0000-0000-0000-000000000000].

--------------------------------------------------------------------------------
2022-04-03 15:12:30.426 [Debug] approval Time=760355 Offset=63784594789990 Real=63784595550345

--------------------------------------------------------------------------------
2022-04-03 15:12:30.426 [Debug] local Time=760355 Offset=63784594790071 Real=63784595550426

--------------------------------------------------------------------------------
2022-04-03 15:12:30.427 [Debug] real delta=80

--------------------------------------------------------------------------------
2022-04-03 15:12:30.427 [Debug] this.Statistics.Ping=0 NCPing=5

--------------------------------------------------------------------------------
2022-04-03 15:12:30.428 [Debug] Connection established to remote [00000000-0000-0000-0000-000000000000/38.129.153.213:5400].

--------------------------------------------------------------------------------
2022-04-03 15:12:30.429 [Info] Connected [00000000-0000-0000-0000-000000000000].

--------------------------------------------------------------------------------
2022-04-03 15:23:01.276 [Error] 
  Message: resources/entities/1450-0.png
    Stack:    at System.Drawing.Image.FromFile(String filename, Boolean useEmbeddedColorManagement)
   at Intersect.Editor.Forms.Editors.FrmNpc.DrawNpcSprite() in C:\TeamCity\buildAgent\work\40dc5d27074313da\Intersect.Editor\Forms\Editors\frmNpc.cs:line 383
   at Intersect.Editor.Forms.Editors.FrmNpc.nudRgbaR_ValueChanged(Object sender, EventArgs e) in C:\TeamCity\buildAgent\work\40dc5d27074313da\Intersect.Editor\Forms\Editors\frmNpc.cs:line 888
   at System.Windows.Forms.NumericUpDown.OnValueChanged(EventArgs e)
   at System.Windows.Forms.NumericUpDown.set_Value(Decimal value)
   at DarkUI.Controls.DarkNumericUpDown.set_Value(Decimal value)
   at Intersect.Editor.Forms.Editors.FrmNpc.UpdateEditor() in C:\TeamCity\buildAgent\work\40dc5d27074313da\Intersect.Editor\Forms\Editors\frmNpc.cs:line 254
   at Intersect.Editor.Forms.Editors.FrmNpc.AssignEditorItem(Guid id) in C:\TeamCity\buildAgent\work\40dc5d27074313da\Intersect.Editor\Forms\Editors\frmNpc.cs:line 43
   at Intersect.Editor.Forms.Controls.GameObjectList.GameObjectList_AfterSelect(Object sender, TreeViewEventArgs e) in C:\TeamCity\buildAgent\work\40dc5d27074313da\Intersect.Editor\Forms\Controls\GameObjectList.cs:line 140
   at System.Windows.Forms.TreeView.OnAfterSelect(TreeViewEventArgs e)
   at System.Windows.Forms.TreeView.TvnSelected(NMTREEVIEW* nmtv)
   at System.Windows.Forms.TreeView.WmNotify(Message& m)
   at System.Windows.Forms.TreeView.WndProc(Message& m)
   at System.Windows.Forms.NativeWindow.Callback(IntPtr hWnd, Int32 msg, IntPtr wparam, IntPtr lparam)


--------------------------------------------------------------------------------
