2022-04-29 20:05:16.289 [Info] Connecting to 38.129.153.213:5400...

--------------------------------------------------------------------------------
2022-04-29 20:05:16.795 [Info] Connection approved [00000000-0000-0000-0000-000000000000].

--------------------------------------------------------------------------------
2022-04-29 20:05:16.862 [Debug] approval Time=10582021 Offset=63786848934761 Real=63786859516782

--------------------------------------------------------------------------------
2022-04-29 20:05:16.863 [Debug] local Time=10582021 Offset=63786848934841 Real=63786859516862

--------------------------------------------------------------------------------
2022-04-29 20:05:16.863 [Debug] real delta=79

--------------------------------------------------------------------------------
2022-04-29 20:05:16.863 [Debug] this.Statistics.Ping=0 NCPing=5

--------------------------------------------------------------------------------
2022-04-29 20:05:16.865 [Debug] Connection established to remote [00000000-0000-0000-0000-000000000000/38.129.153.213:5400].

--------------------------------------------------------------------------------
2022-04-29 20:05:16.865 [Info] Connected [00000000-0000-0000-0000-000000000000].

--------------------------------------------------------------------------------
2022-04-29 23:23:26.772 [Debug] StatusChanged: [NetIncomingMessage #0 10 bytes] [Disconnecting]

--------------------------------------------------------------------------------
2022-04-29 23:23:26.774 [Debug] StatusChanged: [NetIncomingMessage #0 10 bytes] [Disconnected]

--------------------------------------------------------------------------------
2022-04-29 23:23:26.775 [Debug] Connection terminated to remote [00000000-0000-0000-0000-000000000000/38.129.153.213:5400].

--------------------------------------------------------------------------------
2022-04-29 23:23:26.775 [Info] Disconnected [00000000-0000-0000-0000-000000000000].

--------------------------------------------------------------------------------
