2022-04-05 23:54:20.066 [Info] Connecting to 38.129.153.213:5400...

--------------------------------------------------------------------------------
2022-04-05 23:54:20.843 [Info] Connection approved [00000000-0000-0000-0000-000000000000].

--------------------------------------------------------------------------------
2022-04-05 23:54:20.918 [Debug] approval Time=70101 Offset=63784799590665 Real=63784799660766

--------------------------------------------------------------------------------
2022-04-05 23:54:20.918 [Debug] local Time=70101 Offset=63784799590817 Real=63784799660918

--------------------------------------------------------------------------------
2022-04-05 23:54:20.919 [Debug] real delta=151

--------------------------------------------------------------------------------
2022-04-05 23:54:20.919 [Debug] this.Statistics.Ping=0 NCPing=7

--------------------------------------------------------------------------------
2022-04-05 23:54:20.921 [Debug] Connection established to remote [00000000-0000-0000-0000-000000000000/38.129.153.213:5400].

--------------------------------------------------------------------------------
2022-04-05 23:54:20.922 [Info] Connected [00000000-0000-0000-0000-000000000000].

--------------------------------------------------------------------------------
2022-04-06 00:04:32.504 [Debug] StatusChanged: [NetIncomingMessage #0 10 bytes] [Disconnecting]

--------------------------------------------------------------------------------
2022-04-06 00:04:32.521 [Debug] StatusChanged: [NetIncomingMessage #0 10 bytes] [Disconnected]

--------------------------------------------------------------------------------
2022-04-06 00:04:32.521 [Debug] Connection terminated to remote [00000000-0000-0000-0000-000000000000/38.129.153.213:5400].

--------------------------------------------------------------------------------
2022-04-06 00:04:32.521 [Info] Disconnected [00000000-0000-0000-0000-000000000000].

--------------------------------------------------------------------------------
