2022-04-06 01:11:04.034 [Info] Discovered 0 plugins:


--------------------------------------------------------------------------------
2022-04-06 01:11:05.117 [Info] Connecting to 38.129.153.213:5400...

--------------------------------------------------------------------------------
2022-04-06 01:11:05.529 [Info] Connection approved [00000000-0000-0000-0000-000000000000].

--------------------------------------------------------------------------------
2022-04-06 01:11:05.592 [Debug] approval Time=4674850 Offset=63784799590665 Real=63784804265516

--------------------------------------------------------------------------------
2022-04-06 01:11:05.592 [Debug] local Time=4674850 Offset=63784799590741 Real=63784804265592

--------------------------------------------------------------------------------
2022-04-06 01:11:05.592 [Debug] real delta=75

--------------------------------------------------------------------------------
2022-04-06 01:11:05.592 [Debug] this.Statistics.Ping=0 NCPing=28

--------------------------------------------------------------------------------
2022-04-06 01:11:05.594 [Debug] Connection established to remote [00000000-0000-0000-0000-000000000000/38.129.153.213:5400].

--------------------------------------------------------------------------------
2022-04-06 01:11:05.594 [Info] Connected [00000000-0000-0000-0000-000000000000].

--------------------------------------------------------------------------------
2022-04-06 01:12:55.863 [Warn] 'Me' is null.

--------------------------------------------------------------------------------
2022-04-06 01:12:56.153 [Debug] received epp: 4785132

--------------------------------------------------------------------------------
2022-04-06 01:14:16.459 [Debug] received epp: 4865757

--------------------------------------------------------------------------------
2022-04-06 01:14:29.218 [Debug] received epp: 4878508

--------------------------------------------------------------------------------
2022-04-06 01:14:29.435 [Debug] received epp: 4878741

--------------------------------------------------------------------------------
2022-04-06 01:14:29.668 [Debug] received epp: 4878992

--------------------------------------------------------------------------------
2022-04-06 01:14:29.934 [Debug] received epp: 4879258

--------------------------------------------------------------------------------
2022-04-06 01:14:30.201 [Debug] received epp: 4879523

--------------------------------------------------------------------------------
2022-04-06 01:14:30.456 [Debug] received epp: 4879773

--------------------------------------------------------------------------------
2022-04-06 01:14:30.968 [Debug] received epp: 4880288

--------------------------------------------------------------------------------
2022-04-06 01:14:31.235 [Debug] received epp: 4880554

--------------------------------------------------------------------------------
2022-04-06 01:14:31.469 [Debug] received epp: 4880788

--------------------------------------------------------------------------------
2022-04-06 01:14:32.384 [Debug] received epp: 4881695

--------------------------------------------------------------------------------
2022-04-06 01:14:33.068 [Debug] received epp: 4882382

--------------------------------------------------------------------------------
2022-04-06 01:14:37.902 [Debug] received epp: 4887210

--------------------------------------------------------------------------------
2022-04-06 01:14:38.122 [Debug] received epp: 4887210

--------------------------------------------------------------------------------
2022-04-06 01:14:39.734 [Debug] received epp: 4889054

--------------------------------------------------------------------------------
2022-04-06 01:14:39.770 [Debug] received epp: 4889086

--------------------------------------------------------------------------------
2022-04-06 01:14:40.036 [Debug] received epp: 4889336

--------------------------------------------------------------------------------
2022-04-06 01:14:40.036 [Debug] received epp: 4889350

--------------------------------------------------------------------------------
2022-04-06 01:14:40.803 [Debug] received epp: 4890100

--------------------------------------------------------------------------------
2022-04-06 01:14:41.204 [Debug] received epp: 4890522

--------------------------------------------------------------------------------
2022-04-06 01:15:31.153 [Debug] received epp: 4940475

--------------------------------------------------------------------------------
2022-04-06 01:15:46.335 [Debug] received epp: 4955648

--------------------------------------------------------------------------------
2022-04-06 01:15:46.552 [Debug] received epp: 4955866

--------------------------------------------------------------------------------
2022-04-06 01:15:47.319 [Debug] received epp: 4956632

--------------------------------------------------------------------------------
2022-04-06 01:15:48.151 [Debug] received epp: 4957475

--------------------------------------------------------------------------------
2022-04-06 01:15:49.469 [Debug] received epp: 4958789

--------------------------------------------------------------------------------
2022-04-06 01:15:49.546 [Debug] received epp: 4958789

--------------------------------------------------------------------------------
2022-04-06 01:15:50.352 [Debug] received epp: 4959664

--------------------------------------------------------------------------------
2022-04-06 01:15:50.585 [Debug] received epp: 4959882

--------------------------------------------------------------------------------
2022-04-06 01:15:50.786 [Debug] received epp: 4960101

--------------------------------------------------------------------------------
2022-04-06 01:15:51.538 [Debug] received epp: 4960850

--------------------------------------------------------------------------------
2022-04-06 01:15:51.786 [Debug] received epp: 4961101

--------------------------------------------------------------------------------
2022-04-06 01:15:52.002 [Debug] received epp: 4961320

--------------------------------------------------------------------------------
2022-04-06 01:15:52.718 [Debug] received epp: 4962022

--------------------------------------------------------------------------------
2022-04-06 01:15:53.372 [Debug] received epp: 4962679

--------------------------------------------------------------------------------
2022-04-06 01:24:49.915 [Debug] received epp: 5499226

--------------------------------------------------------------------------------
2022-04-06 01:26:32.211 [Debug] received epp: 5601506

--------------------------------------------------------------------------------
2022-04-06 01:34:45.859 [Debug] received epp: 6095164

--------------------------------------------------------------------------------
2022-04-06 01:37:06.162 [Debug] received epp: 6235444

--------------------------------------------------------------------------------
2022-04-06 01:39:59.544 [Debug] received epp: 6408836

--------------------------------------------------------------------------------
2022-04-06 01:41:01.011 [Debug] received epp: 6470272

--------------------------------------------------------------------------------
2022-04-06 01:42:37.957 [Debug] received epp: 6567273

--------------------------------------------------------------------------------
2022-04-06 01:42:38.207 [Debug] received epp: 6567492

--------------------------------------------------------------------------------
2022-04-06 01:42:38.397 [Debug] received epp: 6567711

--------------------------------------------------------------------------------
2022-04-06 01:42:38.630 [Debug] received epp: 6567945

--------------------------------------------------------------------------------
2022-04-06 01:42:39.174 [Debug] received epp: 6568475

--------------------------------------------------------------------------------
2022-04-06 01:42:39.390 [Debug] received epp: 6568710

--------------------------------------------------------------------------------
2022-04-06 01:42:39.607 [Debug] received epp: 6568928

--------------------------------------------------------------------------------
2022-04-06 01:42:40.257 [Debug] received epp: 6569538

--------------------------------------------------------------------------------
2022-04-06 01:42:48.956 [Debug] received epp: 6578272

--------------------------------------------------------------------------------
2022-04-06 01:43:47.241 [Debug] received epp: 6636539

--------------------------------------------------------------------------------
2022-04-06 01:44:07.644 [Debug] received epp: 6656945

--------------------------------------------------------------------------------
2022-04-06 01:44:34.910 [Debug] received epp: 6684225

--------------------------------------------------------------------------------
2022-04-06 01:44:35.207 [Debug] received epp: 6684507

--------------------------------------------------------------------------------
2022-04-06 01:44:35.408 [Debug] received epp: 6684725

--------------------------------------------------------------------------------
2022-04-06 01:44:35.642 [Debug] received epp: 6684960

--------------------------------------------------------------------------------
2022-04-06 01:44:36.124 [Debug] received epp: 6685429

--------------------------------------------------------------------------------
2022-04-06 01:44:36.342 [Debug] received epp: 6685664

--------------------------------------------------------------------------------
2022-04-06 01:44:36.541 [Debug] received epp: 6685851

--------------------------------------------------------------------------------
2022-04-06 01:44:36.807 [Debug] received epp: 6686101

--------------------------------------------------------------------------------
2022-04-06 01:44:37.257 [Debug] received epp: 6686569

--------------------------------------------------------------------------------
2022-04-06 01:46:46.327 [Warn] 'Me' is null.

--------------------------------------------------------------------------------
2022-04-06 01:46:46.456 [Debug] received epp: 6815647

--------------------------------------------------------------------------------
2022-04-06 01:46:50.041 [Debug] received epp: 6819351

--------------------------------------------------------------------------------
2022-04-06 01:46:50.271 [Debug] received epp: 6819351

--------------------------------------------------------------------------------
2022-04-06 01:46:55.260 [Debug] received epp: 6824571

--------------------------------------------------------------------------------
2022-04-06 01:46:57.308 [Debug] received epp: 6826616

--------------------------------------------------------------------------------
2022-04-06 01:46:57.975 [Debug] received epp: 6827289

--------------------------------------------------------------------------------
2022-04-06 01:46:58.047 [Debug] received epp: 6827289

--------------------------------------------------------------------------------
2022-04-06 01:46:59.207 [Debug] received epp: 6828522

--------------------------------------------------------------------------------
2022-04-06 01:46:59.474 [Debug] received epp: 6828773

--------------------------------------------------------------------------------
2022-04-06 01:46:59.742 [Debug] received epp: 6829053

--------------------------------------------------------------------------------
2022-04-06 01:47:00.775 [Debug] received epp: 6830084

--------------------------------------------------------------------------------
2022-04-06 01:47:01.377 [Debug] received epp: 6830695

--------------------------------------------------------------------------------
2022-04-06 01:47:01.891 [Debug] received epp: 6831211

--------------------------------------------------------------------------------
2022-04-06 01:47:02.991 [Debug] received epp: 6832304

--------------------------------------------------------------------------------
2022-04-06 01:47:03.241 [Debug] received epp: 6832555

--------------------------------------------------------------------------------
2022-04-06 01:47:03.908 [Debug] received epp: 6833226

--------------------------------------------------------------------------------
2022-04-06 01:47:04.525 [Debug] received epp: 6833834

--------------------------------------------------------------------------------
2022-04-06 01:47:08.143 [Debug] received epp: 6837445

--------------------------------------------------------------------------------
2022-04-06 01:47:09.194 [Debug] received epp: 6838508

--------------------------------------------------------------------------------
2022-04-06 01:47:09.627 [Debug] received epp: 6838570

--------------------------------------------------------------------------------
2022-04-06 01:47:10.564 [Debug] received epp: 6839632

--------------------------------------------------------------------------------
2022-04-06 01:47:11.553 [Debug] received epp: 6840695

--------------------------------------------------------------------------------
2022-04-06 01:47:12.491 [Debug] received epp: 6841820

--------------------------------------------------------------------------------
2022-04-06 01:47:12.508 [Debug] received epp: 6841820

--------------------------------------------------------------------------------
2022-04-06 01:47:13.560 [Debug] received epp: 6842882

--------------------------------------------------------------------------------
2022-04-06 01:47:14.694 [Debug] received epp: 6844007

--------------------------------------------------------------------------------
2022-04-06 01:47:14.746 [Debug] received epp: 6844069

--------------------------------------------------------------------------------
2022-04-06 01:47:15.811 [Debug] received epp: 6845132

--------------------------------------------------------------------------------
2022-04-06 01:47:16.874 [Debug] received epp: 6846195

--------------------------------------------------------------------------------
2022-04-06 01:47:16.943 [Debug] received epp: 6846257

--------------------------------------------------------------------------------
2022-04-06 01:47:18.010 [Debug] received epp: 6847320

--------------------------------------------------------------------------------
2022-04-06 01:47:19.124 [Debug] received epp: 6848445

--------------------------------------------------------------------------------
2022-04-06 01:47:19.193 [Debug] received epp: 6848507

--------------------------------------------------------------------------------
2022-04-06 01:47:20.259 [Debug] received epp: 6849570

--------------------------------------------------------------------------------
2022-04-06 01:47:21.374 [Debug] received epp: 6850696

--------------------------------------------------------------------------------
2022-04-06 01:47:22.504 [Debug] received epp: 6851819

--------------------------------------------------------------------------------
2022-04-06 01:47:22.505 [Debug] received epp: 6851819

--------------------------------------------------------------------------------
2022-04-06 01:47:23.578 [Debug] received epp: 6852882

--------------------------------------------------------------------------------
2022-04-06 01:47:24.692 [Debug] received epp: 6854006

--------------------------------------------------------------------------------
2022-04-06 01:47:25.758 [Debug] received epp: 6855070

--------------------------------------------------------------------------------
2022-04-06 01:47:25.827 [Debug] received epp: 6855131

--------------------------------------------------------------------------------
2022-04-06 01:47:26.929 [Debug] received epp: 6856195

--------------------------------------------------------------------------------
2022-04-06 01:47:27.991 [Debug] received epp: 6857321

--------------------------------------------------------------------------------
2022-04-06 01:47:29.074 [Debug] received epp: 6858383

--------------------------------------------------------------------------------
2022-04-06 01:47:29.124 [Debug] received epp: 6858445

--------------------------------------------------------------------------------
2022-04-06 01:47:30.130 [Debug] received epp: 6859445

--------------------------------------------------------------------------------
2022-04-06 01:47:31.191 [Debug] received epp: 6860508

--------------------------------------------------------------------------------
2022-04-06 01:47:32.324 [Debug] received epp: 6861633

--------------------------------------------------------------------------------
2022-04-06 01:47:32.377 [Debug] received epp: 6861694

--------------------------------------------------------------------------------
2022-04-06 01:47:33.447 [Debug] received epp: 6862757

--------------------------------------------------------------------------------
2022-04-06 01:47:34.558 [Debug] received epp: 6863882

--------------------------------------------------------------------------------
2022-04-06 01:47:35.741 [Debug] received epp: 6865008

--------------------------------------------------------------------------------
2022-04-06 01:47:35.744 [Debug] received epp: 6865008

--------------------------------------------------------------------------------
2022-04-06 01:47:36.761 [Debug] received epp: 6866070

--------------------------------------------------------------------------------
2022-04-06 01:47:37.874 [Debug] received epp: 6867195

--------------------------------------------------------------------------------
2022-04-06 01:47:37.875 [Debug] received epp: 6867195

--------------------------------------------------------------------------------
2022-04-06 01:47:39.011 [Debug] received epp: 6868319

--------------------------------------------------------------------------------
2022-04-06 01:47:40.057 [Debug] received epp: 6869383

--------------------------------------------------------------------------------
2022-04-06 01:47:41.210 [Debug] received epp: 6870507

--------------------------------------------------------------------------------
2022-04-06 01:47:41.211 [Debug] received epp: 6870507

--------------------------------------------------------------------------------
2022-04-06 01:47:41.376 [Debug] received epp: 6870523

--------------------------------------------------------------------------------
2022-04-06 01:47:42.259 [Debug] received epp: 6871569

--------------------------------------------------------------------------------
2022-04-06 01:47:43.325 [Debug] received epp: 6872632

--------------------------------------------------------------------------------
2022-04-06 01:47:44.374 [Debug] received epp: 6873694

--------------------------------------------------------------------------------
2022-04-06 01:47:44.376 [Debug] received epp: 6873694

--------------------------------------------------------------------------------
2022-04-06 01:47:45.508 [Debug] received epp: 6874819

--------------------------------------------------------------------------------
2022-04-06 01:47:46.558 [Debug] received epp: 6875882

--------------------------------------------------------------------------------
2022-04-06 01:47:46.625 [Debug] received epp: 6875944

--------------------------------------------------------------------------------
2022-04-06 01:47:47.694 [Debug] received epp: 6877007

--------------------------------------------------------------------------------
2022-04-06 01:47:48.828 [Debug] received epp: 6878133

--------------------------------------------------------------------------------
2022-04-06 01:47:49.993 [Debug] received epp: 6879257

--------------------------------------------------------------------------------
2022-04-06 01:47:49.994 [Debug] received epp: 6879320

--------------------------------------------------------------------------------
2022-04-06 01:47:51.059 [Debug] received epp: 6880382

--------------------------------------------------------------------------------
2022-04-06 01:47:52.192 [Debug] received epp: 6881508

--------------------------------------------------------------------------------
2022-04-06 01:47:52.259 [Debug] received epp: 6881570

--------------------------------------------------------------------------------
2022-04-06 01:47:53.327 [Debug] received epp: 6882633

--------------------------------------------------------------------------------
2022-04-06 01:47:54.441 [Debug] received epp: 6883757

--------------------------------------------------------------------------------
2022-04-06 01:47:55.558 [Debug] received epp: 6884883

--------------------------------------------------------------------------------
2022-04-06 01:47:55.559 [Debug] received epp: 6884883

--------------------------------------------------------------------------------
2022-04-06 01:47:56.693 [Debug] received epp: 6886008

--------------------------------------------------------------------------------
2022-04-06 01:47:57.808 [Debug] received epp: 6887133

--------------------------------------------------------------------------------
2022-04-06 01:47:57.809 [Debug] received epp: 6887133

--------------------------------------------------------------------------------
2022-04-06 01:47:58.876 [Debug] received epp: 6888195

--------------------------------------------------------------------------------
2022-04-06 01:47:59.941 [Debug] received epp: 6889257

--------------------------------------------------------------------------------
2022-04-06 01:48:01.091 [Debug] received epp: 6890382

--------------------------------------------------------------------------------
2022-04-06 01:48:01.126 [Debug] received epp: 6890444

--------------------------------------------------------------------------------
2022-04-06 01:48:01.609 [Debug] StatusChanged: [NetIncomingMessage #743 10 bytes] [Disconnecting]

--------------------------------------------------------------------------------
2022-04-06 01:48:01.615 [Debug] StatusChanged: [NetIncomingMessage #744 14 bytes] [Disconnected]

--------------------------------------------------------------------------------
2022-04-06 01:48:01.662 [Info] Acquiring context lock... (0ms)

--------------------------------------------------------------------------------
2022-04-06 01:48:01.662 [Info] Acquired. (0ms)

--------------------------------------------------------------------------------
2022-04-06 01:48:01.663 [Info] Beginning context dispose. (0ms)

--------------------------------------------------------------------------------
2022-04-06 01:48:01.663 [Info] GC.SuppressFinalize (0ms)

--------------------------------------------------------------------------------
2022-04-06 01:48:01.663 [Info] InternalDispose() completed. (0ms)

--------------------------------------------------------------------------------
2022-04-06 01:48:01.663 [Info] Clearing instance... (1ms)

--------------------------------------------------------------------------------
2022-04-06 01:48:01.664 [Info] Releasing context lock... (1ms)

--------------------------------------------------------------------------------
2022-04-06 01:48:01.664 [Info] Released. (1ms)

--------------------------------------------------------------------------------
