2022-04-28 12:58:43.095 [Info] Discovered 0 plugins:


--------------------------------------------------------------------------------
2022-04-28 12:58:44.344 [Info] Connecting to 38.129.153.213:5400...

--------------------------------------------------------------------------------
2022-04-28 12:58:44.862 [Info] Connection approved [00000000-0000-0000-0000-000000000000].

--------------------------------------------------------------------------------
2022-04-28 12:58:44.937 [Debug] approval Time=226385 Offset=63786747298459 Real=63786747524845

--------------------------------------------------------------------------------
2022-04-28 12:58:44.937 [Debug] local Time=226385 Offset=63786747298552 Real=63786747524937

--------------------------------------------------------------------------------
2022-04-28 12:58:44.937 [Debug] real delta=92

--------------------------------------------------------------------------------
2022-04-28 12:58:44.937 [Debug] this.Statistics.Ping=0 NCPing=6

--------------------------------------------------------------------------------
2022-04-28 12:58:44.939 [Debug] Connection established to remote [00000000-0000-0000-0000-000000000000/38.129.153.213:5400].

--------------------------------------------------------------------------------
2022-04-28 12:58:44.939 [Info] Connected [00000000-0000-0000-0000-000000000000].

--------------------------------------------------------------------------------
2022-04-28 12:58:49.007 [Warn] 'Me' is null.

--------------------------------------------------------------------------------
2022-04-28 12:58:49.331 [Debug] received epp: 230479

--------------------------------------------------------------------------------
2022-04-28 12:58:52.860 [Debug] received epp: 234385

--------------------------------------------------------------------------------
2022-04-28 12:58:52.880 [Debug] received epp: 234401

--------------------------------------------------------------------------------
2022-04-28 12:58:53.055 [Debug] received epp: 234572

--------------------------------------------------------------------------------
2022-04-28 13:00:35.714 [Debug] received epp: 337244

--------------------------------------------------------------------------------
2022-04-28 13:02:36.211 [Debug] received epp: 457728

--------------------------------------------------------------------------------
2022-04-28 13:05:20.099 [Debug] received epp: 621603

--------------------------------------------------------------------------------
2022-04-28 13:06:09.467 [Debug] received epp: 670979

--------------------------------------------------------------------------------
2022-04-28 13:09:56.795 [Debug] received epp: 898323

--------------------------------------------------------------------------------
2022-04-28 13:10:18.189 [Debug] received epp: 919541

--------------------------------------------------------------------------------
2022-04-28 13:15:36.227 [Debug] received epp: 1237744

--------------------------------------------------------------------------------
2022-04-28 13:15:43.694 [Debug] received epp: 1245198

--------------------------------------------------------------------------------
2022-04-28 13:16:22.117 [Debug] received epp: 1283620

--------------------------------------------------------------------------------
2022-04-28 13:16:34.823 [Debug] received epp: 1296214

--------------------------------------------------------------------------------
2022-04-28 13:16:41.684 [Debug] received epp: 1303213

--------------------------------------------------------------------------------
2022-04-28 13:16:59.337 [Debug] received epp: 1320853

--------------------------------------------------------------------------------
2022-04-28 13:17:03.030 [Debug] received epp: 1324402

--------------------------------------------------------------------------------
2022-04-28 13:17:11.102 [Debug] received epp: 1332619

--------------------------------------------------------------------------------
2022-04-28 13:18:10.372 [Debug] received epp: 1391900

--------------------------------------------------------------------------------
2022-04-28 13:18:10.504 [Info] Acquiring context lock... (0ms)

--------------------------------------------------------------------------------
2022-04-28 13:18:10.504 [Info] Acquired. (0ms)

--------------------------------------------------------------------------------
2022-04-28 13:18:10.505 [Info] Beginning context dispose. (0ms)

--------------------------------------------------------------------------------
2022-04-28 13:18:10.505 [Info] GC.SuppressFinalize (0ms)

--------------------------------------------------------------------------------
2022-04-28 13:18:10.505 [Info] InternalDispose() completed. (0ms)

--------------------------------------------------------------------------------
2022-04-28 13:18:10.505 [Info] Clearing instance... (1ms)

--------------------------------------------------------------------------------
2022-04-28 13:18:10.505 [Info] Releasing context lock... (1ms)

--------------------------------------------------------------------------------
2022-04-28 13:18:10.505 [Info] Released. (1ms)

--------------------------------------------------------------------------------
2022-04-28 13:18:10.506 [Error] NullReferenceException: Object reference not set to an instance of an object.
    Stack:    at Intersect.Client.Entities.Player.Update()
   at Intersect.Client.Core.Main.ProcessGame()
   at Intersect.Client.Core.Main.Update(TimeSpan deltaTime)
   at Intersect.Client.MonoGame.IntersectGame.Update(GameTime gameTime)
   at Microsoft.Xna.Framework.Game.DoUpdate(GameTime gameTime)
   at Microsoft.Xna.Framework.Game.Tick()
   at Microsoft.Xna.Framework.SdlGamePlatform.RunLoop()
   at Microsoft.Xna.Framework.Game.Run(GameRunBehavior runBehavior)
   at Intersect.Client.MonoGame.IntersectGame.MonoGameRunner.Start(IClientContext context, Action postStartupAction)
   at Intersect.Client.Core.ClientContext.InternalStart()
   at Intersect.Core.ApplicationContext`2.Start(Boolean lockUntilShutdown)


--------------------------------------------------------------------------------
