2022-04-03 21:28:31.947 [Info] Discovered 0 plugins:


--------------------------------------------------------------------------------
2022-04-03 21:28:32.934 [Info] Connecting to 38.129.153.213:5400...

--------------------------------------------------------------------------------
2022-04-03 21:28:33.368 [Info] Connection approved [00000000-0000-0000-0000-000000000000].

--------------------------------------------------------------------------------
2022-04-03 21:28:33.437 [Debug] approval Time=3901078 Offset=63784614212267 Real=63784618113345

--------------------------------------------------------------------------------
2022-04-03 21:28:33.437 [Debug] local Time=3901078 Offset=63784614212359 Real=63784618113437

--------------------------------------------------------------------------------
2022-04-03 21:28:33.438 [Debug] real delta=93

--------------------------------------------------------------------------------
2022-04-03 21:28:33.438 [Debug] this.Statistics.Ping=0 NCPing=7

--------------------------------------------------------------------------------
2022-04-03 21:28:33.440 [Debug] Connection established to remote [00000000-0000-0000-0000-000000000000/38.129.153.213:5400].

--------------------------------------------------------------------------------
2022-04-03 21:28:33.440 [Info] Connected [00000000-0000-0000-0000-000000000000].

--------------------------------------------------------------------------------
2022-04-03 21:28:44.633 [Debug] StatusChanged: [NetIncomingMessage #0 10 bytes] [Disconnecting]

--------------------------------------------------------------------------------
2022-04-03 21:28:44.635 [Debug] StatusChanged: [NetIncomingMessage #0 10 bytes] [Disconnected]

--------------------------------------------------------------------------------
2022-04-03 21:28:44.671 [Info] Acquiring context lock... (0ms)

--------------------------------------------------------------------------------
2022-04-03 21:28:44.671 [Info] Acquired. (0ms)

--------------------------------------------------------------------------------
2022-04-03 21:28:44.672 [Info] Beginning context dispose. (0ms)

--------------------------------------------------------------------------------
2022-04-03 21:28:44.673 [Info] GC.SuppressFinalize (0ms)

--------------------------------------------------------------------------------
2022-04-03 21:28:44.673 [Info] InternalDispose() completed. (0ms)

--------------------------------------------------------------------------------
2022-04-03 21:28:44.673 [Info] Clearing instance... (1ms)

--------------------------------------------------------------------------------
2022-04-03 21:28:44.673 [Info] Releasing context lock... (2ms)

--------------------------------------------------------------------------------
2022-04-03 21:28:44.673 [Info] Released. (2ms)

--------------------------------------------------------------------------------
