2022-05-01 13:50:39.475 [Info] Connecting to 38.129.153.213:5400...

--------------------------------------------------------------------------------
2022-05-01 13:50:39.989 [Info] Connection approved [00000000-0000-0000-0000-000000000000].

--------------------------------------------------------------------------------
2022-05-01 13:50:40.060 [Debug] approval Time=1441272 Offset=63787008398697 Real=63787009839970

--------------------------------------------------------------------------------
2022-05-01 13:50:40.060 [Debug] local Time=1441272 Offset=63787008398787 Real=63787009840060

--------------------------------------------------------------------------------
2022-05-01 13:50:40.061 [Debug] real delta=89

--------------------------------------------------------------------------------
2022-05-01 13:50:40.061 [Debug] this.Statistics.Ping=0 NCPing=8

--------------------------------------------------------------------------------
2022-05-01 13:50:40.063 [Debug] Connection established to remote [00000000-0000-0000-0000-000000000000/38.129.153.213:5400].

--------------------------------------------------------------------------------
2022-05-01 13:50:40.063 [Info] Connected [00000000-0000-0000-0000-000000000000].

--------------------------------------------------------------------------------
2022-05-01 15:09:10.029 [Debug] StatusChanged: [NetIncomingMessage #999 10 bytes] [Disconnecting]

--------------------------------------------------------------------------------
2022-05-01 15:09:10.042 [Debug] StatusChanged: [NetIncomingMessage #1000 10 bytes] [Disconnected]

--------------------------------------------------------------------------------
2022-05-01 15:09:10.042 [Debug] Connection terminated to remote [00000000-0000-0000-0000-000000000000/38.129.153.213:5400].

--------------------------------------------------------------------------------
2022-05-01 15:09:10.042 [Info] Disconnected [00000000-0000-0000-0000-000000000000].

--------------------------------------------------------------------------------
