2022-04-03 23:38:17.998 [Info] Discovered 0 plugins:


--------------------------------------------------------------------------------
2022-04-03 23:38:19.123 [Info] Connecting to 38.129.153.213:5400...

--------------------------------------------------------------------------------
2022-04-03 23:38:19.594 [Info] Connection approved [00000000-0000-0000-0000-000000000000].

--------------------------------------------------------------------------------
2022-04-03 23:38:19.671 [Debug] approval Time=11687311 Offset=63784614212267 Real=63784625899578

--------------------------------------------------------------------------------
2022-04-03 23:38:19.672 [Debug] local Time=11687311 Offset=63784614212359 Real=63784625899672

--------------------------------------------------------------------------------
2022-04-03 23:38:19.672 [Debug] real delta=93

--------------------------------------------------------------------------------
2022-04-03 23:38:19.672 [Debug] this.Statistics.Ping=0 NCPing=5

--------------------------------------------------------------------------------
2022-04-03 23:38:19.674 [Debug] Connection established to remote [00000000-0000-0000-0000-000000000000/38.129.153.213:5400].

--------------------------------------------------------------------------------
2022-04-03 23:38:19.674 [Info] Connected [00000000-0000-0000-0000-000000000000].

--------------------------------------------------------------------------------
2022-04-03 23:38:27.949 [Warn] 'Me' is null.

--------------------------------------------------------------------------------
2022-04-03 23:38:28.187 [Debug] received epp: 11695623

--------------------------------------------------------------------------------
2022-04-03 23:38:40.120 [Debug] StatusChanged: [NetIncomingMessage #324 10 bytes] [Disconnecting]

--------------------------------------------------------------------------------
2022-04-03 23:38:40.122 [Debug] StatusChanged: [NetIncomingMessage #325 10 bytes] [Disconnected]

--------------------------------------------------------------------------------
2022-04-03 23:38:40.164 [Info] Acquiring context lock... (0ms)

--------------------------------------------------------------------------------
2022-04-03 23:38:40.164 [Info] Acquired. (0ms)

--------------------------------------------------------------------------------
2022-04-03 23:38:40.165 [Info] Beginning context dispose. (0ms)

--------------------------------------------------------------------------------
2022-04-03 23:38:40.166 [Info] GC.SuppressFinalize (0ms)

--------------------------------------------------------------------------------
2022-04-03 23:38:40.166 [Info] InternalDispose() completed. (0ms)

--------------------------------------------------------------------------------
2022-04-03 23:38:40.166 [Info] Clearing instance... (1ms)

--------------------------------------------------------------------------------
2022-04-03 23:38:40.166 [Info] Releasing context lock... (1ms)

--------------------------------------------------------------------------------
2022-04-03 23:38:40.166 [Info] Released. (1ms)

--------------------------------------------------------------------------------
