2022-04-03 21:24:18.467 [Info] Discovered 0 plugins:


--------------------------------------------------------------------------------
2022-04-03 21:24:19.452 [Info] Connecting to 38.129.153.213:5400...

--------------------------------------------------------------------------------
2022-04-03 21:24:19.899 [Info] Connection approved [00000000-0000-0000-0000-000000000000].

--------------------------------------------------------------------------------
2022-04-03 21:24:19.962 [Debug] approval Time=3647609 Offset=63784614212267 Real=63784617859876

--------------------------------------------------------------------------------
2022-04-03 21:24:19.962 [Debug] local Time=3647609 Offset=63784614212352 Real=63784617859962

--------------------------------------------------------------------------------
2022-04-03 21:24:19.962 [Debug] real delta=85

--------------------------------------------------------------------------------
2022-04-03 21:24:19.962 [Debug] this.Statistics.Ping=0 NCPing=7

--------------------------------------------------------------------------------
2022-04-03 21:24:19.964 [Debug] Connection established to remote [00000000-0000-0000-0000-000000000000/38.129.153.213:5400].

--------------------------------------------------------------------------------
2022-04-03 21:24:19.964 [Info] Connected [00000000-0000-0000-0000-000000000000].

--------------------------------------------------------------------------------
2022-04-03 21:24:33.016 [Debug] StatusChanged: [NetIncomingMessage #0 10 bytes] [Disconnecting]

--------------------------------------------------------------------------------
2022-04-03 21:24:33.019 [Debug] StatusChanged: [NetIncomingMessage #0 10 bytes] [Disconnected]

--------------------------------------------------------------------------------
2022-04-03 21:24:33.058 [Info] Acquiring context lock... (0ms)

--------------------------------------------------------------------------------
2022-04-03 21:24:33.058 [Info] Acquired. (0ms)

--------------------------------------------------------------------------------
2022-04-03 21:24:33.059 [Info] Beginning context dispose. (0ms)

--------------------------------------------------------------------------------
2022-04-03 21:24:33.060 [Info] GC.SuppressFinalize (0ms)

--------------------------------------------------------------------------------
2022-04-03 21:24:33.060 [Info] InternalDispose() completed. (0ms)

--------------------------------------------------------------------------------
2022-04-03 21:24:33.060 [Info] Clearing instance... (1ms)

--------------------------------------------------------------------------------
2022-04-03 21:24:33.060 [Info] Releasing context lock... (1ms)

--------------------------------------------------------------------------------
2022-04-03 21:24:33.060 [Info] Released. (1ms)

--------------------------------------------------------------------------------
