2022-04-28 23:27:02.097 [Info] Discovered 0 plugins:


--------------------------------------------------------------------------------
2022-04-28 23:27:03.643 [Info] Connecting to 38.129.153.213:5400...

--------------------------------------------------------------------------------
2022-04-28 23:27:04.801 [Info] Connection approved [00000000-0000-0000-0000-000000000000].

--------------------------------------------------------------------------------
2022-04-28 23:27:04.906 [Debug] approval Time=3824 Offset=63786785220858 Real=63786785224682

--------------------------------------------------------------------------------
2022-04-28 23:27:04.906 [Debug] local Time=3824 Offset=63786785221081 Real=63786785224905

--------------------------------------------------------------------------------
2022-04-28 23:27:04.906 [Debug] real delta=222

--------------------------------------------------------------------------------
2022-04-28 23:27:04.906 [Debug] this.Statistics.Ping=0 NCPing=10

--------------------------------------------------------------------------------
2022-04-28 23:27:04.909 [Debug] Connection established to remote [00000000-0000-0000-0000-000000000000/38.129.153.213:5400].

--------------------------------------------------------------------------------
2022-04-28 23:27:04.909 [Info] Connected [00000000-0000-0000-0000-000000000000].

--------------------------------------------------------------------------------
2022-04-28 23:27:09.169 [Warn] 'Me' is null.

--------------------------------------------------------------------------------
2022-04-28 23:27:09.634 [Debug] received epp: 8683

--------------------------------------------------------------------------------
2022-04-28 23:34:47.424 [Info] Acquiring context lock... (0ms)

--------------------------------------------------------------------------------
2022-04-28 23:34:47.424 [Info] Acquired. (0ms)

--------------------------------------------------------------------------------
2022-04-28 23:34:47.425 [Info] Beginning context dispose. (0ms)

--------------------------------------------------------------------------------
2022-04-28 23:34:47.426 [Info] GC.SuppressFinalize (0ms)

--------------------------------------------------------------------------------
2022-04-28 23:34:47.426 [Info] InternalDispose() completed. (0ms)

--------------------------------------------------------------------------------
2022-04-28 23:34:47.426 [Info] Clearing instance... (2ms)

--------------------------------------------------------------------------------
2022-04-28 23:34:47.426 [Info] Releasing context lock... (2ms)

--------------------------------------------------------------------------------
2022-04-28 23:34:47.426 [Info] Released. (2ms)

--------------------------------------------------------------------------------
2022-04-28 23:34:47.427 [Error] InvalidOperationException: GetSkin: null
    Stack:    at Intersect.Client.Framework.Gwen.Control.Base.get_Skin()
   at Intersect.Client.Framework.Gwen.Control.Base.Dispose()
   at Intersect.Client.Interface.Debugging.DebugWindow.Dispose()
   at Intersect.Client.Interface.MutableInterface.DisposeDebugWindow()
   at Intersect.Client.Interface.Interface.DestroyGwen(Boolean exiting)
   at Intersect.Client.Core.Main.DestroyGame()
   at Intersect.Client.MonoGame.IntersectGame.Update(GameTime gameTime)
   at Microsoft.Xna.Framework.Game.DoUpdate(GameTime gameTime)
   at Microsoft.Xna.Framework.Game.Tick()
   at Microsoft.Xna.Framework.SdlGamePlatform.RunLoop()
   at Microsoft.Xna.Framework.Game.Run(GameRunBehavior runBehavior)
   at Intersect.Client.MonoGame.IntersectGame.MonoGameRunner.Start(IClientContext context, Action postStartupAction)
   at Intersect.Client.Core.ClientContext.InternalStart()
   at Intersect.Core.ApplicationContext`2.Start(Boolean lockUntilShutdown)


--------------------------------------------------------------------------------
