2022-04-04 23:41:24.580 [Info] Connecting to 38.129.153.213:5400...

--------------------------------------------------------------------------------
2022-04-04 23:41:25.005 [Info] Connection approved [00000000-0000-0000-0000-000000000000].

--------------------------------------------------------------------------------
2022-04-04 23:41:25.065 [Debug] approval Time=673859 Offset=63784711811125 Real=63784712484985

--------------------------------------------------------------------------------
2022-04-04 23:41:25.065 [Debug] local Time=673859 Offset=63784711811204 Real=63784712485064

--------------------------------------------------------------------------------
2022-04-04 23:41:25.065 [Debug] real delta=78

--------------------------------------------------------------------------------
2022-04-04 23:41:25.065 [Debug] this.Statistics.Ping=0 NCPing=6

--------------------------------------------------------------------------------
2022-04-04 23:41:25.067 [Debug] Connection established to remote [00000000-0000-0000-0000-000000000000/38.129.153.213:5400].

--------------------------------------------------------------------------------
2022-04-04 23:41:25.067 [Info] Connected [00000000-0000-0000-0000-000000000000].

--------------------------------------------------------------------------------
2022-04-04 23:47:01.666 [Debug] StatusChanged: [NetIncomingMessage #0 10 bytes] [Disconnecting]

--------------------------------------------------------------------------------
2022-04-04 23:47:01.681 [Debug] StatusChanged: [NetIncomingMessage #0 10 bytes] [Disconnected]

--------------------------------------------------------------------------------
2022-04-04 23:47:01.682 [Debug] Connection terminated to remote [00000000-0000-0000-0000-000000000000/38.129.153.213:5400].

--------------------------------------------------------------------------------
2022-04-04 23:47:01.682 [Info] Disconnected [00000000-0000-0000-0000-000000000000].

--------------------------------------------------------------------------------
