2022-04-04 16:56:46.814 [Info] Discovered 0 plugins:


--------------------------------------------------------------------------------
2022-04-04 16:56:47.861 [Info] Connecting to 38.129.153.213:5400...

--------------------------------------------------------------------------------
2022-04-04 16:56:48.318 [Info] Connection approved [00000000-0000-0000-0000-000000000000].

--------------------------------------------------------------------------------
2022-04-04 16:56:48.391 [Info] Connected [00000000-0000-0000-0000-000000000000].

--------------------------------------------------------------------------------
2022-04-04 16:57:03.081 [Warn] 'Me' is null.

--------------------------------------------------------------------------------
2022-04-04 17:00:55.368 [Info] Acquiring context lock... (0ms)

--------------------------------------------------------------------------------
2022-04-04 17:00:55.368 [Info] Acquired. (0ms)

--------------------------------------------------------------------------------
2022-04-04 17:00:55.369 [Info] Beginning context dispose. (0ms)

--------------------------------------------------------------------------------
2022-04-04 17:00:55.370 [Info] GC.SuppressFinalize (0ms)

--------------------------------------------------------------------------------
2022-04-04 17:00:55.370 [Info] InternalDispose() completed. (0ms)

--------------------------------------------------------------------------------
2022-04-04 17:00:55.370 [Info] Clearing instance... (1ms)

--------------------------------------------------------------------------------
2022-04-04 17:00:55.370 [Info] Releasing context lock... (2ms)

--------------------------------------------------------------------------------
2022-04-04 17:00:55.370 [Info] Released. (2ms)

--------------------------------------------------------------------------------
