2022-05-01 15:50:34.672 [Info] Discovered 0 plugins:


--------------------------------------------------------------------------------
2022-05-01 15:50:35.949 [Info] Connecting to 38.129.153.213:5400...

--------------------------------------------------------------------------------
2022-05-01 15:50:36.434 [Info] Connection approved [00000000-0000-0000-0000-000000000000].

--------------------------------------------------------------------------------
2022-05-01 15:50:36.511 [Debug] approval Time=8637709 Offset=63787008398697 Real=63787017036407

--------------------------------------------------------------------------------
2022-05-01 15:50:36.511 [Debug] local Time=8637709 Offset=63787008398801 Real=63787017036511

--------------------------------------------------------------------------------
2022-05-01 15:50:36.511 [Debug] real delta=103

--------------------------------------------------------------------------------
2022-05-01 15:50:36.512 [Debug] this.Statistics.Ping=0 NCPing=6

--------------------------------------------------------------------------------
2022-05-01 15:50:36.513 [Debug] Connection established to remote [00000000-0000-0000-0000-000000000000/38.129.153.213:5400].

--------------------------------------------------------------------------------
2022-05-01 15:50:36.514 [Info] Connected [00000000-0000-0000-0000-000000000000].

--------------------------------------------------------------------------------
2022-05-01 15:51:09.614 [Warn] 'Me' is null.

--------------------------------------------------------------------------------
2022-05-01 15:51:09.911 [Debug] received epp: 8670881

--------------------------------------------------------------------------------
2022-05-01 15:51:27.676 [Error] Received unhandled exception from System.Threading.Tasks.ContinuationTaskFromTask.

--------------------------------------------------------------------------------
2022-05-01 15:51:27.677 [Error] AggregateException: A Task's exception(s) were not observed either by Waiting on the Task or accessing its Exception property. As a result, the unobserved exception was rethrown by the finalizer thread.

Caused By
ArgumentOutOfRangeException: Index was out of range. Must be non-negative and less than the size of the collection.
Parameter name: index
    Stack:    at System.ThrowHelper.ThrowArgumentOutOfRangeException(ExceptionArgument argument, ExceptionResource resource)
   at System.Collections.Generic.List`1.RemoveAt(Int32 index)
   at System.Collections.Generic.List`1.Remove(T item)
   at Intersect.Client.Framework.Content.ContentWatcher.<>c__DisplayClass12_0.<Modify>b__0(Task completedTask)
   at System.Threading.Tasks.Task.Execute()


--------------------------------------------------------------------------------
2022-05-01 15:51:27.678 [Error] Caused by:

--------------------------------------------------------------------------------
2022-05-01 15:51:27.678 [Error] ArgumentOutOfRangeException: Index was out of range. Must be non-negative and less than the size of the collection.
Parameter name: index
    Stack:    at System.ThrowHelper.ThrowArgumentOutOfRangeException(ExceptionArgument argument, ExceptionResource resource)
   at System.Collections.Generic.List`1.RemoveAt(Int32 index)
   at System.Collections.Generic.List`1.Remove(T item)
   at Intersect.Client.Framework.Content.ContentWatcher.<>c__DisplayClass12_0.<Modify>b__0(Task completedTask)
   at System.Threading.Tasks.Task.Execute()


--------------------------------------------------------------------------------
2022-05-01 15:51:27.680 [Info] Acquiring context lock... (0ms)

--------------------------------------------------------------------------------
2022-05-01 15:51:27.680 [Info] Acquired. (0ms)

--------------------------------------------------------------------------------
2022-05-01 15:51:27.680 [Info] Beginning context dispose. (0ms)

--------------------------------------------------------------------------------
2022-05-01 15:51:27.681 [Info] GC.SuppressFinalize (0ms)

--------------------------------------------------------------------------------
2022-05-01 15:51:27.681 [Info] InternalDispose() completed. (0ms)

--------------------------------------------------------------------------------
2022-05-01 15:51:27.681 [Info] Clearing instance... (1ms)

--------------------------------------------------------------------------------
2022-05-01 15:51:27.681 [Info] Releasing context lock... (1ms)

--------------------------------------------------------------------------------
2022-05-01 15:51:27.681 [Info] Released. (1ms)

--------------------------------------------------------------------------------
2022-05-01 15:53:38.177 [Debug] received epp: 8819444

--------------------------------------------------------------------------------
2022-05-01 15:54:59.156 [Debug] received epp: 8900428

--------------------------------------------------------------------------------
2022-05-01 15:55:34.523 [Debug] received epp: 8935804

--------------------------------------------------------------------------------
2022-05-01 15:55:58.322 [Debug] received epp: 8959568

--------------------------------------------------------------------------------
2022-05-01 15:56:28.183 [Debug] received epp: 8989459

--------------------------------------------------------------------------------
2022-05-01 15:56:38.872 [Debug] received epp: 9000163

--------------------------------------------------------------------------------
2022-05-01 15:56:54.935 [Debug] received epp: 9016209

--------------------------------------------------------------------------------
2022-05-01 16:01:55.870 [Debug] received epp: 9317115

--------------------------------------------------------------------------------
2022-05-01 16:02:01.152 [Debug] received epp: 9322428

--------------------------------------------------------------------------------
2022-05-01 16:02:19.025 [Debug] received epp: 9340302

--------------------------------------------------------------------------------
2022-05-01 16:04:57.732 [Debug] received epp: 9499007

--------------------------------------------------------------------------------
2022-05-01 16:08:21.267 [Debug] received epp: 9702522

--------------------------------------------------------------------------------
2022-05-01 16:10:03.982 [Debug] received epp: 9805257

--------------------------------------------------------------------------------
2022-05-01 16:10:40.177 [Debug] received epp: 9841459

--------------------------------------------------------------------------------
2022-05-01 16:11:24.752 [Debug] received epp: 9886038

--------------------------------------------------------------------------------
2022-05-01 16:12:32.139 [Debug] received epp: 9953381

--------------------------------------------------------------------------------
2022-05-01 16:20:00.230 [Debug] received epp: 10401507

--------------------------------------------------------------------------------
2022-05-01 16:20:00.674 [Debug] received epp: 10401960

--------------------------------------------------------------------------------
2022-05-01 16:20:01.173 [Debug] received epp: 10402459

--------------------------------------------------------------------------------
2022-05-01 16:20:01.501 [Debug] received epp: 10402771

--------------------------------------------------------------------------------
2022-05-01 16:22:08.653 [Debug] received epp: 10529929

--------------------------------------------------------------------------------
2022-05-01 16:22:08.896 [Debug] received epp: 10530177

--------------------------------------------------------------------------------
2022-05-01 16:22:36.569 [Debug] received epp: 10557850

--------------------------------------------------------------------------------
2022-05-01 16:22:36.753 [Debug] received epp: 10558037

--------------------------------------------------------------------------------
2022-05-01 16:22:36.936 [Debug] received epp: 10558226

--------------------------------------------------------------------------------
2022-05-01 16:22:37.687 [Debug] received epp: 10558974

--------------------------------------------------------------------------------
2022-05-01 16:23:05.646 [Debug] received epp: 10586927

--------------------------------------------------------------------------------
2022-05-01 16:23:05.870 [Debug] received epp: 10587162

--------------------------------------------------------------------------------
2022-05-01 16:23:07.041 [Debug] received epp: 10588334

--------------------------------------------------------------------------------
2022-05-01 16:23:07.951 [Debug] received epp: 10589241

--------------------------------------------------------------------------------
2022-05-01 16:38:49.214 [Debug] received epp: 11530506

--------------------------------------------------------------------------------
2022-05-01 16:38:53.505 [Debug] received epp: 11534787

--------------------------------------------------------------------------------
2022-05-01 16:39:45.864 [Debug] received epp: 11587146

--------------------------------------------------------------------------------
2022-05-01 16:40:02.325 [Debug] received epp: 11603615

--------------------------------------------------------------------------------
2022-05-01 16:40:44.387 [Debug] received epp: 11645678

--------------------------------------------------------------------------------
2022-05-01 16:42:23.317 [Debug] received epp: 11744600

--------------------------------------------------------------------------------
2022-05-01 16:42:23.871 [Debug] received epp: 11745146

--------------------------------------------------------------------------------
2022-05-01 16:43:30.984 [Debug] received epp: 11812272

--------------------------------------------------------------------------------
2022-05-01 16:43:32.790 [Debug] received epp: 11814069

--------------------------------------------------------------------------------
2022-05-01 16:43:34.450 [Debug] received epp: 11815741

--------------------------------------------------------------------------------
2022-05-01 16:43:35.476 [Debug] received epp: 11816757

--------------------------------------------------------------------------------
2022-05-01 16:43:38.935 [Debug] received epp: 11820225

--------------------------------------------------------------------------------
2022-05-01 16:43:42.540 [Debug] received epp: 11823818

--------------------------------------------------------------------------------
2022-05-01 16:44:02.748 [Debug] received epp: 11844022

--------------------------------------------------------------------------------
2022-05-01 16:44:02.949 [Debug] received epp: 11844241

--------------------------------------------------------------------------------
2022-05-01 16:44:03.423 [Debug] received epp: 11844709

--------------------------------------------------------------------------------
2022-05-01 16:44:47.470 [Debug] received epp: 11888757

--------------------------------------------------------------------------------
2022-05-01 16:44:47.685 [Debug] received epp: 11888974

--------------------------------------------------------------------------------
2022-05-01 16:44:47.908 [Debug] received epp: 11889178

--------------------------------------------------------------------------------
2022-05-01 16:44:56.032 [Debug] received epp: 11897320

--------------------------------------------------------------------------------
2022-05-01 16:44:57.968 [Error] NullReferenceException: Object reference not set to an instance of an object.
    Stack:    at Intersect.Client.Entities.Player.Update()
   at Intersect.Client.Core.Main.ProcessGame()
   at Intersect.Client.Core.Main.Update(TimeSpan deltaTime)
   at Intersect.Client.MonoGame.IntersectGame.Update(GameTime gameTime)
   at Microsoft.Xna.Framework.Game.DoUpdate(GameTime gameTime)
   at Microsoft.Xna.Framework.Game.Tick()
   at Microsoft.Xna.Framework.SdlGamePlatform.RunLoop()
   at Microsoft.Xna.Framework.Game.Run(GameRunBehavior runBehavior)
   at Intersect.Client.MonoGame.IntersectGame.MonoGameRunner.Start(IClientContext context, Action postStartupAction)
   at Intersect.Client.Core.ClientContext.InternalStart()
   at Intersect.Core.ApplicationContext`2.Start(Boolean lockUntilShutdown)


--------------------------------------------------------------------------------
