2022-04-29 18:26:17.793 [Info] Discovered 0 plugins:


--------------------------------------------------------------------------------
2022-04-29 18:26:19.021 [Info] Connecting to 38.129.153.213:5400...

--------------------------------------------------------------------------------
2022-04-29 18:26:19.467 [Info] Connection approved [00000000-0000-0000-0000-000000000000].

--------------------------------------------------------------------------------
2022-04-29 18:26:19.539 [Debug] approval Time=4644692 Offset=63786848934761 Real=63786853579454

--------------------------------------------------------------------------------
2022-04-29 18:26:19.539 [Debug] local Time=4644692 Offset=63786848934847 Real=63786853579539

--------------------------------------------------------------------------------
2022-04-29 18:26:19.539 [Debug] real delta=85

--------------------------------------------------------------------------------
2022-04-29 18:26:19.539 [Debug] this.Statistics.Ping=0 NCPing=6

--------------------------------------------------------------------------------
2022-04-29 18:26:19.542 [Debug] Connection established to remote [00000000-0000-0000-0000-000000000000/38.129.153.213:5400].

--------------------------------------------------------------------------------
2022-04-29 18:26:19.548 [Info] Connected [00000000-0000-0000-0000-000000000000].

--------------------------------------------------------------------------------
2022-04-29 18:26:23.693 [Warn] 'Me' is null.

--------------------------------------------------------------------------------
2022-04-29 18:26:24.284 [Debug] received epp: 4648895

--------------------------------------------------------------------------------
2022-04-29 18:26:28.102 [Debug] received epp: 4653318

--------------------------------------------------------------------------------
2022-04-29 18:26:28.269 [Debug] received epp: 4653489

--------------------------------------------------------------------------------
2022-04-29 18:27:38.369 [Debug] received epp: 4723584

--------------------------------------------------------------------------------
2022-04-29 18:27:40.462 [Debug] received epp: 4725677

--------------------------------------------------------------------------------
2022-04-29 18:27:40.513 [Debug] received epp: 4725677

--------------------------------------------------------------------------------
2022-04-29 18:27:41.713 [Debug] received epp: 4726942

--------------------------------------------------------------------------------
2022-04-29 18:27:44.217 [Error] Received unhandled exception from System.Threading.Tasks.ContinuationTaskFromTask.

--------------------------------------------------------------------------------
2022-04-29 18:27:44.218 [Error] AggregateException: A Task's exception(s) were not observed either by Waiting on the Task or accessing its Exception property. As a result, the unobserved exception was rethrown by the finalizer thread.

Caused By
ArgumentOutOfRangeException: Index was out of range. Must be non-negative and less than the size of the collection.
Parameter name: index
    Stack:    at System.ThrowHelper.ThrowArgumentOutOfRangeException(ExceptionArgument argument, ExceptionResource resource)
   at System.Collections.Generic.List`1.RemoveAt(Int32 index)
   at System.Collections.Generic.List`1.Remove(T item)
   at Intersect.Client.Framework.Content.ContentWatcher.<>c__DisplayClass12_0.<Modify>b__0(Task completedTask)
   at System.Threading.Tasks.Task.Execute()


--------------------------------------------------------------------------------
2022-04-29 18:27:44.222 [Error] Caused by:

--------------------------------------------------------------------------------
2022-04-29 18:27:44.222 [Error] ArgumentOutOfRangeException: Index was out of range. Must be non-negative and less than the size of the collection.
Parameter name: index
    Stack:    at System.ThrowHelper.ThrowArgumentOutOfRangeException(ExceptionArgument argument, ExceptionResource resource)
   at System.Collections.Generic.List`1.RemoveAt(Int32 index)
   at System.Collections.Generic.List`1.Remove(T item)
   at Intersect.Client.Framework.Content.ContentWatcher.<>c__DisplayClass12_0.<Modify>b__0(Task completedTask)
   at System.Threading.Tasks.Task.Execute()


--------------------------------------------------------------------------------
2022-04-29 18:27:44.224 [Info] Acquiring context lock... (0ms)

--------------------------------------------------------------------------------
2022-04-29 18:27:44.224 [Info] Acquired. (0ms)

--------------------------------------------------------------------------------
2022-04-29 18:27:44.225 [Info] Beginning context dispose. (0ms)

--------------------------------------------------------------------------------
2022-04-29 18:27:44.225 [Info] GC.SuppressFinalize (0ms)

--------------------------------------------------------------------------------
2022-04-29 18:27:44.225 [Info] InternalDispose() completed. (0ms)

--------------------------------------------------------------------------------
2022-04-29 18:27:44.225 [Info] Clearing instance... (1ms)

--------------------------------------------------------------------------------
2022-04-29 18:27:44.225 [Info] Releasing context lock... (1ms)

--------------------------------------------------------------------------------
2022-04-29 18:27:44.225 [Info] Released. (1ms)

--------------------------------------------------------------------------------
2022-04-29 18:27:46.442 [Debug] received epp: 4731677

--------------------------------------------------------------------------------
2022-04-29 18:27:47.404 [Debug] received epp: 4732614

--------------------------------------------------------------------------------
2022-04-29 18:27:47.603 [Debug] received epp: 4732614

--------------------------------------------------------------------------------
2022-04-29 18:27:48.752 [Debug] received epp: 4733973

--------------------------------------------------------------------------------
2022-04-29 18:27:49.886 [Debug] received epp: 4735114

--------------------------------------------------------------------------------
2022-04-29 18:27:50.899 [Debug] received epp: 4736114

--------------------------------------------------------------------------------
2022-04-29 18:27:50.953 [Debug] received epp: 4736114

--------------------------------------------------------------------------------
2022-04-29 18:28:05.777 [Debug] received epp: 4750988

--------------------------------------------------------------------------------
2022-04-29 18:28:05.990 [Debug] received epp: 4750988

--------------------------------------------------------------------------------
2022-04-29 18:28:08.761 [Debug] received epp: 4753989

--------------------------------------------------------------------------------
2022-04-29 18:28:10.677 [Debug] received epp: 4755895

--------------------------------------------------------------------------------
2022-04-29 18:28:11.080 [Debug] received epp: 4756302

--------------------------------------------------------------------------------
2022-04-29 18:28:11.594 [Debug] received epp: 4756801

--------------------------------------------------------------------------------
2022-04-29 18:28:12.117 [Debug] received epp: 4757333

--------------------------------------------------------------------------------
2022-04-29 18:28:12.365 [Debug] received epp: 4757584

--------------------------------------------------------------------------------
2022-04-29 18:28:13.011 [Debug] received epp: 4758240

--------------------------------------------------------------------------------
2022-04-29 18:28:13.442 [Debug] received epp: 4758661

--------------------------------------------------------------------------------
2022-04-29 18:28:13.927 [Debug] received epp: 4759146

--------------------------------------------------------------------------------
2022-04-29 18:28:14.319 [Debug] received epp: 4759520

--------------------------------------------------------------------------------
2022-04-29 18:28:14.526 [Debug] received epp: 4759754

--------------------------------------------------------------------------------
2022-04-29 18:28:14.761 [Debug] received epp: 4759988

--------------------------------------------------------------------------------
2022-04-29 18:28:15.733 [Debug] received epp: 4760942

--------------------------------------------------------------------------------
2022-04-29 18:28:23.712 [Debug] received epp: 4768942

--------------------------------------------------------------------------------
2022-04-29 18:28:23.963 [Debug] received epp: 4769193

--------------------------------------------------------------------------------
2022-04-29 18:28:24.186 [Debug] received epp: 4769410

--------------------------------------------------------------------------------
2022-04-29 18:28:24.392 [Debug] received epp: 4769614

--------------------------------------------------------------------------------
2022-04-29 18:28:24.602 [Debug] received epp: 4769832

--------------------------------------------------------------------------------
2022-04-29 18:28:24.832 [Debug] received epp: 4770037

--------------------------------------------------------------------------------
2022-04-29 18:28:25.061 [Debug] received epp: 4770270

--------------------------------------------------------------------------------
2022-04-29 18:28:25.246 [Debug] received epp: 4770474

--------------------------------------------------------------------------------
2022-04-29 18:28:25.483 [Debug] received epp: 4770693

--------------------------------------------------------------------------------
2022-04-29 18:28:25.727 [Debug] received epp: 4770943

--------------------------------------------------------------------------------
2022-04-29 18:28:25.924 [Debug] received epp: 4771130

--------------------------------------------------------------------------------
2022-04-29 18:28:26.123 [Debug] received epp: 4771334

--------------------------------------------------------------------------------
2022-04-29 18:28:26.388 [Debug] received epp: 4771614

--------------------------------------------------------------------------------
2022-04-29 18:28:26.845 [Debug] received epp: 4772067

--------------------------------------------------------------------------------
2022-04-29 18:28:27.101 [Debug] received epp: 4772318

--------------------------------------------------------------------------------
2022-04-29 18:28:27.331 [Debug] received epp: 4772537

--------------------------------------------------------------------------------
2022-04-29 18:28:27.615 [Debug] received epp: 4772833

--------------------------------------------------------------------------------
2022-04-29 18:28:29.559 [Debug] received epp: 4774771

--------------------------------------------------------------------------------
2022-04-29 18:29:11.053 [Debug] received epp: 4816270

--------------------------------------------------------------------------------
2022-04-29 18:29:11.303 [Debug] received epp: 4816521

--------------------------------------------------------------------------------
2022-04-29 18:29:11.567 [Debug] received epp: 4816785

--------------------------------------------------------------------------------
2022-04-29 18:29:13.198 [Debug] received epp: 4818427

--------------------------------------------------------------------------------
2022-04-29 18:29:14.247 [Debug] received epp: 4819459

--------------------------------------------------------------------------------
2022-04-29 18:29:14.574 [Debug] received epp: 4819801

--------------------------------------------------------------------------------
2022-04-29 18:29:15.546 [Debug] received epp: 4820754

--------------------------------------------------------------------------------
2022-04-29 18:31:43.825 [Debug] received epp: 4969036

--------------------------------------------------------------------------------
2022-04-29 18:31:48.824 [Debug] received epp: 4974052

--------------------------------------------------------------------------------
2022-04-29 18:31:58.226 [Debug] received epp: 4983458

--------------------------------------------------------------------------------
2022-04-29 18:31:58.490 [Debug] received epp: 4983708

--------------------------------------------------------------------------------
2022-04-29 18:31:58.734 [Debug] received epp: 4983943

--------------------------------------------------------------------------------
2022-04-29 18:31:59.733 [Debug] received epp: 4984958

--------------------------------------------------------------------------------
2022-04-29 18:31:59.984 [Debug] received epp: 4985193

--------------------------------------------------------------------------------
2022-04-29 18:32:00.636 [Debug] received epp: 4985865

--------------------------------------------------------------------------------
2022-04-29 18:32:00.900 [Debug] received epp: 4986129

--------------------------------------------------------------------------------
2022-04-29 18:32:01.144 [Debug] received epp: 4986364

--------------------------------------------------------------------------------
2022-04-29 18:32:01.851 [Debug] received epp: 4987082

--------------------------------------------------------------------------------
2022-04-29 18:32:02.435 [Debug] received epp: 4987645

--------------------------------------------------------------------------------
2022-04-29 18:32:02.463 [Debug] received epp: 4987645

--------------------------------------------------------------------------------
2022-04-29 18:32:04.513 [Debug] received epp: 4989724

--------------------------------------------------------------------------------
2022-04-29 18:32:04.710 [Debug] received epp: 4989724

--------------------------------------------------------------------------------
2022-04-29 18:32:05.490 [Debug] received epp: 4990708

--------------------------------------------------------------------------------
2022-04-29 18:32:05.741 [Debug] received epp: 4990957

--------------------------------------------------------------------------------
2022-04-29 18:32:05.929 [Debug] received epp: 4991160

--------------------------------------------------------------------------------
2022-04-29 18:32:06.734 [Debug] received epp: 4991942

--------------------------------------------------------------------------------
2022-04-29 18:32:07.067 [Debug] received epp: 4992286

--------------------------------------------------------------------------------
2022-04-29 18:32:08.012 [Debug] received epp: 4993208

--------------------------------------------------------------------------------
2022-04-29 18:32:09.143 [Debug] received epp: 4994348

--------------------------------------------------------------------------------
2022-04-29 18:32:09.351 [Debug] received epp: 4994567

--------------------------------------------------------------------------------
2022-04-29 18:32:09.576 [Debug] received epp: 4994802

--------------------------------------------------------------------------------
2022-04-29 18:32:09.810 [Debug] received epp: 4995035

--------------------------------------------------------------------------------
2022-04-29 18:32:10.045 [Debug] received epp: 4995271

--------------------------------------------------------------------------------
2022-04-29 18:32:10.297 [Debug] received epp: 4995505

--------------------------------------------------------------------------------
2022-04-29 18:32:10.497 [Debug] received epp: 4995724

--------------------------------------------------------------------------------
2022-04-29 18:32:10.733 [Debug] received epp: 4995958

--------------------------------------------------------------------------------
2022-04-29 18:32:10.984 [Debug] received epp: 4996192

--------------------------------------------------------------------------------
2022-04-29 18:32:11.199 [Debug] received epp: 4996426

--------------------------------------------------------------------------------
2022-04-29 18:32:11.456 [Debug] received epp: 4996677

--------------------------------------------------------------------------------
2022-04-29 18:32:11.699 [Debug] received epp: 4996911

--------------------------------------------------------------------------------
2022-04-29 18:32:11.934 [Debug] received epp: 4997162

--------------------------------------------------------------------------------
2022-04-29 18:32:12.102 [Debug] received epp: 4997317

--------------------------------------------------------------------------------
2022-04-29 18:32:12.352 [Debug] received epp: 4997568

--------------------------------------------------------------------------------
2022-04-29 18:32:13.657 [Debug] received epp: 4998879

--------------------------------------------------------------------------------
2022-04-29 18:34:26.990 [Debug] received epp: 5132208

--------------------------------------------------------------------------------
2022-04-29 18:34:27.276 [Debug] received epp: 5132489

--------------------------------------------------------------------------------
2022-04-29 18:34:27.462 [Debug] received epp: 5132693

--------------------------------------------------------------------------------
2022-04-29 18:34:27.706 [Debug] received epp: 5132911

--------------------------------------------------------------------------------
2022-04-29 18:34:27.963 [Debug] received epp: 5133192

--------------------------------------------------------------------------------
2022-04-29 18:39:38.290 [Debug] StatusChanged: [NetIncomingMessage #434 10 bytes] [Disconnecting]

--------------------------------------------------------------------------------
2022-04-29 18:39:38.297 [Debug] StatusChanged: [NetIncomingMessage #435 14 bytes] [Disconnected]

--------------------------------------------------------------------------------
