2022-04-04 15:33:27.454 [Info] Connecting to 38.129.153.213:5400...

--------------------------------------------------------------------------------
2022-04-04 15:33:27.915 [Info] Connection approved [00000000-0000-0000-0000-000000000000].

--------------------------------------------------------------------------------
2022-04-04 15:33:27.979 [Debug] approval Time=7764602 Offset=63784675443290 Real=63784683207892

--------------------------------------------------------------------------------
2022-04-04 15:33:27.980 [Debug] local Time=7764602 Offset=63784675443376 Real=63784683207979

--------------------------------------------------------------------------------
2022-04-04 15:33:27.980 [Debug] real delta=86

--------------------------------------------------------------------------------
2022-04-04 15:33:27.980 [Debug] this.Statistics.Ping=0 NCPing=5

--------------------------------------------------------------------------------
2022-04-04 15:33:27.981 [Debug] Connection established to remote [00000000-0000-0000-0000-000000000000/38.129.153.213:5400].

--------------------------------------------------------------------------------
2022-04-04 15:33:27.982 [Info] Connected [00000000-0000-0000-0000-000000000000].

--------------------------------------------------------------------------------
2022-04-04 16:07:43.468 [Debug] StatusChanged: [NetIncomingMessage #491 10 bytes] [Disconnecting]

--------------------------------------------------------------------------------
2022-04-04 16:07:43.473 [Debug] StatusChanged: [NetIncomingMessage #492 10 bytes] [Disconnected]

--------------------------------------------------------------------------------
2022-04-04 16:07:43.473 [Debug] Connection terminated to remote [00000000-0000-0000-0000-000000000000/38.129.153.213:5400].

--------------------------------------------------------------------------------
2022-04-04 16:07:43.473 [Info] Disconnected [00000000-0000-0000-0000-000000000000].

--------------------------------------------------------------------------------
