2022-04-30 23:04:35.678 [Info] Discovered 0 plugins:


--------------------------------------------------------------------------------
2022-04-30 23:04:37.673 [Info] Connecting to 38.129.153.213:5400...

--------------------------------------------------------------------------------
2022-04-30 23:04:38.193 [Info] Connection approved [00000000-0000-0000-0000-000000000000].

--------------------------------------------------------------------------------
2022-04-30 23:04:38.290 [Debug] approval Time=5450453 Offset=63786951227719 Real=63786956678172

--------------------------------------------------------------------------------
2022-04-30 23:04:38.290 [Debug] local Time=5450453 Offset=63786951227836 Real=63786956678290

--------------------------------------------------------------------------------
2022-04-30 23:04:38.290 [Debug] real delta=117

--------------------------------------------------------------------------------
2022-04-30 23:04:38.291 [Debug] this.Statistics.Ping=0 NCPing=7

--------------------------------------------------------------------------------
2022-04-30 23:04:38.293 [Debug] Connection established to remote [00000000-0000-0000-0000-000000000000/38.129.153.213:5400].

--------------------------------------------------------------------------------
2022-04-30 23:04:38.293 [Info] Connected [00000000-0000-0000-0000-000000000000].

--------------------------------------------------------------------------------
2022-04-30 23:04:44.289 [Warn] 'Me' is null.

--------------------------------------------------------------------------------
2022-04-30 23:04:45.177 [Debug] received epp: 5456515

--------------------------------------------------------------------------------
2022-04-30 23:05:09.426 [Debug] received epp: 5481657

--------------------------------------------------------------------------------
2022-04-30 23:05:09.678 [Debug] received epp: 5481657

--------------------------------------------------------------------------------
2022-04-30 23:05:16.997 [Debug] received epp: 5489265

--------------------------------------------------------------------------------
2022-04-30 23:05:17.057 [Debug] received epp: 5489265

--------------------------------------------------------------------------------
2022-04-30 23:05:17.097 [Debug] received epp: 5489359

--------------------------------------------------------------------------------
2022-04-30 23:05:22.458 [Debug] received epp: 5494719

--------------------------------------------------------------------------------
2022-04-30 23:05:22.727 [Debug] received epp: 5494719

--------------------------------------------------------------------------------
2022-04-30 23:05:43.167 [Debug] received epp: 5515438

--------------------------------------------------------------------------------
2022-04-30 23:05:43.192 [Debug] received epp: 5515454

--------------------------------------------------------------------------------
2022-04-30 23:05:43.733 [Debug] received epp: 5515984

--------------------------------------------------------------------------------
2022-04-30 23:05:43.784 [Debug] received epp: 5516000

--------------------------------------------------------------------------------
2022-04-30 23:05:44.177 [Debug] received epp: 5516437

--------------------------------------------------------------------------------
2022-04-30 23:05:44.268 [Debug] received epp: 5516531

--------------------------------------------------------------------------------
2022-04-30 23:05:50.372 [Debug] received epp: 5522642

--------------------------------------------------------------------------------
2022-04-30 23:05:50.663 [Debug] received epp: 5522907

--------------------------------------------------------------------------------
2022-04-30 23:05:50.892 [Debug] received epp: 5523156

--------------------------------------------------------------------------------
2022-04-30 23:05:51.371 [Debug] received epp: 5523640

--------------------------------------------------------------------------------
2022-04-30 23:05:51.664 [Debug] received epp: 5523922

--------------------------------------------------------------------------------
2022-04-30 23:05:51.950 [Debug] received epp: 5524189

--------------------------------------------------------------------------------
2022-04-30 23:05:51.950 [Debug] received epp: 5524220

--------------------------------------------------------------------------------
2022-04-30 23:06:05.941 [Debug] received epp: 5538204

--------------------------------------------------------------------------------
2022-04-30 23:06:05.997 [Debug] received epp: 5538204

--------------------------------------------------------------------------------
2022-04-30 23:25:56.979 [Info] Acquiring context lock... (0ms)

--------------------------------------------------------------------------------
2022-04-30 23:25:56.979 [Info] Acquired. (0ms)

--------------------------------------------------------------------------------
2022-04-30 23:25:56.980 [Info] Beginning context dispose. (0ms)

--------------------------------------------------------------------------------
2022-04-30 23:25:56.980 [Info] GC.SuppressFinalize (0ms)

--------------------------------------------------------------------------------
2022-04-30 23:25:56.980 [Info] InternalDispose() completed. (0ms)

--------------------------------------------------------------------------------
2022-04-30 23:25:56.980 [Info] Clearing instance... (1ms)

--------------------------------------------------------------------------------
2022-04-30 23:25:56.981 [Info] Releasing context lock... (1ms)

--------------------------------------------------------------------------------
2022-04-30 23:25:56.981 [Info] Released. (1ms)

--------------------------------------------------------------------------------
2022-04-30 23:25:56.981 [Error] NullReferenceException: Object reference not set to an instance of an object.
    Stack:    at Intersect.Client.Networking.PacketHandler.HandlePacket(IPacketSender packetSender, GameObjectPacket packet)
   at Intersect.Network.PacketHandlerRegistry.<>c__DisplayClass38_1`2.<CreateWeaklyTypedDelegateForMethodInfo>b__1(IPacketSender packetSender, IPacket packet)
   at Intersect.Client.Networking.PacketHandler.HandlePacket(IPacket packet)
   at Intersect.Client.Networking.Network.MySocket_OnDataReceived(IPacket packet)
   at Intersect.Client.Framework.Network.GameSocket.OnDataReceived(IPacket packet)
   at Intersect.Client.MonoGame.Network.MonoSocket.Update()
   at Intersect.Client.Networking.Network.Update()
   at Intersect.Client.Core.Main.Update(TimeSpan deltaTime)
   at Intersect.Client.MonoGame.IntersectGame.Update(GameTime gameTime)
   at Microsoft.Xna.Framework.Game.DoUpdate(GameTime gameTime)
   at Microsoft.Xna.Framework.Game.Tick()
   at Microsoft.Xna.Framework.SdlGamePlatform.RunLoop()
   at Microsoft.Xna.Framework.Game.Run(GameRunBehavior runBehavior)
   at Intersect.Client.MonoGame.IntersectGame.MonoGameRunner.Start(IClientContext context, Action postStartupAction)
   at Intersect.Client.Core.ClientContext.InternalStart()
   at Intersect.Core.ApplicationContext`2.Start(Boolean lockUntilShutdown)


--------------------------------------------------------------------------------
