2022-04-03 15:43:41.264 [Info] Connecting to 38.129.153.213:5400...

--------------------------------------------------------------------------------
2022-04-03 15:43:41.702 [Info] Connection approved [00000000-0000-0000-0000-000000000000].

--------------------------------------------------------------------------------
2022-04-03 15:43:41.763 [Debug] approval Time=2631698 Offset=63784594789990 Real=63784597421688

--------------------------------------------------------------------------------
2022-04-03 15:43:41.763 [Debug] local Time=2631698 Offset=63784594790065 Real=63784597421763

--------------------------------------------------------------------------------
2022-04-03 15:43:41.763 [Debug] real delta=74

--------------------------------------------------------------------------------
2022-04-03 15:43:41.763 [Debug] this.Statistics.Ping=0 NCPing=6

--------------------------------------------------------------------------------
2022-04-03 15:43:41.765 [Debug] Connection established to remote [00000000-0000-0000-0000-000000000000/38.129.153.213:5400].

--------------------------------------------------------------------------------
2022-04-03 15:43:41.765 [Info] Connected [00000000-0000-0000-0000-000000000000].

--------------------------------------------------------------------------------
2022-04-03 15:47:26.162 [Debug] StatusChanged: [NetIncomingMessage #680 10 bytes] [Disconnecting]

--------------------------------------------------------------------------------
2022-04-03 15:47:26.166 [Debug] StatusChanged: [NetIncomingMessage #681 10 bytes] [Disconnected]

--------------------------------------------------------------------------------
2022-04-03 15:47:26.167 [Debug] Connection terminated to remote [00000000-0000-0000-0000-000000000000/38.129.153.213:5400].

--------------------------------------------------------------------------------
2022-04-03 15:47:26.167 [Info] Disconnected [00000000-0000-0000-0000-000000000000].

--------------------------------------------------------------------------------
