2022-04-03 15:52:39.502 [Info] Connecting to 38.129.153.213:5400...

--------------------------------------------------------------------------------
2022-04-03 15:52:39.949 [Info] Connection approved [00000000-0000-0000-0000-000000000000].

--------------------------------------------------------------------------------
2022-04-03 15:52:40.013 [Debug] approval Time=3169947 Offset=63784594789990 Real=63784597959938

--------------------------------------------------------------------------------
2022-04-03 15:52:40.013 [Debug] local Time=3169947 Offset=63784594790065 Real=63784597960013

--------------------------------------------------------------------------------
2022-04-03 15:52:40.014 [Debug] real delta=74

--------------------------------------------------------------------------------
2022-04-03 15:52:40.014 [Debug] this.Statistics.Ping=0 NCPing=6

--------------------------------------------------------------------------------
2022-04-03 15:52:40.015 [Debug] Connection established to remote [00000000-0000-0000-0000-000000000000/38.129.153.213:5400].

--------------------------------------------------------------------------------
2022-04-03 15:52:40.016 [Info] Connected [00000000-0000-0000-0000-000000000000].

--------------------------------------------------------------------------------
2022-04-03 15:54:29.839 [Debug] StatusChanged: [NetIncomingMessage #230 10 bytes] [Disconnecting]

--------------------------------------------------------------------------------
2022-04-03 15:54:29.841 [Debug] StatusChanged: [NetIncomingMessage #231 10 bytes] [Disconnected]

--------------------------------------------------------------------------------
2022-04-03 15:54:29.841 [Debug] Connection terminated to remote [00000000-0000-0000-0000-000000000000/38.129.153.213:5400].

--------------------------------------------------------------------------------
2022-04-03 15:54:29.842 [Info] Disconnected [00000000-0000-0000-0000-000000000000].

--------------------------------------------------------------------------------
