2022-04-03 21:21:46.909 [Info] Discovered 0 plugins:


--------------------------------------------------------------------------------
2022-04-03 21:21:47.914 [Info] Connecting to 38.129.153.213:5400...

--------------------------------------------------------------------------------
2022-04-03 21:21:48.327 [Info] Connection approved [00000000-0000-0000-0000-000000000000].

--------------------------------------------------------------------------------
2022-04-03 21:21:48.389 [Debug] approval Time=3496046 Offset=63784614212267 Real=63784617708313

--------------------------------------------------------------------------------
2022-04-03 21:21:48.390 [Debug] local Time=3496047 Offset=63784614212343 Real=63784617708390

--------------------------------------------------------------------------------
2022-04-03 21:21:48.390 [Debug] real delta=77

--------------------------------------------------------------------------------
2022-04-03 21:21:48.390 [Debug] this.Statistics.Ping=0 NCPing=8

--------------------------------------------------------------------------------
2022-04-03 21:21:48.392 [Debug] Connection established to remote [00000000-0000-0000-0000-000000000000/38.129.153.213:5400].

--------------------------------------------------------------------------------
2022-04-03 21:21:48.392 [Info] Connected [00000000-0000-0000-0000-000000000000].

--------------------------------------------------------------------------------
2022-04-03 21:22:28.548 [Debug] StatusChanged: [NetIncomingMessage #0 10 bytes] [Disconnecting]

--------------------------------------------------------------------------------
2022-04-03 21:22:28.551 [Debug] StatusChanged: [NetIncomingMessage #0 10 bytes] [Disconnected]

--------------------------------------------------------------------------------
2022-04-03 21:22:28.594 [Info] Acquiring context lock... (0ms)

--------------------------------------------------------------------------------
2022-04-03 21:22:28.595 [Info] Acquired. (0ms)

--------------------------------------------------------------------------------
2022-04-03 21:22:28.595 [Info] Beginning context dispose. (0ms)

--------------------------------------------------------------------------------
2022-04-03 21:22:28.596 [Info] GC.SuppressFinalize (0ms)

--------------------------------------------------------------------------------
2022-04-03 21:22:28.596 [Info] InternalDispose() completed. (0ms)

--------------------------------------------------------------------------------
2022-04-03 21:22:28.596 [Info] Clearing instance... (1ms)

--------------------------------------------------------------------------------
2022-04-03 21:22:28.596 [Info] Releasing context lock... (1ms)

--------------------------------------------------------------------------------
2022-04-03 21:22:28.596 [Info] Released. (1ms)

--------------------------------------------------------------------------------
