2022-04-03 18:37:33.834 [Info] Discovered 0 plugins:


--------------------------------------------------------------------------------
2022-04-03 18:37:34.817 [Info] Connecting to 38.129.153.213:5400...

--------------------------------------------------------------------------------
2022-04-03 18:37:35.221 [Info] Connection approved [00000000-0000-0000-0000-000000000000].

--------------------------------------------------------------------------------
2022-04-03 18:37:35.289 [Debug] approval Time=13065214 Offset=63784594789990 Real=63784607855205

--------------------------------------------------------------------------------
2022-04-03 18:37:35.289 [Debug] local Time=13065214 Offset=63784594790074 Real=63784607855289

--------------------------------------------------------------------------------
2022-04-03 18:37:35.289 [Debug] real delta=84

--------------------------------------------------------------------------------
2022-04-03 18:37:35.290 [Debug] this.Statistics.Ping=0 NCPing=9

--------------------------------------------------------------------------------
2022-04-03 18:37:35.291 [Debug] Connection established to remote [00000000-0000-0000-0000-000000000000/38.129.153.213:5400].

--------------------------------------------------------------------------------
2022-04-03 18:37:35.291 [Info] Connected [00000000-0000-0000-0000-000000000000].

--------------------------------------------------------------------------------
2022-04-03 18:37:40.839 [Warn] 'Me' is null.

--------------------------------------------------------------------------------
2022-04-03 18:37:41.045 [Debug] received epp: 13070775

--------------------------------------------------------------------------------
2022-04-03 18:38:36.294 [Debug] StatusChanged: [NetIncomingMessage #1018 10 bytes] [Disconnecting]

--------------------------------------------------------------------------------
2022-04-03 18:38:36.296 [Debug] StatusChanged: [NetIncomingMessage #1019 10 bytes] [Disconnected]

--------------------------------------------------------------------------------
2022-04-03 18:38:36.345 [Info] Acquiring context lock... (0ms)

--------------------------------------------------------------------------------
2022-04-03 18:38:36.345 [Info] Acquired. (0ms)

--------------------------------------------------------------------------------
2022-04-03 18:38:36.346 [Info] Beginning context dispose. (0ms)

--------------------------------------------------------------------------------
2022-04-03 18:38:36.346 [Info] GC.SuppressFinalize (0ms)

--------------------------------------------------------------------------------
2022-04-03 18:38:36.346 [Info] InternalDispose() completed. (0ms)

--------------------------------------------------------------------------------
2022-04-03 18:38:36.346 [Info] Clearing instance... (1ms)

--------------------------------------------------------------------------------
2022-04-03 18:38:36.346 [Info] Releasing context lock... (1ms)

--------------------------------------------------------------------------------
2022-04-03 18:38:36.346 [Info] Released. (1ms)

--------------------------------------------------------------------------------
