2022-04-06 22:13:50.447 [Info] Discovered 0 plugins:


--------------------------------------------------------------------------------
2022-04-06 22:13:51.596 [Info] Connecting to 38.129.153.213:5400...

--------------------------------------------------------------------------------
2022-04-06 22:13:52.049 [Info] Connection approved [00000000-0000-0000-0000-000000000000].

--------------------------------------------------------------------------------
2022-04-06 22:13:52.126 [Debug] approval Time=1754527 Offset=63784878277505 Real=63784880032033

--------------------------------------------------------------------------------
2022-04-06 22:13:52.126 [Debug] local Time=1754527 Offset=63784878277598 Real=63784880032126

--------------------------------------------------------------------------------
2022-04-06 22:13:52.126 [Debug] real delta=92

--------------------------------------------------------------------------------
2022-04-06 22:13:52.126 [Debug] this.Statistics.Ping=0 NCPing=7

--------------------------------------------------------------------------------
2022-04-06 22:13:52.128 [Debug] Connection established to remote [00000000-0000-0000-0000-000000000000/38.129.153.213:5400].

--------------------------------------------------------------------------------
2022-04-06 22:13:52.128 [Info] Connected [00000000-0000-0000-0000-000000000000].

--------------------------------------------------------------------------------
2022-04-06 22:13:58.565 [Warn] 'Me' is null.

--------------------------------------------------------------------------------
2022-04-06 22:13:58.846 [Debug] received epp: 1761010

--------------------------------------------------------------------------------
2022-04-06 22:20:38.322 [Debug] StatusChanged: [NetIncomingMessage #973 10 bytes] [Disconnecting]

--------------------------------------------------------------------------------
2022-04-06 22:20:38.325 [Debug] StatusChanged: [NetIncomingMessage #974 14 bytes] [Disconnected]

--------------------------------------------------------------------------------
2022-04-06 22:20:38.369 [Info] Acquiring context lock... (0ms)

--------------------------------------------------------------------------------
2022-04-06 22:20:38.369 [Info] Acquired. (0ms)

--------------------------------------------------------------------------------
2022-04-06 22:20:38.370 [Info] Beginning context dispose. (0ms)

--------------------------------------------------------------------------------
2022-04-06 22:20:38.370 [Info] GC.SuppressFinalize (0ms)

--------------------------------------------------------------------------------
2022-04-06 22:20:38.370 [Info] InternalDispose() completed. (0ms)

--------------------------------------------------------------------------------
2022-04-06 22:20:38.371 [Info] Clearing instance... (1ms)

--------------------------------------------------------------------------------
2022-04-06 22:20:38.371 [Info] Releasing context lock... (1ms)

--------------------------------------------------------------------------------
2022-04-06 22:20:38.371 [Info] Released. (1ms)

--------------------------------------------------------------------------------
