2022-04-03 17:52:10.149 [Info] Discovered 0 plugins:


--------------------------------------------------------------------------------
2022-04-03 17:52:11.126 [Info] Connecting to 38.129.153.213:5400...

--------------------------------------------------------------------------------
2022-04-03 17:52:11.606 [Info] Connection approved [00000000-0000-0000-0000-000000000000].

--------------------------------------------------------------------------------
2022-04-03 17:52:11.676 [Debug] approval Time=10341604 Offset=63784594789990 Real=63784605131594

--------------------------------------------------------------------------------
2022-04-03 17:52:11.677 [Debug] local Time=10341604 Offset=63784594790072 Real=63784605131676

--------------------------------------------------------------------------------
2022-04-03 17:52:11.677 [Debug] real delta=81

--------------------------------------------------------------------------------
2022-04-03 17:52:11.677 [Debug] this.Statistics.Ping=0 NCPing=5

--------------------------------------------------------------------------------
2022-04-03 17:52:11.678 [Debug] Connection established to remote [00000000-0000-0000-0000-000000000000/38.129.153.213:5400].

--------------------------------------------------------------------------------
2022-04-03 17:52:11.679 [Info] Connected [00000000-0000-0000-0000-000000000000].

--------------------------------------------------------------------------------
2022-04-03 18:08:19.023 [Debug] StatusChanged: [NetIncomingMessage #0 10 bytes] [Disconnecting]

--------------------------------------------------------------------------------
2022-04-03 18:08:19.025 [Debug] StatusChanged: [NetIncomingMessage #0 10 bytes] [Disconnected]

--------------------------------------------------------------------------------
2022-04-03 18:08:19.066 [Info] Acquiring context lock... (0ms)

--------------------------------------------------------------------------------
2022-04-03 18:08:19.066 [Info] Acquired. (0ms)

--------------------------------------------------------------------------------
2022-04-03 18:08:19.067 [Info] Beginning context dispose. (0ms)

--------------------------------------------------------------------------------
2022-04-03 18:08:19.068 [Info] GC.SuppressFinalize (0ms)

--------------------------------------------------------------------------------
2022-04-03 18:08:19.068 [Info] InternalDispose() completed. (0ms)

--------------------------------------------------------------------------------
2022-04-03 18:08:19.068 [Info] Clearing instance... (1ms)

--------------------------------------------------------------------------------
2022-04-03 18:08:19.068 [Info] Releasing context lock... (1ms)

--------------------------------------------------------------------------------
2022-04-03 18:08:19.068 [Info] Released. (1ms)

--------------------------------------------------------------------------------
