2022-04-04 14:01:37.274 [Info] Connecting to 38.129.153.213:5400...

--------------------------------------------------------------------------------
2022-04-04 14:01:37.689 [Info] Connection approved [00000000-0000-0000-0000-000000000000].

--------------------------------------------------------------------------------
2022-04-04 14:01:37.751 [Debug] approval Time=2254382 Offset=63784675443290 Real=63784677697672

--------------------------------------------------------------------------------
2022-04-04 14:01:37.752 [Debug] local Time=2254382 Offset=63784675443368 Real=63784677697751

--------------------------------------------------------------------------------
2022-04-04 14:01:37.752 [Debug] real delta=78

--------------------------------------------------------------------------------
2022-04-04 14:01:37.752 [Debug] this.Statistics.Ping=0 NCPing=6

--------------------------------------------------------------------------------
2022-04-04 14:01:37.754 [Debug] Connection established to remote [00000000-0000-0000-0000-000000000000/38.129.153.213:5400].

--------------------------------------------------------------------------------
2022-04-04 14:01:37.754 [Info] Connected [00000000-0000-0000-0000-000000000000].

--------------------------------------------------------------------------------
2022-04-04 14:16:15.880 [Debug] StatusChanged: [NetIncomingMessage #740 10 bytes] [Disconnecting]

--------------------------------------------------------------------------------
2022-04-04 14:16:15.883 [Debug] StatusChanged: [NetIncomingMessage #741 10 bytes] [Disconnected]

--------------------------------------------------------------------------------
2022-04-04 14:16:15.884 [Debug] Connection terminated to remote [00000000-0000-0000-0000-000000000000/38.129.153.213:5400].

--------------------------------------------------------------------------------
2022-04-04 14:16:15.884 [Info] Disconnected [00000000-0000-0000-0000-000000000000].

--------------------------------------------------------------------------------
