2022-04-04 01:54:37.869 [Info] Connecting to 38.129.153.213:5400...

--------------------------------------------------------------------------------
2022-04-04 01:54:38.286 [Info] Connection approved [00000000-0000-0000-0000-000000000000].

--------------------------------------------------------------------------------
2022-04-04 01:54:38.352 [Debug] approval Time=2637268 Offset=63784631440998 Real=63784634078266

--------------------------------------------------------------------------------
2022-04-04 01:54:38.352 [Debug] local Time=2637268 Offset=63784631441083 Real=63784634078352

--------------------------------------------------------------------------------
2022-04-04 01:54:38.352 [Debug] real delta=85

--------------------------------------------------------------------------------
2022-04-04 01:54:38.352 [Debug] this.Statistics.Ping=0 NCPing=9

--------------------------------------------------------------------------------
2022-04-04 01:54:38.354 [Debug] Connection established to remote [00000000-0000-0000-0000-000000000000/38.129.153.213:5400].

--------------------------------------------------------------------------------
2022-04-04 01:54:38.354 [Info] Connected [00000000-0000-0000-0000-000000000000].

--------------------------------------------------------------------------------
2022-04-04 01:56:52.261 [Debug] StatusChanged: [NetIncomingMessage #765 10 bytes] [Disconnecting]

--------------------------------------------------------------------------------
2022-04-04 01:56:52.263 [Debug] StatusChanged: [NetIncomingMessage #772 10 bytes] [Disconnected]

--------------------------------------------------------------------------------
2022-04-04 01:56:52.264 [Debug] Connection terminated to remote [00000000-0000-0000-0000-000000000000/38.129.153.213:5400].

--------------------------------------------------------------------------------
2022-04-04 01:56:52.264 [Info] Disconnected [00000000-0000-0000-0000-000000000000].

--------------------------------------------------------------------------------
