2022-04-06 01:56:05.300 [Info] Connecting to 38.129.153.213:5400...

--------------------------------------------------------------------------------
2022-04-06 01:56:05.732 [Info] Connection approved [00000000-0000-0000-0000-000000000000].

--------------------------------------------------------------------------------
2022-04-06 01:56:05.810 [Debug] approval Time=7375054 Offset=63784799590665 Real=63784806965719

--------------------------------------------------------------------------------
2022-04-06 01:56:05.811 [Debug] local Time=7375054 Offset=63784799590756 Real=63784806965810

--------------------------------------------------------------------------------
2022-04-06 01:56:05.811 [Debug] real delta=90

--------------------------------------------------------------------------------
2022-04-06 01:56:05.811 [Debug] this.Statistics.Ping=0 NCPing=7

--------------------------------------------------------------------------------
2022-04-06 01:56:05.812 [Debug] Connection established to remote [00000000-0000-0000-0000-000000000000/38.129.153.213:5400].

--------------------------------------------------------------------------------
2022-04-06 01:56:05.813 [Info] Connected [00000000-0000-0000-0000-000000000000].

--------------------------------------------------------------------------------
2022-04-06 01:57:56.994 [Debug] StatusChanged: [NetIncomingMessage #265 10 bytes] [Disconnecting]

--------------------------------------------------------------------------------
2022-04-06 01:57:56.996 [Debug] StatusChanged: [NetIncomingMessage #266 10 bytes] [Disconnected]

--------------------------------------------------------------------------------
2022-04-06 01:57:56.996 [Debug] Connection terminated to remote [00000000-0000-0000-0000-000000000000/38.129.153.213:5400].

--------------------------------------------------------------------------------
2022-04-06 01:57:56.996 [Info] Disconnected [00000000-0000-0000-0000-000000000000].

--------------------------------------------------------------------------------
