2022-04-04 21:01:05.707 [Info] Discovered 0 plugins:


--------------------------------------------------------------------------------
2022-04-04 21:01:06.764 [Info] Connecting to 38.129.153.213:5400...

--------------------------------------------------------------------------------
2022-04-04 21:01:07.214 [Info] Connection approved [00000000-0000-0000-0000-000000000000].

--------------------------------------------------------------------------------
2022-04-04 21:01:07.298 [Debug] approval Time=1545020 Offset=63784701322168 Real=63784702867188

--------------------------------------------------------------------------------
2022-04-04 21:01:07.298 [Debug] local Time=1545020 Offset=63784701322277 Real=63784702867298

--------------------------------------------------------------------------------
2022-04-04 21:01:07.298 [Debug] real delta=109

--------------------------------------------------------------------------------
2022-04-04 21:01:07.298 [Debug] this.Statistics.Ping=0 NCPing=8

--------------------------------------------------------------------------------
2022-04-04 21:01:07.301 [Debug] Connection established to remote [00000000-0000-0000-0000-000000000000/38.129.153.213:5400].

--------------------------------------------------------------------------------
2022-04-04 21:01:07.301 [Info] Connected [00000000-0000-0000-0000-000000000000].

--------------------------------------------------------------------------------
2022-04-04 21:01:10.844 [Warn] 'Me' is null.

--------------------------------------------------------------------------------
2022-04-04 21:01:11.159 [Debug] received epp: 1548614

--------------------------------------------------------------------------------
2022-04-04 21:01:14.315 [Debug] received epp: 1552128

--------------------------------------------------------------------------------
2022-04-04 21:01:14.516 [Debug] received epp: 1552316

--------------------------------------------------------------------------------
2022-04-04 21:01:14.731 [Debug] received epp: 1552550

--------------------------------------------------------------------------------
2022-04-04 21:01:15.282 [Debug] received epp: 1553098

--------------------------------------------------------------------------------
2022-04-04 21:01:15.882 [Debug] received epp: 1553691

--------------------------------------------------------------------------------
2022-04-04 21:01:16.665 [Debug] received epp: 1554472

--------------------------------------------------------------------------------
2022-04-04 21:01:18.148 [Debug] received epp: 1555972

--------------------------------------------------------------------------------
2022-04-04 21:01:47.849 [Debug] received epp: 1585661

--------------------------------------------------------------------------------
2022-04-04 21:01:54.601 [Debug] received epp: 1592411

--------------------------------------------------------------------------------
2022-04-04 21:02:00.016 [Debug] received epp: 1597817

--------------------------------------------------------------------------------
2022-04-04 21:03:28.000 [Debug] received epp: 1685817

--------------------------------------------------------------------------------
2022-04-04 21:03:28.282 [Debug] received epp: 1686097

--------------------------------------------------------------------------------
2022-04-04 21:03:29.150 [Debug] received epp: 1686942

--------------------------------------------------------------------------------
2022-04-04 21:03:29.632 [Debug] received epp: 1687441

--------------------------------------------------------------------------------
2022-04-04 21:03:29.916 [Debug] received epp: 1687738

--------------------------------------------------------------------------------
2022-04-04 21:03:30.466 [Debug] received epp: 1688269

--------------------------------------------------------------------------------
2022-04-04 21:04:38.060 [Debug] received epp: 1755847

--------------------------------------------------------------------------------
2022-04-04 21:04:47.300 [Debug] received epp: 1765097

--------------------------------------------------------------------------------
2022-04-04 21:04:50.033 [Debug] received epp: 1767833

--------------------------------------------------------------------------------
2022-04-04 21:04:51.567 [Debug] received epp: 1769379

--------------------------------------------------------------------------------
2022-04-04 21:04:54.916 [Debug] received epp: 1772738

--------------------------------------------------------------------------------
2022-04-04 21:04:55.283 [Debug] received epp: 1773098

--------------------------------------------------------------------------------
2022-04-04 21:04:56.316 [Debug] received epp: 1774129

--------------------------------------------------------------------------------
2022-04-04 21:04:56.900 [Debug] received epp: 1774723

--------------------------------------------------------------------------------
2022-04-04 21:04:57.237 [Debug] received epp: 1775051

--------------------------------------------------------------------------------
2022-04-04 21:04:57.801 [Debug] received epp: 1775614

--------------------------------------------------------------------------------
2022-04-04 21:04:58.650 [Debug] received epp: 1776457

--------------------------------------------------------------------------------
2022-04-04 21:04:59.033 [Debug] received epp: 1776849

--------------------------------------------------------------------------------
2022-04-04 21:04:59.584 [Debug] received epp: 1777395

--------------------------------------------------------------------------------
2022-04-04 21:05:01.251 [Debug] received epp: 1779066

--------------------------------------------------------------------------------
2022-04-04 21:05:02.433 [Debug] received epp: 1780253

--------------------------------------------------------------------------------
2022-04-04 21:06:55.871 [Debug] received epp: 1893692

--------------------------------------------------------------------------------
2022-04-04 21:07:37.604 [Debug] received epp: 1935363

--------------------------------------------------------------------------------
2022-04-04 21:11:29.553 [Debug] StatusChanged: [NetIncomingMessage #12 10 bytes] [Disconnecting]

--------------------------------------------------------------------------------
2022-04-04 21:11:29.556 [Debug] StatusChanged: [NetIncomingMessage #13 14 bytes] [Disconnected]

--------------------------------------------------------------------------------
2022-04-04 21:11:29.591 [Info] Acquiring context lock... (0ms)

--------------------------------------------------------------------------------
2022-04-04 21:11:29.591 [Info] Acquired. (0ms)

--------------------------------------------------------------------------------
2022-04-04 21:11:29.592 [Info] Beginning context dispose. (0ms)

--------------------------------------------------------------------------------
2022-04-04 21:11:29.592 [Info] GC.SuppressFinalize (0ms)

--------------------------------------------------------------------------------
2022-04-04 21:11:29.593 [Info] InternalDispose() completed. (0ms)

--------------------------------------------------------------------------------
2022-04-04 21:11:29.593 [Info] Clearing instance... (1ms)

--------------------------------------------------------------------------------
2022-04-04 21:11:29.593 [Info] Releasing context lock... (1ms)

--------------------------------------------------------------------------------
2022-04-04 21:11:29.593 [Info] Released. (1ms)

--------------------------------------------------------------------------------
