2022-04-06 00:07:20.201 [Info] Connecting to 38.129.153.213:5400...

--------------------------------------------------------------------------------
2022-04-06 00:07:20.615 [Info] Connection approved [00000000-0000-0000-0000-000000000000].

--------------------------------------------------------------------------------
2022-04-06 00:07:20.686 [Debug] approval Time=849929 Offset=63784799590665 Real=63784800440594

--------------------------------------------------------------------------------
2022-04-06 00:07:20.686 [Debug] local Time=849929 Offset=63784799590757 Real=63784800440686

--------------------------------------------------------------------------------
2022-04-06 00:07:20.686 [Debug] real delta=91

--------------------------------------------------------------------------------
2022-04-06 00:07:20.686 [Debug] this.Statistics.Ping=0 NCPing=7

--------------------------------------------------------------------------------
2022-04-06 00:07:20.689 [Debug] Connection established to remote [00000000-0000-0000-0000-000000000000/38.129.153.213:5400].

--------------------------------------------------------------------------------
2022-04-06 00:07:20.689 [Info] Connected [00000000-0000-0000-0000-000000000000].

--------------------------------------------------------------------------------
2022-04-06 00:34:27.487 [Debug] StatusChanged: [NetIncomingMessage #0 10 bytes] [Disconnecting]

--------------------------------------------------------------------------------
2022-04-06 00:34:27.500 [Debug] StatusChanged: [NetIncomingMessage #0 10 bytes] [Disconnected]

--------------------------------------------------------------------------------
2022-04-06 00:34:27.500 [Debug] Connection terminated to remote [00000000-0000-0000-0000-000000000000/38.129.153.213:5400].

--------------------------------------------------------------------------------
2022-04-06 00:34:27.500 [Info] Disconnected [00000000-0000-0000-0000-000000000000].

--------------------------------------------------------------------------------
