2022-04-04 23:41:18.509 [Info] Discovered 0 plugins:


--------------------------------------------------------------------------------
2022-04-04 23:41:19.945 [Info] Connecting to 38.129.153.213:5400...

--------------------------------------------------------------------------------
2022-04-04 23:41:20.643 [Info] Connection approved [00000000-0000-0000-0000-000000000000].

--------------------------------------------------------------------------------
2022-04-04 23:41:20.720 [Debug] approval Time=669438 Offset=63784711811125 Real=63784712480564

--------------------------------------------------------------------------------
2022-04-04 23:41:20.720 [Debug] local Time=669438 Offset=63784711811282 Real=63784712480720

--------------------------------------------------------------------------------
2022-04-04 23:41:20.721 [Debug] real delta=156

--------------------------------------------------------------------------------
2022-04-04 23:41:20.721 [Debug] this.Statistics.Ping=0 NCPing=6

--------------------------------------------------------------------------------
2022-04-04 23:41:20.722 [Debug] Connection established to remote [00000000-0000-0000-0000-000000000000/38.129.153.213:5400].

--------------------------------------------------------------------------------
2022-04-04 23:41:20.722 [Info] Connected [00000000-0000-0000-0000-000000000000].

--------------------------------------------------------------------------------
2022-04-04 23:43:15.913 [Warn] 'Me' is null.

--------------------------------------------------------------------------------
2022-04-04 23:43:16.601 [Debug] received epp: 784896

--------------------------------------------------------------------------------
2022-04-04 23:43:21.516 [Debug] received epp: 790375

--------------------------------------------------------------------------------
2022-04-04 23:44:02.375 [Debug] received epp: 831203

--------------------------------------------------------------------------------
2022-04-04 23:46:56.935 [Debug] StatusChanged: [NetIncomingMessage #519 10 bytes] [Disconnecting]

--------------------------------------------------------------------------------
2022-04-04 23:46:56.940 [Debug] StatusChanged: [NetIncomingMessage #452 14 bytes] [Disconnected]

--------------------------------------------------------------------------------
2022-04-04 23:46:56.982 [Info] Acquiring context lock... (0ms)

--------------------------------------------------------------------------------
2022-04-04 23:46:56.982 [Info] Acquired. (0ms)

--------------------------------------------------------------------------------
2022-04-04 23:46:56.983 [Info] Beginning context dispose. (0ms)

--------------------------------------------------------------------------------
2022-04-04 23:46:56.983 [Info] GC.SuppressFinalize (0ms)

--------------------------------------------------------------------------------
2022-04-04 23:46:56.983 [Info] InternalDispose() completed. (0ms)

--------------------------------------------------------------------------------
2022-04-04 23:46:56.983 [Info] Clearing instance... (1ms)

--------------------------------------------------------------------------------
2022-04-04 23:46:56.983 [Info] Releasing context lock... (1ms)

--------------------------------------------------------------------------------
2022-04-04 23:46:56.983 [Info] Released. (1ms)

--------------------------------------------------------------------------------
