2022-04-04 15:24:03.005 [Info] Connecting to 38.129.153.213:5400...

--------------------------------------------------------------------------------
2022-04-04 15:24:03.519 [Info] Connection approved [00000000-0000-0000-0000-000000000000].

--------------------------------------------------------------------------------
2022-04-04 15:24:03.587 [Debug] approval Time=7200210 Offset=63784675443290 Real=63784682643500

--------------------------------------------------------------------------------
2022-04-04 15:24:03.587 [Debug] local Time=7200210 Offset=63784675443376 Real=63784682643587

--------------------------------------------------------------------------------
2022-04-04 15:24:03.587 [Debug] real delta=86

--------------------------------------------------------------------------------
2022-04-04 15:24:03.587 [Debug] this.Statistics.Ping=0 NCPing=7

--------------------------------------------------------------------------------
2022-04-04 15:24:03.589 [Debug] Connection established to remote [00000000-0000-0000-0000-000000000000/38.129.153.213:5400].

--------------------------------------------------------------------------------
2022-04-04 15:24:03.590 [Info] Connected [00000000-0000-0000-0000-000000000000].

--------------------------------------------------------------------------------
2022-04-04 15:33:19.216 [Debug] StatusChanged: [NetIncomingMessage #0 10 bytes] [Disconnecting]

--------------------------------------------------------------------------------
2022-04-04 15:33:19.218 [Debug] StatusChanged: [NetIncomingMessage #0 10 bytes] [Disconnected]

--------------------------------------------------------------------------------
2022-04-04 15:33:19.218 [Debug] Connection terminated to remote [00000000-0000-0000-0000-000000000000/38.129.153.213:5400].

--------------------------------------------------------------------------------
2022-04-04 15:33:19.219 [Info] Disconnected [00000000-0000-0000-0000-000000000000].

--------------------------------------------------------------------------------
