2022-04-10 18:43:34.251 [Info] Connecting to 38.129.153.213:5400...

--------------------------------------------------------------------------------
2022-04-10 18:43:34.673 [Info] Connection approved [00000000-0000-0000-0000-000000000000].

--------------------------------------------------------------------------------
2022-04-10 18:43:34.734 [Debug] approval Time=6170946 Offset=63785206843711 Real=63785213014658

--------------------------------------------------------------------------------
2022-04-10 18:43:34.734 [Debug] local Time=6170946 Offset=63785206843787 Real=63785213014734

--------------------------------------------------------------------------------
2022-04-10 18:43:34.734 [Debug] real delta=75

--------------------------------------------------------------------------------
2022-04-10 18:43:34.734 [Debug] this.Statistics.Ping=0 NCPing=9

--------------------------------------------------------------------------------
2022-04-10 18:43:34.736 [Debug] Connection established to remote [00000000-0000-0000-0000-000000000000/38.129.153.213:5400].

--------------------------------------------------------------------------------
2022-04-10 18:43:34.736 [Info] Connected [00000000-0000-0000-0000-000000000000].

--------------------------------------------------------------------------------
2022-04-10 18:44:06.046 [Debug] StatusChanged: [NetIncomingMessage #133 10 bytes] [Disconnecting]

--------------------------------------------------------------------------------
2022-04-10 18:44:06.054 [Debug] StatusChanged: [NetIncomingMessage #134 10 bytes] [Disconnected]

--------------------------------------------------------------------------------
2022-04-10 18:44:06.054 [Debug] Connection terminated to remote [00000000-0000-0000-0000-000000000000/38.129.153.213:5400].

--------------------------------------------------------------------------------
2022-04-10 18:44:06.054 [Info] Disconnected [00000000-0000-0000-0000-000000000000].

--------------------------------------------------------------------------------
