2022-04-03 21:29:06.643 [Info] Discovered 0 plugins:


--------------------------------------------------------------------------------
2022-04-03 21:29:07.646 [Info] Connecting to 38.129.153.213:5400...

--------------------------------------------------------------------------------
2022-04-03 21:29:08.063 [Info] Connection approved [00000000-0000-0000-0000-000000000000].

--------------------------------------------------------------------------------
2022-04-03 21:29:08.131 [Debug] approval Time=3935780 Offset=63784614212267 Real=63784618148047

--------------------------------------------------------------------------------
2022-04-03 21:29:08.131 [Debug] local Time=3935780 Offset=63784614212351 Real=63784618148131

--------------------------------------------------------------------------------
2022-04-03 21:29:08.132 [Debug] real delta=84

--------------------------------------------------------------------------------
2022-04-03 21:29:08.132 [Debug] this.Statistics.Ping=0 NCPing=7

--------------------------------------------------------------------------------
2022-04-03 21:29:08.134 [Debug] Connection established to remote [00000000-0000-0000-0000-000000000000/38.129.153.213:5400].

--------------------------------------------------------------------------------
2022-04-03 21:29:08.134 [Info] Connected [00000000-0000-0000-0000-000000000000].

--------------------------------------------------------------------------------
2022-04-03 21:29:24.685 [Debug] StatusChanged: [NetIncomingMessage #0 10 bytes] [Disconnecting]

--------------------------------------------------------------------------------
2022-04-03 21:29:24.687 [Debug] StatusChanged: [NetIncomingMessage #0 10 bytes] [Disconnected]

--------------------------------------------------------------------------------
2022-04-03 21:29:24.716 [Info] Acquiring context lock... (0ms)

--------------------------------------------------------------------------------
2022-04-03 21:29:24.716 [Info] Acquired. (0ms)

--------------------------------------------------------------------------------
2022-04-03 21:29:24.717 [Info] Beginning context dispose. (0ms)

--------------------------------------------------------------------------------
2022-04-03 21:29:24.718 [Info] GC.SuppressFinalize (0ms)

--------------------------------------------------------------------------------
2022-04-03 21:29:24.718 [Info] InternalDispose() completed. (0ms)

--------------------------------------------------------------------------------
2022-04-03 21:29:24.718 [Info] Clearing instance... (1ms)

--------------------------------------------------------------------------------
2022-04-03 21:29:24.718 [Info] Releasing context lock... (1ms)

--------------------------------------------------------------------------------
2022-04-03 21:29:24.718 [Info] Released. (1ms)

--------------------------------------------------------------------------------
