2022-04-03 22:38:37.896 [Info] Discovered 0 plugins:


--------------------------------------------------------------------------------
2022-04-03 22:38:38.881 [Info] Connecting to 38.129.153.213:5400...

--------------------------------------------------------------------------------
2022-04-03 22:38:39.357 [Info] Connection approved [00000000-0000-0000-0000-000000000000].

--------------------------------------------------------------------------------
2022-04-03 22:38:39.437 [Debug] approval Time=8107077 Offset=63784614212267 Real=63784622319344

--------------------------------------------------------------------------------
2022-04-03 22:38:39.437 [Debug] local Time=8107077 Offset=63784614212360 Real=63784622319437

--------------------------------------------------------------------------------
2022-04-03 22:38:39.437 [Debug] real delta=93

--------------------------------------------------------------------------------
2022-04-03 22:38:39.438 [Debug] this.Statistics.Ping=0 NCPing=5

--------------------------------------------------------------------------------
2022-04-03 22:38:39.439 [Debug] Connection established to remote [00000000-0000-0000-0000-000000000000/38.129.153.213:5400].

--------------------------------------------------------------------------------
2022-04-03 22:38:39.439 [Info] Connected [00000000-0000-0000-0000-000000000000].

--------------------------------------------------------------------------------
2022-04-03 22:38:56.224 [Warn] 'Me' is null.

--------------------------------------------------------------------------------
2022-04-03 22:38:56.445 [Debug] received epp: 8123889

--------------------------------------------------------------------------------
2022-04-03 22:40:10.149 [Warn] 'Me' is null.

--------------------------------------------------------------------------------
2022-04-03 22:40:10.213 [Debug] received epp: 8197859

--------------------------------------------------------------------------------
2022-04-03 22:40:51.813 [Debug] StatusChanged: [NetIncomingMessage #5 10 bytes] [Disconnecting]

--------------------------------------------------------------------------------
2022-04-03 22:40:51.816 [Debug] StatusChanged: [NetIncomingMessage #435 10 bytes] [Disconnected]

--------------------------------------------------------------------------------
2022-04-03 22:40:51.857 [Info] Acquiring context lock... (0ms)

--------------------------------------------------------------------------------
2022-04-03 22:40:51.857 [Info] Acquired. (0ms)

--------------------------------------------------------------------------------
2022-04-03 22:40:51.858 [Info] Beginning context dispose. (0ms)

--------------------------------------------------------------------------------
2022-04-03 22:40:51.859 [Info] GC.SuppressFinalize (0ms)

--------------------------------------------------------------------------------
2022-04-03 22:40:51.859 [Info] InternalDispose() completed. (0ms)

--------------------------------------------------------------------------------
2022-04-03 22:40:51.859 [Info] Clearing instance... (1ms)

--------------------------------------------------------------------------------
2022-04-03 22:40:51.859 [Info] Releasing context lock... (1ms)

--------------------------------------------------------------------------------
2022-04-03 22:40:51.859 [Info] Released. (1ms)

--------------------------------------------------------------------------------
