2022-04-04 14:52:54.957 [Info] Connecting to 38.129.153.213:5400...

--------------------------------------------------------------------------------
2022-04-04 14:52:55.379 [Info] Connection approved [00000000-0000-0000-0000-000000000000].

--------------------------------------------------------------------------------
2022-04-04 14:52:55.439 [Debug] approval Time=5332069 Offset=63784675443290 Real=63784680775359

--------------------------------------------------------------------------------
2022-04-04 14:52:55.439 [Debug] local Time=5332069 Offset=63784675443369 Real=63784680775439

--------------------------------------------------------------------------------
2022-04-04 14:52:55.439 [Debug] real delta=79

--------------------------------------------------------------------------------
2022-04-04 14:52:55.439 [Debug] this.Statistics.Ping=0 NCPing=5

--------------------------------------------------------------------------------
2022-04-04 14:52:55.441 [Debug] Connection established to remote [00000000-0000-0000-0000-000000000000/38.129.153.213:5400].

--------------------------------------------------------------------------------
2022-04-04 14:52:55.441 [Info] Connected [00000000-0000-0000-0000-000000000000].

--------------------------------------------------------------------------------
2022-04-04 14:58:54.043 [Debug] StatusChanged: [NetIncomingMessage #0 10 bytes] [Disconnecting]

--------------------------------------------------------------------------------
2022-04-04 14:58:54.045 [Debug] StatusChanged: [NetIncomingMessage #0 10 bytes] [Disconnected]

--------------------------------------------------------------------------------
2022-04-04 14:58:54.045 [Debug] Connection terminated to remote [00000000-0000-0000-0000-000000000000/38.129.153.213:5400].

--------------------------------------------------------------------------------
2022-04-04 14:58:54.046 [Info] Disconnected [00000000-0000-0000-0000-000000000000].

--------------------------------------------------------------------------------
