2022-04-03 18:15:32.771 [Info] Discovered 0 plugins:


--------------------------------------------------------------------------------
2022-04-03 18:15:33.819 [Info] Connecting to 38.129.153.213:5400...

--------------------------------------------------------------------------------
2022-04-03 18:15:34.263 [Info] Connection approved [00000000-0000-0000-0000-000000000000].

--------------------------------------------------------------------------------
2022-04-03 18:15:34.340 [Debug] approval Time=11744260 Offset=63784594789990 Real=63784606534250

--------------------------------------------------------------------------------
2022-04-03 18:15:34.340 [Debug] local Time=11744260 Offset=63784594790080 Real=63784606534340

--------------------------------------------------------------------------------
2022-04-03 18:15:34.341 [Debug] real delta=89

--------------------------------------------------------------------------------
2022-04-03 18:15:34.341 [Debug] this.Statistics.Ping=0 NCPing=5

--------------------------------------------------------------------------------
2022-04-03 18:15:34.342 [Debug] Connection established to remote [00000000-0000-0000-0000-000000000000/38.129.153.213:5400].

--------------------------------------------------------------------------------
2022-04-03 18:15:34.342 [Info] Connected [00000000-0000-0000-0000-000000000000].

--------------------------------------------------------------------------------
2022-04-03 18:15:40.334 [Warn] 'Me' is null.

--------------------------------------------------------------------------------
2022-04-03 18:15:40.546 [Debug] received epp: 11750260

--------------------------------------------------------------------------------
2022-04-03 18:17:39.305 [Debug] StatusChanged: [NetIncomingMessage #841 10 bytes] [Disconnecting]

--------------------------------------------------------------------------------
2022-04-03 18:17:39.307 [Debug] StatusChanged: [NetIncomingMessage #842 10 bytes] [Disconnected]

--------------------------------------------------------------------------------
2022-04-03 18:17:39.355 [Info] Acquiring context lock... (0ms)

--------------------------------------------------------------------------------
2022-04-03 18:17:39.355 [Info] Acquired. (0ms)

--------------------------------------------------------------------------------
2022-04-03 18:17:39.356 [Info] Beginning context dispose. (0ms)

--------------------------------------------------------------------------------
2022-04-03 18:17:39.357 [Info] GC.SuppressFinalize (0ms)

--------------------------------------------------------------------------------
2022-04-03 18:17:39.357 [Info] InternalDispose() completed. (0ms)

--------------------------------------------------------------------------------
2022-04-03 18:17:39.357 [Info] Clearing instance... (1ms)

--------------------------------------------------------------------------------
2022-04-03 18:17:39.357 [Info] Releasing context lock... (1ms)

--------------------------------------------------------------------------------
2022-04-03 18:17:39.357 [Info] Released. (1ms)

--------------------------------------------------------------------------------
