2022-04-11 01:26:56.418 [Info] Discovered 0 plugins:


--------------------------------------------------------------------------------
2022-04-11 01:26:57.469 [Info] Connecting to 38.129.153.213:5400...

--------------------------------------------------------------------------------
2022-04-11 01:26:57.890 [Info] Connection approved [00000000-0000-0000-0000-000000000000].

--------------------------------------------------------------------------------
2022-04-11 01:26:57.951 [Debug] approval Time=637678 Offset=63785236580198 Real=63785237217877

--------------------------------------------------------------------------------
2022-04-11 01:26:57.951 [Debug] local Time=637678 Offset=63785236580273 Real=63785237217951

--------------------------------------------------------------------------------
2022-04-11 01:26:57.951 [Debug] real delta=74

--------------------------------------------------------------------------------
2022-04-11 01:26:57.951 [Debug] this.Statistics.Ping=0 NCPing=7

--------------------------------------------------------------------------------
2022-04-11 01:26:57.953 [Debug] Connection established to remote [00000000-0000-0000-0000-000000000000/38.129.153.213:5400].

--------------------------------------------------------------------------------
2022-04-11 01:26:57.953 [Info] Connected [00000000-0000-0000-0000-000000000000].

--------------------------------------------------------------------------------
2022-04-11 01:27:03.829 [Warn] 'Me' is null.

--------------------------------------------------------------------------------
2022-04-11 01:27:04.455 [Debug] received epp: 643740

--------------------------------------------------------------------------------
2022-04-11 01:27:10.729 [Debug] received epp: 650505

--------------------------------------------------------------------------------
2022-04-11 01:27:15.980 [Debug] received epp: 655740

--------------------------------------------------------------------------------
2022-04-11 01:27:16.002 [Debug] received epp: 655740

--------------------------------------------------------------------------------
2022-04-11 01:27:20.583 [Debug] received epp: 660366

--------------------------------------------------------------------------------
2022-04-11 01:27:20.732 [Debug] received epp: 660366

--------------------------------------------------------------------------------
2022-04-11 01:27:25.846 [Debug] received epp: 665615

--------------------------------------------------------------------------------
2022-04-11 01:27:25.875 [Debug] received epp: 665615

--------------------------------------------------------------------------------
2022-04-11 01:27:52.856 [Debug] received epp: 692614

--------------------------------------------------------------------------------
2022-04-11 01:30:26.915 [Debug] StatusChanged: [NetIncomingMessage #0 10 bytes] [Disconnecting]

--------------------------------------------------------------------------------
2022-04-11 01:30:26.920 [Debug] StatusChanged: [NetIncomingMessage #0 14 bytes] [Disconnected]

--------------------------------------------------------------------------------
2022-04-11 01:30:26.964 [Info] Acquiring context lock... (0ms)

--------------------------------------------------------------------------------
2022-04-11 01:30:26.964 [Info] Acquired. (0ms)

--------------------------------------------------------------------------------
2022-04-11 01:30:26.965 [Info] Beginning context dispose. (0ms)

--------------------------------------------------------------------------------
2022-04-11 01:30:26.965 [Info] GC.SuppressFinalize (0ms)

--------------------------------------------------------------------------------
2022-04-11 01:30:26.966 [Info] InternalDispose() completed. (0ms)

--------------------------------------------------------------------------------
2022-04-11 01:30:26.966 [Info] Clearing instance... (1ms)

--------------------------------------------------------------------------------
2022-04-11 01:30:26.966 [Info] Releasing context lock... (1ms)

--------------------------------------------------------------------------------
2022-04-11 01:30:26.966 [Info] Released. (1ms)

--------------------------------------------------------------------------------
