2022-04-25 14:26:30.953 [Info] Discovered 0 plugins:


--------------------------------------------------------------------------------
2022-04-25 14:26:32.543 [Info] Connecting to 38.129.153.213:5400...

--------------------------------------------------------------------------------
2022-04-25 14:26:33.307 [Info] Connection approved [00000000-0000-0000-0000-000000000000].

--------------------------------------------------------------------------------
2022-04-25 14:26:33.386 [Debug] approval Time=14262 Offset=63786493578972 Real=63786493593235

--------------------------------------------------------------------------------
2022-04-25 14:26:33.386 [Debug] local Time=14262 Offset=63786493579123 Real=63786493593385

--------------------------------------------------------------------------------
2022-04-25 14:26:33.386 [Debug] real delta=150

--------------------------------------------------------------------------------
2022-04-25 14:26:33.386 [Debug] this.Statistics.Ping=0 NCPing=11

--------------------------------------------------------------------------------
2022-04-25 14:26:33.389 [Debug] Connection established to remote [00000000-0000-0000-0000-000000000000/38.129.153.213:5400].

--------------------------------------------------------------------------------
2022-04-25 14:26:33.389 [Info] Connected [00000000-0000-0000-0000-000000000000].

--------------------------------------------------------------------------------
2022-04-25 14:35:11.805 [Warn] 'Me' is null.

--------------------------------------------------------------------------------
2022-04-25 14:35:12.261 [Debug] received epp: 532919

--------------------------------------------------------------------------------
2022-04-25 14:35:36.364 [Debug] received epp: 557372

--------------------------------------------------------------------------------
2022-04-25 14:35:58.156 [Debug] received epp: 579170

--------------------------------------------------------------------------------
2022-04-25 14:35:58.211 [Debug] received epp: 579170

--------------------------------------------------------------------------------
2022-04-25 14:36:03.275 [Debug] received epp: 584294

--------------------------------------------------------------------------------
2022-04-25 14:36:03.466 [Debug] received epp: 584294

--------------------------------------------------------------------------------
2022-04-25 14:36:35.167 [Error] Received unhandled exception from System.Threading.Tasks.ContinuationTaskFromTask.

--------------------------------------------------------------------------------
2022-04-25 14:36:35.174 [Error] AggregateException: A Task's exception(s) were not observed either by Waiting on the Task or accessing its Exception property. As a result, the unobserved exception was rethrown by the finalizer thread.

Caused By
ArgumentOutOfRangeException: Index was out of range. Must be non-negative and less than the size of the collection.
Parameter name: index
    Stack:    at System.ThrowHelper.ThrowArgumentOutOfRangeException(ExceptionArgument argument, ExceptionResource resource)
   at System.Collections.Generic.List`1.RemoveAt(Int32 index)
   at System.Collections.Generic.List`1.Remove(T item)
   at Intersect.Client.Framework.Content.ContentWatcher.<>c__DisplayClass12_0.<Modify>b__0(Task completedTask)
   at System.Threading.Tasks.Task.Execute()


--------------------------------------------------------------------------------
2022-04-25 14:36:35.178 [Error] Caused by:

--------------------------------------------------------------------------------
2022-04-25 14:36:35.178 [Error] ArgumentOutOfRangeException: Index was out of range. Must be non-negative and less than the size of the collection.
Parameter name: index
    Stack:    at System.ThrowHelper.ThrowArgumentOutOfRangeException(ExceptionArgument argument, ExceptionResource resource)
   at System.Collections.Generic.List`1.RemoveAt(Int32 index)
   at System.Collections.Generic.List`1.Remove(T item)
   at Intersect.Client.Framework.Content.ContentWatcher.<>c__DisplayClass12_0.<Modify>b__0(Task completedTask)
   at System.Threading.Tasks.Task.Execute()


--------------------------------------------------------------------------------
2022-04-25 14:36:35.179 [Info] Acquiring context lock... (0ms)

--------------------------------------------------------------------------------
2022-04-25 14:36:35.179 [Info] Acquired. (0ms)

--------------------------------------------------------------------------------
2022-04-25 14:36:35.180 [Info] Beginning context dispose. (0ms)

--------------------------------------------------------------------------------
2022-04-25 14:36:35.180 [Info] GC.SuppressFinalize (0ms)

--------------------------------------------------------------------------------
2022-04-25 14:36:35.180 [Info] InternalDispose() completed. (0ms)

--------------------------------------------------------------------------------
2022-04-25 14:36:35.180 [Info] Clearing instance... (1ms)

--------------------------------------------------------------------------------
2022-04-25 14:36:35.180 [Info] Releasing context lock... (1ms)

--------------------------------------------------------------------------------
2022-04-25 14:36:35.180 [Info] Released. (1ms)

--------------------------------------------------------------------------------
2022-04-25 14:41:28.357 [Debug] received epp: 909326

--------------------------------------------------------------------------------
2022-04-25 14:41:28.357 [Debug] received epp: 909340

--------------------------------------------------------------------------------
2022-04-25 14:41:28.615 [Debug] received epp: 909621

--------------------------------------------------------------------------------
2022-04-25 14:41:28.878 [Debug] received epp: 909888

--------------------------------------------------------------------------------
2022-04-25 14:41:29.115 [Debug] received epp: 910123

--------------------------------------------------------------------------------
2022-04-25 14:41:29.372 [Debug] received epp: 910372

--------------------------------------------------------------------------------
2022-04-25 14:41:29.698 [Debug] received epp: 910700

--------------------------------------------------------------------------------
2022-04-25 14:41:29.955 [Debug] received epp: 910967

--------------------------------------------------------------------------------
2022-04-25 14:41:30.129 [Debug] received epp: 911138

--------------------------------------------------------------------------------
2022-04-25 14:41:30.399 [Debug] received epp: 911418

--------------------------------------------------------------------------------
2022-04-25 14:41:33.269 [Debug] received epp: 914263

--------------------------------------------------------------------------------
2022-04-25 14:41:33.553 [Debug] received epp: 914560

--------------------------------------------------------------------------------
2022-04-25 14:41:33.792 [Debug] received epp: 914794

--------------------------------------------------------------------------------
2022-04-25 14:41:34.421 [Debug] received epp: 915420

--------------------------------------------------------------------------------
2022-04-25 14:41:37.553 [Debug] received epp: 918528

--------------------------------------------------------------------------------
2022-04-25 14:41:38.421 [Debug] received epp: 919435

--------------------------------------------------------------------------------
2022-04-25 14:42:09.962 [Debug] received epp: 950965

--------------------------------------------------------------------------------
2022-04-25 14:42:12.052 [Debug] received epp: 953060

--------------------------------------------------------------------------------
2022-04-25 14:42:13.144 [Debug] received epp: 954152

--------------------------------------------------------------------------------
2022-04-25 14:42:17.063 [Debug] received epp: 958076

--------------------------------------------------------------------------------
2022-04-25 14:42:48.818 [Debug] received epp: 989810

--------------------------------------------------------------------------------
2022-04-25 14:43:16.982 [Debug] received epp: 1017997

--------------------------------------------------------------------------------
2022-04-25 14:43:46.914 [Debug] received epp: 1047887

--------------------------------------------------------------------------------
2022-04-25 14:43:47.226 [Debug] received epp: 1048232

--------------------------------------------------------------------------------
2022-04-25 14:43:47.726 [Debug] received epp: 1048732

--------------------------------------------------------------------------------
2022-04-25 14:43:48.907 [Debug] received epp: 1049903

--------------------------------------------------------------------------------
2022-04-25 14:43:50.073 [Debug] received epp: 1051060

--------------------------------------------------------------------------------
2022-04-25 14:43:51.011 [Debug] received epp: 1051997

--------------------------------------------------------------------------------
2022-04-25 14:43:51.580 [Debug] received epp: 1052574

--------------------------------------------------------------------------------
2022-04-25 14:43:52.240 [Debug] received epp: 1053232

--------------------------------------------------------------------------------
2022-04-25 14:43:52.996 [Debug] received epp: 1053997

--------------------------------------------------------------------------------
2022-04-25 14:43:53.549 [Debug] received epp: 1054561

--------------------------------------------------------------------------------
2022-04-25 14:43:56.830 [Debug] received epp: 1057841

--------------------------------------------------------------------------------
2022-04-25 14:43:57.300 [Debug] received epp: 1058309

--------------------------------------------------------------------------------
2022-04-25 14:43:58.338 [Debug] received epp: 1059340

--------------------------------------------------------------------------------
2022-04-25 14:43:59.023 [Debug] received epp: 1060013

--------------------------------------------------------------------------------
2022-04-25 14:43:59.365 [Debug] received epp: 1060372

--------------------------------------------------------------------------------
2022-04-25 14:44:00.317 [Debug] received epp: 1061310

--------------------------------------------------------------------------------
2022-04-25 14:44:03.441 [Debug] received epp: 1064450

--------------------------------------------------------------------------------
2022-04-25 14:44:03.991 [Debug] received epp: 1064997

--------------------------------------------------------------------------------
2022-04-25 14:44:04.670 [Debug] received epp: 1065686

--------------------------------------------------------------------------------
2022-04-25 14:44:05.310 [Debug] received epp: 1066310

--------------------------------------------------------------------------------
2022-04-25 14:44:10.976 [Debug] received epp: 1071982

--------------------------------------------------------------------------------
2022-04-25 14:44:25.927 [Debug] received epp: 1086935

--------------------------------------------------------------------------------
2022-04-25 14:44:27.686 [Debug] received epp: 1088699

--------------------------------------------------------------------------------
2022-04-25 14:44:28.622 [Debug] received epp: 1089622

--------------------------------------------------------------------------------
2022-04-25 14:44:29.906 [Debug] received epp: 1090904

--------------------------------------------------------------------------------
2022-04-25 14:44:30.380 [Debug] received epp: 1091387

--------------------------------------------------------------------------------
2022-04-25 14:44:31.295 [Debug] received epp: 1092309

--------------------------------------------------------------------------------
2022-04-25 14:44:33.074 [Debug] received epp: 1094091

--------------------------------------------------------------------------------
2022-04-25 14:44:35.011 [Debug] received epp: 1096029

--------------------------------------------------------------------------------
2022-04-25 14:44:35.484 [Debug] received epp: 1096497

--------------------------------------------------------------------------------
2022-04-25 14:44:35.921 [Debug] received epp: 1096919

--------------------------------------------------------------------------------
2022-04-25 14:44:36.347 [Debug] received epp: 1097340

--------------------------------------------------------------------------------
2022-04-25 14:44:37.073 [Debug] received epp: 1098091

--------------------------------------------------------------------------------
2022-04-25 14:44:37.657 [Debug] received epp: 1098637

--------------------------------------------------------------------------------
2022-04-25 14:44:45.910 [Debug] received epp: 1106904

--------------------------------------------------------------------------------
2022-04-25 14:44:51.177 [Debug] received epp: 1112184

--------------------------------------------------------------------------------
2022-04-25 14:44:51.608 [Debug] received epp: 1112607

--------------------------------------------------------------------------------
2022-04-25 14:44:52.803 [Debug] received epp: 1113809

--------------------------------------------------------------------------------
2022-04-25 14:44:57.621 [Debug] received epp: 1118622

--------------------------------------------------------------------------------
2022-04-25 14:44:57.901 [Debug] received epp: 1118903

--------------------------------------------------------------------------------
2022-04-25 14:44:57.901 [Debug] received epp: 1118919

--------------------------------------------------------------------------------
2022-04-25 14:44:58.163 [Debug] received epp: 1119184

--------------------------------------------------------------------------------
2022-04-25 14:44:58.448 [Debug] received epp: 1119435

--------------------------------------------------------------------------------
2022-04-25 14:44:58.687 [Debug] received epp: 1119700

--------------------------------------------------------------------------------
2022-04-25 14:44:58.970 [Debug] received epp: 1119966

--------------------------------------------------------------------------------
2022-04-25 14:44:59.206 [Debug] received epp: 1120200

--------------------------------------------------------------------------------
2022-04-25 14:44:59.452 [Debug] received epp: 1120466

--------------------------------------------------------------------------------
2022-04-25 14:45:00.392 [Debug] received epp: 1121404

--------------------------------------------------------------------------------
2022-04-25 14:45:01.386 [Debug] received epp: 1122356

--------------------------------------------------------------------------------
2022-04-25 14:45:01.466 [Debug] received epp: 1122356

--------------------------------------------------------------------------------
2022-04-25 14:45:06.563 [Debug] received epp: 1127575

--------------------------------------------------------------------------------
2022-04-25 14:45:06.782 [Debug] received epp: 1127575

--------------------------------------------------------------------------------
2022-04-25 14:45:08.192 [Debug] received epp: 1129200

--------------------------------------------------------------------------------
2022-04-25 14:45:08.268 [Debug] received epp: 1129200

--------------------------------------------------------------------------------
2022-04-25 14:45:15.608 [Debug] received epp: 1136623

--------------------------------------------------------------------------------
2022-04-25 14:45:15.649 [Debug] received epp: 1136652

--------------------------------------------------------------------------------
2022-04-25 14:45:17.684 [Debug] received epp: 1138701

--------------------------------------------------------------------------------
2022-04-25 14:45:35.095 [Debug] received epp: 1156106

--------------------------------------------------------------------------------
2022-04-25 14:45:35.657 [Debug] received epp: 1156670

--------------------------------------------------------------------------------
2022-04-25 14:45:36.309 [Debug] received epp: 1157326

--------------------------------------------------------------------------------
2022-04-25 14:45:37.926 [Debug] received epp: 1158919

--------------------------------------------------------------------------------
2022-04-25 14:45:38.144 [Debug] received epp: 1158935

--------------------------------------------------------------------------------
2022-04-25 14:45:42.865 [Debug] received epp: 1163873

--------------------------------------------------------------------------------
2022-04-25 14:45:44.781 [Debug] received epp: 1165795

--------------------------------------------------------------------------------
2022-04-25 14:45:45.511 [Debug] received epp: 1166513

--------------------------------------------------------------------------------
2022-04-25 14:45:46.414 [Debug] received epp: 1167434

--------------------------------------------------------------------------------
2022-04-25 14:45:47.362 [Debug] received epp: 1168356

--------------------------------------------------------------------------------
2022-04-25 14:45:48.188 [Debug] received epp: 1169199

--------------------------------------------------------------------------------
2022-04-25 14:45:48.976 [Debug] received epp: 1169981

--------------------------------------------------------------------------------
2022-04-25 14:45:48.997 [Debug] received epp: 1169981

--------------------------------------------------------------------------------
2022-04-25 14:47:33.147 [Debug] received epp: 1274138

--------------------------------------------------------------------------------
2022-04-25 14:48:46.654 [Debug] received epp: 1347653

--------------------------------------------------------------------------------
2022-04-25 14:48:46.845 [Debug] received epp: 1347653

--------------------------------------------------------------------------------
2022-04-25 14:48:48.733 [Debug] received epp: 1349747

--------------------------------------------------------------------------------
2022-04-25 14:48:48.753 [Debug] received epp: 1349747

--------------------------------------------------------------------------------
2022-04-25 14:48:48.820 [Debug] received epp: 1349825

--------------------------------------------------------------------------------
2022-04-25 14:48:49.039 [Debug] received epp: 1349825

--------------------------------------------------------------------------------
2022-04-25 14:48:50.651 [Debug] received epp: 1351653

--------------------------------------------------------------------------------
2022-04-25 14:48:50.674 [Debug] received epp: 1351653

--------------------------------------------------------------------------------
2022-04-25 14:48:56.144 [Debug] received epp: 1357139

--------------------------------------------------------------------------------
2022-04-25 14:48:56.336 [Debug] received epp: 1357139

--------------------------------------------------------------------------------
2022-04-25 14:48:58.073 [Debug] received epp: 1359059

--------------------------------------------------------------------------------
2022-04-25 14:48:58.093 [Debug] received epp: 1359059

--------------------------------------------------------------------------------
2022-04-25 14:48:58.161 [Debug] received epp: 1359169

--------------------------------------------------------------------------------
2022-04-25 14:48:58.363 [Debug] received epp: 1359169

--------------------------------------------------------------------------------
2022-04-25 14:49:01.420 [Debug] received epp: 1362435

--------------------------------------------------------------------------------
2022-04-25 14:49:01.457 [Debug] received epp: 1362435

--------------------------------------------------------------------------------
2022-04-25 14:49:01.536 [Debug] received epp: 1362543

--------------------------------------------------------------------------------
2022-04-25 14:49:01.723 [Debug] received epp: 1362543

--------------------------------------------------------------------------------
2022-04-25 14:49:04.149 [Debug] received epp: 1365137

--------------------------------------------------------------------------------
2022-04-25 14:49:04.170 [Debug] received epp: 1365137

--------------------------------------------------------------------------------
2022-04-25 14:49:04.233 [Debug] received epp: 1365247

--------------------------------------------------------------------------------
2022-04-25 14:49:04.430 [Debug] received epp: 1365247

--------------------------------------------------------------------------------
2022-04-25 14:50:32.038 [Debug] received epp: 1453044

--------------------------------------------------------------------------------
2022-04-25 14:50:32.063 [Debug] received epp: 1453044

--------------------------------------------------------------------------------
2022-04-25 14:50:33.809 [Debug] received epp: 1454793

--------------------------------------------------------------------------------
2022-04-25 14:50:34.002 [Debug] received epp: 1454809

--------------------------------------------------------------------------------
2022-04-25 14:50:35.594 [Debug] received epp: 1456591

--------------------------------------------------------------------------------
2022-04-25 14:50:35.616 [Debug] received epp: 1456591

--------------------------------------------------------------------------------
2022-04-25 14:50:35.685 [Debug] received epp: 1456684

--------------------------------------------------------------------------------
2022-04-25 14:50:35.896 [Debug] received epp: 1456684

--------------------------------------------------------------------------------
2022-04-25 14:50:37.955 [Debug] received epp: 1458966

--------------------------------------------------------------------------------
2022-04-25 14:50:37.975 [Debug] received epp: 1458966

--------------------------------------------------------------------------------
2022-04-25 14:50:38.041 [Debug] received epp: 1459044

--------------------------------------------------------------------------------
2022-04-25 14:50:38.255 [Debug] received epp: 1459044

--------------------------------------------------------------------------------
2022-04-25 14:51:21.993 [Debug] received epp: 1502965

--------------------------------------------------------------------------------
2022-04-25 14:51:24.997 [Debug] received epp: 1505966

--------------------------------------------------------------------------------
2022-04-25 14:51:25.018 [Debug] received epp: 1505966

--------------------------------------------------------------------------------
2022-04-25 14:51:28.423 [Debug] received epp: 1509387

--------------------------------------------------------------------------------
2022-04-25 14:51:28.627 [Debug] received epp: 1509387

--------------------------------------------------------------------------------
2022-04-25 14:51:33.671 [Debug] received epp: 1514685

--------------------------------------------------------------------------------
2022-04-25 14:51:33.710 [Debug] received epp: 1514685

--------------------------------------------------------------------------------
2022-04-25 14:51:36.373 [Debug] received epp: 1517356

--------------------------------------------------------------------------------
2022-04-25 14:51:36.570 [Debug] received epp: 1517356

--------------------------------------------------------------------------------
2022-04-25 14:51:38.135 [Debug] received epp: 1519138

--------------------------------------------------------------------------------
2022-04-25 14:51:38.532 [Debug] received epp: 1519529

--------------------------------------------------------------------------------
2022-04-25 14:51:38.969 [Debug] received epp: 1519981

--------------------------------------------------------------------------------
2022-04-25 14:51:42.040 [Debug] received epp: 1523059

--------------------------------------------------------------------------------
2022-04-25 14:51:42.366 [Debug] received epp: 1523356

--------------------------------------------------------------------------------
2022-04-25 14:51:42.657 [Debug] received epp: 1523654

--------------------------------------------------------------------------------
2022-04-25 14:51:43.754 [Debug] received epp: 1524748

--------------------------------------------------------------------------------
2022-04-25 14:51:44.283 [Debug] received epp: 1525294

--------------------------------------------------------------------------------
2022-04-25 14:51:44.636 [Debug] received epp: 1525654

--------------------------------------------------------------------------------
2022-04-25 14:51:44.913 [Debug] received epp: 1525919

--------------------------------------------------------------------------------
2022-04-25 14:51:45.254 [Debug] received epp: 1526263

--------------------------------------------------------------------------------
2022-04-25 14:51:45.858 [Debug] received epp: 1526857

--------------------------------------------------------------------------------
2022-04-25 14:51:46.476 [Debug] received epp: 1527482

--------------------------------------------------------------------------------
2022-04-25 14:51:46.775 [Debug] received epp: 1527779

--------------------------------------------------------------------------------
2022-04-25 14:51:47.025 [Debug] received epp: 1528028

--------------------------------------------------------------------------------
2022-04-25 14:51:47.299 [Debug] received epp: 1528294

--------------------------------------------------------------------------------
2022-04-25 14:51:47.587 [Debug] received epp: 1528606

--------------------------------------------------------------------------------
2022-04-25 14:51:48.226 [Debug] received epp: 1529232

--------------------------------------------------------------------------------
2022-04-25 14:51:48.636 [Debug] received epp: 1529637

--------------------------------------------------------------------------------
2022-04-25 14:51:50.143 [Debug] received epp: 1531154

--------------------------------------------------------------------------------
2022-04-25 14:51:50.867 [Debug] received epp: 1531871

--------------------------------------------------------------------------------
2022-04-25 14:51:56.129 [Debug] received epp: 1537138

--------------------------------------------------------------------------------
2022-04-25 14:51:56.789 [Debug] received epp: 1537793

--------------------------------------------------------------------------------
2022-04-25 14:51:57.137 [Debug] received epp: 1538122

--------------------------------------------------------------------------------
2022-04-25 14:51:57.844 [Debug] received epp: 1538856

--------------------------------------------------------------------------------
2022-04-25 14:51:58.121 [Debug] received epp: 1539137

--------------------------------------------------------------------------------
2022-04-25 14:51:58.408 [Debug] received epp: 1539388

--------------------------------------------------------------------------------
2022-04-25 14:51:58.635 [Debug] received epp: 1539653

--------------------------------------------------------------------------------
2022-04-25 14:51:58.913 [Debug] received epp: 1539934

--------------------------------------------------------------------------------
2022-04-25 14:51:59.219 [Debug] received epp: 1540201

--------------------------------------------------------------------------------
2022-04-25 14:51:59.435 [Debug] received epp: 1540450

--------------------------------------------------------------------------------
2022-04-25 14:51:59.713 [Debug] received epp: 1540716

--------------------------------------------------------------------------------
2022-04-25 14:51:59.977 [Debug] received epp: 1540982

--------------------------------------------------------------------------------
2022-04-25 14:52:00.775 [Debug] received epp: 1541794

--------------------------------------------------------------------------------
2022-04-25 14:52:01.073 [Debug] received epp: 1542076

--------------------------------------------------------------------------------
2022-04-25 14:52:01.589 [Debug] received epp: 1542591

--------------------------------------------------------------------------------
2022-04-25 14:52:02.159 [Debug] received epp: 1543169

--------------------------------------------------------------------------------
2022-04-25 14:52:02.533 [Debug] received epp: 1543543

--------------------------------------------------------------------------------
2022-04-25 14:52:03.024 [Debug] received epp: 1544029

--------------------------------------------------------------------------------
2022-04-25 14:52:03.434 [Debug] received epp: 1544434

--------------------------------------------------------------------------------
2022-04-25 14:52:05.136 [Debug] received epp: 1546154

--------------------------------------------------------------------------------
2022-04-25 14:52:06.135 [Debug] received epp: 1547153

--------------------------------------------------------------------------------
2022-04-25 14:52:07.268 [Debug] received epp: 1548185

--------------------------------------------------------------------------------
2022-04-25 14:52:07.296 [Debug] received epp: 1548185

--------------------------------------------------------------------------------
2022-04-25 14:52:28.769 [Debug] received epp: 1569748

--------------------------------------------------------------------------------
2022-04-25 14:52:28.954 [Debug] received epp: 1569748

--------------------------------------------------------------------------------
2022-04-25 14:52:30.528 [Debug] received epp: 1571545

--------------------------------------------------------------------------------
2022-04-25 14:52:30.823 [Debug] received epp: 1571840

--------------------------------------------------------------------------------
2022-04-25 14:52:31.089 [Debug] received epp: 1572076

--------------------------------------------------------------------------------
2022-04-25 14:52:31.316 [Debug] received epp: 1572325

--------------------------------------------------------------------------------
2022-04-25 14:52:31.560 [Debug] received epp: 1572575

--------------------------------------------------------------------------------
2022-04-25 14:52:32.087 [Debug] received epp: 1573107

--------------------------------------------------------------------------------
2022-04-25 14:52:32.337 [Debug] received epp: 1573341

--------------------------------------------------------------------------------
2022-04-25 14:52:32.601 [Debug] received epp: 1573607

--------------------------------------------------------------------------------
2022-04-25 14:52:32.881 [Debug] received epp: 1573872

--------------------------------------------------------------------------------
2022-04-25 14:52:33.135 [Debug] received epp: 1574154

--------------------------------------------------------------------------------
2022-04-25 14:52:33.427 [Debug] received epp: 1574419

--------------------------------------------------------------------------------
2022-04-25 14:52:33.678 [Debug] received epp: 1574699

--------------------------------------------------------------------------------
2022-04-25 14:52:33.934 [Debug] received epp: 1574950

--------------------------------------------------------------------------------
2022-04-25 14:52:34.227 [Debug] received epp: 1575231

--------------------------------------------------------------------------------
2022-04-25 14:52:34.469 [Debug] received epp: 1575482

--------------------------------------------------------------------------------
2022-04-25 14:52:34.781 [Debug] received epp: 1575794

--------------------------------------------------------------------------------
2022-04-25 14:52:35.420 [Debug] received epp: 1576435

--------------------------------------------------------------------------------
2022-04-25 14:52:37.360 [Debug] StatusChanged: [NetIncomingMessage #202 10 bytes] [Disconnecting]

--------------------------------------------------------------------------------
2022-04-25 14:52:37.367 [Debug] StatusChanged: [NetIncomingMessage #203 14 bytes] [Disconnected]

--------------------------------------------------------------------------------
