2022-04-06 01:11:04.102 [Info] Connecting to 38.129.153.213:5400...

--------------------------------------------------------------------------------
2022-04-06 01:11:04.575 [Info] Connection approved [00000000-0000-0000-0000-000000000000].

--------------------------------------------------------------------------------
2022-04-06 01:11:04.643 [Debug] approval Time=4673897 Offset=63784799590665 Real=63784804264562

--------------------------------------------------------------------------------
2022-04-06 01:11:04.643 [Debug] local Time=4673897 Offset=63784799590745 Real=63784804264642

--------------------------------------------------------------------------------
2022-04-06 01:11:04.643 [Debug] real delta=79

--------------------------------------------------------------------------------
2022-04-06 01:11:04.643 [Debug] this.Statistics.Ping=0 NCPing=11

--------------------------------------------------------------------------------
2022-04-06 01:11:04.645 [Debug] Connection established to remote [00000000-0000-0000-0000-000000000000/38.129.153.213:5400].

--------------------------------------------------------------------------------
2022-04-06 01:11:04.645 [Info] Connected [00000000-0000-0000-0000-000000000000].

--------------------------------------------------------------------------------
2022-04-06 01:55:06.859 [Debug] StatusChanged: [NetIncomingMessage #207 10 bytes] [Disconnecting]

--------------------------------------------------------------------------------
2022-04-06 01:55:06.860 [Debug] StatusChanged: [NetIncomingMessage #212 10 bytes] [Disconnected]

--------------------------------------------------------------------------------
2022-04-06 01:55:06.860 [Debug] Connection terminated to remote [00000000-0000-0000-0000-000000000000/38.129.153.213:5400].

--------------------------------------------------------------------------------
2022-04-06 01:55:06.861 [Info] Disconnected [00000000-0000-0000-0000-000000000000].

--------------------------------------------------------------------------------
