2022-04-10 18:26:33.835 [Info] Connecting to 38.129.153.213:5400...

--------------------------------------------------------------------------------
2022-04-10 18:26:34.275 [Info] Connection approved [00000000-0000-0000-0000-000000000000].

--------------------------------------------------------------------------------
2022-04-10 18:26:34.338 [Debug] approval Time=5150540 Offset=63785206843711 Real=63785211994251

--------------------------------------------------------------------------------
2022-04-10 18:26:34.338 [Debug] local Time=5150540 Offset=63785206843798 Real=63785211994338

--------------------------------------------------------------------------------
2022-04-10 18:26:34.338 [Debug] real delta=86

--------------------------------------------------------------------------------
2022-04-10 18:26:34.338 [Debug] this.Statistics.Ping=0 NCPing=7

--------------------------------------------------------------------------------
2022-04-10 18:26:34.340 [Debug] Connection established to remote [00000000-0000-0000-0000-000000000000/38.129.153.213:5400].

--------------------------------------------------------------------------------
2022-04-10 18:26:34.340 [Info] Connected [00000000-0000-0000-0000-000000000000].

--------------------------------------------------------------------------------
2022-04-10 18:43:30.375 [Debug] StatusChanged: [NetIncomingMessage #0 10 bytes] [Disconnecting]

--------------------------------------------------------------------------------
2022-04-10 18:43:30.383 [Debug] StatusChanged: [NetIncomingMessage #0 10 bytes] [Disconnected]

--------------------------------------------------------------------------------
2022-04-10 18:43:30.383 [Debug] Connection terminated to remote [00000000-0000-0000-0000-000000000000/38.129.153.213:5400].

--------------------------------------------------------------------------------
2022-04-10 18:43:30.383 [Info] Disconnected [00000000-0000-0000-0000-000000000000].

--------------------------------------------------------------------------------
