2022-04-29 19:06:00.020 [Info] Discovered 0 plugins:


--------------------------------------------------------------------------------
2022-04-29 19:06:01.140 [Info] Connecting to 38.129.153.213:5400...

--------------------------------------------------------------------------------
2022-04-29 19:06:01.574 [Info] Connection approved [00000000-0000-0000-0000-000000000000].

--------------------------------------------------------------------------------
2022-04-29 19:06:01.633 [Debug] approval Time=7026801 Offset=63786848934761 Real=63786855961563

--------------------------------------------------------------------------------
2022-04-29 19:06:01.633 [Debug] local Time=7026801 Offset=63786848934832 Real=63786855961633

--------------------------------------------------------------------------------
2022-04-29 19:06:01.634 [Debug] real delta=70

--------------------------------------------------------------------------------
2022-04-29 19:06:01.634 [Debug] this.Statistics.Ping=0 NCPing=4

--------------------------------------------------------------------------------
2022-04-29 19:06:01.635 [Debug] Connection established to remote [00000000-0000-0000-0000-000000000000/38.129.153.213:5400].

--------------------------------------------------------------------------------
2022-04-29 19:06:01.636 [Info] Connected [00000000-0000-0000-0000-000000000000].

--------------------------------------------------------------------------------
2022-04-29 19:06:28.355 [Warn] 'Me' is null.

--------------------------------------------------------------------------------
2022-04-29 19:06:29.015 [Debug] received epp: 7053536

--------------------------------------------------------------------------------
2022-04-29 19:06:31.629 [Debug] received epp: 7056849

--------------------------------------------------------------------------------
2022-04-29 19:06:41.240 [Debug] received epp: 7066459

--------------------------------------------------------------------------------
2022-04-29 19:06:41.290 [Debug] received epp: 7066459

--------------------------------------------------------------------------------
2022-04-29 19:06:43.965 [Debug] received epp: 7069192

--------------------------------------------------------------------------------
2022-04-29 19:06:44.166 [Debug] received epp: 7069192

--------------------------------------------------------------------------------
2022-04-29 19:06:45.726 [Debug] received epp: 7070957

--------------------------------------------------------------------------------
2022-04-29 19:06:46.059 [Debug] received epp: 7071286

--------------------------------------------------------------------------------
2022-04-29 19:09:03.955 [Debug] received epp: 7209161

--------------------------------------------------------------------------------
2022-04-29 19:09:04.191 [Debug] received epp: 7209411

--------------------------------------------------------------------------------
2022-04-29 19:09:04.420 [Debug] received epp: 7209644

--------------------------------------------------------------------------------
2022-04-29 19:09:04.629 [Debug] received epp: 7209849

--------------------------------------------------------------------------------
2022-04-29 19:09:04.851 [Debug] received epp: 7210067

--------------------------------------------------------------------------------
2022-04-29 19:09:10.232 [Debug] received epp: 7215459

--------------------------------------------------------------------------------
2022-04-29 19:12:21.684 [Debug] received epp: 7406911

--------------------------------------------------------------------------------
2022-04-29 19:12:21.886 [Debug] received epp: 7407114

--------------------------------------------------------------------------------
2022-04-29 19:12:22.052 [Debug] received epp: 7407271

--------------------------------------------------------------------------------
2022-04-29 19:12:22.246 [Debug] received epp: 7407474

--------------------------------------------------------------------------------
2022-04-29 19:12:22.421 [Debug] received epp: 7407646

--------------------------------------------------------------------------------
2022-04-29 19:12:22.609 [Debug] received epp: 7407832

--------------------------------------------------------------------------------
2022-04-29 19:12:23.330 [Debug] received epp: 7408552

--------------------------------------------------------------------------------
2022-04-29 19:22:53.733 [Debug] received epp: 8038958

--------------------------------------------------------------------------------
2022-04-29 19:22:54.011 [Debug] received epp: 8039239

--------------------------------------------------------------------------------
2022-04-29 19:22:54.420 [Debug] received epp: 8039646

--------------------------------------------------------------------------------
2022-04-29 19:22:55.010 [Debug] received epp: 8040224

--------------------------------------------------------------------------------
2022-04-29 19:22:55.977 [Debug] received epp: 8041193

--------------------------------------------------------------------------------
2022-04-29 19:22:56.712 [Debug] received epp: 8041942

--------------------------------------------------------------------------------
2022-04-29 19:23:18.291 [Debug] received epp: 8063505

--------------------------------------------------------------------------------
2022-04-29 19:23:18.760 [Debug] received epp: 8063989

--------------------------------------------------------------------------------
2022-04-29 19:23:19.066 [Debug] received epp: 8064286

--------------------------------------------------------------------------------
2022-04-29 19:23:19.317 [Debug] received epp: 8064536

--------------------------------------------------------------------------------
2022-04-29 19:23:57.524 [Debug] received epp: 8102740

--------------------------------------------------------------------------------
2022-04-29 19:23:58.885 [Debug] received epp: 8104114

--------------------------------------------------------------------------------
2022-04-29 19:24:00.163 [Debug] received epp: 8105379

--------------------------------------------------------------------------------
2022-04-29 19:24:01.288 [Debug] received epp: 8106506

--------------------------------------------------------------------------------
2022-04-29 19:24:26.658 [Debug] received epp: 8131879

--------------------------------------------------------------------------------
2022-04-29 19:24:29.510 [Debug] received epp: 8134724

--------------------------------------------------------------------------------
2022-04-29 19:24:41.357 [Debug] received epp: 8146582

--------------------------------------------------------------------------------
2022-04-29 19:29:34.662 [Debug] received epp: 8439880

--------------------------------------------------------------------------------
2022-04-29 19:32:12.297 [Debug] received epp: 8597520

--------------------------------------------------------------------------------
2022-04-29 19:37:30.517 [Debug] received epp: 8915723

--------------------------------------------------------------------------------
2022-04-29 19:37:30.778 [Debug] received epp: 8915988

--------------------------------------------------------------------------------
2022-04-29 19:37:30.968 [Debug] received epp: 8916193

--------------------------------------------------------------------------------
2022-04-29 19:37:31.191 [Debug] received epp: 8916411

--------------------------------------------------------------------------------
2022-04-29 19:37:31.433 [Debug] received epp: 8916645

--------------------------------------------------------------------------------
2022-04-29 19:37:31.650 [Debug] received epp: 8916864

--------------------------------------------------------------------------------
2022-04-29 19:37:31.948 [Debug] received epp: 8917146

--------------------------------------------------------------------------------
2022-04-29 19:37:32.163 [Debug] received epp: 8917381

--------------------------------------------------------------------------------
2022-04-29 19:37:32.413 [Debug] received epp: 8917630

--------------------------------------------------------------------------------
2022-04-29 19:37:33.747 [Debug] received epp: 8918957

--------------------------------------------------------------------------------
2022-04-29 19:38:18.829 [Debug] received epp: 8964052

--------------------------------------------------------------------------------
2022-04-29 19:38:19.089 [Debug] received epp: 8964287

--------------------------------------------------------------------------------
2022-04-29 19:38:19.309 [Debug] received epp: 8964536

--------------------------------------------------------------------------------
2022-04-29 19:38:19.523 [Debug] received epp: 8964739

--------------------------------------------------------------------------------
2022-04-29 19:38:21.379 [Debug] received epp: 8966598

--------------------------------------------------------------------------------
2022-04-29 19:41:08.690 [Warn] 'Me' is null.

--------------------------------------------------------------------------------
2022-04-29 19:41:08.823 [Debug] received epp: 9133926

--------------------------------------------------------------------------------
2022-04-29 19:41:11.246 [Debug] received epp: 9136473

--------------------------------------------------------------------------------
2022-04-29 19:41:11.518 [Debug] received epp: 9136708

--------------------------------------------------------------------------------
2022-04-29 19:41:11.704 [Debug] received epp: 9136927

--------------------------------------------------------------------------------
2022-04-29 19:41:12.310 [Debug] received epp: 9137521

--------------------------------------------------------------------------------
2022-04-29 19:41:12.503 [Debug] received epp: 9137724

--------------------------------------------------------------------------------
2022-04-29 19:41:12.706 [Debug] received epp: 9137928

--------------------------------------------------------------------------------
2022-04-29 19:41:13.795 [Debug] received epp: 9139006

--------------------------------------------------------------------------------
2022-04-29 19:41:15.503 [Debug] received epp: 9140724

--------------------------------------------------------------------------------
2022-04-29 19:41:15.733 [Debug] received epp: 9140942

--------------------------------------------------------------------------------
2022-04-29 19:41:17.760 [Debug] received epp: 9142974

--------------------------------------------------------------------------------
2022-04-29 19:41:18.732 [Debug] received epp: 9143942

--------------------------------------------------------------------------------
2022-04-29 19:41:20.024 [Debug] received epp: 9145254

--------------------------------------------------------------------------------
2022-04-29 19:47:56.427 [Debug] received epp: 9541645

--------------------------------------------------------------------------------
2022-04-29 19:47:56.664 [Debug] received epp: 9541879

--------------------------------------------------------------------------------
2022-04-29 19:47:57.170 [Debug] received epp: 9542396

--------------------------------------------------------------------------------
2022-04-29 19:47:57.947 [Debug] received epp: 9543177

--------------------------------------------------------------------------------
2022-04-29 19:50:48.038 [Warn] 'Me' is null.

--------------------------------------------------------------------------------
2022-04-29 19:50:48.161 [Debug] received epp: 9713270

--------------------------------------------------------------------------------
2022-04-29 19:50:53.144 [Debug] received epp: 9718348

--------------------------------------------------------------------------------
2022-04-29 19:50:53.968 [Debug] received epp: 9719176

--------------------------------------------------------------------------------
2022-04-29 19:50:54.405 [Debug] received epp: 9719631

--------------------------------------------------------------------------------
2022-04-29 19:50:55.774 [Debug] received epp: 9720989

--------------------------------------------------------------------------------
2022-04-29 19:50:58.232 [Debug] received epp: 9723458

--------------------------------------------------------------------------------
2022-04-29 20:00:46.933 [Debug] received epp: 10312161

--------------------------------------------------------------------------------
2022-04-29 20:02:44.725 [Debug] received epp: 10429942

--------------------------------------------------------------------------------
2022-04-29 20:04:36.058 [Debug] received epp: 10541287

--------------------------------------------------------------------------------
2022-04-29 20:04:36.295 [Debug] received epp: 10541504

--------------------------------------------------------------------------------
2022-04-29 20:04:36.496 [Debug] received epp: 10541707

--------------------------------------------------------------------------------
2022-04-29 20:04:36.710 [Debug] received epp: 10541926

--------------------------------------------------------------------------------
2022-04-29 20:04:38.586 [Debug] received epp: 10543801

--------------------------------------------------------------------------------
2022-04-29 20:07:39.316 [Warn] 'Me' is null.

--------------------------------------------------------------------------------
2022-04-29 20:07:39.437 [Debug] received epp: 10724535

--------------------------------------------------------------------------------
2022-04-29 20:07:43.552 [Debug] received epp: 10728770

--------------------------------------------------------------------------------
2022-04-29 20:07:44.128 [Debug] received epp: 10729348

--------------------------------------------------------------------------------
2022-04-29 20:07:44.740 [Debug] received epp: 10729957

--------------------------------------------------------------------------------
2022-04-29 20:07:46.037 [Debug] received epp: 10731255

--------------------------------------------------------------------------------
2022-04-29 20:07:47.711 [Debug] received epp: 10732942

--------------------------------------------------------------------------------
2022-04-29 20:07:59.865 [Debug] received epp: 10745083

--------------------------------------------------------------------------------
2022-04-29 20:08:00.054 [Debug] received epp: 10745270

--------------------------------------------------------------------------------
2022-04-29 20:08:00.260 [Debug] received epp: 10745474

--------------------------------------------------------------------------------
2022-04-29 20:08:00.538 [Debug] received epp: 10745739

--------------------------------------------------------------------------------
2022-04-29 20:08:00.995 [Debug] received epp: 10746223

--------------------------------------------------------------------------------
2022-04-29 20:08:03.621 [Debug] received epp: 10748832

--------------------------------------------------------------------------------
2022-04-29 20:08:03.815 [Debug] received epp: 10749036

--------------------------------------------------------------------------------
2022-04-29 20:08:04.065 [Debug] received epp: 10749285

--------------------------------------------------------------------------------
2022-04-29 20:08:05.023 [Debug] received epp: 10750239

--------------------------------------------------------------------------------
2022-04-29 20:08:06.308 [Debug] received epp: 10751536

--------------------------------------------------------------------------------
2022-04-29 20:09:13.220 [Debug] received epp: 10818443

--------------------------------------------------------------------------------
2022-04-29 20:09:26.503 [Warn] 'Me' is null.

--------------------------------------------------------------------------------
2022-04-29 20:09:26.624 [Debug] received epp: 10831724

--------------------------------------------------------------------------------
2022-04-29 20:09:31.546 [Debug] received epp: 10836770

--------------------------------------------------------------------------------
2022-04-29 20:09:32.538 [Debug] received epp: 10837754

--------------------------------------------------------------------------------
2022-04-29 20:09:32.963 [Debug] received epp: 10838176

--------------------------------------------------------------------------------
2022-04-29 20:09:33.822 [Debug] received epp: 10839051

--------------------------------------------------------------------------------
2022-04-29 20:09:35.045 [Debug] received epp: 10840270

--------------------------------------------------------------------------------
2022-04-29 20:14:22.176 [Warn] 'Me' is null.

--------------------------------------------------------------------------------
2022-04-29 20:14:22.312 [Debug] received epp: 11127395

--------------------------------------------------------------------------------
2022-04-29 20:14:30.912 [Debug] received epp: 11136131

--------------------------------------------------------------------------------
2022-04-29 20:14:31.156 [Debug] received epp: 11136380

--------------------------------------------------------------------------------
2022-04-29 20:14:34.305 [Debug] received epp: 11139520

--------------------------------------------------------------------------------
2022-04-29 20:14:35.294 [Debug] received epp: 11140521

--------------------------------------------------------------------------------
2022-04-29 20:14:36.433 [Debug] received epp: 11141662

--------------------------------------------------------------------------------
2022-04-29 20:14:38.058 [Debug] received epp: 11143270

--------------------------------------------------------------------------------
2022-04-29 20:27:00.717 [Debug] received epp: 11885926

--------------------------------------------------------------------------------
2022-04-29 20:27:23.231 [Debug] received epp: 11908457

--------------------------------------------------------------------------------
2022-04-29 20:27:23.718 [Debug] received epp: 11908942

--------------------------------------------------------------------------------
2022-04-29 20:27:24.419 [Debug] received epp: 11909645

--------------------------------------------------------------------------------
2022-04-29 20:27:24.836 [Debug] received epp: 11910052

--------------------------------------------------------------------------------
2022-04-29 20:27:25.239 [Debug] received epp: 11910459

--------------------------------------------------------------------------------
2022-04-29 20:30:26.148 [Debug] received epp: 12091332

--------------------------------------------------------------------------------
2022-04-29 20:30:44.552 [Debug] received epp: 12109770

--------------------------------------------------------------------------------
2022-04-29 20:30:44.849 [Debug] received epp: 12110067

--------------------------------------------------------------------------------
2022-04-29 20:30:44.912 [Debug] received epp: 12110129

--------------------------------------------------------------------------------
2022-04-29 20:30:49.103 [Debug] received epp: 12114316

--------------------------------------------------------------------------------
2022-04-29 20:30:50.863 [Debug] received epp: 12116083

--------------------------------------------------------------------------------
2022-04-29 20:30:51.106 [Debug] received epp: 12116332

--------------------------------------------------------------------------------
2022-04-29 20:30:51.350 [Debug] received epp: 12116566

--------------------------------------------------------------------------------
2022-04-29 20:31:45.675 [Debug] received epp: 12170896

--------------------------------------------------------------------------------
2022-04-29 20:31:46.065 [Debug] received epp: 12171287

--------------------------------------------------------------------------------
2022-04-29 20:31:52.988 [Debug] received epp: 12178192

--------------------------------------------------------------------------------
2022-04-29 20:31:53.217 [Debug] received epp: 12178443

--------------------------------------------------------------------------------
2022-04-29 20:31:53.455 [Debug] received epp: 12178676

--------------------------------------------------------------------------------
2022-04-29 20:31:53.725 [Debug] received epp: 12178942

--------------------------------------------------------------------------------
2022-04-29 20:31:54.231 [Debug] received epp: 12179458

--------------------------------------------------------------------------------
2022-04-29 20:31:55.051 [Debug] received epp: 12180270

--------------------------------------------------------------------------------
2022-04-29 20:31:56.058 [Debug] received epp: 12181285

--------------------------------------------------------------------------------
2022-04-29 20:31:56.873 [Debug] received epp: 12182099

--------------------------------------------------------------------------------
2022-04-29 20:32:24.127 [Debug] received epp: 12209348

--------------------------------------------------------------------------------
2022-04-29 20:32:28.363 [Debug] received epp: 12213582

--------------------------------------------------------------------------------
2022-04-29 20:32:28.410 [Debug] received epp: 12213582

--------------------------------------------------------------------------------
2022-04-29 20:32:29.919 [Debug] received epp: 12215129

--------------------------------------------------------------------------------
2022-04-29 20:32:37.939 [Debug] received epp: 12223162

--------------------------------------------------------------------------------
2022-04-29 20:32:39.733 [Debug] received epp: 12224958

--------------------------------------------------------------------------------
2022-04-29 20:32:39.939 [Debug] received epp: 12224958

--------------------------------------------------------------------------------
2022-04-29 20:32:40.405 [Debug] received epp: 12225615

--------------------------------------------------------------------------------
2022-04-29 20:32:40.602 [Debug] received epp: 12225818

--------------------------------------------------------------------------------
2022-04-29 20:32:40.836 [Debug] received epp: 12226051

--------------------------------------------------------------------------------
2022-04-29 20:32:41.786 [Debug] received epp: 12227005

--------------------------------------------------------------------------------
2022-04-29 20:32:43.246 [Debug] received epp: 12228473

--------------------------------------------------------------------------------
2022-04-29 20:33:24.481 [Debug] received epp: 12269708

--------------------------------------------------------------------------------
2022-04-29 20:33:24.786 [Debug] received epp: 12270005

--------------------------------------------------------------------------------
2022-04-29 20:33:27.057 [Debug] received epp: 12272286

--------------------------------------------------------------------------------
2022-04-29 20:34:09.585 [Debug] received epp: 12314802

--------------------------------------------------------------------------------
2022-04-29 20:34:09.838 [Debug] received epp: 12315066

--------------------------------------------------------------------------------
2022-04-29 20:34:10.078 [Debug] received epp: 12315301

--------------------------------------------------------------------------------
2022-04-29 20:34:10.502 [Debug] received epp: 12315724

--------------------------------------------------------------------------------
2022-04-29 20:34:10.836 [Debug] received epp: 12316051

--------------------------------------------------------------------------------
2022-04-29 20:34:11.086 [Debug] received epp: 12316301

--------------------------------------------------------------------------------
2022-04-29 20:34:11.349 [Debug] received epp: 12316566

--------------------------------------------------------------------------------
2022-04-29 20:37:09.433 [Debug] received epp: 12494662

--------------------------------------------------------------------------------
2022-04-29 20:37:10.079 [Debug] received epp: 12495286

--------------------------------------------------------------------------------
2022-04-29 20:37:10.648 [Debug] received epp: 12495863

--------------------------------------------------------------------------------
2022-04-29 20:37:11.016 [Debug] received epp: 12496238

--------------------------------------------------------------------------------
2022-04-29 20:37:11.322 [Debug] received epp: 12496552

--------------------------------------------------------------------------------
2022-04-29 20:37:11.841 [Debug] received epp: 12497067

--------------------------------------------------------------------------------
2022-04-29 20:38:57.704 [Debug] received epp: 12602927

--------------------------------------------------------------------------------
2022-04-29 20:38:57.960 [Debug] received epp: 12603177

--------------------------------------------------------------------------------
2022-04-29 20:38:58.231 [Debug] received epp: 12603457

--------------------------------------------------------------------------------
2022-04-29 20:38:58.412 [Debug] received epp: 12603629

--------------------------------------------------------------------------------
2022-04-29 20:38:58.628 [Debug] received epp: 12603848

--------------------------------------------------------------------------------
2022-04-29 20:38:59.328 [Debug] received epp: 12604552

--------------------------------------------------------------------------------
2022-04-29 20:39:16.656 [Debug] StatusChanged: [NetIncomingMessage #183 10 bytes] [Disconnecting]

--------------------------------------------------------------------------------
2022-04-29 20:39:16.662 [Debug] StatusChanged: [NetIncomingMessage #184 14 bytes] [Disconnected]

--------------------------------------------------------------------------------
2022-04-29 20:39:16.704 [Info] Acquiring context lock... (0ms)

--------------------------------------------------------------------------------
2022-04-29 20:39:16.704 [Info] Acquired. (0ms)

--------------------------------------------------------------------------------
2022-04-29 20:39:16.705 [Info] Beginning context dispose. (0ms)

--------------------------------------------------------------------------------
2022-04-29 20:39:16.705 [Info] GC.SuppressFinalize (0ms)

--------------------------------------------------------------------------------
2022-04-29 20:39:16.705 [Info] InternalDispose() completed. (0ms)

--------------------------------------------------------------------------------
2022-04-29 20:39:16.705 [Info] Clearing instance... (1ms)

--------------------------------------------------------------------------------
2022-04-29 20:39:16.705 [Info] Releasing context lock... (1ms)

--------------------------------------------------------------------------------
2022-04-29 20:39:16.705 [Info] Released. (1ms)

--------------------------------------------------------------------------------
