2022-04-08 22:14:46.458 [Info] Connecting to 38.129.153.213:5400...

--------------------------------------------------------------------------------
2022-04-08 22:14:46.994 [Info] Connection approved [00000000-0000-0000-0000-000000000000].

--------------------------------------------------------------------------------
2022-04-08 22:14:47.071 [Debug] approval Time=1527926 Offset=63785051359043 Real=63785052886970

--------------------------------------------------------------------------------
2022-04-08 22:14:47.072 [Debug] local Time=1527926 Offset=63785051359145 Real=63785052887071

--------------------------------------------------------------------------------
2022-04-08 22:14:47.072 [Debug] real delta=101

--------------------------------------------------------------------------------
2022-04-08 22:14:47.072 [Debug] this.Statistics.Ping=0 NCPing=6

--------------------------------------------------------------------------------
2022-04-08 22:14:47.074 [Debug] Connection established to remote [00000000-0000-0000-0000-000000000000/38.129.153.213:5400].

--------------------------------------------------------------------------------
2022-04-08 22:14:47.074 [Info] Connected [00000000-0000-0000-0000-000000000000].

--------------------------------------------------------------------------------
2022-04-08 22:19:10.021 [Debug] StatusChanged: [NetIncomingMessage #0 10 bytes] [Disconnecting]

--------------------------------------------------------------------------------
2022-04-08 22:19:10.028 [Debug] StatusChanged: [NetIncomingMessage #0 10 bytes] [Disconnected]

--------------------------------------------------------------------------------
2022-04-08 22:19:10.029 [Debug] Connection terminated to remote [00000000-0000-0000-0000-000000000000/38.129.153.213:5400].

--------------------------------------------------------------------------------
2022-04-08 22:19:10.029 [Info] Disconnected [00000000-0000-0000-0000-000000000000].

--------------------------------------------------------------------------------
