2022-04-14 20:55:10.719 [Info] Discovered 0 plugins:


--------------------------------------------------------------------------------
2022-04-14 20:55:11.737 [Info] Connecting to 38.129.153.213:5400...

--------------------------------------------------------------------------------
2022-04-14 20:55:12.219 [Info] Connection approved [00000000-0000-0000-0000-000000000000].

--------------------------------------------------------------------------------
2022-04-14 20:55:12.299 [Debug] approval Time=1501259 Offset=63785565010944 Real=63785566512203

--------------------------------------------------------------------------------
2022-04-14 20:55:12.299 [Debug] local Time=1501259 Offset=63785565011040 Real=63785566512299

--------------------------------------------------------------------------------
2022-04-14 20:55:12.299 [Debug] real delta=96

--------------------------------------------------------------------------------
2022-04-14 20:55:12.299 [Debug] this.Statistics.Ping=0 NCPing=5

--------------------------------------------------------------------------------
2022-04-14 20:55:12.301 [Debug] Connection established to remote [00000000-0000-0000-0000-000000000000/38.129.153.213:5400].

--------------------------------------------------------------------------------
2022-04-14 20:55:12.301 [Info] Connected [00000000-0000-0000-0000-000000000000].

--------------------------------------------------------------------------------
2022-04-14 20:55:16.396 [Warn] 'Me' is null.

--------------------------------------------------------------------------------
2022-04-14 20:55:16.696 [Debug] received epp: 1505400

--------------------------------------------------------------------------------
2022-04-14 20:57:12.124 [Debug] received epp: 1621119

--------------------------------------------------------------------------------
2022-04-14 20:57:34.574 [Debug] received epp: 1643602

--------------------------------------------------------------------------------
2022-04-14 20:57:44.317 [Debug] received epp: 1653353

--------------------------------------------------------------------------------
2022-04-14 20:57:44.983 [Debug] received epp: 1654024

--------------------------------------------------------------------------------
2022-04-14 20:57:45.401 [Debug] received epp: 1654416

--------------------------------------------------------------------------------
2022-04-14 20:57:46.387 [Debug] received epp: 1655416

--------------------------------------------------------------------------------
2022-04-14 20:57:46.783 [Debug] received epp: 1655822

--------------------------------------------------------------------------------
2022-04-14 20:57:47.133 [Debug] received epp: 1656165

--------------------------------------------------------------------------------
2022-04-14 20:57:48.019 [Debug] received epp: 1657056

--------------------------------------------------------------------------------
2022-04-14 20:57:53.834 [Debug] received epp: 1662870

--------------------------------------------------------------------------------
2022-04-14 20:57:54.134 [Debug] received epp: 1663181

--------------------------------------------------------------------------------
2022-04-14 20:57:56.434 [Debug] received epp: 1665479

--------------------------------------------------------------------------------
2022-04-14 20:57:57.900 [Debug] received epp: 1666947

--------------------------------------------------------------------------------
2022-04-14 20:57:58.967 [Debug] received epp: 1667994

--------------------------------------------------------------------------------
2022-04-14 20:57:59.061 [Debug] received epp: 1667994

--------------------------------------------------------------------------------
2022-04-14 20:58:10.500 [Debug] received epp: 1679540

--------------------------------------------------------------------------------
2022-04-14 20:58:10.736 [Debug] received epp: 1679540

--------------------------------------------------------------------------------
2022-04-14 20:58:12.051 [Debug] received epp: 1681088

--------------------------------------------------------------------------------
2022-04-14 20:58:12.124 [Debug] received epp: 1681088

--------------------------------------------------------------------------------
2022-04-14 20:58:12.299 [Debug] received epp: 1681259

--------------------------------------------------------------------------------
2022-04-14 21:01:54.784 [Debug] received epp: 1903823

--------------------------------------------------------------------------------
2022-04-14 21:01:55.068 [Debug] received epp: 1904103

--------------------------------------------------------------------------------
2022-04-14 21:01:55.385 [Debug] received epp: 1904417

--------------------------------------------------------------------------------
2022-04-14 21:01:56.835 [Debug] received epp: 1905869

--------------------------------------------------------------------------------
2022-04-14 21:01:57.453 [Debug] received epp: 1906494

--------------------------------------------------------------------------------
2022-04-14 21:01:57.666 [Debug] received epp: 1906494

--------------------------------------------------------------------------------
2022-04-14 21:02:00.585 [Debug] received epp: 1909620

--------------------------------------------------------------------------------
2022-04-14 21:02:00.623 [Debug] received epp: 1909650

--------------------------------------------------------------------------------
2022-04-14 21:02:01.266 [Debug] received epp: 1910307

--------------------------------------------------------------------------------
2022-04-14 21:02:07.385 [Debug] received epp: 1916431

--------------------------------------------------------------------------------
2022-04-14 21:02:07.740 [Debug] received epp: 1916774

--------------------------------------------------------------------------------
2022-04-14 21:02:08.284 [Debug] received epp: 1917323

--------------------------------------------------------------------------------
2022-04-14 21:02:08.884 [Debug] received epp: 1917931

--------------------------------------------------------------------------------
2022-04-14 21:02:12.336 [Debug] StatusChanged: [NetIncomingMessage #150 10 bytes] [Disconnecting]

--------------------------------------------------------------------------------
2022-04-14 21:02:12.340 [Debug] StatusChanged: [NetIncomingMessage #151 14 bytes] [Disconnected]

--------------------------------------------------------------------------------
2022-04-14 21:02:12.388 [Info] Acquiring context lock... (0ms)

--------------------------------------------------------------------------------
2022-04-14 21:02:12.388 [Info] Acquired. (0ms)

--------------------------------------------------------------------------------
2022-04-14 21:02:12.390 [Info] Beginning context dispose. (0ms)

--------------------------------------------------------------------------------
2022-04-14 21:02:12.390 [Info] GC.SuppressFinalize (0ms)

--------------------------------------------------------------------------------
2022-04-14 21:02:12.390 [Info] InternalDispose() completed. (0ms)

--------------------------------------------------------------------------------
2022-04-14 21:02:12.390 [Info] Clearing instance... (2ms)

--------------------------------------------------------------------------------
2022-04-14 21:02:12.390 [Info] Releasing context lock... (2ms)

--------------------------------------------------------------------------------
2022-04-14 21:02:12.390 [Info] Released. (2ms)

--------------------------------------------------------------------------------
