2022-04-10 18:29:11.577 [Info] Discovered 0 plugins:


--------------------------------------------------------------------------------
2022-04-10 18:29:12.721 [Info] Connecting to 38.129.153.213:5400...

--------------------------------------------------------------------------------
2022-04-10 18:29:13.155 [Info] Connection approved [00000000-0000-0000-0000-000000000000].

--------------------------------------------------------------------------------
2022-04-10 18:29:13.233 [Debug] approval Time=5309414 Offset=63785206843711 Real=63785212153125

--------------------------------------------------------------------------------
2022-04-10 18:29:13.233 [Debug] local Time=5309414 Offset=63785206843819 Real=63785212153233

--------------------------------------------------------------------------------
2022-04-10 18:29:13.233 [Debug] real delta=107

--------------------------------------------------------------------------------
2022-04-10 18:29:13.234 [Debug] this.Statistics.Ping=0 NCPing=7

--------------------------------------------------------------------------------
2022-04-10 18:29:13.235 [Debug] Connection established to remote [00000000-0000-0000-0000-000000000000/38.129.153.213:5400].

--------------------------------------------------------------------------------
2022-04-10 18:29:13.236 [Info] Connected [00000000-0000-0000-0000-000000000000].

--------------------------------------------------------------------------------
2022-04-10 18:29:16.438 [Warn] 'Me' is null.

--------------------------------------------------------------------------------
2022-04-10 18:29:16.727 [Debug] received epp: 5312648

--------------------------------------------------------------------------------
2022-04-10 18:34:55.536 [Debug] received epp: 5651806

--------------------------------------------------------------------------------
2022-04-10 18:44:04.898 [Debug] received epp: 6201149

--------------------------------------------------------------------------------
2022-04-10 18:44:34.700 [Debug] StatusChanged: [NetIncomingMessage #162 10 bytes] [Disconnecting]

--------------------------------------------------------------------------------
2022-04-10 18:44:34.704 [Debug] StatusChanged: [NetIncomingMessage #0 14 bytes] [Disconnected]

--------------------------------------------------------------------------------
2022-04-10 18:44:34.742 [Info] Acquiring context lock... (0ms)

--------------------------------------------------------------------------------
2022-04-10 18:44:34.743 [Info] Acquired. (0ms)

--------------------------------------------------------------------------------
2022-04-10 18:44:34.744 [Info] Beginning context dispose. (0ms)

--------------------------------------------------------------------------------
2022-04-10 18:44:34.744 [Info] GC.SuppressFinalize (0ms)

--------------------------------------------------------------------------------
2022-04-10 18:44:34.744 [Info] InternalDispose() completed. (0ms)

--------------------------------------------------------------------------------
2022-04-10 18:44:34.744 [Info] Clearing instance... (1ms)

--------------------------------------------------------------------------------
2022-04-10 18:44:34.744 [Info] Releasing context lock... (1ms)

--------------------------------------------------------------------------------
2022-04-10 18:44:34.744 [Info] Released. (1ms)

--------------------------------------------------------------------------------
