2022-04-06 01:52:26.509 [Info] Discovered 0 plugins:


--------------------------------------------------------------------------------
2022-04-06 01:52:27.570 [Info] Connecting to 38.129.153.213:5400...

--------------------------------------------------------------------------------
2022-04-06 01:52:28.032 [Info] Connection approved [00000000-0000-0000-0000-000000000000].

--------------------------------------------------------------------------------
2022-04-06 01:52:28.105 [Debug] approval Time=7157351 Offset=63784799590665 Real=63784806748016

--------------------------------------------------------------------------------
2022-04-06 01:52:28.105 [Debug] local Time=7157351 Offset=63784799590754 Real=63784806748105

--------------------------------------------------------------------------------
2022-04-06 01:52:28.105 [Debug] real delta=88

--------------------------------------------------------------------------------
2022-04-06 01:52:28.105 [Debug] this.Statistics.Ping=0 NCPing=6

--------------------------------------------------------------------------------
2022-04-06 01:52:28.107 [Debug] Connection established to remote [00000000-0000-0000-0000-000000000000/38.129.153.213:5400].

--------------------------------------------------------------------------------
2022-04-06 01:52:28.107 [Info] Connected [00000000-0000-0000-0000-000000000000].

--------------------------------------------------------------------------------
2022-04-06 01:52:31.760 [Warn] 'Me' is null.

--------------------------------------------------------------------------------
2022-04-06 01:52:32.039 [Debug] received epp: 7161022

--------------------------------------------------------------------------------
2022-04-06 01:52:41.177 [Debug] received epp: 7170492

--------------------------------------------------------------------------------
2022-04-06 01:52:41.194 [Debug] received epp: 7170492

--------------------------------------------------------------------------------
2022-04-06 01:57:49.349 [Error] Received unhandled exception from Name:Intersect Client.exe
There are no context policies.
.

--------------------------------------------------------------------------------
2022-04-06 01:57:49.350 [Error] InvalidOperationException: Collection was modified; enumeration operation may not execute.
    Stack:    at System.ThrowHelper.ThrowInvalidOperationException(ExceptionResource resource)
   at System.Collections.Generic.List`1.Enumerator.MoveNextRare()
   at System.Linq.Enumerable.<SelectManyIterator>d__17`2.MoveNext()
   at System.Linq.Enumerable.<SelectManyIterator>d__17`2.MoveNext()
   at System.Linq.Enumerable.<SelectManyIterator>d__17`2.MoveNext()
   at System.Linq.Enumerable.<SelectManyIterator>d__17`2.MoveNext()
   at System.Linq.Enumerable.<SelectManyIterator>d__17`2.MoveNext()
   at System.Linq.Enumerable.<SelectManyIterator>d__17`2.MoveNext()
   at System.Linq.Enumerable.Any[TSource](IEnumerable`1 source)
   at Intersect.Extensions.EnumerableExtensions.SelectManyRecursive[T](IEnumerable`1 source, Func`2 selector, CancellationToken cancellationToken)
   at Intersect.Extensions.EnumerableExtensions.SelectManyRecursive[T](IEnumerable`1 source, Func`2 selector, CancellationToken cancellationToken)
   at Intersect.Extensions.EnumerableExtensions.SelectManyRecursive[T](IEnumerable`1 source, Func`2 selector, CancellationToken cancellationToken)
   at Intersect.Extensions.EnumerableExtensions.SelectManyRecursive[T](IEnumerable`1 source, Func`2 selector, CancellationToken cancellationToken)
   at Intersect.Extensions.EnumerableExtensions.SelectManyRecursive[T](IEnumerable`1 source, Func`2 selector, CancellationToken cancellationToken)
   at Intersect.Extensions.EnumerableExtensions.SelectManyRecursive[T](IEnumerable`1 source, Func`2 selector, CancellationToken cancellationToken)
   at Intersect.Extensions.EnumerableExtensions.SelectManyRecursive[T](IEnumerable`1 source, Func`2 selector, CancellationToken cancellationToken)
   at Intersect.Extensions.EnumerableExtensions.SelectManyRecursive[T](IEnumerable`1 source, Func`2 selector, CancellationToken cancellationToken)
   at Intersect.Client.Interface.Debugging.DebugWindow.<>c.<CreateTableDebugStats>b__29_13(CancellationToken cancellationToken)
   at Intersect.Client.Framework.Gwen.Control.Data.ValueTableCellDataProvider`1.<>c__DisplayClass1_1.<.ctor>b__3(Task _)
   at System.Threading.Tasks.ContinuationResultTaskFromTask`1.InnerInvoke()
   at System.Threading.Tasks.Task.Execute()
--- End of stack trace from previous location where exception was thrown ---
   at System.Runtime.ExceptionServices.ExceptionDispatchInfo.Throw()
   at System.Runtime.CompilerServices.TaskAwaiter.HandleNonSuccessAndDebuggerNotification(Task task)
   at System.Runtime.CompilerServices.ConfiguredTaskAwaitable`1.ConfiguredTaskAwaiter.GetResult()
   at Intersect.Async.AsyncValueGenerator`1.<DoLoop>d__6.MoveNext()
--- End of stack trace from previous location where exception was thrown ---
   at System.Runtime.ExceptionServices.ExceptionDispatchInfo.Throw()
   at System.Threading.ExecutionContext.RunInternal(ExecutionContext executionContext, ContextCallback callback, Object state, Boolean preserveSyncCtx)
   at System.Threading.ExecutionContext.Run(ExecutionContext executionContext, ContextCallback callback, Object state, Boolean preserveSyncCtx)
   at System.Threading.QueueUserWorkItemCallback.System.Threading.IThreadPoolWorkItem.ExecuteWorkItem()
   at System.Threading.ThreadPoolWorkQueue.Dispatch()


--------------------------------------------------------------------------------
2022-04-06 01:57:49.354 [Info] Acquiring context lock... (0ms)

--------------------------------------------------------------------------------
2022-04-06 01:57:49.354 [Info] Acquired. (0ms)

--------------------------------------------------------------------------------
2022-04-06 01:57:49.355 [Info] Beginning context dispose. (0ms)

--------------------------------------------------------------------------------
2022-04-06 01:57:49.355 [Info] GC.SuppressFinalize (0ms)

--------------------------------------------------------------------------------
2022-04-06 01:57:49.355 [Info] InternalDispose() completed. (0ms)

--------------------------------------------------------------------------------
2022-04-06 01:57:49.355 [Info] Clearing instance... (1ms)

--------------------------------------------------------------------------------
2022-04-06 01:57:49.355 [Info] Releasing context lock... (1ms)

--------------------------------------------------------------------------------
2022-04-06 01:57:49.355 [Info] Released. (1ms)

--------------------------------------------------------------------------------
