2022-04-03 21:22:50.391 [Info] Discovered 0 plugins:


--------------------------------------------------------------------------------
2022-04-03 21:22:51.361 [Info] Connecting to 38.129.153.213:5400...

--------------------------------------------------------------------------------
2022-04-03 21:22:51.792 [Info] Connection approved [00000000-0000-0000-0000-000000000000].

--------------------------------------------------------------------------------
2022-04-03 21:22:51.858 [Debug] approval Time=3559514 Offset=63784614212267 Real=63784617771781

--------------------------------------------------------------------------------
2022-04-03 21:22:51.858 [Debug] local Time=3559514 Offset=63784614212343 Real=63784617771858

--------------------------------------------------------------------------------
2022-04-03 21:22:51.859 [Debug] real delta=77

--------------------------------------------------------------------------------
2022-04-03 21:22:51.859 [Debug] this.Statistics.Ping=0 NCPing=7

--------------------------------------------------------------------------------
2022-04-03 21:22:51.864 [Debug] Connection established to remote [00000000-0000-0000-0000-000000000000/38.129.153.213:5400].

--------------------------------------------------------------------------------
2022-04-03 21:22:51.864 [Info] Connected [00000000-0000-0000-0000-000000000000].

--------------------------------------------------------------------------------
2022-04-03 21:24:14.400 [Debug] StatusChanged: [NetIncomingMessage #0 10 bytes] [Disconnecting]

--------------------------------------------------------------------------------
2022-04-03 21:24:14.403 [Debug] StatusChanged: [NetIncomingMessage #0 10 bytes] [Disconnected]

--------------------------------------------------------------------------------
2022-04-03 21:24:14.437 [Info] Acquiring context lock... (0ms)

--------------------------------------------------------------------------------
2022-04-03 21:24:14.437 [Info] Acquired. (0ms)

--------------------------------------------------------------------------------
2022-04-03 21:24:14.438 [Info] Beginning context dispose. (0ms)

--------------------------------------------------------------------------------
2022-04-03 21:24:14.438 [Info] GC.SuppressFinalize (0ms)

--------------------------------------------------------------------------------
2022-04-03 21:24:14.438 [Info] InternalDispose() completed. (0ms)

--------------------------------------------------------------------------------
2022-04-03 21:24:14.438 [Info] Clearing instance... (1ms)

--------------------------------------------------------------------------------
2022-04-03 21:24:14.438 [Info] Releasing context lock... (1ms)

--------------------------------------------------------------------------------
2022-04-03 21:24:14.438 [Info] Released. (1ms)

--------------------------------------------------------------------------------
