2022-04-14 20:31:55.308 [Info] Connecting to 38.129.153.213:5400...

--------------------------------------------------------------------------------
2022-04-14 20:31:55.721 [Info] Connection approved [00000000-0000-0000-0000-000000000000].

--------------------------------------------------------------------------------
2022-04-14 20:31:55.794 [Debug] approval Time=104759 Offset=63785565010944 Real=63785565115703

--------------------------------------------------------------------------------
2022-04-14 20:31:55.794 [Debug] local Time=104759 Offset=63785565011034 Real=63785565115794

--------------------------------------------------------------------------------
2022-04-14 20:31:55.794 [Debug] real delta=90

--------------------------------------------------------------------------------
2022-04-14 20:31:55.795 [Debug] this.Statistics.Ping=0 NCPing=6

--------------------------------------------------------------------------------
2022-04-14 20:31:55.796 [Debug] Connection established to remote [00000000-0000-0000-0000-000000000000/38.129.153.213:5400].

--------------------------------------------------------------------------------
2022-04-14 20:31:55.796 [Info] Connected [00000000-0000-0000-0000-000000000000].

--------------------------------------------------------------------------------
2022-04-14 20:53:44.753 [Debug] StatusChanged: [NetIncomingMessage #5 10 bytes] [Disconnecting]

--------------------------------------------------------------------------------
2022-04-14 20:53:44.764 [Debug] StatusChanged: [NetIncomingMessage #10 10 bytes] [Disconnected]

--------------------------------------------------------------------------------
2022-04-14 20:53:44.765 [Debug] Connection terminated to remote [00000000-0000-0000-0000-000000000000/38.129.153.213:5400].

--------------------------------------------------------------------------------
2022-04-14 20:53:44.765 [Info] Disconnected [00000000-0000-0000-0000-000000000000].

--------------------------------------------------------------------------------
