2022-04-03 15:00:04.503 [Info] Connecting to 38.129.153.213:5400...

--------------------------------------------------------------------------------
2022-04-03 15:00:05.184 [Info] Connection approved [00000000-0000-0000-0000-000000000000].

--------------------------------------------------------------------------------
2022-04-03 15:00:05.248 [Debug] approval Time=15135 Offset=63784594789990 Real=63784594805126

--------------------------------------------------------------------------------
2022-04-03 15:00:05.248 [Debug] local Time=15135 Offset=63784594790113 Real=63784594805248

--------------------------------------------------------------------------------
2022-04-03 15:00:05.248 [Debug] real delta=122

--------------------------------------------------------------------------------
2022-04-03 15:00:05.248 [Debug] this.Statistics.Ping=0 NCPing=8

--------------------------------------------------------------------------------
2022-04-03 15:00:05.250 [Debug] Connection established to remote [00000000-0000-0000-0000-000000000000/38.129.153.213:5400].

--------------------------------------------------------------------------------
2022-04-03 15:00:05.250 [Info] Connected [00000000-0000-0000-0000-000000000000].

--------------------------------------------------------------------------------
2022-04-03 15:03:00.322 [Debug] StatusChanged: [NetIncomingMessage #0 10 bytes] [Disconnecting]

--------------------------------------------------------------------------------
2022-04-03 15:03:00.325 [Debug] StatusChanged: [NetIncomingMessage #0 10 bytes] [Disconnected]

--------------------------------------------------------------------------------
2022-04-03 15:03:00.325 [Debug] Connection terminated to remote [00000000-0000-0000-0000-000000000000/38.129.153.213:5400].

--------------------------------------------------------------------------------
2022-04-03 15:03:00.325 [Info] Disconnected [00000000-0000-0000-0000-000000000000].

--------------------------------------------------------------------------------
