2022-04-04 03:19:35.684 [Info] Connecting to 38.129.153.213:5400...

--------------------------------------------------------------------------------
2022-04-04 03:19:36.112 [Info] Connection approved [00000000-0000-0000-0000-000000000000].

--------------------------------------------------------------------------------
2022-04-04 03:19:36.175 [Debug] approval Time=54247 Offset=63784639121846 Real=63784639176094

--------------------------------------------------------------------------------
2022-04-04 03:19:36.175 [Debug] local Time=54247 Offset=63784639121927 Real=63784639176174

--------------------------------------------------------------------------------
2022-04-04 03:19:36.175 [Debug] real delta=80

--------------------------------------------------------------------------------
2022-04-04 03:19:36.175 [Debug] this.Statistics.Ping=0 NCPing=8

--------------------------------------------------------------------------------
2022-04-04 03:19:36.177 [Debug] Connection established to remote [00000000-0000-0000-0000-000000000000/38.129.153.213:5400].

--------------------------------------------------------------------------------
2022-04-04 03:19:36.177 [Info] Connected [00000000-0000-0000-0000-000000000000].

--------------------------------------------------------------------------------
2022-04-04 03:28:29.607 [Debug] StatusChanged: [NetIncomingMessage #16 10 bytes] [Disconnecting]

--------------------------------------------------------------------------------
2022-04-04 03:28:29.610 [Debug] StatusChanged: [NetIncomingMessage #26 10 bytes] [Disconnected]

--------------------------------------------------------------------------------
2022-04-04 03:28:29.610 [Debug] Connection terminated to remote [00000000-0000-0000-0000-000000000000/38.129.153.213:5400].

--------------------------------------------------------------------------------
2022-04-04 03:28:29.611 [Info] Disconnected [00000000-0000-0000-0000-000000000000].

--------------------------------------------------------------------------------
