2022-04-03 22:14:20.038 [Info] Discovered 0 plugins:


--------------------------------------------------------------------------------
2022-04-03 22:14:21.005 [Info] Connecting to 38.129.153.213:5400...

--------------------------------------------------------------------------------
2022-04-03 22:14:21.473 [Info] Connection approved [00000000-0000-0000-0000-000000000000].

--------------------------------------------------------------------------------
2022-04-03 22:14:21.536 [Debug] approval Time=6649186 Offset=63784614212267 Real=63784620861453

--------------------------------------------------------------------------------
2022-04-03 22:14:21.536 [Debug] local Time=6649186 Offset=63784614212349 Real=63784620861536

--------------------------------------------------------------------------------
2022-04-03 22:14:21.536 [Debug] real delta=82

--------------------------------------------------------------------------------
2022-04-03 22:14:21.537 [Debug] this.Statistics.Ping=0 NCPing=7

--------------------------------------------------------------------------------
2022-04-03 22:14:21.541 [Debug] Connection established to remote [00000000-0000-0000-0000-000000000000/38.129.153.213:5400].

--------------------------------------------------------------------------------
2022-04-03 22:14:21.542 [Info] Connected [00000000-0000-0000-0000-000000000000].

--------------------------------------------------------------------------------
2022-04-03 22:14:38.374 [Debug] StatusChanged: [NetIncomingMessage #0 10 bytes] [Disconnecting]

--------------------------------------------------------------------------------
2022-04-03 22:14:38.376 [Debug] StatusChanged: [NetIncomingMessage #0 10 bytes] [Disconnected]

--------------------------------------------------------------------------------
2022-04-03 22:14:38.414 [Info] Acquiring context lock... (0ms)

--------------------------------------------------------------------------------
2022-04-03 22:14:38.414 [Info] Acquired. (0ms)

--------------------------------------------------------------------------------
2022-04-03 22:14:38.415 [Info] Beginning context dispose. (0ms)

--------------------------------------------------------------------------------
2022-04-03 22:14:38.416 [Info] GC.SuppressFinalize (0ms)

--------------------------------------------------------------------------------
2022-04-03 22:14:38.416 [Info] InternalDispose() completed. (0ms)

--------------------------------------------------------------------------------
2022-04-03 22:14:38.416 [Info] Clearing instance... (2ms)

--------------------------------------------------------------------------------
2022-04-03 22:14:38.417 [Info] Releasing context lock... (2ms)

--------------------------------------------------------------------------------
2022-04-03 22:14:38.417 [Info] Released. (2ms)

--------------------------------------------------------------------------------
