2022-04-04 01:55:46.698 [Info] Discovered 0 plugins:


--------------------------------------------------------------------------------
2022-04-04 01:55:47.730 [Info] Connecting to 38.129.153.213:5400...

--------------------------------------------------------------------------------
2022-04-04 01:55:48.189 [Info] Connection approved [00000000-0000-0000-0000-000000000000].

--------------------------------------------------------------------------------
2022-04-04 01:55:48.253 [Debug] approval Time=2707175 Offset=63784631440998 Real=63784634148173

--------------------------------------------------------------------------------
2022-04-04 01:55:48.253 [Debug] local Time=2707175 Offset=63784631441077 Real=63784634148253

--------------------------------------------------------------------------------
2022-04-04 01:55:48.253 [Debug] real delta=79

--------------------------------------------------------------------------------
2022-04-04 01:55:48.253 [Debug] this.Statistics.Ping=0 NCPing=6

--------------------------------------------------------------------------------
2022-04-04 01:55:48.255 [Debug] Connection established to remote [00000000-0000-0000-0000-000000000000/38.129.153.213:5400].

--------------------------------------------------------------------------------
2022-04-04 01:55:48.255 [Info] Connected [00000000-0000-0000-0000-000000000000].

--------------------------------------------------------------------------------
2022-04-04 01:55:52.344 [Warn] 'Me' is null.

--------------------------------------------------------------------------------
2022-04-04 01:55:52.573 [Debug] received epp: 2711267

--------------------------------------------------------------------------------
2022-04-04 01:56:28.873 [Debug] received epp: 2747830

--------------------------------------------------------------------------------
2022-04-04 01:56:50.584 [Debug] StatusChanged: [NetIncomingMessage #368 10 bytes] [Disconnecting]

--------------------------------------------------------------------------------
2022-04-04 01:56:50.586 [Debug] StatusChanged: [NetIncomingMessage #369 10 bytes] [Disconnected]

--------------------------------------------------------------------------------
2022-04-04 01:56:50.623 [Info] Acquiring context lock... (0ms)

--------------------------------------------------------------------------------
2022-04-04 01:56:50.623 [Info] Acquired. (0ms)

--------------------------------------------------------------------------------
2022-04-04 01:56:50.624 [Info] Beginning context dispose. (0ms)

--------------------------------------------------------------------------------
2022-04-04 01:56:50.624 [Info] GC.SuppressFinalize (0ms)

--------------------------------------------------------------------------------
2022-04-04 01:56:50.624 [Info] InternalDispose() completed. (0ms)

--------------------------------------------------------------------------------
2022-04-04 01:56:50.624 [Info] Clearing instance... (1ms)

--------------------------------------------------------------------------------
2022-04-04 01:56:50.624 [Info] Releasing context lock... (1ms)

--------------------------------------------------------------------------------
2022-04-04 01:56:50.624 [Info] Released. (1ms)

--------------------------------------------------------------------------------
