2022-04-03 19:14:25.382 [Info] Discovered 0 plugins:


--------------------------------------------------------------------------------
2022-04-03 19:14:26.464 [Info] Connecting to 38.129.153.213:5400...

--------------------------------------------------------------------------------
2022-04-03 19:14:26.910 [Info] Connection approved [00000000-0000-0000-0000-000000000000].

--------------------------------------------------------------------------------
2022-04-03 19:14:26.984 [Debug] approval Time=15276901 Offset=63784594789990 Real=63784610066892

--------------------------------------------------------------------------------
2022-04-03 19:14:26.984 [Debug] local Time=15276901 Offset=63784594790082 Real=63784610066984

--------------------------------------------------------------------------------
2022-04-03 19:14:26.984 [Debug] real delta=91

--------------------------------------------------------------------------------
2022-04-03 19:14:26.985 [Debug] this.Statistics.Ping=0 NCPing=7

--------------------------------------------------------------------------------
2022-04-03 19:14:26.987 [Debug] Connection established to remote [00000000-0000-0000-0000-000000000000/38.129.153.213:5400].

--------------------------------------------------------------------------------
2022-04-03 19:14:26.987 [Info] Connected [00000000-0000-0000-0000-000000000000].

--------------------------------------------------------------------------------
2022-04-03 19:18:12.942 [Debug] StatusChanged: [NetIncomingMessage #0 10 bytes] [Disconnecting]

--------------------------------------------------------------------------------
2022-04-03 19:18:12.944 [Debug] StatusChanged: [NetIncomingMessage #0 10 bytes] [Disconnected]

--------------------------------------------------------------------------------
2022-04-03 19:18:12.983 [Info] Acquiring context lock... (0ms)

--------------------------------------------------------------------------------
2022-04-03 19:18:12.983 [Info] Acquired. (0ms)

--------------------------------------------------------------------------------
2022-04-03 19:18:12.983 [Info] Beginning context dispose. (0ms)

--------------------------------------------------------------------------------
2022-04-03 19:18:12.984 [Info] GC.SuppressFinalize (0ms)

--------------------------------------------------------------------------------
2022-04-03 19:18:12.984 [Info] InternalDispose() completed. (0ms)

--------------------------------------------------------------------------------
2022-04-03 19:18:12.984 [Info] Clearing instance... (1ms)

--------------------------------------------------------------------------------
2022-04-03 19:18:12.984 [Info] Releasing context lock... (1ms)

--------------------------------------------------------------------------------
2022-04-03 19:18:12.984 [Info] Released. (1ms)

--------------------------------------------------------------------------------
