2022-04-04 16:21:40.925 [Info] Discovered 0 plugins:


--------------------------------------------------------------------------------
2022-04-04 16:21:41.940 [Info] Connecting to 38.129.153.213:5400...

--------------------------------------------------------------------------------
2022-04-04 16:21:42.363 [Info] Connection approved [00000000-0000-0000-0000-000000000000].

--------------------------------------------------------------------------------
2022-04-04 16:21:42.429 [Info] Connected [00000000-0000-0000-0000-000000000000].

--------------------------------------------------------------------------------
2022-04-04 16:21:45.918 [Warn] 'Me' is null.

--------------------------------------------------------------------------------
2022-04-04 16:26:10.907 [Info] Acquiring context lock... (0ms)

--------------------------------------------------------------------------------
2022-04-04 16:26:10.907 [Info] Acquired. (0ms)

--------------------------------------------------------------------------------
2022-04-04 16:26:10.909 [Info] Beginning context dispose. (0ms)

--------------------------------------------------------------------------------
2022-04-04 16:26:10.909 [Info] GC.SuppressFinalize (0ms)

--------------------------------------------------------------------------------
2022-04-04 16:26:10.909 [Info] InternalDispose() completed. (0ms)

--------------------------------------------------------------------------------
2022-04-04 16:26:10.909 [Info] Clearing instance... (2ms)

--------------------------------------------------------------------------------
2022-04-04 16:26:10.909 [Info] Releasing context lock... (2ms)

--------------------------------------------------------------------------------
2022-04-04 16:26:10.909 [Info] Released. (2ms)

--------------------------------------------------------------------------------
