2022-04-06 22:49:27.878 [Info] Connecting to 38.129.153.213:5400...

--------------------------------------------------------------------------------
2022-04-06 22:49:28.310 [Info] Connection approved [00000000-0000-0000-0000-000000000000].

--------------------------------------------------------------------------------
2022-04-06 22:49:28.375 [Debug] approval Time=3890791 Offset=63784878277505 Real=63784882168297

--------------------------------------------------------------------------------
2022-04-06 22:49:28.375 [Debug] local Time=3890791 Offset=63784878277583 Real=63784882168375

--------------------------------------------------------------------------------
2022-04-06 22:49:28.375 [Debug] real delta=77

--------------------------------------------------------------------------------
2022-04-06 22:49:28.376 [Debug] this.Statistics.Ping=0 NCPing=12

--------------------------------------------------------------------------------
2022-04-06 22:49:28.377 [Debug] Connection established to remote [00000000-0000-0000-0000-000000000000/38.129.153.213:5400].

--------------------------------------------------------------------------------
2022-04-06 22:49:28.377 [Info] Connected [00000000-0000-0000-0000-000000000000].

--------------------------------------------------------------------------------
2022-04-06 23:08:37.403 [Debug] StatusChanged: [NetIncomingMessage #0 10 bytes] [Disconnecting]

--------------------------------------------------------------------------------
2022-04-06 23:08:37.413 [Debug] StatusChanged: [NetIncomingMessage #0 10 bytes] [Disconnected]

--------------------------------------------------------------------------------
2022-04-06 23:08:37.414 [Debug] Connection terminated to remote [00000000-0000-0000-0000-000000000000/38.129.153.213:5400].

--------------------------------------------------------------------------------
2022-04-06 23:08:37.414 [Info] Disconnected [00000000-0000-0000-0000-000000000000].

--------------------------------------------------------------------------------
