2022-04-03 18:45:03.794 [Info] Discovered 0 plugins:


--------------------------------------------------------------------------------
2022-04-03 18:45:04.821 [Info] Connecting to 38.129.153.213:5400...

--------------------------------------------------------------------------------
2022-04-03 18:45:05.234 [Info] Connection approved [00000000-0000-0000-0000-000000000000].

--------------------------------------------------------------------------------
2022-04-03 18:45:05.300 [Debug] approval Time=13515229 Offset=63784594789990 Real=63784608305220

--------------------------------------------------------------------------------
2022-04-03 18:45:05.300 [Debug] local Time=13515229 Offset=63784594790070 Real=63784608305300

--------------------------------------------------------------------------------
2022-04-03 18:45:05.301 [Debug] real delta=79

--------------------------------------------------------------------------------
2022-04-03 18:45:05.301 [Debug] this.Statistics.Ping=0 NCPing=6

--------------------------------------------------------------------------------
2022-04-03 18:45:05.303 [Debug] Connection established to remote [00000000-0000-0000-0000-000000000000/38.129.153.213:5400].

--------------------------------------------------------------------------------
2022-04-03 18:45:05.303 [Info] Connected [00000000-0000-0000-0000-000000000000].

--------------------------------------------------------------------------------
2022-04-03 18:45:09.192 [Warn] 'Me' is null.

--------------------------------------------------------------------------------
2022-04-03 18:45:09.409 [Debug] received epp: 13519119

--------------------------------------------------------------------------------
2022-04-03 18:45:29.746 [Debug] StatusChanged: [NetIncomingMessage #476 10 bytes] [Disconnecting]

--------------------------------------------------------------------------------
2022-04-03 18:45:29.749 [Debug] StatusChanged: [NetIncomingMessage #100 10 bytes] [Disconnected]

--------------------------------------------------------------------------------
2022-04-03 18:45:29.791 [Info] Acquiring context lock... (0ms)

--------------------------------------------------------------------------------
2022-04-03 18:45:29.792 [Info] Acquired. (0ms)

--------------------------------------------------------------------------------
2022-04-03 18:45:29.792 [Info] Beginning context dispose. (0ms)

--------------------------------------------------------------------------------
2022-04-03 18:45:29.793 [Info] GC.SuppressFinalize (0ms)

--------------------------------------------------------------------------------
2022-04-03 18:45:29.793 [Info] InternalDispose() completed. (0ms)

--------------------------------------------------------------------------------
2022-04-03 18:45:29.793 [Info] Clearing instance... (1ms)

--------------------------------------------------------------------------------
2022-04-03 18:45:29.793 [Info] Releasing context lock... (1ms)

--------------------------------------------------------------------------------
2022-04-03 18:45:29.793 [Info] Released. (1ms)

--------------------------------------------------------------------------------
