2022-05-01 16:45:03.319 [Info] Discovered 0 plugins:


--------------------------------------------------------------------------------
2022-05-01 16:45:04.542 [Info] Connecting to 38.129.153.213:5400...

--------------------------------------------------------------------------------
2022-05-01 16:45:05.034 [Info] Connection approved [00000000-0000-0000-0000-000000000000].

--------------------------------------------------------------------------------
2022-05-01 16:45:05.114 [Debug] approval Time=11906319 Offset=63787008398697 Real=63787020305016

--------------------------------------------------------------------------------
2022-05-01 16:45:05.114 [Debug] local Time=11906319 Offset=63787008398795 Real=63787020305114

--------------------------------------------------------------------------------
2022-05-01 16:45:05.114 [Debug] real delta=97

--------------------------------------------------------------------------------
2022-05-01 16:45:05.114 [Debug] this.Statistics.Ping=0 NCPing=6

--------------------------------------------------------------------------------
2022-05-01 16:45:05.116 [Debug] Connection established to remote [00000000-0000-0000-0000-000000000000/38.129.153.213:5400].

--------------------------------------------------------------------------------
2022-05-01 16:45:05.117 [Info] Connected [00000000-0000-0000-0000-000000000000].

--------------------------------------------------------------------------------
2022-05-01 16:45:09.091 [Warn] 'Me' is null.

--------------------------------------------------------------------------------
2022-05-01 16:45:09.393 [Debug] received epp: 11910336

--------------------------------------------------------------------------------
2022-05-01 16:45:14.886 [Debug] received epp: 11916178

--------------------------------------------------------------------------------
2022-05-01 16:45:18.200 [Debug] received epp: 11919474

--------------------------------------------------------------------------------
2022-05-01 16:47:37.823 [Debug] received epp: 12059116

--------------------------------------------------------------------------------
2022-05-01 16:47:38.143 [Debug] received epp: 12059413

--------------------------------------------------------------------------------
2022-05-01 16:47:38.226 [Debug] received epp: 12059522

--------------------------------------------------------------------------------
2022-05-01 16:47:39.490 [Debug] received epp: 12060773

--------------------------------------------------------------------------------
2022-05-01 16:47:40.886 [Debug] received epp: 12062178

--------------------------------------------------------------------------------
2022-05-01 16:47:42.005 [Debug] received epp: 12063288

--------------------------------------------------------------------------------
2022-05-01 16:47:42.065 [Debug] received epp: 12063288

--------------------------------------------------------------------------------
2022-05-01 16:48:15.249 [Debug] received epp: 12096538

--------------------------------------------------------------------------------
2022-05-01 16:48:15.464 [Debug] received epp: 12096538

--------------------------------------------------------------------------------
2022-05-01 16:48:34.467 [Debug] received epp: 12115755

--------------------------------------------------------------------------------
2022-05-01 16:48:45.837 [Debug] received epp: 12127131

--------------------------------------------------------------------------------
2022-05-01 16:48:46.108 [Debug] received epp: 12127397

--------------------------------------------------------------------------------
2022-05-01 16:48:46.413 [Debug] received epp: 12127694

--------------------------------------------------------------------------------
2022-05-01 16:48:46.664 [Debug] received epp: 12127943

--------------------------------------------------------------------------------
2022-05-01 16:48:46.887 [Debug] received epp: 12128178

--------------------------------------------------------------------------------
2022-05-01 16:48:47.101 [Debug] received epp: 12128382

--------------------------------------------------------------------------------
2022-05-01 16:48:47.337 [Debug] received epp: 12128632

--------------------------------------------------------------------------------
2022-05-01 16:48:47.592 [Debug] received epp: 12128880

--------------------------------------------------------------------------------
2022-05-01 16:48:47.823 [Debug] received epp: 12129116

--------------------------------------------------------------------------------
2022-05-01 16:48:48.109 [Debug] received epp: 12129397

--------------------------------------------------------------------------------
2022-05-01 16:48:58.686 [Debug] received epp: 12139975

--------------------------------------------------------------------------------
2022-05-01 16:48:58.941 [Debug] received epp: 12140225

--------------------------------------------------------------------------------
2022-05-01 16:48:59.151 [Debug] received epp: 12140444

--------------------------------------------------------------------------------
2022-05-01 16:48:59.824 [Debug] received epp: 12141115

--------------------------------------------------------------------------------
2022-05-01 16:49:00.547 [Debug] received epp: 12141834

--------------------------------------------------------------------------------
2022-05-01 16:49:01.734 [Debug] received epp: 12143023

--------------------------------------------------------------------------------
2022-05-01 16:49:02.386 [Debug] received epp: 12143678

--------------------------------------------------------------------------------
2022-05-01 16:49:03.067 [Debug] received epp: 12144349

--------------------------------------------------------------------------------
2022-05-01 16:49:03.996 [Debug] received epp: 12145272

--------------------------------------------------------------------------------
2022-05-01 16:49:10.871 [Debug] received epp: 12152162

--------------------------------------------------------------------------------
2022-05-01 16:49:10.909 [Debug] received epp: 12152162

--------------------------------------------------------------------------------
2022-05-01 16:49:13.067 [Debug] received epp: 12154349

--------------------------------------------------------------------------------
2022-05-01 16:49:13.318 [Debug] received epp: 12154349

--------------------------------------------------------------------------------
2022-05-01 16:49:14.025 [Debug] received epp: 12155303

--------------------------------------------------------------------------------
2022-05-01 16:49:14.282 [Debug] received epp: 12155569

--------------------------------------------------------------------------------
2022-05-01 16:49:15.024 [Debug] received epp: 12156303

--------------------------------------------------------------------------------
2022-05-01 16:49:16.747 [Debug] received epp: 12158038

--------------------------------------------------------------------------------
2022-05-01 16:49:16.775 [Debug] received epp: 12158038

--------------------------------------------------------------------------------
2022-05-01 16:52:19.330 [Debug] received epp: 12340599

--------------------------------------------------------------------------------
2022-05-01 16:52:48.705 [Debug] received epp: 12369991

--------------------------------------------------------------------------------
2022-05-01 16:55:27.775 [Debug] received epp: 12529038

--------------------------------------------------------------------------------
2022-05-01 16:55:27.929 [Debug] received epp: 12529038

--------------------------------------------------------------------------------
2022-05-01 16:55:32.594 [Debug] received epp: 12533881

--------------------------------------------------------------------------------
2022-05-01 17:00:49.785 [Debug] received epp: 12851070

--------------------------------------------------------------------------------
2022-05-01 17:00:52.704 [Debug] received epp: 12853991

--------------------------------------------------------------------------------
2022-05-01 17:01:37.420 [Debug] received epp: 12898662

--------------------------------------------------------------------------------
2022-05-01 17:02:39.733 [Debug] received epp: 12961006

--------------------------------------------------------------------------------
2022-05-01 17:19:31.530 [Debug] received epp: 13972804

--------------------------------------------------------------------------------
2022-05-01 17:19:32.612 [Debug] received epp: 13973881

--------------------------------------------------------------------------------
2022-05-01 17:21:22.401 [Debug] received epp: 14083662

--------------------------------------------------------------------------------
2022-05-01 17:21:58.248 [Debug] received epp: 14119522

--------------------------------------------------------------------------------
