2022-04-04 15:12:48.228 [Info] Connecting to 38.129.153.213:5400...

--------------------------------------------------------------------------------
2022-04-04 15:12:48.649 [Info] Connection approved [00000000-0000-0000-0000-000000000000].

--------------------------------------------------------------------------------
2022-04-04 15:12:48.716 [Debug] approval Time=6525335 Offset=63784675443290 Real=63784681968625

--------------------------------------------------------------------------------
2022-04-04 15:12:48.716 [Debug] local Time=6525335 Offset=63784675443380 Real=63784681968716

--------------------------------------------------------------------------------
2022-04-04 15:12:48.716 [Debug] real delta=90

--------------------------------------------------------------------------------
2022-04-04 15:12:48.716 [Debug] this.Statistics.Ping=0 NCPing=5

--------------------------------------------------------------------------------
2022-04-04 15:12:48.718 [Debug] Connection established to remote [00000000-0000-0000-0000-000000000000/38.129.153.213:5400].

--------------------------------------------------------------------------------
2022-04-04 15:12:48.719 [Info] Connected [00000000-0000-0000-0000-000000000000].

--------------------------------------------------------------------------------
2022-04-04 15:20:24.264 [Debug] StatusChanged: [NetIncomingMessage #0 10 bytes] [Disconnecting]

--------------------------------------------------------------------------------
2022-04-04 15:20:24.266 [Debug] StatusChanged: [NetIncomingMessage #0 10 bytes] [Disconnected]

--------------------------------------------------------------------------------
2022-04-04 15:20:24.266 [Debug] Connection terminated to remote [00000000-0000-0000-0000-000000000000/38.129.153.213:5400].

--------------------------------------------------------------------------------
2022-04-04 15:20:24.267 [Info] Disconnected [00000000-0000-0000-0000-000000000000].

--------------------------------------------------------------------------------
