2022-04-04 23:47:15.422 [Info] Discovered 0 plugins:


--------------------------------------------------------------------------------
2022-04-04 23:47:16.446 [Info] Connecting to 38.129.153.213:5400...

--------------------------------------------------------------------------------
2022-04-04 23:47:16.854 [Info] Connection approved [00000000-0000-0000-0000-000000000000].

--------------------------------------------------------------------------------
2022-04-04 23:47:16.915 [Debug] approval Time=1025703 Offset=63784711811125 Real=63784712836829

--------------------------------------------------------------------------------
2022-04-04 23:47:16.915 [Debug] local Time=1025703 Offset=63784711811212 Real=63784712836915

--------------------------------------------------------------------------------
2022-04-04 23:47:16.915 [Debug] real delta=86

--------------------------------------------------------------------------------
2022-04-04 23:47:16.915 [Debug] this.Statistics.Ping=0 NCPing=8

--------------------------------------------------------------------------------
2022-04-04 23:47:16.917 [Debug] Connection established to remote [00000000-0000-0000-0000-000000000000/38.129.153.213:5400].

--------------------------------------------------------------------------------
2022-04-04 23:47:16.917 [Info] Connected [00000000-0000-0000-0000-000000000000].

--------------------------------------------------------------------------------
2022-04-04 23:47:23.646 [Warn] 'Me' is null.

--------------------------------------------------------------------------------
2022-04-04 23:47:23.909 [Debug] received epp: 1032453

--------------------------------------------------------------------------------
2022-04-04 23:48:56.871 [Warn] 'Me' is null.

--------------------------------------------------------------------------------
2022-04-04 23:48:56.986 [Debug] received epp: 1125718

--------------------------------------------------------------------------------
2022-04-04 23:49:00.652 [Debug] StatusChanged: [NetIncomingMessage #815 10 bytes] [Disconnecting]

--------------------------------------------------------------------------------
2022-04-04 23:49:00.655 [Debug] StatusChanged: [NetIncomingMessage #213 14 bytes] [Disconnected]

--------------------------------------------------------------------------------
2022-04-04 23:49:00.694 [Info] Acquiring context lock... (0ms)

--------------------------------------------------------------------------------
2022-04-04 23:49:00.694 [Info] Acquired. (0ms)

--------------------------------------------------------------------------------
2022-04-04 23:49:00.695 [Info] Beginning context dispose. (0ms)

--------------------------------------------------------------------------------
2022-04-04 23:49:00.695 [Info] GC.SuppressFinalize (0ms)

--------------------------------------------------------------------------------
2022-04-04 23:49:00.696 [Info] InternalDispose() completed. (0ms)

--------------------------------------------------------------------------------
2022-04-04 23:49:00.696 [Info] Clearing instance... (1ms)

--------------------------------------------------------------------------------
2022-04-04 23:49:00.696 [Info] Releasing context lock... (1ms)

--------------------------------------------------------------------------------
2022-04-04 23:49:00.696 [Info] Released. (1ms)

--------------------------------------------------------------------------------
