2022-04-03 19:50:42.988 [Info] Discovered 0 plugins:


--------------------------------------------------------------------------------
2022-04-03 19:50:44.079 [Info] Connecting to 38.129.153.213:5400...

--------------------------------------------------------------------------------
2022-04-03 19:50:44.520 [Info] Connection approved [00000000-0000-0000-0000-000000000000].

--------------------------------------------------------------------------------
2022-04-03 19:50:44.590 [Debug] approval Time=17454510 Offset=63784594789990 Real=63784612244501

--------------------------------------------------------------------------------
2022-04-03 19:50:44.591 [Debug] local Time=17454510 Offset=63784594790079 Real=63784612244590

--------------------------------------------------------------------------------
2022-04-03 19:50:44.591 [Debug] real delta=88

--------------------------------------------------------------------------------
2022-04-03 19:50:44.591 [Debug] this.Statistics.Ping=0 NCPing=6

--------------------------------------------------------------------------------
2022-04-03 19:50:44.593 [Debug] Connection established to remote [00000000-0000-0000-0000-000000000000/38.129.153.213:5400].

--------------------------------------------------------------------------------
2022-04-03 19:50:44.593 [Info] Connected [00000000-0000-0000-0000-000000000000].

--------------------------------------------------------------------------------
2022-04-03 19:51:33.493 [Debug] StatusChanged: [NetIncomingMessage #0 10 bytes] [Disconnected]

--------------------------------------------------------------------------------
2022-04-03 19:51:33.493 [Debug] Connection terminated to remote [00000000-0000-0000-0000-000000000000/38.129.153.213:5400].

--------------------------------------------------------------------------------
2022-04-03 19:51:33.493 [Info] Disconnected [00000000-0000-0000-0000-000000000000].

--------------------------------------------------------------------------------
2022-04-03 19:51:33.496 [Info] Connecting to 38.129.153.213:5400...

--------------------------------------------------------------------------------
2022-04-03 19:51:41.880 [Debug] StatusChanged: [NetIncomingMessage #0 10 bytes] [Disconnecting]

--------------------------------------------------------------------------------
2022-04-03 19:51:41.881 [Debug] StatusChanged: [NetIncomingMessage #0 10 bytes] [Disconnected]

--------------------------------------------------------------------------------
2022-04-03 19:51:41.881 [Debug] Unknown client disconnected (00-00-00-00-00-00-00-00).

--------------------------------------------------------------------------------
2022-04-03 19:51:41.881 [Info] Disconnected [00000000-0000-0000-0000-000000000000].

--------------------------------------------------------------------------------
2022-04-03 19:51:41.920 [Info] Acquiring context lock... (0ms)

--------------------------------------------------------------------------------
2022-04-03 19:51:41.920 [Info] Acquired. (0ms)

--------------------------------------------------------------------------------
2022-04-03 19:51:41.921 [Info] Beginning context dispose. (0ms)

--------------------------------------------------------------------------------
2022-04-03 19:51:41.921 [Info] GC.SuppressFinalize (0ms)

--------------------------------------------------------------------------------
2022-04-03 19:51:41.921 [Info] InternalDispose() completed. (0ms)

--------------------------------------------------------------------------------
2022-04-03 19:51:41.921 [Info] Clearing instance... (1ms)

--------------------------------------------------------------------------------
2022-04-03 19:51:41.922 [Info] Releasing context lock... (1ms)

--------------------------------------------------------------------------------
2022-04-03 19:51:41.922 [Info] Released. (1ms)

--------------------------------------------------------------------------------
