2022-04-03 18:24:57.019 [Info] Discovered 0 plugins:


--------------------------------------------------------------------------------
2022-04-03 18:24:57.995 [Info] Connecting to 38.129.153.213:5400...

--------------------------------------------------------------------------------
2022-04-03 18:24:58.446 [Info] Connection approved [00000000-0000-0000-0000-000000000000].

--------------------------------------------------------------------------------
2022-04-03 18:24:58.510 [Debug] approval Time=12308432 Offset=63784594789990 Real=63784607098423

--------------------------------------------------------------------------------
2022-04-03 18:24:58.510 [Debug] local Time=12308432 Offset=63784594790077 Real=63784607098510

--------------------------------------------------------------------------------
2022-04-03 18:24:58.510 [Debug] real delta=87

--------------------------------------------------------------------------------
2022-04-03 18:24:58.510 [Debug] this.Statistics.Ping=0 NCPing=5

--------------------------------------------------------------------------------
2022-04-03 18:24:58.516 [Debug] Connection established to remote [00000000-0000-0000-0000-000000000000/38.129.153.213:5400].

--------------------------------------------------------------------------------
2022-04-03 18:24:58.516 [Info] Connected [00000000-0000-0000-0000-000000000000].

--------------------------------------------------------------------------------
2022-04-03 18:25:27.285 [Warn] 'Me' is null.

--------------------------------------------------------------------------------
2022-04-03 18:25:27.499 [Debug] received epp: 12337214

--------------------------------------------------------------------------------
2022-04-03 18:25:58.756 [Debug] received epp: 12368760

--------------------------------------------------------------------------------
2022-04-03 18:26:30.474 [Debug] StatusChanged: [NetIncomingMessage #375 10 bytes] [Disconnecting]

--------------------------------------------------------------------------------
2022-04-03 18:26:30.476 [Debug] StatusChanged: [NetIncomingMessage #376 10 bytes] [Disconnected]

--------------------------------------------------------------------------------
2022-04-03 18:26:30.528 [Info] Acquiring context lock... (0ms)

--------------------------------------------------------------------------------
2022-04-03 18:26:30.528 [Info] Acquired. (0ms)

--------------------------------------------------------------------------------
2022-04-03 18:26:30.529 [Info] Beginning context dispose. (0ms)

--------------------------------------------------------------------------------
2022-04-03 18:26:30.529 [Info] GC.SuppressFinalize (0ms)

--------------------------------------------------------------------------------
2022-04-03 18:26:30.529 [Info] InternalDispose() completed. (0ms)

--------------------------------------------------------------------------------
2022-04-03 18:26:30.529 [Info] Clearing instance... (1ms)

--------------------------------------------------------------------------------
2022-04-03 18:26:30.530 [Info] Releasing context lock... (1ms)

--------------------------------------------------------------------------------
2022-04-03 18:26:30.530 [Info] Released. (1ms)

--------------------------------------------------------------------------------
