2022-04-04 20:44:23.565 [Info] Discovered 0 plugins:


--------------------------------------------------------------------------------
2022-04-04 20:44:24.539 [Info] Connecting to 38.129.153.213:5400...

--------------------------------------------------------------------------------
2022-04-04 20:44:24.956 [Info] Connection approved [00000000-0000-0000-0000-000000000000].

--------------------------------------------------------------------------------
2022-04-04 20:44:25.027 [Debug] approval Time=542769 Offset=63784701322168 Real=63784701864938

--------------------------------------------------------------------------------
2022-04-04 20:44:25.027 [Debug] local Time=542769 Offset=63784701322258 Real=63784701865027

--------------------------------------------------------------------------------
2022-04-04 20:44:25.027 [Debug] real delta=89

--------------------------------------------------------------------------------
2022-04-04 20:44:25.027 [Debug] this.Statistics.Ping=0 NCPing=5

--------------------------------------------------------------------------------
2022-04-04 20:44:25.029 [Debug] Connection established to remote [00000000-0000-0000-0000-000000000000/38.129.153.213:5400].

--------------------------------------------------------------------------------
2022-04-04 20:44:25.029 [Info] Connected [00000000-0000-0000-0000-000000000000].

--------------------------------------------------------------------------------
2022-04-04 20:44:31.621 [Warn] 'Me' is null.

--------------------------------------------------------------------------------
2022-04-04 20:44:31.882 [Debug] received epp: 549379

--------------------------------------------------------------------------------
2022-04-04 20:44:39.893 [Debug] received epp: 557692

--------------------------------------------------------------------------------
2022-04-04 20:44:40.091 [Debug] received epp: 557692

--------------------------------------------------------------------------------
2022-04-04 20:44:50.032 [Debug] received epp: 567832

--------------------------------------------------------------------------------
2022-04-04 20:51:37.212 [Debug] received epp: 975021

--------------------------------------------------------------------------------
2022-04-04 20:51:37.529 [Debug] received epp: 975347

--------------------------------------------------------------------------------
2022-04-04 20:51:38.028 [Debug] received epp: 975847

--------------------------------------------------------------------------------
2022-04-04 20:51:38.962 [Debug] received epp: 976770

--------------------------------------------------------------------------------
2022-04-04 20:56:39.480 [Debug] received epp: 1277284

--------------------------------------------------------------------------------
2022-04-04 20:56:50.996 [Error] Received unhandled exception from System.Threading.Tasks.ContinuationTaskFromTask.

--------------------------------------------------------------------------------
2022-04-04 20:56:50.997 [Error] AggregateException: A Task's exception(s) were not observed either by Waiting on the Task or accessing its Exception property. As a result, the unobserved exception was rethrown by the finalizer thread.

Caused By
IndexOutOfRangeException: Index was outside the bounds of the array.
    Stack:    at System.Array.Clear(Array array, Int32 index, Int32 length)
   at System.Collections.Generic.List`1.RemoveAll(Predicate`1 match)
   at Intersect.Client.Framework.Content.ContentWatcher.<>c__DisplayClass12_0.<Modify>b__0(Task completedTask)
   at System.Threading.Tasks.Task.Execute()


--------------------------------------------------------------------------------
2022-04-04 20:56:51.000 [Error] Caused by:

--------------------------------------------------------------------------------
2022-04-04 20:56:51.000 [Error] IndexOutOfRangeException: Index was outside the bounds of the array.
    Stack:    at System.Array.Clear(Array array, Int32 index, Int32 length)
   at System.Collections.Generic.List`1.RemoveAll(Predicate`1 match)
   at Intersect.Client.Framework.Content.ContentWatcher.<>c__DisplayClass12_0.<Modify>b__0(Task completedTask)
   at System.Threading.Tasks.Task.Execute()


--------------------------------------------------------------------------------
2022-04-04 20:56:51.002 [Info] Acquiring context lock... (0ms)

--------------------------------------------------------------------------------
2022-04-04 20:56:51.002 [Info] Acquired. (0ms)

--------------------------------------------------------------------------------
2022-04-04 20:56:51.003 [Info] Beginning context dispose. (0ms)

--------------------------------------------------------------------------------
2022-04-04 20:56:51.003 [Info] GC.SuppressFinalize (0ms)

--------------------------------------------------------------------------------
2022-04-04 20:56:51.003 [Info] InternalDispose() completed. (0ms)

--------------------------------------------------------------------------------
2022-04-04 20:56:51.003 [Info] Clearing instance... (1ms)

--------------------------------------------------------------------------------
2022-04-04 20:56:51.003 [Info] Releasing context lock... (1ms)

--------------------------------------------------------------------------------
2022-04-04 20:56:51.003 [Info] Released. (1ms)

--------------------------------------------------------------------------------
2022-04-04 20:57:05.429 [Debug] received epp: 1303238

--------------------------------------------------------------------------------
2022-04-04 20:57:05.697 [Debug] received epp: 1303503

--------------------------------------------------------------------------------
2022-04-04 20:57:06.271 [Debug] received epp: 1304082

--------------------------------------------------------------------------------
2022-04-04 20:57:06.788 [Debug] received epp: 1304583

--------------------------------------------------------------------------------
2022-04-04 20:57:07.946 [Debug] received epp: 1305755

--------------------------------------------------------------------------------
2022-04-04 20:57:13.483 [Debug] received epp: 1311300

--------------------------------------------------------------------------------
2022-04-04 20:57:13.912 [Debug] received epp: 1311723

--------------------------------------------------------------------------------
2022-04-04 20:57:15.080 [Debug] received epp: 1312894

--------------------------------------------------------------------------------
2022-04-04 20:57:19.325 [Debug] received epp: 1317144

--------------------------------------------------------------------------------
2022-04-04 20:57:20.109 [Debug] received epp: 1317909

--------------------------------------------------------------------------------
2022-04-04 20:57:20.109 [Debug] received epp: 1317925

--------------------------------------------------------------------------------
2022-04-04 20:57:20.487 [Debug] received epp: 1318302

--------------------------------------------------------------------------------
2022-04-04 20:57:22.739 [Debug] received epp: 1320550

--------------------------------------------------------------------------------
2022-04-04 20:57:25.137 [Debug] received epp: 1322957

--------------------------------------------------------------------------------
2022-04-04 20:57:25.588 [Debug] received epp: 1323380

--------------------------------------------------------------------------------
2022-04-04 20:57:28.358 [Debug] received epp: 1326160

--------------------------------------------------------------------------------
2022-04-04 20:57:28.576 [Debug] received epp: 1326395

--------------------------------------------------------------------------------
2022-04-04 20:57:28.797 [Debug] received epp: 1326614

--------------------------------------------------------------------------------
2022-04-04 20:57:29.141 [Debug] received epp: 1326958

--------------------------------------------------------------------------------
2022-04-04 20:57:29.393 [Debug] received epp: 1327206

--------------------------------------------------------------------------------
2022-04-04 20:57:29.617 [Debug] received epp: 1327426

--------------------------------------------------------------------------------
2022-04-04 20:57:35.705 [Debug] received epp: 1333504

--------------------------------------------------------------------------------
2022-04-04 20:57:38.494 [Error] Received unhandled exception from Name:Intersect Client.exe
There are no context policies.
.

--------------------------------------------------------------------------------
2022-04-04 20:57:38.494 [Error] InvalidOperationException: Collection was modified; enumeration operation may not execute.
    Stack:    at System.ThrowHelper.ThrowInvalidOperationException(ExceptionResource resource)
   at System.Collections.Generic.List`1.Enumerator.MoveNextRare()
   at System.Linq.Enumerable.<SelectManyIterator>d__17`2.MoveNext()
   at System.Linq.Enumerable.<SelectManyIterator>d__17`2.MoveNext()
   at System.Linq.Enumerable.<SelectManyIterator>d__17`2.MoveNext()
   at System.Linq.Enumerable.<SelectManyIterator>d__17`2.MoveNext()
   at System.Linq.Enumerable.<SelectManyIterator>d__17`2.MoveNext()
   at System.Linq.Enumerable.<SelectManyIterator>d__17`2.MoveNext()
   at System.Linq.Enumerable.Any[TSource](IEnumerable`1 source)
   at Intersect.Extensions.EnumerableExtensions.SelectManyRecursive[T](IEnumerable`1 source, Func`2 selector, CancellationToken cancellationToken)
   at Intersect.Extensions.EnumerableExtensions.SelectManyRecursive[T](IEnumerable`1 source, Func`2 selector, CancellationToken cancellationToken)
   at Intersect.Extensions.EnumerableExtensions.SelectManyRecursive[T](IEnumerable`1 source, Func`2 selector, CancellationToken cancellationToken)
   at Intersect.Extensions.EnumerableExtensions.SelectManyRecursive[T](IEnumerable`1 source, Func`2 selector, CancellationToken cancellationToken)
   at Intersect.Extensions.EnumerableExtensions.SelectManyRecursive[T](IEnumerable`1 source, Func`2 selector, CancellationToken cancellationToken)
   at Intersect.Extensions.EnumerableExtensions.SelectManyRecursive[T](IEnumerable`1 source, Func`2 selector, CancellationToken cancellationToken)
   at Intersect.Extensions.EnumerableExtensions.SelectManyRecursive[T](IEnumerable`1 source, Func`2 selector, CancellationToken cancellationToken)
   at Intersect.Extensions.EnumerableExtensions.SelectManyRecursive[T](IEnumerable`1 source, Func`2 selector, CancellationToken cancellationToken)
   at Intersect.Client.Interface.Debugging.DebugWindow.<>c.<CreateTableDebugStats>b__29_13(CancellationToken cancellationToken)
   at Intersect.Client.Framework.Gwen.Control.Data.ValueTableCellDataProvider`1.<>c__DisplayClass1_1.<.ctor>b__3(Task _)
   at System.Threading.Tasks.ContinuationResultTaskFromTask`1.InnerInvoke()
   at System.Threading.Tasks.Task.Execute()
--- End of stack trace from previous location where exception was thrown ---
   at System.Runtime.ExceptionServices.ExceptionDispatchInfo.Throw()
   at System.Runtime.CompilerServices.TaskAwaiter.HandleNonSuccessAndDebuggerNotification(Task task)
   at System.Runtime.CompilerServices.ConfiguredTaskAwaitable`1.ConfiguredTaskAwaiter.GetResult()
   at Intersect.Async.AsyncValueGenerator`1.<DoLoop>d__6.MoveNext()
--- End of stack trace from previous location where exception was thrown ---
   at System.Runtime.ExceptionServices.ExceptionDispatchInfo.Throw()
   at System.Threading.ExecutionContext.RunInternal(ExecutionContext executionContext, ContextCallback callback, Object state, Boolean preserveSyncCtx)
   at System.Threading.ExecutionContext.Run(ExecutionContext executionContext, ContextCallback callback, Object state, Boolean preserveSyncCtx)
   at System.Threading.QueueUserWorkItemCallback.System.Threading.IThreadPoolWorkItem.ExecuteWorkItem()
   at System.Threading.ThreadPoolWorkQueue.Dispatch()


--------------------------------------------------------------------------------
