2022-04-05 00:10:44.791 [Info] Discovered 0 plugins:


--------------------------------------------------------------------------------
2022-04-05 00:10:45.840 [Info] Connecting to 38.129.153.213:5400...

--------------------------------------------------------------------------------
2022-04-05 00:10:46.239 [Info] Connection approved [00000000-0000-0000-0000-000000000000].

--------------------------------------------------------------------------------
2022-04-05 00:10:46.303 [Debug] approval Time=2435094 Offset=63784711811125 Real=63784714246220

--------------------------------------------------------------------------------
2022-04-05 00:10:46.303 [Debug] local Time=2435094 Offset=63784711811207 Real=63784714246302

--------------------------------------------------------------------------------
2022-04-05 00:10:46.303 [Debug] real delta=81

--------------------------------------------------------------------------------
2022-04-05 00:10:46.303 [Debug] this.Statistics.Ping=0 NCPing=4

--------------------------------------------------------------------------------
2022-04-05 00:10:46.305 [Debug] Connection established to remote [00000000-0000-0000-0000-000000000000/38.129.153.213:5400].

--------------------------------------------------------------------------------
2022-04-05 00:10:46.305 [Info] Connected [00000000-0000-0000-0000-000000000000].

--------------------------------------------------------------------------------
2022-04-05 00:10:50.089 [Warn] 'Me' is null.

--------------------------------------------------------------------------------
2022-04-05 00:10:50.354 [Debug] received epp: 2438890

--------------------------------------------------------------------------------
2022-04-05 00:11:58.995 [Debug] StatusChanged: [NetIncomingMessage #188 10 bytes] [Disconnecting]

--------------------------------------------------------------------------------
2022-04-05 00:11:58.998 [Debug] StatusChanged: [NetIncomingMessage #189 14 bytes] [Disconnected]

--------------------------------------------------------------------------------
2022-04-05 00:11:59.036 [Info] Acquiring context lock... (0ms)

--------------------------------------------------------------------------------
2022-04-05 00:11:59.036 [Info] Acquired. (0ms)

--------------------------------------------------------------------------------
2022-04-05 00:11:59.037 [Info] Beginning context dispose. (0ms)

--------------------------------------------------------------------------------
2022-04-05 00:11:59.038 [Info] GC.SuppressFinalize (0ms)

--------------------------------------------------------------------------------
2022-04-05 00:11:59.038 [Info] InternalDispose() completed. (0ms)

--------------------------------------------------------------------------------
2022-04-05 00:11:59.038 [Info] Clearing instance... (1ms)

--------------------------------------------------------------------------------
2022-04-05 00:11:59.038 [Info] Releasing context lock... (1ms)

--------------------------------------------------------------------------------
2022-04-05 00:11:59.038 [Info] Released. (1ms)

--------------------------------------------------------------------------------
