2022-04-10 17:13:05.589 [Info] Discovered 0 plugins:


--------------------------------------------------------------------------------
2022-04-10 17:13:06.793 [Info] Connecting to 38.129.153.213:5400...

--------------------------------------------------------------------------------
2022-04-10 17:13:07.238 [Info] Connection approved [00000000-0000-0000-0000-000000000000].

--------------------------------------------------------------------------------
2022-04-10 17:13:07.316 [Debug] approval Time=743508 Offset=63785206843711 Real=63785207587219

--------------------------------------------------------------------------------
2022-04-10 17:13:07.317 [Debug] local Time=743508 Offset=63785206843808 Real=63785207587316

--------------------------------------------------------------------------------
2022-04-10 17:13:07.317 [Debug] real delta=96

--------------------------------------------------------------------------------
2022-04-10 17:13:07.317 [Debug] this.Statistics.Ping=0 NCPing=5

--------------------------------------------------------------------------------
2022-04-10 17:13:07.319 [Debug] Connection established to remote [00000000-0000-0000-0000-000000000000/38.129.153.213:5400].

--------------------------------------------------------------------------------
2022-04-10 17:13:07.319 [Info] Connected [00000000-0000-0000-0000-000000000000].

--------------------------------------------------------------------------------
2022-04-10 17:36:52.856 [Warn] 'Me' is null.

--------------------------------------------------------------------------------
2022-04-10 17:36:53.302 [Debug] received epp: 2169242

--------------------------------------------------------------------------------
2022-04-10 17:37:04.793 [Debug] received epp: 2181054

--------------------------------------------------------------------------------
2022-04-10 17:37:35.125 [Debug] received epp: 2211398

--------------------------------------------------------------------------------
2022-04-10 17:37:35.875 [Debug] received epp: 2212149

--------------------------------------------------------------------------------
2022-04-10 17:37:36.292 [Debug] received epp: 2212554

--------------------------------------------------------------------------------
2022-04-10 17:37:36.759 [Debug] received epp: 2213025

--------------------------------------------------------------------------------
2022-04-10 17:37:37.442 [Debug] received epp: 2213711

--------------------------------------------------------------------------------
2022-04-10 17:37:37.991 [Debug] received epp: 2214258

--------------------------------------------------------------------------------
2022-04-10 17:37:38.375 [Debug] received epp: 2214649

--------------------------------------------------------------------------------
2022-04-10 17:37:39.209 [Debug] received epp: 2215478

--------------------------------------------------------------------------------
2022-04-10 17:37:40.325 [Debug] received epp: 2216602

--------------------------------------------------------------------------------
2022-04-10 17:37:41.509 [Debug] received epp: 2217774

--------------------------------------------------------------------------------
2022-04-10 17:37:41.584 [Debug] received epp: 2217774

--------------------------------------------------------------------------------
2022-04-10 17:37:43.410 [Debug] received epp: 2219679

--------------------------------------------------------------------------------
2022-04-10 17:37:43.608 [Debug] received epp: 2219679

--------------------------------------------------------------------------------
2022-04-10 17:38:07.944 [Warn] 'Me' is null.

--------------------------------------------------------------------------------
2022-04-10 17:38:07.976 [Debug] received epp: 2244212

--------------------------------------------------------------------------------
2022-04-10 17:38:08.179 [Warn] 'GameUi' is null.

--------------------------------------------------------------------------------
2022-04-10 17:38:08.187 [Warn] 'GameUi' is null.

--------------------------------------------------------------------------------
2022-04-10 17:38:21.710 [Debug] received epp: 2257976

--------------------------------------------------------------------------------
2022-04-10 17:38:22.108 [Debug] received epp: 2258382

--------------------------------------------------------------------------------
2022-04-10 17:38:22.709 [Debug] received epp: 2258976

--------------------------------------------------------------------------------
2022-04-10 17:38:23.109 [Debug] received epp: 2259367

--------------------------------------------------------------------------------
2022-04-10 17:38:23.409 [Debug] received epp: 2259679

--------------------------------------------------------------------------------
2022-04-10 17:41:54.910 [Debug] received epp: 2471165

--------------------------------------------------------------------------------
2022-04-10 17:41:55.191 [Debug] received epp: 2471445

--------------------------------------------------------------------------------
2022-04-10 17:41:55.343 [Debug] received epp: 2471618

--------------------------------------------------------------------------------
2022-04-10 17:41:55.578 [Debug] received epp: 2471852

--------------------------------------------------------------------------------
2022-04-10 17:41:56.077 [Debug] received epp: 2472321

--------------------------------------------------------------------------------
2022-04-10 17:48:11.446 [Debug] received epp: 2847696

--------------------------------------------------------------------------------
2022-04-10 17:48:12.363 [Debug] received epp: 2848632

--------------------------------------------------------------------------------
2022-04-10 17:56:18.767 [Debug] StatusChanged: [NetIncomingMessage #531 10 bytes] [Disconnecting]

--------------------------------------------------------------------------------
2022-04-10 17:56:18.772 [Debug] StatusChanged: [NetIncomingMessage #532 14 bytes] [Disconnected]

--------------------------------------------------------------------------------
2022-04-10 17:56:18.811 [Info] Acquiring context lock... (0ms)

--------------------------------------------------------------------------------
2022-04-10 17:56:18.812 [Info] Acquired. (0ms)

--------------------------------------------------------------------------------
2022-04-10 17:56:18.813 [Info] Beginning context dispose. (0ms)

--------------------------------------------------------------------------------
2022-04-10 17:56:18.813 [Info] GC.SuppressFinalize (0ms)

--------------------------------------------------------------------------------
2022-04-10 17:56:18.813 [Info] InternalDispose() completed. (0ms)

--------------------------------------------------------------------------------
2022-04-10 17:56:18.813 [Info] Clearing instance... (1ms)

--------------------------------------------------------------------------------
2022-04-10 17:56:18.813 [Info] Releasing context lock... (1ms)

--------------------------------------------------------------------------------
2022-04-10 17:56:18.813 [Info] Released. (1ms)

--------------------------------------------------------------------------------
