2022-04-03 21:43:57.565 [Info] Discovered 0 plugins:


--------------------------------------------------------------------------------
2022-04-03 21:43:58.550 [Info] Connecting to 38.129.153.213:5400...

--------------------------------------------------------------------------------
2022-04-03 21:43:59.008 [Info] Connection approved [00000000-0000-0000-0000-000000000000].

--------------------------------------------------------------------------------
2022-04-03 21:43:59.072 [Debug] approval Time=4826718 Offset=63784614212267 Real=63784619038985

--------------------------------------------------------------------------------
2022-04-03 21:43:59.072 [Debug] local Time=4826718 Offset=63784614212354 Real=63784619039072

--------------------------------------------------------------------------------
2022-04-03 21:43:59.072 [Debug] real delta=87

--------------------------------------------------------------------------------
2022-04-03 21:43:59.072 [Debug] this.Statistics.Ping=0 NCPing=8

--------------------------------------------------------------------------------
2022-04-03 21:43:59.074 [Debug] Connection established to remote [00000000-0000-0000-0000-000000000000/38.129.153.213:5400].

--------------------------------------------------------------------------------
2022-04-03 21:43:59.074 [Info] Connected [00000000-0000-0000-0000-000000000000].

--------------------------------------------------------------------------------
2022-04-03 21:44:47.537 [Debug] StatusChanged: [NetIncomingMessage #0 10 bytes] [Disconnecting]

--------------------------------------------------------------------------------
2022-04-03 21:44:47.541 [Debug] StatusChanged: [NetIncomingMessage #0 10 bytes] [Disconnected]

--------------------------------------------------------------------------------
2022-04-03 21:44:47.577 [Info] Acquiring context lock... (0ms)

--------------------------------------------------------------------------------
2022-04-03 21:44:47.577 [Info] Acquired. (0ms)

--------------------------------------------------------------------------------
2022-04-03 21:44:47.578 [Info] Beginning context dispose. (0ms)

--------------------------------------------------------------------------------
2022-04-03 21:44:47.578 [Info] GC.SuppressFinalize (0ms)

--------------------------------------------------------------------------------
2022-04-03 21:44:47.578 [Info] InternalDispose() completed. (0ms)

--------------------------------------------------------------------------------
2022-04-03 21:44:47.578 [Info] Clearing instance... (1ms)

--------------------------------------------------------------------------------
2022-04-03 21:44:47.579 [Info] Releasing context lock... (1ms)

--------------------------------------------------------------------------------
2022-04-03 21:44:47.579 [Info] Released. (1ms)

--------------------------------------------------------------------------------
