2022-05-01 13:27:03.587 [Info] Discovered 0 plugins:


--------------------------------------------------------------------------------
2022-05-01 13:27:04.995 [Info] Connecting to 38.129.153.213:5400...

--------------------------------------------------------------------------------
2022-05-01 13:27:05.424 [Info] Connection approved [00000000-0000-0000-0000-000000000000].

--------------------------------------------------------------------------------
2022-05-01 13:27:05.491 [Debug] approval Time=26709 Offset=63787008398697 Real=63787008425406

--------------------------------------------------------------------------------
2022-05-01 13:27:05.491 [Debug] local Time=26709 Offset=63787008398782 Real=63787008425491

--------------------------------------------------------------------------------
2022-05-01 13:27:05.492 [Debug] real delta=84

--------------------------------------------------------------------------------
2022-05-01 13:27:05.492 [Debug] this.Statistics.Ping=0 NCPing=5

--------------------------------------------------------------------------------
2022-05-01 13:27:05.493 [Debug] Connection established to remote [00000000-0000-0000-0000-000000000000/38.129.153.213:5400].

--------------------------------------------------------------------------------
2022-05-01 13:27:05.494 [Info] Connected [00000000-0000-0000-0000-000000000000].

--------------------------------------------------------------------------------
2022-05-01 13:52:57.530 [Warn] 'Me' is null.

--------------------------------------------------------------------------------
2022-05-01 13:52:58.097 [Debug] received epp: 1578959

--------------------------------------------------------------------------------
2022-05-01 13:53:02.537 [Debug] received epp: 1583819

--------------------------------------------------------------------------------
2022-05-01 13:53:05.249 [Debug] received epp: 1586492

--------------------------------------------------------------------------------
2022-05-01 14:06:01.006 [Debug] received epp: 2362273

--------------------------------------------------------------------------------
2022-05-01 14:07:21.035 [Debug] received epp: 2442319

--------------------------------------------------------------------------------
2022-05-01 14:08:15.480 [Debug] received epp: 2496741

--------------------------------------------------------------------------------
2022-05-01 14:11:56.036 [Debug] received epp: 2717318

--------------------------------------------------------------------------------
2022-05-01 14:19:11.056 [Debug] received epp: 3152303

--------------------------------------------------------------------------------
2022-05-01 14:25:17.122 [Debug] received epp: 3518397

--------------------------------------------------------------------------------
2022-05-01 14:25:23.992 [Debug] received epp: 3525272

--------------------------------------------------------------------------------
2022-05-01 14:25:24.650 [Debug] received epp: 3525943

--------------------------------------------------------------------------------
2022-05-01 14:31:00.392 [Debug] received epp: 3861678

--------------------------------------------------------------------------------
2022-05-01 14:31:00.594 [Debug] received epp: 3861880

--------------------------------------------------------------------------------
2022-05-01 14:31:00.830 [Debug] received epp: 3862116

--------------------------------------------------------------------------------
2022-05-01 14:31:02.623 [Debug] received epp: 3863896

--------------------------------------------------------------------------------
2022-05-01 14:31:10.670 [Debug] received epp: 3871959

--------------------------------------------------------------------------------
2022-05-01 14:31:10.858 [Debug] received epp: 3872146

--------------------------------------------------------------------------------
2022-05-01 14:31:11.775 [Debug] received epp: 3873053

--------------------------------------------------------------------------------
2022-05-01 14:31:12.038 [Debug] received epp: 3873334

--------------------------------------------------------------------------------
2022-05-01 14:31:17.288 [Debug] received epp: 3878568

--------------------------------------------------------------------------------
2022-05-01 14:31:17.337 [Debug] received epp: 3878568

--------------------------------------------------------------------------------
2022-05-01 14:34:01.348 [Debug] received epp: 4042631

--------------------------------------------------------------------------------
2022-05-01 14:34:01.547 [Debug] received epp: 4042631

--------------------------------------------------------------------------------
2022-05-01 14:34:03.184 [Debug] received epp: 4044459

--------------------------------------------------------------------------------
2022-05-01 14:34:03.419 [Debug] received epp: 4044710

--------------------------------------------------------------------------------
2022-05-01 14:34:03.489 [Debug] received epp: 4044772

--------------------------------------------------------------------------------
2022-05-01 14:34:20.330 [Debug] received epp: 4061599

--------------------------------------------------------------------------------
2022-05-01 14:34:20.537 [Debug] received epp: 4061819

--------------------------------------------------------------------------------
2022-05-01 14:34:20.794 [Debug] received epp: 4062083

--------------------------------------------------------------------------------
2022-05-01 14:34:21.552 [Debug] received epp: 4062835

--------------------------------------------------------------------------------
2022-05-01 14:34:22.150 [Debug] received epp: 4063428

--------------------------------------------------------------------------------
2022-05-01 14:34:56.808 [Debug] received epp: 4098099

--------------------------------------------------------------------------------
2022-05-01 14:34:57.517 [Debug] received epp: 4098788

--------------------------------------------------------------------------------
2022-05-01 14:35:45.406 [Debug] received epp: 4146677

--------------------------------------------------------------------------------
2022-05-01 14:35:46.100 [Debug] received epp: 4147366

--------------------------------------------------------------------------------
2022-05-01 14:39:04.670 [Debug] received epp: 4345943

--------------------------------------------------------------------------------
2022-05-01 14:39:04.741 [Debug] received epp: 4346038

--------------------------------------------------------------------------------
2022-05-01 14:39:04.843 [Debug] received epp: 4346131

--------------------------------------------------------------------------------
2022-05-01 14:39:50.011 [Debug] received epp: 4391302

--------------------------------------------------------------------------------
2022-05-01 14:40:52.961 [Debug] received epp: 4454241

--------------------------------------------------------------------------------
2022-05-01 14:40:53.213 [Info] Acquiring context lock... (0ms)

--------------------------------------------------------------------------------
2022-05-01 14:40:53.213 [Info] Acquired. (0ms)

--------------------------------------------------------------------------------
2022-05-01 14:40:53.214 [Info] Beginning context dispose. (0ms)

--------------------------------------------------------------------------------
2022-05-01 14:40:53.215 [Info] GC.SuppressFinalize (0ms)

--------------------------------------------------------------------------------
2022-05-01 14:40:53.215 [Info] InternalDispose() completed. (0ms)

--------------------------------------------------------------------------------
2022-05-01 14:40:53.215 [Info] Clearing instance... (1ms)

--------------------------------------------------------------------------------
2022-05-01 14:40:53.215 [Info] Releasing context lock... (1ms)

--------------------------------------------------------------------------------
2022-05-01 14:40:53.215 [Info] Released. (1ms)

--------------------------------------------------------------------------------
2022-05-01 14:40:53.215 [Error] NullReferenceException: Object reference not set to an instance of an object.
    Stack:    at Intersect.Client.Entities.Player.Update()
   at Intersect.Client.Core.Main.ProcessGame()
   at Intersect.Client.Core.Main.Update(TimeSpan deltaTime)
   at Intersect.Client.MonoGame.IntersectGame.Update(GameTime gameTime)
   at Microsoft.Xna.Framework.Game.DoUpdate(GameTime gameTime)
   at Microsoft.Xna.Framework.Game.Tick()
   at Microsoft.Xna.Framework.SdlGamePlatform.RunLoop()
   at Microsoft.Xna.Framework.Game.Run(GameRunBehavior runBehavior)
   at Intersect.Client.MonoGame.IntersectGame.MonoGameRunner.Start(IClientContext context, Action postStartupAction)
   at Intersect.Client.Core.ClientContext.InternalStart()
   at Intersect.Core.ApplicationContext`2.Start(Boolean lockUntilShutdown)


--------------------------------------------------------------------------------
