2022-04-28 16:02:47.227 [Info] Discovered 0 plugins:


--------------------------------------------------------------------------------
2022-04-28 16:02:48.398 [Info] Connecting to 38.129.153.213:5400...

--------------------------------------------------------------------------------
2022-04-28 16:02:48.874 [Info] Connection approved [00000000-0000-0000-0000-000000000000].

--------------------------------------------------------------------------------
2022-04-28 16:02:48.941 [Debug] approval Time=11270400 Offset=63786747298459 Real=63786758568860

--------------------------------------------------------------------------------
2022-04-28 16:02:48.941 [Debug] local Time=11270400 Offset=63786747298540 Real=63786758568941

--------------------------------------------------------------------------------
2022-04-28 16:02:48.941 [Debug] real delta=80

--------------------------------------------------------------------------------
2022-04-28 16:02:48.941 [Debug] this.Statistics.Ping=0 NCPing=8

--------------------------------------------------------------------------------
2022-04-28 16:02:48.943 [Debug] Connection established to remote [00000000-0000-0000-0000-000000000000/38.129.153.213:5400].

--------------------------------------------------------------------------------
2022-04-28 16:02:48.944 [Info] Connected [00000000-0000-0000-0000-000000000000].

--------------------------------------------------------------------------------
2022-04-28 16:03:24.573 [Warn] 'Me' is null.

--------------------------------------------------------------------------------
2022-04-28 16:03:24.876 [Debug] received epp: 11306041

--------------------------------------------------------------------------------
2022-04-28 16:03:29.171 [Debug] received epp: 11310681

--------------------------------------------------------------------------------
2022-04-28 16:03:29.408 [Debug] received epp: 11310855

--------------------------------------------------------------------------------
2022-04-28 16:04:42.753 [Debug] received epp: 11384276

--------------------------------------------------------------------------------
2022-04-28 16:04:42.912 [Debug] received epp: 11384447

--------------------------------------------------------------------------------
2022-04-28 16:04:43.106 [Debug] received epp: 11384620

--------------------------------------------------------------------------------
2022-04-28 16:04:43.308 [Debug] received epp: 11384838

--------------------------------------------------------------------------------
2022-04-28 16:04:43.537 [Debug] received epp: 11385056

--------------------------------------------------------------------------------
2022-04-28 16:04:43.703 [Debug] received epp: 11385228

--------------------------------------------------------------------------------
2022-04-28 16:04:43.926 [Debug] received epp: 11385447

--------------------------------------------------------------------------------
2022-04-28 16:04:44.190 [Debug] received epp: 11385713

--------------------------------------------------------------------------------
2022-04-28 16:04:44.607 [Debug] received epp: 11386120

--------------------------------------------------------------------------------
2022-04-28 16:04:44.828 [Debug] received epp: 11386353

--------------------------------------------------------------------------------
2022-04-28 16:04:45.029 [Debug] received epp: 11386557

--------------------------------------------------------------------------------
2022-04-28 16:04:45.252 [Debug] received epp: 11386761

--------------------------------------------------------------------------------
2022-04-28 16:08:40.925 [Debug] received epp: 11622448

--------------------------------------------------------------------------------
2022-04-28 16:08:41.174 [Debug] received epp: 11622698

--------------------------------------------------------------------------------
2022-04-28 16:08:42.105 [Debug] received epp: 11623619

--------------------------------------------------------------------------------
2022-04-28 16:37:06.192 [Debug] received epp: 13327714

--------------------------------------------------------------------------------
2022-04-28 16:37:07.269 [Debug] received epp: 13328777

--------------------------------------------------------------------------------
2022-04-28 16:37:07.269 [Debug] received epp: 13328791

--------------------------------------------------------------------------------
2022-04-28 16:37:46.901 [Debug] received epp: 13368416

--------------------------------------------------------------------------------
2022-04-28 16:39:43.941 [Debug] received epp: 13485463

--------------------------------------------------------------------------------
2022-04-28 16:39:44.164 [Debug] received epp: 13485681

--------------------------------------------------------------------------------
2022-04-28 16:39:44.379 [Debug] received epp: 13485901

--------------------------------------------------------------------------------
2022-04-28 16:39:44.597 [Debug] received epp: 13486120

--------------------------------------------------------------------------------
2022-04-28 16:39:44.810 [Debug] received epp: 13486337

--------------------------------------------------------------------------------
2022-04-28 16:39:45.018 [Debug] received epp: 13486542

--------------------------------------------------------------------------------
2022-04-28 16:42:16.200 [Debug] received epp: 13637728

--------------------------------------------------------------------------------
2022-04-28 16:42:16.456 [Debug] received epp: 13637963

--------------------------------------------------------------------------------
2022-04-28 16:42:17.146 [Debug] received epp: 13638667

--------------------------------------------------------------------------------
2022-04-28 16:42:18.137 [Debug] received epp: 13639667

--------------------------------------------------------------------------------
2022-04-28 16:42:59.734 [Debug] received epp: 13681260

--------------------------------------------------------------------------------
2022-04-28 16:43:19.853 [Debug] received epp: 13701369

--------------------------------------------------------------------------------
2022-04-28 16:43:20.039 [Debug] received epp: 13701572

--------------------------------------------------------------------------------
2022-04-28 16:43:20.227 [Debug] received epp: 13701745

--------------------------------------------------------------------------------
2022-04-28 16:43:20.400 [Debug] received epp: 13701916

--------------------------------------------------------------------------------
2022-04-28 16:43:20.603 [Debug] received epp: 13702119

--------------------------------------------------------------------------------
2022-04-28 16:43:20.789 [Debug] received epp: 13702322

--------------------------------------------------------------------------------
2022-04-28 16:43:21.272 [Debug] received epp: 13702792

--------------------------------------------------------------------------------
2022-04-28 16:43:21.470 [Debug] received epp: 13702994

--------------------------------------------------------------------------------
2022-04-28 16:43:21.921 [Debug] received epp: 13703432

--------------------------------------------------------------------------------
2022-04-28 16:43:22.165 [Debug] received epp: 13703681

--------------------------------------------------------------------------------
2022-04-28 16:43:22.380 [Debug] received epp: 13703901

--------------------------------------------------------------------------------
2022-04-28 16:43:22.595 [Debug] received epp: 13704119

--------------------------------------------------------------------------------
2022-04-28 16:43:22.824 [Debug] received epp: 13704354

--------------------------------------------------------------------------------
2022-04-28 16:43:23.046 [Debug] received epp: 13704572

--------------------------------------------------------------------------------
2022-04-28 16:43:23.269 [Debug] received epp: 13704791

--------------------------------------------------------------------------------
2022-04-28 16:43:23.457 [Debug] received epp: 13704980

--------------------------------------------------------------------------------
2022-04-28 16:43:23.810 [Debug] received epp: 13705338

--------------------------------------------------------------------------------
2022-04-28 16:43:24.254 [Debug] received epp: 13705776

--------------------------------------------------------------------------------
2022-04-28 16:43:24.456 [Debug] received epp: 13705979

--------------------------------------------------------------------------------
2022-04-28 16:43:24.691 [Debug] received epp: 13706213

--------------------------------------------------------------------------------
2022-04-28 16:43:25.219 [Debug] received epp: 13706745

--------------------------------------------------------------------------------
2022-04-28 16:44:13.832 [Debug] received epp: 13755354

--------------------------------------------------------------------------------
2022-04-28 16:44:14.220 [Debug] received epp: 13755744

--------------------------------------------------------------------------------
2022-04-28 16:44:14.414 [Debug] received epp: 13755932

--------------------------------------------------------------------------------
2022-04-28 16:44:14.602 [Debug] received epp: 13756103

--------------------------------------------------------------------------------
2022-04-28 16:44:15.809 [Debug] received epp: 13757337

--------------------------------------------------------------------------------
2022-04-28 16:47:07.732 [Debug] received epp: 13929259

--------------------------------------------------------------------------------
2022-04-28 16:47:12.817 [Debug] received epp: 13934338

--------------------------------------------------------------------------------
2022-04-28 16:47:15.185 [Debug] received epp: 13936714

--------------------------------------------------------------------------------
2022-04-28 16:59:45.447 [Debug] received epp: 14686962

--------------------------------------------------------------------------------
2022-04-28 16:59:45.618 [Debug] received epp: 14687026

--------------------------------------------------------------------------------
2022-04-28 16:59:50.697 [Debug] received epp: 14692228

--------------------------------------------------------------------------------
2022-04-28 16:59:50.947 [Debug] received epp: 14692478

--------------------------------------------------------------------------------
2022-04-28 16:59:51.183 [Debug] received epp: 14692713

--------------------------------------------------------------------------------
2022-04-28 16:59:51.420 [Debug] received epp: 14692947

--------------------------------------------------------------------------------
2022-04-28 16:59:51.669 [Debug] received epp: 14693197

--------------------------------------------------------------------------------
2022-04-28 16:59:52.142 [Debug] received epp: 14693650

--------------------------------------------------------------------------------
2022-04-28 16:59:52.606 [Debug] received epp: 14694134

--------------------------------------------------------------------------------
2022-04-28 16:59:52.898 [Debug] received epp: 14694416

--------------------------------------------------------------------------------
2022-04-28 16:59:53.801 [Debug] received epp: 14695307

--------------------------------------------------------------------------------
2022-04-28 16:59:54.024 [Debug] received epp: 14695541

--------------------------------------------------------------------------------
2022-04-28 16:59:54.248 [Debug] received epp: 14695777

--------------------------------------------------------------------------------
2022-04-28 16:59:54.531 [Debug] received epp: 14696057

--------------------------------------------------------------------------------
2022-04-28 16:59:55.064 [Debug] received epp: 14696588

--------------------------------------------------------------------------------
2022-04-28 16:59:55.558 [Debug] received epp: 14697089

--------------------------------------------------------------------------------
2022-04-28 16:59:58.377 [Debug] received epp: 14699901

--------------------------------------------------------------------------------
2022-04-28 17:16:08.264 [Debug] received epp: 15669791

--------------------------------------------------------------------------------
2022-04-28 17:16:16.300 [Debug] received epp: 15677823

--------------------------------------------------------------------------------
2022-04-28 17:16:59.417 [Debug] received epp: 15720948

--------------------------------------------------------------------------------
2022-04-28 17:17:05.223 [Debug] received epp: 15726744

--------------------------------------------------------------------------------
2022-04-28 17:17:32.480 [Debug] received epp: 15754009

--------------------------------------------------------------------------------
2022-04-28 17:17:50.980 [Debug] received epp: 15772510

--------------------------------------------------------------------------------
2022-04-28 17:17:51.765 [Debug] received epp: 15773292

--------------------------------------------------------------------------------
2022-04-28 17:20:00.788 [Debug] received epp: 15902306

--------------------------------------------------------------------------------
2022-04-28 17:20:00.966 [Debug] received epp: 15902495

--------------------------------------------------------------------------------
2022-04-28 17:20:01.133 [Debug] received epp: 15902650

--------------------------------------------------------------------------------
2022-04-28 17:20:01.320 [Debug] received epp: 15902839

--------------------------------------------------------------------------------
2022-04-28 17:20:01.751 [Debug] received epp: 15903277

--------------------------------------------------------------------------------
2022-04-28 17:20:01.987 [Debug] received epp: 15903494

--------------------------------------------------------------------------------
2022-04-28 17:20:02.167 [Debug] received epp: 15903697

--------------------------------------------------------------------------------
2022-04-28 17:36:13.735 [Debug] received epp: 16875260

--------------------------------------------------------------------------------
2022-04-28 17:36:14.353 [Debug] received epp: 16875885

--------------------------------------------------------------------------------
2022-04-28 17:36:14.749 [Debug] received epp: 16876261

--------------------------------------------------------------------------------
2022-04-28 17:36:15.019 [Debug] received epp: 16876540

--------------------------------------------------------------------------------
2022-04-28 17:36:15.284 [Debug] received epp: 16876807

--------------------------------------------------------------------------------
2022-04-28 17:36:15.527 [Debug] received epp: 16877057

--------------------------------------------------------------------------------
2022-04-28 17:36:15.882 [Debug] received epp: 16877401

--------------------------------------------------------------------------------
2022-04-28 17:36:16.222 [Debug] received epp: 16877744

--------------------------------------------------------------------------------
2022-04-28 17:36:16.471 [Debug] received epp: 16877995

--------------------------------------------------------------------------------
2022-04-28 17:36:17.189 [Debug] received epp: 16878697

--------------------------------------------------------------------------------
2022-04-28 17:36:17.429 [Debug] received epp: 16878948

--------------------------------------------------------------------------------
2022-04-28 17:36:17.679 [Debug] received epp: 16879213

--------------------------------------------------------------------------------
2022-04-28 17:36:17.938 [Debug] received epp: 16879462

--------------------------------------------------------------------------------
2022-04-28 17:36:18.179 [Debug] received epp: 16879714

--------------------------------------------------------------------------------
2022-04-28 17:36:18.417 [Debug] received epp: 16879948

--------------------------------------------------------------------------------
2022-04-28 17:36:19.249 [Debug] received epp: 16880760

--------------------------------------------------------------------------------
2022-04-28 17:37:19.617 [Debug] received epp: 16941136

--------------------------------------------------------------------------------
2022-04-28 17:37:19.827 [Debug] received epp: 16941353

--------------------------------------------------------------------------------
2022-04-28 17:37:20.020 [Debug] received epp: 16941540

--------------------------------------------------------------------------------
2022-04-28 17:37:20.222 [Debug] received epp: 16941744

--------------------------------------------------------------------------------
2022-04-28 17:37:20.422 [Debug] received epp: 16941948

--------------------------------------------------------------------------------
2022-04-28 17:37:20.652 [Debug] received epp: 16942166

--------------------------------------------------------------------------------
2022-04-28 17:37:21.125 [Debug] received epp: 16942635

--------------------------------------------------------------------------------
2022-04-28 17:37:21.346 [Debug] received epp: 16942854

--------------------------------------------------------------------------------
2022-04-28 17:53:00.074 [Debug] received epp: 17881573

--------------------------------------------------------------------------------
2022-04-28 17:53:52.290 [Debug] received epp: 17933791

--------------------------------------------------------------------------------
2022-04-28 17:54:05.984 [Debug] received epp: 17947494

--------------------------------------------------------------------------------
2022-04-28 17:54:26.227 [Debug] received epp: 17967745

--------------------------------------------------------------------------------
2022-04-28 17:54:29.136 [Debug] received epp: 17970666

--------------------------------------------------------------------------------
2022-04-28 17:54:36.047 [Debug] received epp: 17977557

--------------------------------------------------------------------------------
2022-04-28 17:54:36.893 [Debug] received epp: 17978417

--------------------------------------------------------------------------------
2022-04-28 17:54:37.421 [Debug] received epp: 17978948

--------------------------------------------------------------------------------
2022-04-28 17:54:37.851 [Debug] received epp: 17979370

--------------------------------------------------------------------------------
2022-04-28 17:54:40.171 [Debug] received epp: 17981683

--------------------------------------------------------------------------------
2022-04-28 17:54:40.421 [Debug] received epp: 17981948

--------------------------------------------------------------------------------
2022-04-28 17:54:49.198 [Debug] received epp: 17990728

--------------------------------------------------------------------------------
2022-04-28 17:54:53.532 [Debug] received epp: 17995041

--------------------------------------------------------------------------------
2022-04-28 17:58:19.566 [Debug] received epp: 18201089

--------------------------------------------------------------------------------
2022-04-28 17:58:20.615 [Debug] received epp: 18202135

--------------------------------------------------------------------------------
2022-04-28 18:00:40.156 [Debug] received epp: 18341681

--------------------------------------------------------------------------------
2022-04-28 18:00:40.463 [Debug] received epp: 18341978

--------------------------------------------------------------------------------
2022-04-28 18:01:07.510 [Debug] received epp: 18369025

--------------------------------------------------------------------------------
2022-04-28 18:01:08.146 [Debug] received epp: 18369667

--------------------------------------------------------------------------------
2022-04-28 18:01:51.107 [Debug] received epp: 18412620

--------------------------------------------------------------------------------
2022-04-28 18:01:51.511 [Debug] received epp: 18412993

--------------------------------------------------------------------------------
2022-04-28 18:01:51.878 [Debug] received epp: 18413385

--------------------------------------------------------------------------------
2022-04-28 18:01:52.076 [Debug] received epp: 18413604

--------------------------------------------------------------------------------
2022-04-28 18:01:52.350 [Debug] received epp: 18413869

--------------------------------------------------------------------------------
2022-04-28 18:01:52.464 [Debug] received epp: 18413995

--------------------------------------------------------------------------------
2022-04-28 18:01:52.719 [Debug] received epp: 18414230

--------------------------------------------------------------------------------
2022-04-28 18:01:52.916 [Debug] received epp: 18414432

--------------------------------------------------------------------------------
2022-04-28 18:01:53.178 [Debug] received epp: 18414697

--------------------------------------------------------------------------------
2022-04-28 18:01:53.429 [Debug] received epp: 18414932

--------------------------------------------------------------------------------
2022-04-28 18:01:53.614 [Debug] received epp: 18415135

--------------------------------------------------------------------------------
2022-04-28 18:02:57.378 [Debug] received epp: 18478870

--------------------------------------------------------------------------------
2022-04-28 18:03:21.657 [Debug] received epp: 18503165

--------------------------------------------------------------------------------
2022-04-28 18:04:05.715 [Debug] received epp: 18547228

--------------------------------------------------------------------------------
2022-04-28 18:04:44.891 [Debug] received epp: 18586417

--------------------------------------------------------------------------------
2022-04-28 18:06:05.659 [Debug] received epp: 18667166

--------------------------------------------------------------------------------
2022-04-28 18:06:05.751 [Debug] received epp: 18667229

--------------------------------------------------------------------------------
2022-04-28 18:06:55.582 [Debug] received epp: 18717104

--------------------------------------------------------------------------------
2022-04-28 18:06:55.799 [Debug] received epp: 18717166

--------------------------------------------------------------------------------
2022-04-28 18:07:22.531 [Debug] received epp: 18744041

--------------------------------------------------------------------------------
2022-04-28 18:07:22.745 [Debug] received epp: 18744167

--------------------------------------------------------------------------------
2022-04-28 18:07:49.338 [Debug] received epp: 18770854

--------------------------------------------------------------------------------
2022-04-28 18:07:49.553 [Debug] received epp: 18770979

--------------------------------------------------------------------------------
2022-04-28 18:08:16.336 [Debug] received epp: 18797853

--------------------------------------------------------------------------------
2022-04-28 18:08:16.544 [Debug] received epp: 18797978

--------------------------------------------------------------------------------
2022-04-28 18:08:43.589 [Debug] received epp: 18825104

--------------------------------------------------------------------------------
2022-04-28 18:08:43.785 [Debug] received epp: 18825228

--------------------------------------------------------------------------------
2022-04-28 18:09:10.594 [Debug] received epp: 18852104

--------------------------------------------------------------------------------
2022-04-28 18:09:10.812 [Debug] received epp: 18852230

--------------------------------------------------------------------------------
2022-04-28 18:09:37.346 [Debug] received epp: 18878855

--------------------------------------------------------------------------------
2022-04-28 18:09:37.548 [Debug] received epp: 18878978

--------------------------------------------------------------------------------
2022-04-28 18:09:59.274 [Debug] received epp: 18900791

--------------------------------------------------------------------------------
2022-04-28 18:09:59.746 [Debug] received epp: 18901276

--------------------------------------------------------------------------------
2022-04-28 18:10:11.253 [Debug] received epp: 18912761

--------------------------------------------------------------------------------
2022-04-28 18:10:11.488 [Debug] received epp: 18913011

--------------------------------------------------------------------------------
2022-04-28 18:10:12.398 [Debug] received epp: 18913916

--------------------------------------------------------------------------------
2022-04-28 18:10:12.912 [Debug] received epp: 18914417

--------------------------------------------------------------------------------
2022-04-28 18:10:13.197 [Debug] received epp: 18914712

--------------------------------------------------------------------------------
2022-04-28 18:10:13.489 [Debug] received epp: 18915011

--------------------------------------------------------------------------------
2022-04-28 18:10:13.739 [Debug] received epp: 18915244

--------------------------------------------------------------------------------
2022-04-28 18:11:24.079 [Debug] received epp: 18985587

--------------------------------------------------------------------------------
2022-04-28 18:12:37.301 [Debug] received epp: 19058823

--------------------------------------------------------------------------------
2022-04-28 18:18:03.509 [Debug] received epp: 19385009

--------------------------------------------------------------------------------
2022-04-28 18:18:18.002 [Debug] received epp: 19399525

--------------------------------------------------------------------------------
2022-04-28 18:18:18.391 [Debug] received epp: 19399917

--------------------------------------------------------------------------------
2022-04-28 18:22:49.657 [Debug] received epp: 19671181

--------------------------------------------------------------------------------
2022-04-28 19:11:41.316 [Debug] received epp: 22602822

--------------------------------------------------------------------------------
2022-04-28 19:11:48.767 [Debug] received epp: 22610291

--------------------------------------------------------------------------------
2022-04-28 19:11:49.040 [Debug] received epp: 22610557

--------------------------------------------------------------------------------
2022-04-28 19:11:49.309 [Debug] received epp: 22610839

--------------------------------------------------------------------------------
2022-04-28 19:11:49.559 [Debug] received epp: 22611072

--------------------------------------------------------------------------------
2022-04-28 19:11:49.974 [Debug] received epp: 22611494

--------------------------------------------------------------------------------
2022-04-28 19:11:50.351 [Debug] received epp: 22611869

--------------------------------------------------------------------------------
2022-04-28 19:14:27.885 [Debug] received epp: 22769401

--------------------------------------------------------------------------------
2022-04-28 19:14:28.190 [Debug] received epp: 22769698

--------------------------------------------------------------------------------
2022-04-28 19:14:28.461 [Debug] received epp: 22769979

--------------------------------------------------------------------------------
2022-04-28 19:14:28.724 [Debug] received epp: 22770244

--------------------------------------------------------------------------------
2022-04-28 19:17:11.168 [Debug] received epp: 22932698

--------------------------------------------------------------------------------
2022-04-28 19:17:11.830 [Debug] received epp: 22933339

--------------------------------------------------------------------------------
2022-04-28 19:17:14.197 [Debug] received epp: 22935729

--------------------------------------------------------------------------------
2022-04-28 19:17:15.433 [Debug] received epp: 22936948

--------------------------------------------------------------------------------
2022-04-28 19:17:15.981 [Debug] received epp: 22937510

--------------------------------------------------------------------------------
2022-04-28 19:17:16.718 [Debug] received epp: 22938245

--------------------------------------------------------------------------------
2022-04-28 19:17:17.191 [Debug] received epp: 22938698

--------------------------------------------------------------------------------
2022-04-28 19:17:17.469 [Debug] received epp: 22938994

--------------------------------------------------------------------------------
2022-04-28 19:17:17.705 [Debug] received epp: 22939230

--------------------------------------------------------------------------------
2022-04-28 19:17:17.939 [Debug] received epp: 22939464

--------------------------------------------------------------------------------
2022-04-28 19:17:18.184 [Debug] received epp: 22939713

--------------------------------------------------------------------------------
2022-04-28 19:17:18.483 [Debug] received epp: 22939994

--------------------------------------------------------------------------------
2022-04-28 19:17:18.690 [Debug] received epp: 22940214

--------------------------------------------------------------------------------
2022-04-28 19:17:18.996 [Debug] received epp: 22940525

--------------------------------------------------------------------------------
2022-04-28 19:17:19.281 [Debug] received epp: 22940791

--------------------------------------------------------------------------------
2022-04-28 19:17:19.557 [Debug] received epp: 22941089

--------------------------------------------------------------------------------
2022-04-28 19:17:19.905 [Debug] received epp: 22941432

--------------------------------------------------------------------------------
2022-04-28 19:17:20.274 [Debug] received epp: 22941791

--------------------------------------------------------------------------------
2022-04-28 19:17:21.053 [Debug] received epp: 22942573

--------------------------------------------------------------------------------
2022-04-28 19:17:21.915 [Debug] received epp: 22943432

--------------------------------------------------------------------------------
2022-04-28 19:17:22.696 [Debug] received epp: 22944213

--------------------------------------------------------------------------------
2022-04-28 19:17:23.697 [Debug] received epp: 22945229

--------------------------------------------------------------------------------
2022-04-28 19:21:32.613 [Debug] received epp: 23194136

--------------------------------------------------------------------------------
2022-04-28 19:21:33.203 [Debug] received epp: 23194713

--------------------------------------------------------------------------------
2022-04-28 19:21:34.099 [Debug] received epp: 23195619

--------------------------------------------------------------------------------
2022-04-28 19:21:34.336 [Debug] received epp: 23195854

--------------------------------------------------------------------------------
2022-04-28 19:21:34.600 [Debug] received epp: 23196103

--------------------------------------------------------------------------------
2022-04-28 19:22:13.835 [Debug] received epp: 23235353

--------------------------------------------------------------------------------
2022-04-28 19:22:14.092 [Debug] received epp: 23235619

--------------------------------------------------------------------------------
2022-04-28 19:22:14.295 [Debug] received epp: 23235823

--------------------------------------------------------------------------------
2022-04-28 19:22:14.522 [Debug] received epp: 23236041

--------------------------------------------------------------------------------
2022-04-28 19:22:14.776 [Debug] received epp: 23236291

--------------------------------------------------------------------------------
2022-04-28 19:22:14.996 [Debug] received epp: 23236526

--------------------------------------------------------------------------------
2022-04-28 19:22:15.246 [Debug] received epp: 23236760

--------------------------------------------------------------------------------
2022-04-28 19:22:15.481 [Debug] received epp: 23237010

--------------------------------------------------------------------------------
2022-04-28 19:22:16.280 [Debug] received epp: 23237790

--------------------------------------------------------------------------------
2022-04-28 19:23:18.349 [Debug] received epp: 23299839

--------------------------------------------------------------------------------
2022-04-28 19:24:45.265 [Debug] received epp: 23386761

--------------------------------------------------------------------------------
2022-04-28 19:24:46.176 [Debug] received epp: 23387698

--------------------------------------------------------------------------------
2022-04-28 19:26:29.607 [Debug] received epp: 23491104

--------------------------------------------------------------------------------
2022-04-28 19:28:02.134 [Debug] received epp: 23583650

--------------------------------------------------------------------------------
2022-04-28 19:28:41.522 [Debug] received epp: 23623041

--------------------------------------------------------------------------------
2022-04-28 19:28:43.892 [Debug] received epp: 23625384

--------------------------------------------------------------------------------
2022-04-28 19:28:43.916 [Debug] received epp: 23625384

--------------------------------------------------------------------------------
2022-04-28 19:29:26.562 [Debug] received epp: 23668072

--------------------------------------------------------------------------------
2022-04-28 19:29:26.777 [Debug] received epp: 23668072

--------------------------------------------------------------------------------
2022-04-28 19:29:46.786 [Debug] received epp: 23688306

--------------------------------------------------------------------------------
2022-04-28 19:29:47.099 [Debug] received epp: 23688619

--------------------------------------------------------------------------------
2022-04-28 19:29:47.425 [Debug] received epp: 23688948

--------------------------------------------------------------------------------
2022-04-28 19:29:47.710 [Debug] received epp: 23689228

--------------------------------------------------------------------------------
2022-04-28 19:29:47.981 [Debug] received epp: 23689509

--------------------------------------------------------------------------------
2022-04-28 19:29:48.189 [Debug] received epp: 23689714

--------------------------------------------------------------------------------
2022-04-28 19:29:48.425 [Debug] received epp: 23689947

--------------------------------------------------------------------------------
2022-04-28 19:29:48.688 [Debug] received epp: 23690214

--------------------------------------------------------------------------------
2022-04-28 19:29:48.958 [Debug] received epp: 23690463

--------------------------------------------------------------------------------
2022-04-28 19:29:49.224 [Debug] received epp: 23690744

--------------------------------------------------------------------------------
2022-04-28 19:29:49.488 [Debug] received epp: 23691010

--------------------------------------------------------------------------------
2022-04-28 19:29:49.743 [Debug] received epp: 23691276

--------------------------------------------------------------------------------
2022-04-28 19:29:50.008 [Debug] received epp: 23691525

--------------------------------------------------------------------------------
2022-04-28 19:29:50.272 [Debug] received epp: 23691807

--------------------------------------------------------------------------------
2022-04-28 19:29:50.550 [Debug] received epp: 23692072

--------------------------------------------------------------------------------
2022-04-28 19:29:50.807 [Debug] received epp: 23692338

--------------------------------------------------------------------------------
2022-04-28 19:29:51.071 [Debug] received epp: 23692588

--------------------------------------------------------------------------------
2022-04-28 19:29:51.341 [Debug] received epp: 23692853

--------------------------------------------------------------------------------
2022-04-28 19:29:51.605 [Debug] received epp: 23693134

--------------------------------------------------------------------------------
2022-04-28 19:29:51.870 [Debug] received epp: 23693400

--------------------------------------------------------------------------------
2022-04-28 19:29:52.148 [Debug] received epp: 23693666

--------------------------------------------------------------------------------
2022-04-28 19:29:52.433 [Debug] received epp: 23693947

--------------------------------------------------------------------------------
2022-04-28 19:29:53.467 [Debug] received epp: 23694995

--------------------------------------------------------------------------------
2022-04-28 19:29:53.779 [Debug] received epp: 23695307

--------------------------------------------------------------------------------
2022-04-28 19:29:54.057 [Debug] received epp: 23695587

--------------------------------------------------------------------------------
2022-04-28 19:29:54.355 [Debug] received epp: 23695885

--------------------------------------------------------------------------------
2022-04-28 19:29:54.626 [Debug] received epp: 23696150

--------------------------------------------------------------------------------
2022-04-28 19:29:54.890 [Debug] received epp: 23696417

--------------------------------------------------------------------------------
2022-04-28 19:29:55.168 [Debug] received epp: 23696683

--------------------------------------------------------------------------------
2022-04-28 19:29:55.459 [Debug] received epp: 23696979

--------------------------------------------------------------------------------
2022-04-28 19:29:55.723 [Debug] received epp: 23697245

--------------------------------------------------------------------------------
2022-04-28 19:29:56.001 [Debug] received epp: 23697525

--------------------------------------------------------------------------------
2022-04-28 19:29:56.300 [Debug] received epp: 23697823

--------------------------------------------------------------------------------
2022-04-28 19:29:56.577 [Debug] received epp: 23698104

--------------------------------------------------------------------------------
2022-04-28 19:29:56.856 [Debug] received epp: 23698369

--------------------------------------------------------------------------------
2022-04-28 19:29:57.137 [Debug] received epp: 23698650

--------------------------------------------------------------------------------
2022-04-28 19:29:57.412 [Debug] received epp: 23698932

--------------------------------------------------------------------------------
2022-04-28 19:29:57.675 [Debug] received epp: 23699197

--------------------------------------------------------------------------------
2022-04-28 19:29:57.966 [Debug] received epp: 23699495

--------------------------------------------------------------------------------
2022-04-28 19:29:58.215 [Debug] received epp: 23699745

--------------------------------------------------------------------------------
2022-04-28 19:29:58.508 [Debug] received epp: 23700041

--------------------------------------------------------------------------------
2022-04-28 19:29:58.785 [Debug] received epp: 23700307

--------------------------------------------------------------------------------
2022-04-28 19:29:59.084 [Debug] received epp: 23700603

--------------------------------------------------------------------------------
2022-04-28 19:29:59.557 [Debug] received epp: 23701088

--------------------------------------------------------------------------------
2022-04-28 19:30:00.010 [Debug] received epp: 23701510

--------------------------------------------------------------------------------
2022-04-28 19:30:00.522 [Debug] received epp: 23702041

--------------------------------------------------------------------------------
2022-04-28 19:30:00.884 [Debug] received epp: 23702400

--------------------------------------------------------------------------------
2022-04-28 19:30:01.162 [Debug] received epp: 23702682

--------------------------------------------------------------------------------
2022-04-28 19:30:01.427 [Debug] received epp: 23702931

--------------------------------------------------------------------------------
2022-04-28 19:30:01.668 [Debug] received epp: 23703197

--------------------------------------------------------------------------------
2022-04-28 19:30:01.925 [Debug] received epp: 23703448

--------------------------------------------------------------------------------
2022-04-28 19:30:02.189 [Debug] received epp: 23703713

--------------------------------------------------------------------------------
2022-04-28 19:30:02.452 [Debug] received epp: 23703979

--------------------------------------------------------------------------------
2022-04-28 19:30:02.737 [Debug] received epp: 23704244

--------------------------------------------------------------------------------
2022-04-28 19:30:02.987 [Debug] received epp: 23704509

--------------------------------------------------------------------------------
2022-04-28 19:30:03.265 [Debug] received epp: 23704792

--------------------------------------------------------------------------------
2022-04-28 19:30:03.528 [Debug] received epp: 23705057

--------------------------------------------------------------------------------
2022-04-28 19:30:03.751 [Debug] received epp: 23705275

--------------------------------------------------------------------------------
2022-04-28 19:30:04.007 [Debug] received epp: 23705510

--------------------------------------------------------------------------------
2022-04-28 19:30:04.230 [Debug] received epp: 23705761

--------------------------------------------------------------------------------
2022-04-28 19:30:04.459 [Debug] received epp: 23705978

--------------------------------------------------------------------------------
2022-04-28 19:30:04.682 [Debug] received epp: 23706197

--------------------------------------------------------------------------------
2022-04-28 19:30:04.932 [Debug] received epp: 23706447

--------------------------------------------------------------------------------
2022-04-28 19:30:05.764 [Debug] received epp: 23707292

--------------------------------------------------------------------------------
2022-04-28 19:30:42.565 [Debug] received epp: 23744072

--------------------------------------------------------------------------------
2022-04-28 19:30:42.790 [Debug] received epp: 23744214

--------------------------------------------------------------------------------
2022-04-28 19:31:00.352 [Debug] received epp: 23761870

--------------------------------------------------------------------------------
2022-04-28 19:31:00.676 [Debug] received epp: 23762182

--------------------------------------------------------------------------------
2022-04-28 19:31:01.169 [Debug] received epp: 23762697

--------------------------------------------------------------------------------
2022-04-28 19:31:01.490 [Debug] received epp: 23763009

--------------------------------------------------------------------------------
2022-04-28 19:31:01.803 [Debug] received epp: 23763290

--------------------------------------------------------------------------------
2022-04-28 19:31:04.370 [Debug] received epp: 23765886

--------------------------------------------------------------------------------
2022-04-28 19:31:04.799 [Debug] received epp: 23766322

--------------------------------------------------------------------------------
2022-04-28 19:31:05.613 [Debug] received epp: 23767120

--------------------------------------------------------------------------------
2022-04-28 19:31:07.863 [Debug] received epp: 23769384

--------------------------------------------------------------------------------
2022-04-28 19:31:08.107 [Debug] received epp: 23769634

--------------------------------------------------------------------------------
2022-04-28 19:31:08.377 [Debug] received epp: 23769900

--------------------------------------------------------------------------------
2022-04-28 19:31:08.652 [Debug] received epp: 23770150

--------------------------------------------------------------------------------
2022-04-28 19:31:08.883 [Debug] received epp: 23770415

--------------------------------------------------------------------------------
2022-04-28 19:31:09.132 [Debug] received epp: 23770651

--------------------------------------------------------------------------------
2022-04-28 19:31:09.369 [Debug] received epp: 23770900

--------------------------------------------------------------------------------
2022-04-28 19:31:09.630 [Debug] received epp: 23771150

--------------------------------------------------------------------------------
2022-04-28 19:31:09.903 [Debug] received epp: 23771416

--------------------------------------------------------------------------------
2022-04-28 19:31:10.161 [Debug] received epp: 23771683

--------------------------------------------------------------------------------
2022-04-28 19:31:10.427 [Debug] received epp: 23771947

--------------------------------------------------------------------------------
2022-04-28 19:31:10.696 [Debug] received epp: 23772229

--------------------------------------------------------------------------------
2022-04-28 19:31:10.967 [Debug] received epp: 23772478

--------------------------------------------------------------------------------
2022-04-28 19:31:11.194 [Debug] received epp: 23772728

--------------------------------------------------------------------------------
2022-04-28 19:31:11.461 [Debug] received epp: 23772979

--------------------------------------------------------------------------------
2022-04-28 19:31:11.729 [Debug] received epp: 23773260

--------------------------------------------------------------------------------
2022-04-28 19:31:11.966 [Debug] received epp: 23773495

--------------------------------------------------------------------------------
2022-04-28 19:31:12.196 [Debug] received epp: 23773713

--------------------------------------------------------------------------------
2022-04-28 19:31:12.432 [Debug] received epp: 23773948

--------------------------------------------------------------------------------
2022-04-28 19:31:12.647 [Debug] received epp: 23774166

--------------------------------------------------------------------------------
2022-04-28 19:31:12.868 [Debug] received epp: 23774401

--------------------------------------------------------------------------------
2022-04-28 19:31:13.161 [Debug] received epp: 23774666

--------------------------------------------------------------------------------
2022-04-28 19:31:13.397 [Debug] received epp: 23774917

--------------------------------------------------------------------------------
2022-04-28 19:31:13.640 [Debug] received epp: 23775165

--------------------------------------------------------------------------------
2022-04-28 19:31:13.905 [Debug] received epp: 23775415

--------------------------------------------------------------------------------
2022-04-28 19:31:14.129 [Debug] received epp: 23775652

--------------------------------------------------------------------------------
2022-04-28 19:31:14.410 [Debug] received epp: 23775933

--------------------------------------------------------------------------------
2022-04-28 19:31:14.677 [Debug] received epp: 23776181

--------------------------------------------------------------------------------
2022-04-28 19:31:14.947 [Debug] received epp: 23776463

--------------------------------------------------------------------------------
2022-04-28 19:31:15.842 [Debug] received epp: 23777370

--------------------------------------------------------------------------------
2022-04-28 19:31:16.132 [Debug] received epp: 23777651

--------------------------------------------------------------------------------
2022-04-28 19:31:16.377 [Debug] received epp: 23777900

--------------------------------------------------------------------------------
2022-04-28 19:31:16.675 [Debug] received epp: 23778198

--------------------------------------------------------------------------------
2022-04-28 19:31:16.959 [Debug] received epp: 23778480

--------------------------------------------------------------------------------
2022-04-28 19:31:17.225 [Debug] received epp: 23778744

--------------------------------------------------------------------------------
2022-04-28 19:31:17.466 [Debug] received epp: 23778995

--------------------------------------------------------------------------------
2022-04-28 19:31:17.723 [Debug] received epp: 23779245

--------------------------------------------------------------------------------
2022-04-28 19:31:18.022 [Debug] received epp: 23779541

--------------------------------------------------------------------------------
2022-04-28 19:31:18.267 [Debug] received epp: 23779792

--------------------------------------------------------------------------------
2022-04-28 19:31:18.563 [Debug] received epp: 23780088

--------------------------------------------------------------------------------
2022-04-28 19:31:18.814 [Debug] received epp: 23780322

--------------------------------------------------------------------------------
2022-04-28 19:31:19.543 [Debug] received epp: 23781040

--------------------------------------------------------------------------------
2022-04-28 19:31:20.577 [Debug] received epp: 23782089

--------------------------------------------------------------------------------
2022-04-28 19:42:33.187 [Debug] received epp: 24454697

--------------------------------------------------------------------------------
2022-04-28 19:42:35.972 [Debug] received epp: 24457479

--------------------------------------------------------------------------------
2022-04-28 19:42:35.992 [Debug] received epp: 24457479

--------------------------------------------------------------------------------
2022-04-28 19:44:01.217 [Debug] received epp: 24542729

--------------------------------------------------------------------------------
2022-04-28 19:44:01.379 [Debug] received epp: 24542729

--------------------------------------------------------------------------------
2022-04-28 19:44:02.729 [Debug] received epp: 24544245

--------------------------------------------------------------------------------
2022-04-28 19:44:02.751 [Debug] received epp: 24544245

--------------------------------------------------------------------------------
2022-04-28 19:44:02.812 [Debug] received epp: 24544339

--------------------------------------------------------------------------------
2022-04-28 19:44:25.452 [Debug] received epp: 24566964

--------------------------------------------------------------------------------
2022-04-28 19:44:25.624 [Debug] received epp: 24566964

--------------------------------------------------------------------------------
2022-04-28 19:44:31.471 [Debug] received epp: 24572978

--------------------------------------------------------------------------------
2022-04-28 19:44:31.495 [Debug] received epp: 24572978

--------------------------------------------------------------------------------
2022-04-28 19:44:31.570 [Debug] received epp: 24573089

--------------------------------------------------------------------------------
2022-04-28 19:45:25.885 [Debug] received epp: 24627415

--------------------------------------------------------------------------------
2022-04-28 19:45:26.077 [Debug] received epp: 24627415

--------------------------------------------------------------------------------
2022-04-28 19:45:29.952 [Debug] received epp: 24631478

--------------------------------------------------------------------------------
2022-04-28 19:45:29.979 [Debug] received epp: 24631478

--------------------------------------------------------------------------------
2022-04-28 19:45:30.041 [Debug] received epp: 24631572

--------------------------------------------------------------------------------
2022-04-28 19:48:02.069 [Debug] received epp: 24783588

--------------------------------------------------------------------------------
2022-04-28 19:48:02.216 [Debug] received epp: 24783588

--------------------------------------------------------------------------------
2022-04-28 19:48:03.347 [Debug] received epp: 24784869

--------------------------------------------------------------------------------
2022-04-28 19:48:03.736 [Debug] received epp: 24785259

--------------------------------------------------------------------------------
2022-04-28 19:48:05.305 [Debug] received epp: 24786807

--------------------------------------------------------------------------------
2022-04-28 19:48:08.860 [Debug] received epp: 24790385

--------------------------------------------------------------------------------
2022-04-28 19:50:03.658 [Debug] received epp: 24905182

--------------------------------------------------------------------------------
2022-04-28 19:52:28.277 [Debug] received epp: 25049806

--------------------------------------------------------------------------------
2022-04-28 19:52:29.901 [Debug] received epp: 25051432

--------------------------------------------------------------------------------
2022-04-28 19:52:29.971 [Debug] received epp: 25051432

--------------------------------------------------------------------------------
2022-04-28 19:52:32.229 [Debug] received epp: 25053697

--------------------------------------------------------------------------------
2022-04-28 19:52:32.422 [Debug] received epp: 25053697

--------------------------------------------------------------------------------
2022-04-28 19:59:22.943 [Debug] received epp: 25464463

--------------------------------------------------------------------------------
2022-04-28 19:59:28.438 [Debug] received epp: 25469932

--------------------------------------------------------------------------------
2022-04-28 20:03:56.810 [Debug] received epp: 25738276

--------------------------------------------------------------------------------
2022-04-28 20:04:00.926 [Debug] received epp: 25742416

--------------------------------------------------------------------------------
2022-04-28 20:07:05.489 [Debug] received epp: 25926964

--------------------------------------------------------------------------------
2022-04-28 20:07:20.823 [Debug] received epp: 25942308

--------------------------------------------------------------------------------
2022-04-28 20:07:49.544 [Debug] received epp: 25970994

--------------------------------------------------------------------------------
2022-04-28 20:08:15.041 [Debug] received epp: 25996495

--------------------------------------------------------------------------------
2022-04-28 20:08:41.585 [Debug] received epp: 26023042

--------------------------------------------------------------------------------
2022-04-28 20:09:03.972 [Debug] received epp: 26045464

--------------------------------------------------------------------------------
2022-04-28 20:09:24.348 [Debug] received epp: 26065822

--------------------------------------------------------------------------------
2022-04-28 20:11:18.606 [Debug] received epp: 26180105

--------------------------------------------------------------------------------
2022-04-28 20:25:21.165 [Debug] received epp: 27022650

--------------------------------------------------------------------------------
2022-04-28 20:26:07.899 [Debug] StatusChanged: [NetIncomingMessage #937 10 bytes] [Disconnecting]

--------------------------------------------------------------------------------
2022-04-28 20:26:07.905 [Debug] StatusChanged: [NetIncomingMessage #938 14 bytes] [Disconnected]

--------------------------------------------------------------------------------
2022-04-28 20:26:07.956 [Info] Acquiring context lock... (0ms)

--------------------------------------------------------------------------------
2022-04-28 20:26:07.956 [Info] Acquired. (0ms)

--------------------------------------------------------------------------------
2022-04-28 20:26:07.957 [Info] Beginning context dispose. (0ms)

--------------------------------------------------------------------------------
2022-04-28 20:26:07.958 [Info] GC.SuppressFinalize (0ms)

--------------------------------------------------------------------------------
2022-04-28 20:26:07.958 [Info] InternalDispose() completed. (0ms)

--------------------------------------------------------------------------------
2022-04-28 20:26:07.958 [Info] Clearing instance... (1ms)

--------------------------------------------------------------------------------
2022-04-28 20:26:07.958 [Info] Releasing context lock... (2ms)

--------------------------------------------------------------------------------
2022-04-28 20:26:07.958 [Info] Released. (2ms)

--------------------------------------------------------------------------------
