2022-04-03 22:12:07.875 [Info] Discovered 0 plugins:


--------------------------------------------------------------------------------
2022-04-03 22:12:08.865 [Info] Connecting to 38.129.153.213:5400...

--------------------------------------------------------------------------------
2022-04-03 22:12:09.318 [Info] Connection approved [00000000-0000-0000-0000-000000000000].

--------------------------------------------------------------------------------
2022-04-03 22:12:09.391 [Debug] approval Time=6517031 Offset=63784614212267 Real=63784620729298

--------------------------------------------------------------------------------
2022-04-03 22:12:09.391 [Debug] local Time=6517031 Offset=63784614212359 Real=63784620729390

--------------------------------------------------------------------------------
2022-04-03 22:12:09.391 [Debug] real delta=92

--------------------------------------------------------------------------------
2022-04-03 22:12:09.391 [Debug] this.Statistics.Ping=0 NCPing=12

--------------------------------------------------------------------------------
2022-04-03 22:12:09.393 [Debug] Connection established to remote [00000000-0000-0000-0000-000000000000/38.129.153.213:5400].

--------------------------------------------------------------------------------
2022-04-03 22:12:09.393 [Info] Connected [00000000-0000-0000-0000-000000000000].

--------------------------------------------------------------------------------
2022-04-03 22:12:23.758 [Debug] StatusChanged: [NetIncomingMessage #0 10 bytes] [Disconnecting]

--------------------------------------------------------------------------------
2022-04-03 22:12:23.761 [Debug] StatusChanged: [NetIncomingMessage #0 10 bytes] [Disconnected]

--------------------------------------------------------------------------------
2022-04-03 22:12:23.795 [Info] Acquiring context lock... (0ms)

--------------------------------------------------------------------------------
2022-04-03 22:12:23.795 [Info] Acquired. (0ms)

--------------------------------------------------------------------------------
2022-04-03 22:12:23.796 [Info] Beginning context dispose. (0ms)

--------------------------------------------------------------------------------
2022-04-03 22:12:23.797 [Info] GC.SuppressFinalize (0ms)

--------------------------------------------------------------------------------
2022-04-03 22:12:23.797 [Info] InternalDispose() completed. (0ms)

--------------------------------------------------------------------------------
2022-04-03 22:12:23.797 [Info] Clearing instance... (1ms)

--------------------------------------------------------------------------------
2022-04-03 22:12:23.797 [Info] Releasing context lock... (1ms)

--------------------------------------------------------------------------------
2022-04-03 22:12:23.797 [Info] Released. (1ms)

--------------------------------------------------------------------------------
