2022-04-04 13:26:16.833 [Info] Discovered 0 plugins:


--------------------------------------------------------------------------------
2022-04-04 13:26:18.021 [Info] Connecting to 38.129.153.213:5400...

--------------------------------------------------------------------------------
2022-04-04 13:26:18.483 [Info] Connection approved [00000000-0000-0000-0000-000000000000].

--------------------------------------------------------------------------------
2022-04-04 13:26:18.561 [Debug] approval Time=135179 Offset=63784675443290 Real=63784675578469

--------------------------------------------------------------------------------
2022-04-04 13:26:18.561 [Debug] local Time=135179 Offset=63784675443382 Real=63784675578561

--------------------------------------------------------------------------------
2022-04-04 13:26:18.561 [Debug] real delta=92

--------------------------------------------------------------------------------
2022-04-04 13:26:18.561 [Debug] this.Statistics.Ping=0 NCPing=6

--------------------------------------------------------------------------------
2022-04-04 13:26:18.563 [Debug] Connection established to remote [00000000-0000-0000-0000-000000000000/38.129.153.213:5400].

--------------------------------------------------------------------------------
2022-04-04 13:26:18.563 [Info] Connected [00000000-0000-0000-0000-000000000000].

--------------------------------------------------------------------------------
2022-04-04 13:26:30.236 [Warn] 'Me' is null.

--------------------------------------------------------------------------------
2022-04-04 13:26:30.803 [Debug] received epp: 147073

--------------------------------------------------------------------------------
2022-04-04 13:27:19.084 [Debug] received epp: 195757

--------------------------------------------------------------------------------
2022-04-04 13:29:28.823 [Debug] received epp: 325507

--------------------------------------------------------------------------------
2022-04-04 13:31:58.722 [Debug] StatusChanged: [NetIncomingMessage #932 10 bytes] [Disconnecting]

--------------------------------------------------------------------------------
2022-04-04 13:31:58.724 [Debug] StatusChanged: [NetIncomingMessage #933 10 bytes] [Disconnected]

--------------------------------------------------------------------------------
2022-04-04 13:31:58.769 [Info] Acquiring context lock... (0ms)

--------------------------------------------------------------------------------
2022-04-04 13:31:58.769 [Info] Acquired. (0ms)

--------------------------------------------------------------------------------
2022-04-04 13:31:58.769 [Info] Beginning context dispose. (0ms)

--------------------------------------------------------------------------------
2022-04-04 13:31:58.770 [Info] GC.SuppressFinalize (0ms)

--------------------------------------------------------------------------------
2022-04-04 13:31:58.770 [Info] InternalDispose() completed. (0ms)

--------------------------------------------------------------------------------
2022-04-04 13:31:58.770 [Info] Clearing instance... (1ms)

--------------------------------------------------------------------------------
2022-04-04 13:31:58.770 [Info] Releasing context lock... (1ms)

--------------------------------------------------------------------------------
2022-04-04 13:31:58.770 [Info] Released. (1ms)

--------------------------------------------------------------------------------
