2022-04-03 21:39:15.749 [Info] Discovered 0 plugins:


--------------------------------------------------------------------------------
2022-04-03 21:39:16.753 [Info] Connecting to 38.129.153.213:5400...

--------------------------------------------------------------------------------
2022-04-03 21:39:17.162 [Info] Connection approved [00000000-0000-0000-0000-000000000000].

--------------------------------------------------------------------------------
2022-04-03 21:39:17.224 [Debug] approval Time=4544875 Offset=63784614212267 Real=63784618757142

--------------------------------------------------------------------------------
2022-04-03 21:39:17.225 [Debug] local Time=4544875 Offset=63784614212349 Real=63784618757224

--------------------------------------------------------------------------------
2022-04-03 21:39:17.225 [Debug] real delta=82

--------------------------------------------------------------------------------
2022-04-03 21:39:17.225 [Debug] this.Statistics.Ping=0 NCPing=7

--------------------------------------------------------------------------------
2022-04-03 21:39:17.227 [Debug] Connection established to remote [00000000-0000-0000-0000-000000000000/38.129.153.213:5400].

--------------------------------------------------------------------------------
2022-04-03 21:39:17.227 [Info] Connected [00000000-0000-0000-0000-000000000000].

--------------------------------------------------------------------------------
2022-04-03 21:39:35.170 [Debug] StatusChanged: [NetIncomingMessage #0 10 bytes] [Disconnecting]

--------------------------------------------------------------------------------
2022-04-03 21:39:35.173 [Debug] StatusChanged: [NetIncomingMessage #0 10 bytes] [Disconnected]

--------------------------------------------------------------------------------
2022-04-03 21:39:35.208 [Info] Acquiring context lock... (0ms)

--------------------------------------------------------------------------------
2022-04-03 21:39:35.208 [Info] Acquired. (0ms)

--------------------------------------------------------------------------------
2022-04-03 21:39:35.209 [Info] Beginning context dispose. (0ms)

--------------------------------------------------------------------------------
2022-04-03 21:39:35.210 [Info] GC.SuppressFinalize (0ms)

--------------------------------------------------------------------------------
2022-04-03 21:39:35.210 [Info] InternalDispose() completed. (0ms)

--------------------------------------------------------------------------------
2022-04-03 21:39:35.210 [Info] Clearing instance... (2ms)

--------------------------------------------------------------------------------
2022-04-03 21:39:35.210 [Info] Releasing context lock... (2ms)

--------------------------------------------------------------------------------
2022-04-03 21:39:35.210 [Info] Released. (2ms)

--------------------------------------------------------------------------------
