2022-04-06 01:48:07.339 [Info] Discovered 0 plugins:


--------------------------------------------------------------------------------
2022-04-06 01:48:08.414 [Info] Connecting to 38.129.153.213:5400...

--------------------------------------------------------------------------------
2022-04-06 01:48:08.864 [Info] Connection approved [00000000-0000-0000-0000-000000000000].

--------------------------------------------------------------------------------
2022-04-06 01:48:08.938 [Debug] approval Time=6898179 Offset=63784799590665 Real=63784806488844

--------------------------------------------------------------------------------
2022-04-06 01:48:08.938 [Debug] local Time=6898180 Offset=63784799590758 Real=63784806488938

--------------------------------------------------------------------------------
2022-04-06 01:48:08.939 [Debug] real delta=93

--------------------------------------------------------------------------------
2022-04-06 01:48:08.939 [Debug] this.Statistics.Ping=0 NCPing=6

--------------------------------------------------------------------------------
2022-04-06 01:48:08.941 [Debug] Connection established to remote [00000000-0000-0000-0000-000000000000/38.129.153.213:5400].

--------------------------------------------------------------------------------
2022-04-06 01:48:08.941 [Info] Connected [00000000-0000-0000-0000-000000000000].

--------------------------------------------------------------------------------
2022-04-06 01:48:16.974 [Warn] 'Me' is null.

--------------------------------------------------------------------------------
2022-04-06 01:48:17.253 [Debug] received epp: 6906226

--------------------------------------------------------------------------------
2022-04-06 01:48:24.658 [Debug] received epp: 6913883

--------------------------------------------------------------------------------
2022-04-06 01:48:34.641 [Debug] received epp: 6923946

--------------------------------------------------------------------------------
2022-04-06 01:48:34.693 [Debug] received epp: 6924007

--------------------------------------------------------------------------------
2022-04-06 01:48:44.215 [Debug] received epp: 6933508

--------------------------------------------------------------------------------
2022-04-06 01:48:44.417 [Debug] received epp: 6933632

--------------------------------------------------------------------------------
2022-04-06 01:48:54.013 [Debug] received epp: 6943320

--------------------------------------------------------------------------------
2022-04-06 01:48:56.141 [Debug] received epp: 6945444

--------------------------------------------------------------------------------
2022-04-06 01:48:56.359 [Debug] received epp: 6945647

--------------------------------------------------------------------------------
2022-04-06 01:48:56.576 [Debug] received epp: 6945898

--------------------------------------------------------------------------------
2022-04-06 01:48:56.847 [Debug] received epp: 6946149

--------------------------------------------------------------------------------
2022-04-06 01:48:57.092 [Debug] received epp: 6946413

--------------------------------------------------------------------------------
2022-04-06 01:48:57.359 [Debug] received epp: 6946663

--------------------------------------------------------------------------------
2022-04-06 01:48:58.178 [Debug] received epp: 6947491

--------------------------------------------------------------------------------
2022-04-06 01:48:59.091 [Debug] received epp: 6948398

--------------------------------------------------------------------------------
2022-04-06 01:48:59.173 [Debug] received epp: 6948398

--------------------------------------------------------------------------------
2022-04-06 01:48:59.958 [Debug] received epp: 6949274

--------------------------------------------------------------------------------
2022-04-06 01:49:00.181 [Debug] received epp: 6949476

--------------------------------------------------------------------------------
2022-04-06 01:49:00.408 [Debug] received epp: 6949726

--------------------------------------------------------------------------------
2022-04-06 01:49:00.663 [Debug] received epp: 6949975

--------------------------------------------------------------------------------
2022-04-06 01:49:01.109 [Debug] received epp: 6950429

--------------------------------------------------------------------------------
2022-04-06 01:49:01.325 [Debug] received epp: 6950632

--------------------------------------------------------------------------------
2022-04-06 01:49:01.941 [Debug] received epp: 6951241

--------------------------------------------------------------------------------
2022-04-06 01:51:18.361 [Debug] received epp: 7087633

--------------------------------------------------------------------------------
2022-04-06 01:51:18.569 [Debug] received epp: 7087820

--------------------------------------------------------------------------------
2022-04-06 01:51:27.977 [Warn] 'Me' is null.

--------------------------------------------------------------------------------
2022-04-06 01:51:28.109 [Debug] received epp: 7097289

--------------------------------------------------------------------------------
2022-04-06 01:51:28.743 [Debug] received epp: 7097944

--------------------------------------------------------------------------------
2022-04-06 01:51:28.744 [Debug] received epp: 7097944

--------------------------------------------------------------------------------
2022-04-06 01:51:34.778 [Debug] received epp: 7104101

--------------------------------------------------------------------------------
2022-04-06 01:51:34.825 [Debug] received epp: 7104131

--------------------------------------------------------------------------------
2022-04-06 01:51:35.026 [Debug] received epp: 7104320

--------------------------------------------------------------------------------
2022-04-06 01:51:35.299 [Debug] received epp: 7104616

--------------------------------------------------------------------------------
2022-04-06 01:51:35.475 [Debug] received epp: 7104789

--------------------------------------------------------------------------------
2022-04-06 01:51:35.693 [Debug] received epp: 7105008

--------------------------------------------------------------------------------
2022-04-06 01:51:35.927 [Debug] received epp: 7105241

--------------------------------------------------------------------------------
2022-04-06 01:51:36.177 [Debug] received epp: 7105491

--------------------------------------------------------------------------------
2022-04-06 01:51:36.426 [Debug] received epp: 7105725

--------------------------------------------------------------------------------
2022-04-06 01:51:36.426 [Debug] received epp: 7105741

--------------------------------------------------------------------------------
2022-04-06 01:51:36.709 [Debug] received epp: 7106006

--------------------------------------------------------------------------------
2022-04-06 01:51:37.543 [Debug] received epp: 7106866

--------------------------------------------------------------------------------
2022-04-06 01:51:38.209 [Debug] received epp: 7107507

--------------------------------------------------------------------------------
2022-04-06 01:51:38.281 [Debug] received epp: 7107529

--------------------------------------------------------------------------------
2022-04-06 01:51:39.709 [Debug] received epp: 7109022

--------------------------------------------------------------------------------
2022-04-06 01:51:39.959 [Debug] received epp: 7109274

--------------------------------------------------------------------------------
2022-04-06 01:51:40.176 [Debug] received epp: 7109491

--------------------------------------------------------------------------------
2022-04-06 01:51:40.759 [Debug] received epp: 7110071

--------------------------------------------------------------------------------
2022-04-06 01:51:41.008 [Debug] received epp: 7110319

--------------------------------------------------------------------------------
2022-04-06 01:51:41.659 [Debug] received epp: 7110976

--------------------------------------------------------------------------------
2022-04-06 01:51:42.275 [Debug] received epp: 7111570

--------------------------------------------------------------------------------
2022-04-06 01:51:45.377 [Debug] received epp: 7114694

--------------------------------------------------------------------------------
2022-04-06 01:51:46.442 [Debug] received epp: 7115757

--------------------------------------------------------------------------------
2022-04-06 01:51:46.494 [Debug] received epp: 7115819

--------------------------------------------------------------------------------
2022-04-06 01:51:56.481 [Info] Acquiring context lock... (0ms)

--------------------------------------------------------------------------------
2022-04-06 01:51:56.482 [Info] Acquired. (0ms)

--------------------------------------------------------------------------------
2022-04-06 01:51:56.483 [Info] Beginning context dispose. (0ms)

--------------------------------------------------------------------------------
2022-04-06 01:51:56.484 [Info] GC.SuppressFinalize (0ms)

--------------------------------------------------------------------------------
2022-04-06 01:51:56.484 [Info] InternalDispose() completed. (0ms)

--------------------------------------------------------------------------------
2022-04-06 01:51:56.484 [Info] Clearing instance... (2ms)

--------------------------------------------------------------------------------
2022-04-06 01:51:56.484 [Info] Releasing context lock... (2ms)

--------------------------------------------------------------------------------
2022-04-06 01:51:56.484 [Info] Released. (2ms)

--------------------------------------------------------------------------------
2022-04-06 01:51:56.485 [Error] ObjectDisposedException: The CancellationTokenSource has been disposed.
    Stack:    at System.Threading.CancellationTokenSource.ThrowObjectDisposedException()
   at System.Threading.CancellationTokenSource.Cancel()
   at Intersect.Async.CancellableGenerator`1.Dispose()
   at Intersect.Client.Interface.Debugging.DebugWindow.Dispose()
   at Intersect.Client.Framework.Gwen.Control.Base.<>c.<Dispose>b__192_0(Base child)
   at System.Collections.Generic.List`1.ForEach(Action`1 action)
   at Intersect.Client.Framework.Gwen.Control.Base.Dispose()
   at Intersect.Client.Framework.Gwen.Control.Canvas.Dispose()
   at Intersect.Client.Interface.Game.GameInterface.Dispose()
   at Intersect.Client.Interface.Interface.InitGwen()
   at Intersect.Client.Core.Main.Logout(Boolean characterSelect)
   at Intersect.Client.Interface.Game.EscapeMenu.LogoutToCharacterSelect(Object sender, EventArgs e)
   at Intersect.Client.Interface.Game.EscapeMenu.GoToCharacterSelect_Clicked(Base sender, ClickedEventArgs arguments)
   at Intersect.Client.Framework.Gwen.Control.Base.OnMouseClickedLeft(Int32 x, Int32 y, Boolean down, Boolean automated)
   at Intersect.Client.Framework.Gwen.Control.Button.OnClicked(Int32 x, Int32 y)
   at Intersect.Client.Framework.Gwen.Control.Button.OnMouseClickedLeft(Int32 x, Int32 y, Boolean down, Boolean automated)
   at Intersect.Client.Framework.Gwen.Control.Base.InputMouseClickedLeft(Int32 x, Int32 y, Boolean down, Boolean automated)
   at Intersect.Client.Framework.Gwen.Input.InputHandler.OnMouseClicked(Base canvas, Int32 mouseButton, Boolean down)
   at Intersect.Client.Framework.Gwen.Control.Canvas.Input_MouseButton(Int32 button, Boolean down)
   at Intersect.Client.Framework.Gwen.Input.IntersectInput.ProcessMessage(Object message)
   at Intersect.Client.MonoGame.Input.MonoInput.CheckMouseButton(Keys modifier, ButtonState bs, MouseButtons mb)
   at Intersect.Client.MonoGame.Input.MonoInput.Update()
   at Intersect.Client.Core.Main.Update(TimeSpan deltaTime)
   at Intersect.Client.MonoGame.IntersectGame.Update(GameTime gameTime)
   at Microsoft.Xna.Framework.Game.DoUpdate(GameTime gameTime)
   at Microsoft.Xna.Framework.Game.Tick()
   at Microsoft.Xna.Framework.SdlGamePlatform.RunLoop()
   at Microsoft.Xna.Framework.Game.Run(GameRunBehavior runBehavior)
   at Intersect.Client.MonoGame.IntersectGame.MonoGameRunner.Start(IClientContext context, Action postStartupAction)
   at Intersect.Client.Core.ClientContext.InternalStart()
   at Intersect.Core.ApplicationContext`2.Start(Boolean lockUntilShutdown)


--------------------------------------------------------------------------------
