2022-04-29 20:46:47.259 [Info] Discovered 0 plugins:


--------------------------------------------------------------------------------
2022-04-29 20:46:48.446 [Info] Connecting to 38.129.153.213:5400...

--------------------------------------------------------------------------------
2022-04-29 20:46:48.886 [Info] Connection approved [00000000-0000-0000-0000-000000000000].

--------------------------------------------------------------------------------
2022-04-29 20:46:48.952 [Debug] approval Time=13074098 Offset=63786848934761 Real=63786862008860

--------------------------------------------------------------------------------
2022-04-29 20:46:48.952 [Debug] local Time=13074098 Offset=63786848934853 Real=63786862008951

--------------------------------------------------------------------------------
2022-04-29 20:46:48.952 [Debug] real delta=91

--------------------------------------------------------------------------------
2022-04-29 20:46:48.952 [Debug] this.Statistics.Ping=0 NCPing=14

--------------------------------------------------------------------------------
2022-04-29 20:46:48.954 [Debug] Connection established to remote [00000000-0000-0000-0000-000000000000/38.129.153.213:5400].

--------------------------------------------------------------------------------
2022-04-29 20:46:48.954 [Info] Connected [00000000-0000-0000-0000-000000000000].

--------------------------------------------------------------------------------
2022-04-29 20:46:54.074 [Warn] 'Me' is null.

--------------------------------------------------------------------------------
2022-04-29 20:46:54.670 [Debug] received epp: 13079254

--------------------------------------------------------------------------------
2022-04-29 20:46:58.141 [Debug] received epp: 13083332

--------------------------------------------------------------------------------
2022-04-29 20:46:58.145 [Debug] received epp: 13083348

--------------------------------------------------------------------------------
2022-04-29 20:46:58.328 [Debug] received epp: 13083551

--------------------------------------------------------------------------------
2022-04-29 20:46:58.876 [Debug] received epp: 13084098

--------------------------------------------------------------------------------
2022-04-29 20:46:59.544 [Debug] received epp: 13084770

--------------------------------------------------------------------------------
2022-04-29 20:50:37.830 [Debug] received epp: 13303052

--------------------------------------------------------------------------------
2022-04-29 20:50:41.530 [Debug] received epp: 13306755

--------------------------------------------------------------------------------
2022-04-29 20:50:44.210 [Debug] received epp: 13309426

--------------------------------------------------------------------------------
2022-04-29 20:50:44.260 [Debug] received epp: 13309426

--------------------------------------------------------------------------------
2022-04-29 20:50:45.266 [Debug] received epp: 13310488

--------------------------------------------------------------------------------
2022-04-29 20:50:50.912 [Debug] received epp: 13316130

--------------------------------------------------------------------------------
2022-04-29 20:50:53.309 [Debug] received epp: 13318521

--------------------------------------------------------------------------------
2022-04-29 20:50:53.516 [Debug] received epp: 13318521

--------------------------------------------------------------------------------
2022-04-29 20:50:54.214 [Debug] received epp: 13319427

--------------------------------------------------------------------------------
2022-04-29 20:50:54.425 [Debug] received epp: 13319646

--------------------------------------------------------------------------------
2022-04-29 20:50:55.516 [Debug] received epp: 13320724

--------------------------------------------------------------------------------
2022-04-29 20:50:56.404 [Debug] received epp: 13321630

--------------------------------------------------------------------------------
2022-04-29 20:56:09.724 [Debug] received epp: 13634912

--------------------------------------------------------------------------------
2022-04-29 21:06:37.274 [Debug] received epp: 14262474

--------------------------------------------------------------------------------
2022-04-29 21:06:40.411 [Debug] received epp: 14265629

--------------------------------------------------------------------------------
2022-04-29 21:06:40.626 [Debug] received epp: 14265849

--------------------------------------------------------------------------------
2022-04-29 21:06:43.279 [Debug] received epp: 14268505

--------------------------------------------------------------------------------
2022-04-29 21:09:30.126 [Debug] received epp: 14435349

--------------------------------------------------------------------------------
2022-04-29 21:09:30.364 [Debug] received epp: 14435582

--------------------------------------------------------------------------------
2022-04-29 21:09:31.734 [Debug] received epp: 14436958

--------------------------------------------------------------------------------
2022-04-29 21:13:48.577 [Debug] received epp: 14693786

--------------------------------------------------------------------------------
2022-04-29 21:29:16.383 [Debug] received epp: 15621598

--------------------------------------------------------------------------------
2022-04-29 21:29:16.703 [Debug] received epp: 15621927

--------------------------------------------------------------------------------
2022-04-29 21:29:17.266 [Debug] received epp: 15622489

--------------------------------------------------------------------------------
2022-04-29 21:29:17.577 [Debug] received epp: 15622786

--------------------------------------------------------------------------------
2022-04-29 21:29:18.175 [Debug] received epp: 15623395

--------------------------------------------------------------------------------
2022-04-29 21:43:02.112 [Debug] received epp: 16447332

--------------------------------------------------------------------------------
2022-04-29 21:43:02.162 [Debug] received epp: 16447332

--------------------------------------------------------------------------------
2022-04-29 21:48:03.112 [Debug] received epp: 16748332

--------------------------------------------------------------------------------
2022-04-29 21:51:42.041 [Debug] received epp: 16967271

--------------------------------------------------------------------------------
2022-04-29 23:23:25.047 [Debug] StatusChanged: [NetIncomingMessage #631 10 bytes] [Disconnecting]

--------------------------------------------------------------------------------
2022-04-29 23:23:25.048 [Debug] StatusChanged: [NetIncomingMessage #0 10 bytes] [Disconnected]

--------------------------------------------------------------------------------
2022-04-29 23:23:25.049 [Debug] Connection terminated to remote [00000000-0000-0000-0000-000000000000/38.129.153.213:5400].

--------------------------------------------------------------------------------
2022-04-29 23:23:25.049 [Info] Disconnected [00000000-0000-0000-0000-000000000000].

--------------------------------------------------------------------------------
2022-04-29 23:23:25.106 [Info] Acquiring context lock... (0ms)

--------------------------------------------------------------------------------
2022-04-29 23:23:25.106 [Info] Acquired. (0ms)

--------------------------------------------------------------------------------
2022-04-29 23:23:25.107 [Info] Beginning context dispose. (0ms)

--------------------------------------------------------------------------------
2022-04-29 23:23:25.108 [Info] GC.SuppressFinalize (0ms)

--------------------------------------------------------------------------------
2022-04-29 23:23:25.108 [Info] InternalDispose() completed. (0ms)

--------------------------------------------------------------------------------
2022-04-29 23:23:25.108 [Info] Clearing instance... (1ms)

--------------------------------------------------------------------------------
2022-04-29 23:23:25.108 [Info] Releasing context lock... (1ms)

--------------------------------------------------------------------------------
2022-04-29 23:23:25.108 [Info] Released. (1ms)

--------------------------------------------------------------------------------
