2022-04-03 20:05:21.326 [Info] Discovered 0 plugins:


--------------------------------------------------------------------------------
2022-04-03 20:05:22.368 [Info] Connecting to 38.129.153.213:5400...

--------------------------------------------------------------------------------
2022-04-03 20:05:22.800 [Info] Connection approved [00000000-0000-0000-0000-000000000000].

--------------------------------------------------------------------------------
2022-04-03 20:05:22.870 [Debug] approval Time=682048 Offset=63784612440734 Real=63784613122782

--------------------------------------------------------------------------------
2022-04-03 20:05:22.870 [Debug] local Time=682048 Offset=63784612440821 Real=63784613122870

--------------------------------------------------------------------------------
2022-04-03 20:05:22.870 [Debug] real delta=87

--------------------------------------------------------------------------------
2022-04-03 20:05:22.871 [Debug] this.Statistics.Ping=0 NCPing=8

--------------------------------------------------------------------------------
2022-04-03 20:05:22.872 [Debug] Connection established to remote [00000000-0000-0000-0000-000000000000/38.129.153.213:5400].

--------------------------------------------------------------------------------
2022-04-03 20:05:22.875 [Info] Connected [00000000-0000-0000-0000-000000000000].

--------------------------------------------------------------------------------
2022-04-03 20:06:29.367 [Debug] StatusChanged: [NetIncomingMessage #0 10 bytes] [Disconnecting]

--------------------------------------------------------------------------------
2022-04-03 20:06:29.370 [Debug] StatusChanged: [NetIncomingMessage #0 10 bytes] [Disconnected]

--------------------------------------------------------------------------------
2022-04-03 20:06:29.412 [Info] Acquiring context lock... (0ms)

--------------------------------------------------------------------------------
2022-04-03 20:06:29.412 [Info] Acquired. (0ms)

--------------------------------------------------------------------------------
2022-04-03 20:06:29.412 [Info] Beginning context dispose. (0ms)

--------------------------------------------------------------------------------
2022-04-03 20:06:29.413 [Info] GC.SuppressFinalize (0ms)

--------------------------------------------------------------------------------
2022-04-03 20:06:29.413 [Info] InternalDispose() completed. (0ms)

--------------------------------------------------------------------------------
2022-04-03 20:06:29.413 [Info] Clearing instance... (1ms)

--------------------------------------------------------------------------------
2022-04-03 20:06:29.413 [Info] Releasing context lock... (1ms)

--------------------------------------------------------------------------------
2022-04-03 20:06:29.413 [Info] Released. (1ms)

--------------------------------------------------------------------------------
