2022-04-03 19:56:25.917 [Info] Discovered 0 plugins:


--------------------------------------------------------------------------------
2022-04-03 19:56:26.884 [Info] Connecting to 38.129.153.213:5400...

--------------------------------------------------------------------------------
2022-04-03 19:56:27.295 [Info] Connection approved [00000000-0000-0000-0000-000000000000].

--------------------------------------------------------------------------------
2022-04-03 19:56:27.366 [Debug] approval Time=146533 Offset=63784612440734 Real=63784612587267

--------------------------------------------------------------------------------
2022-04-03 19:56:27.366 [Debug] local Time=146533 Offset=63784612440832 Real=63784612587366

--------------------------------------------------------------------------------
2022-04-03 19:56:27.366 [Debug] real delta=98

--------------------------------------------------------------------------------
2022-04-03 19:56:27.366 [Debug] this.Statistics.Ping=0 NCPing=13

--------------------------------------------------------------------------------
2022-04-03 19:56:27.368 [Debug] Connection established to remote [00000000-0000-0000-0000-000000000000/38.129.153.213:5400].

--------------------------------------------------------------------------------
2022-04-03 19:56:27.368 [Info] Connected [00000000-0000-0000-0000-000000000000].

--------------------------------------------------------------------------------
2022-04-03 19:56:36.965 [Debug] StatusChanged: [NetIncomingMessage #0 10 bytes] [Disconnecting]

--------------------------------------------------------------------------------
2022-04-03 19:56:36.968 [Debug] StatusChanged: [NetIncomingMessage #0 10 bytes] [Disconnected]

--------------------------------------------------------------------------------
2022-04-03 19:56:37.002 [Info] Acquiring context lock... (0ms)

--------------------------------------------------------------------------------
2022-04-03 19:56:37.002 [Info] Acquired. (0ms)

--------------------------------------------------------------------------------
2022-04-03 19:56:37.003 [Info] Beginning context dispose. (0ms)

--------------------------------------------------------------------------------
2022-04-03 19:56:37.003 [Info] GC.SuppressFinalize (0ms)

--------------------------------------------------------------------------------
2022-04-03 19:56:37.003 [Info] InternalDispose() completed. (0ms)

--------------------------------------------------------------------------------
2022-04-03 19:56:37.003 [Info] Clearing instance... (1ms)

--------------------------------------------------------------------------------
2022-04-03 19:56:37.003 [Info] Releasing context lock... (1ms)

--------------------------------------------------------------------------------
2022-04-03 19:56:37.003 [Info] Released. (1ms)

--------------------------------------------------------------------------------
