2022-04-03 22:43:24.890 [Info] Discovered 0 plugins:


--------------------------------------------------------------------------------
2022-04-03 22:43:25.889 [Info] Connecting to 38.129.153.213:5400...

--------------------------------------------------------------------------------
2022-04-03 22:43:26.316 [Info] Connection approved [00000000-0000-0000-0000-000000000000].

--------------------------------------------------------------------------------
2022-04-03 22:43:26.383 [Debug] approval Time=8394031 Offset=63784614212267 Real=63784622606298

--------------------------------------------------------------------------------
2022-04-03 22:43:26.383 [Debug] local Time=8394031 Offset=63784614212352 Real=63784622606383

--------------------------------------------------------------------------------
2022-04-03 22:43:26.384 [Debug] real delta=85

--------------------------------------------------------------------------------
2022-04-03 22:43:26.384 [Debug] this.Statistics.Ping=0 NCPing=6

--------------------------------------------------------------------------------
2022-04-03 22:43:26.386 [Debug] Connection established to remote [00000000-0000-0000-0000-000000000000/38.129.153.213:5400].

--------------------------------------------------------------------------------
2022-04-03 22:43:26.386 [Info] Connected [00000000-0000-0000-0000-000000000000].

--------------------------------------------------------------------------------
2022-04-03 22:43:32.008 [Warn] 'Me' is null.

--------------------------------------------------------------------------------
2022-04-03 22:43:32.241 [Debug] received epp: 8399671

--------------------------------------------------------------------------------
2022-04-03 22:44:35.482 [Warn] 'Me' is null.

--------------------------------------------------------------------------------
2022-04-03 22:44:35.550 [Debug] received epp: 8463203

--------------------------------------------------------------------------------
2022-04-03 22:45:14.915 [Warn] 'Me' is null.

--------------------------------------------------------------------------------
2022-04-03 22:45:14.931 [Warn] 'GameUi' is null.

--------------------------------------------------------------------------------
2022-04-03 22:45:14.931 [Debug] received epp: 8502609

--------------------------------------------------------------------------------
2022-04-03 22:46:30.679 [Warn] 'Me' is null.

--------------------------------------------------------------------------------
2022-04-03 22:46:30.751 [Debug] received epp: 8578390

--------------------------------------------------------------------------------
2022-04-03 22:48:34.033 [Warn] 'Me' is null.

--------------------------------------------------------------------------------
2022-04-03 22:48:34.096 [Debug] received epp: 8701749

--------------------------------------------------------------------------------
2022-04-03 22:53:20.213 [Warn] 'Me' is null.

--------------------------------------------------------------------------------
2022-04-03 22:53:20.282 [Debug] received epp: 8987889

--------------------------------------------------------------------------------
2022-04-03 22:54:44.848 [Warn] 'Me' is null.

--------------------------------------------------------------------------------
2022-04-03 22:54:44.912 [Debug] received epp: 9072561

--------------------------------------------------------------------------------
2022-04-03 23:03:02.801 [Warn] 'Me' is null.

--------------------------------------------------------------------------------
2022-04-03 23:03:02.863 [Debug] received epp: 9570515

--------------------------------------------------------------------------------
2022-04-03 23:34:37.657 [Warn] 'Me' is null.

--------------------------------------------------------------------------------
2022-04-03 23:34:37.719 [Debug] received epp: 11465375

--------------------------------------------------------------------------------
2022-04-03 23:37:16.487 [Debug] StatusChanged: [NetIncomingMessage #957 10 bytes] [Disconnecting]

--------------------------------------------------------------------------------
2022-04-03 23:37:16.489 [Debug] StatusChanged: [NetIncomingMessage #958 10 bytes] [Disconnected]

--------------------------------------------------------------------------------
2022-04-03 23:37:16.529 [Info] Acquiring context lock... (0ms)

--------------------------------------------------------------------------------
2022-04-03 23:37:16.530 [Info] Acquired. (0ms)

--------------------------------------------------------------------------------
2022-04-03 23:37:16.531 [Info] Beginning context dispose. (0ms)

--------------------------------------------------------------------------------
2022-04-03 23:37:16.531 [Info] GC.SuppressFinalize (0ms)

--------------------------------------------------------------------------------
2022-04-03 23:37:16.531 [Info] InternalDispose() completed. (0ms)

--------------------------------------------------------------------------------
2022-04-03 23:37:16.531 [Info] Clearing instance... (1ms)

--------------------------------------------------------------------------------
2022-04-03 23:37:16.531 [Info] Releasing context lock... (2ms)

--------------------------------------------------------------------------------
2022-04-03 23:37:16.531 [Info] Released. (2ms)

--------------------------------------------------------------------------------
