2022-04-30 21:34:43.031 [Info] Connecting to 38.129.153.213:5400...

--------------------------------------------------------------------------------
2022-04-30 21:34:43.671 [Info] Connection approved [00000000-0000-0000-0000-000000000000].

--------------------------------------------------------------------------------
2022-04-30 21:34:43.731 [Debug] approval Time=55891 Offset=63786951227719 Real=63786951283610

--------------------------------------------------------------------------------
2022-04-30 21:34:43.731 [Debug] local Time=55891 Offset=63786951227839 Real=63786951283730

--------------------------------------------------------------------------------
2022-04-30 21:34:43.731 [Debug] real delta=120

--------------------------------------------------------------------------------
2022-04-30 21:34:43.731 [Debug] this.Statistics.Ping=0 NCPing=8

--------------------------------------------------------------------------------
2022-04-30 21:34:43.733 [Debug] Connection established to remote [00000000-0000-0000-0000-000000000000/38.129.153.213:5400].

--------------------------------------------------------------------------------
2022-04-30 21:34:43.733 [Info] Connected [00000000-0000-0000-0000-000000000000].

--------------------------------------------------------------------------------
2022-04-30 23:49:19.086 [Debug] StatusChanged: [NetIncomingMessage #0 10 bytes] [Disconnecting]

--------------------------------------------------------------------------------
2022-04-30 23:49:19.096 [Debug] StatusChanged: [NetIncomingMessage #0 10 bytes] [Disconnected]

--------------------------------------------------------------------------------
2022-04-30 23:49:19.096 [Debug] Connection terminated to remote [00000000-0000-0000-0000-000000000000/38.129.153.213:5400].

--------------------------------------------------------------------------------
2022-04-30 23:49:19.096 [Info] Disconnected [00000000-0000-0000-0000-000000000000].

--------------------------------------------------------------------------------
