2022-04-03 15:09:08.750 [Info] Discovered 0 plugins:


--------------------------------------------------------------------------------
2022-04-03 15:09:09.822 [Info] Connecting to 38.129.153.213:5400...

--------------------------------------------------------------------------------
2022-04-03 15:09:10.260 [Info] Connection approved [00000000-0000-0000-0000-000000000000].

--------------------------------------------------------------------------------
2022-04-03 15:09:10.338 [Debug] approval Time=560244 Offset=63784594789990 Real=63784595350234

--------------------------------------------------------------------------------
2022-04-03 15:09:10.338 [Debug] local Time=560244 Offset=63784594790094 Real=63784595350338

--------------------------------------------------------------------------------
2022-04-03 15:09:10.338 [Debug] real delta=104

--------------------------------------------------------------------------------
2022-04-03 15:09:10.338 [Debug] this.Statistics.Ping=0 NCPing=7

--------------------------------------------------------------------------------
2022-04-03 15:09:10.344 [Debug] Connection established to remote [00000000-0000-0000-0000-000000000000/38.129.153.213:5400].

--------------------------------------------------------------------------------
2022-04-03 15:09:10.344 [Info] Connected [00000000-0000-0000-0000-000000000000].

--------------------------------------------------------------------------------
2022-04-03 15:09:38.596 [Warn] 'Me' is null.

--------------------------------------------------------------------------------
2022-04-03 15:09:38.797 [Debug] received epp: 588528

--------------------------------------------------------------------------------
2022-04-03 15:09:54.668 [Debug] received epp: 604667

--------------------------------------------------------------------------------
2022-04-03 15:10:50.971 [Debug] received epp: 660948

--------------------------------------------------------------------------------
2022-04-03 15:10:51.166 [Debug] received epp: 660948

--------------------------------------------------------------------------------
2022-04-03 15:10:56.687 [Debug] received epp: 666682

--------------------------------------------------------------------------------
2022-04-03 15:10:56.754 [Debug] received epp: 666682

--------------------------------------------------------------------------------
2022-04-03 15:11:06.221 [Debug] received epp: 676213

--------------------------------------------------------------------------------
2022-04-03 15:11:06.405 [Debug] received epp: 676213

--------------------------------------------------------------------------------
2022-04-03 15:11:25.201 [Debug] received epp: 695198

--------------------------------------------------------------------------------
2022-04-03 15:11:25.418 [Debug] received epp: 695417

--------------------------------------------------------------------------------
2022-04-03 15:11:25.936 [Debug] received epp: 695932

--------------------------------------------------------------------------------
2022-04-03 15:11:26.352 [Debug] received epp: 696339

--------------------------------------------------------------------------------
2022-04-03 15:11:34.644 [Debug] received epp: 704635

--------------------------------------------------------------------------------
2022-04-03 15:13:07.274 [Debug] received epp: 797229

--------------------------------------------------------------------------------
2022-04-03 15:14:57.674 [Debug] received epp: 907667

--------------------------------------------------------------------------------
2022-04-03 15:16:20.456 [Debug] received epp: 990449

--------------------------------------------------------------------------------
2022-04-03 15:16:37.423 [Debug] received epp: 1007416

--------------------------------------------------------------------------------
2022-04-03 15:17:12.020 [Debug] received epp: 1042011

--------------------------------------------------------------------------------
2022-04-03 15:17:12.041 [Debug] received epp: 1042011

--------------------------------------------------------------------------------
2022-04-03 15:17:16.554 [Debug] received epp: 1046541

--------------------------------------------------------------------------------
2022-04-03 15:17:16.718 [Debug] received epp: 1046541

--------------------------------------------------------------------------------
2022-04-03 15:17:28.870 [Debug] received epp: 1058855

--------------------------------------------------------------------------------
2022-04-03 15:17:28.901 [Debug] received epp: 1058855

--------------------------------------------------------------------------------
2022-04-03 15:17:49.305 [Debug] received epp: 1079291

--------------------------------------------------------------------------------
2022-04-03 15:17:49.479 [Debug] received epp: 1079291

--------------------------------------------------------------------------------
2022-04-03 15:18:15.307 [Debug] received epp: 1105307

--------------------------------------------------------------------------------
2022-04-03 15:18:24.134 [Debug] received epp: 1114087

--------------------------------------------------------------------------------
2022-04-03 15:18:53.131 [Debug] received epp: 1143088

--------------------------------------------------------------------------------
2022-04-03 15:19:04.037 [Debug] received epp: 1154009

--------------------------------------------------------------------------------
2022-04-03 15:22:26.956 [Debug] StatusChanged: [NetIncomingMessage #397 10 bytes] [Disconnecting]

--------------------------------------------------------------------------------
2022-04-03 15:22:26.958 [Debug] StatusChanged: [NetIncomingMessage #398 10 bytes] [Disconnected]

--------------------------------------------------------------------------------
2022-04-03 15:22:27.007 [Info] Acquiring context lock... (0ms)

--------------------------------------------------------------------------------
2022-04-03 15:22:27.007 [Info] Acquired. (0ms)

--------------------------------------------------------------------------------
2022-04-03 15:22:27.008 [Info] Beginning context dispose. (0ms)

--------------------------------------------------------------------------------
2022-04-03 15:22:27.009 [Info] GC.SuppressFinalize (0ms)

--------------------------------------------------------------------------------
2022-04-03 15:22:27.009 [Info] InternalDispose() completed. (0ms)

--------------------------------------------------------------------------------
2022-04-03 15:22:27.009 [Info] Clearing instance... (2ms)

--------------------------------------------------------------------------------
2022-04-03 15:22:27.009 [Info] Releasing context lock... (2ms)

--------------------------------------------------------------------------------
2022-04-03 15:22:27.009 [Info] Released. (2ms)

--------------------------------------------------------------------------------
