2022-04-03 17:50:54.735 [Info] Discovered 0 plugins:


--------------------------------------------------------------------------------
2022-04-03 17:50:55.744 [Info] Connecting to 38.129.153.213:5400...

--------------------------------------------------------------------------------
2022-04-03 17:50:56.163 [Info] Connection approved [00000000-0000-0000-0000-000000000000].

--------------------------------------------------------------------------------
2022-04-03 17:50:56.229 [Debug] approval Time=10266151 Offset=63784594789990 Real=63784605056141

--------------------------------------------------------------------------------
2022-04-03 17:50:56.229 [Debug] local Time=10266151 Offset=63784594790078 Real=63784605056229

--------------------------------------------------------------------------------
2022-04-03 17:50:56.230 [Debug] real delta=87

--------------------------------------------------------------------------------
2022-04-03 17:50:56.230 [Debug] this.Statistics.Ping=0 NCPing=6

--------------------------------------------------------------------------------
2022-04-03 17:50:56.232 [Debug] Connection established to remote [00000000-0000-0000-0000-000000000000/38.129.153.213:5400].

--------------------------------------------------------------------------------
2022-04-03 17:50:56.232 [Info] Connected [00000000-0000-0000-0000-000000000000].

--------------------------------------------------------------------------------
2022-04-03 17:51:05.648 [Debug] StatusChanged: [NetIncomingMessage #0 10 bytes] [Disconnecting]

--------------------------------------------------------------------------------
2022-04-03 17:51:05.651 [Debug] StatusChanged: [NetIncomingMessage #0 10 bytes] [Disconnected]

--------------------------------------------------------------------------------
2022-04-03 17:51:05.685 [Info] Acquiring context lock... (0ms)

--------------------------------------------------------------------------------
2022-04-03 17:51:05.686 [Info] Acquired. (0ms)

--------------------------------------------------------------------------------
2022-04-03 17:51:05.687 [Info] Beginning context dispose. (0ms)

--------------------------------------------------------------------------------
2022-04-03 17:51:05.687 [Info] GC.SuppressFinalize (0ms)

--------------------------------------------------------------------------------
2022-04-03 17:51:05.687 [Info] InternalDispose() completed. (0ms)

--------------------------------------------------------------------------------
2022-04-03 17:51:05.687 [Info] Clearing instance... (1ms)

--------------------------------------------------------------------------------
2022-04-03 17:51:05.687 [Info] Releasing context lock... (1ms)

--------------------------------------------------------------------------------
2022-04-03 17:51:05.687 [Info] Released. (1ms)

--------------------------------------------------------------------------------
