2022-04-03 17:36:10.467 [Info] Discovered 0 plugins:


--------------------------------------------------------------------------------
2022-04-03 17:36:11.425 [Info] Connecting to 38.129.153.213:5400...

--------------------------------------------------------------------------------
2022-04-03 17:36:11.862 [Info] Connection approved [00000000-0000-0000-0000-000000000000].

--------------------------------------------------------------------------------
2022-04-03 17:36:11.931 [Debug] approval Time=9381854 Offset=63784594789990 Real=63784604171845

--------------------------------------------------------------------------------
2022-04-03 17:36:11.931 [Debug] local Time=9381854 Offset=63784594790076 Real=63784604171931

--------------------------------------------------------------------------------
2022-04-03 17:36:11.931 [Debug] real delta=85

--------------------------------------------------------------------------------
2022-04-03 17:36:11.931 [Debug] this.Statistics.Ping=0 NCPing=8

--------------------------------------------------------------------------------
2022-04-03 17:36:11.936 [Debug] Connection established to remote [00000000-0000-0000-0000-000000000000/38.129.153.213:5400].

--------------------------------------------------------------------------------
2022-04-03 17:36:11.936 [Info] Connected [00000000-0000-0000-0000-000000000000].

--------------------------------------------------------------------------------
2022-04-03 17:36:54.778 [Debug] StatusChanged: [NetIncomingMessage #0 10 bytes] [Disconnecting]

--------------------------------------------------------------------------------
2022-04-03 17:36:54.782 [Debug] StatusChanged: [NetIncomingMessage #0 10 bytes] [Disconnected]

--------------------------------------------------------------------------------
2022-04-03 17:36:54.815 [Info] Acquiring context lock... (0ms)

--------------------------------------------------------------------------------
2022-04-03 17:36:54.815 [Info] Acquired. (0ms)

--------------------------------------------------------------------------------
2022-04-03 17:36:54.815 [Info] Beginning context dispose. (0ms)

--------------------------------------------------------------------------------
2022-04-03 17:36:54.816 [Info] GC.SuppressFinalize (0ms)

--------------------------------------------------------------------------------
2022-04-03 17:36:54.816 [Info] InternalDispose() completed. (0ms)

--------------------------------------------------------------------------------
2022-04-03 17:36:54.816 [Info] Clearing instance... (1ms)

--------------------------------------------------------------------------------
2022-04-03 17:36:54.816 [Info] Releasing context lock... (1ms)

--------------------------------------------------------------------------------
2022-04-03 17:36:54.816 [Info] Released. (1ms)

--------------------------------------------------------------------------------
