2022-04-29 17:08:58.614 [Info] Connecting to 38.129.153.213:5400...

--------------------------------------------------------------------------------
2022-04-29 17:08:59.261 [Info] Connection approved [00000000-0000-0000-0000-000000000000].

--------------------------------------------------------------------------------
2022-04-29 17:08:59.323 [Debug] approval Time=4442 Offset=63786848934761 Real=63786848939204

--------------------------------------------------------------------------------
2022-04-29 17:08:59.323 [Debug] local Time=4442 Offset=63786848934880 Real=63786848939323

--------------------------------------------------------------------------------
2022-04-29 17:08:59.323 [Debug] real delta=119

--------------------------------------------------------------------------------
2022-04-29 17:08:59.323 [Debug] this.Statistics.Ping=0 NCPing=9

--------------------------------------------------------------------------------
2022-04-29 17:08:59.325 [Debug] Connection established to remote [00000000-0000-0000-0000-000000000000/38.129.153.213:5400].

--------------------------------------------------------------------------------
2022-04-29 17:08:59.325 [Info] Connected [00000000-0000-0000-0000-000000000000].

--------------------------------------------------------------------------------
2022-04-29 18:56:50.444 [Debug] StatusChanged: [NetIncomingMessage #0 10 bytes] [Disconnecting]

--------------------------------------------------------------------------------
2022-04-29 18:56:50.455 [Debug] StatusChanged: [NetIncomingMessage #0 10 bytes] [Disconnected]

--------------------------------------------------------------------------------
2022-04-29 18:56:50.455 [Debug] Connection terminated to remote [00000000-0000-0000-0000-000000000000/38.129.153.213:5400].

--------------------------------------------------------------------------------
2022-04-29 18:56:50.455 [Info] Disconnected [00000000-0000-0000-0000-000000000000].

--------------------------------------------------------------------------------
