2022-04-03 16:56:11.191 [Info] Discovered 0 plugins:


--------------------------------------------------------------------------------
2022-04-03 16:56:12.220 [Info] Connecting to 38.129.153.213:5400...

--------------------------------------------------------------------------------
2022-04-03 16:56:12.638 [Info] Connection approved [00000000-0000-0000-0000-000000000000].

--------------------------------------------------------------------------------
2022-04-03 16:56:12.707 [Debug] approval Time=6982634 Offset=63784594789990 Real=63784601772625

--------------------------------------------------------------------------------
2022-04-03 16:56:12.707 [Debug] local Time=6982634 Offset=63784594790072 Real=63784601772707

--------------------------------------------------------------------------------
2022-04-03 16:56:12.708 [Debug] real delta=81

--------------------------------------------------------------------------------
2022-04-03 16:56:12.708 [Debug] this.Statistics.Ping=0 NCPing=6

--------------------------------------------------------------------------------
2022-04-03 16:56:12.712 [Debug] Connection established to remote [00000000-0000-0000-0000-000000000000/38.129.153.213:5400].

--------------------------------------------------------------------------------
2022-04-03 16:56:12.712 [Info] Connected [00000000-0000-0000-0000-000000000000].

--------------------------------------------------------------------------------
2022-04-03 17:24:44.358 [Debug] StatusChanged: [NetIncomingMessage #0 10 bytes] [Disconnecting]

--------------------------------------------------------------------------------
2022-04-03 17:24:44.361 [Debug] StatusChanged: [NetIncomingMessage #0 10 bytes] [Disconnected]

--------------------------------------------------------------------------------
2022-04-03 17:24:44.399 [Info] Acquiring context lock... (0ms)

--------------------------------------------------------------------------------
2022-04-03 17:24:44.399 [Info] Acquired. (0ms)

--------------------------------------------------------------------------------
2022-04-03 17:24:44.400 [Info] Beginning context dispose. (0ms)

--------------------------------------------------------------------------------
2022-04-03 17:24:44.400 [Info] GC.SuppressFinalize (0ms)

--------------------------------------------------------------------------------
2022-04-03 17:24:44.400 [Info] InternalDispose() completed. (0ms)

--------------------------------------------------------------------------------
2022-04-03 17:24:44.400 [Info] Clearing instance... (1ms)

--------------------------------------------------------------------------------
2022-04-03 17:24:44.400 [Info] Releasing context lock... (1ms)

--------------------------------------------------------------------------------
2022-04-03 17:24:44.400 [Info] Released. (1ms)

--------------------------------------------------------------------------------
