2022-04-29 18:40:05.218 [Info] Discovered 0 plugins:


--------------------------------------------------------------------------------
2022-04-29 18:40:06.425 [Info] Connecting to 38.129.153.213:5400...

--------------------------------------------------------------------------------
2022-04-29 18:40:06.941 [Info] Connection approved [00000000-0000-0000-0000-000000000000].

--------------------------------------------------------------------------------
2022-04-29 18:40:07.012 [Debug] approval Time=5472162 Offset=63786848934761 Real=63786854406923

--------------------------------------------------------------------------------
2022-04-29 18:40:07.013 [Debug] local Time=5472162 Offset=63786848934850 Real=63786854407012

--------------------------------------------------------------------------------
2022-04-29 18:40:07.013 [Debug] real delta=88

--------------------------------------------------------------------------------
2022-04-29 18:40:07.013 [Debug] this.Statistics.Ping=0 NCPing=5

--------------------------------------------------------------------------------
2022-04-29 18:40:07.015 [Debug] Connection established to remote [00000000-0000-0000-0000-000000000000/38.129.153.213:5400].

--------------------------------------------------------------------------------
2022-04-29 18:40:07.015 [Info] Connected [00000000-0000-0000-0000-000000000000].

--------------------------------------------------------------------------------
2022-04-29 18:40:10.142 [Warn] 'Me' is null.

--------------------------------------------------------------------------------
2022-04-29 18:40:10.433 [Debug] received epp: 5475318

--------------------------------------------------------------------------------
2022-04-29 18:40:15.838 [Debug] received epp: 5481066

--------------------------------------------------------------------------------
2022-04-29 18:40:16.018 [Debug] received epp: 5481240

--------------------------------------------------------------------------------
2022-04-29 18:40:16.220 [Debug] received epp: 5481441

--------------------------------------------------------------------------------
2022-04-29 18:40:16.644 [Debug] received epp: 5481864

--------------------------------------------------------------------------------
2022-04-29 18:40:16.832 [Debug] received epp: 5482052

--------------------------------------------------------------------------------
2022-04-29 18:40:17.568 [Debug] received epp: 5482785

--------------------------------------------------------------------------------
2022-04-29 18:40:18.497 [Debug] received epp: 5483707

--------------------------------------------------------------------------------
2022-04-29 18:40:37.157 [Debug] received epp: 5502380

--------------------------------------------------------------------------------
2022-04-29 18:40:40.510 [Debug] received epp: 5505739

--------------------------------------------------------------------------------
2022-04-29 18:40:43.955 [Debug] received epp: 5509177

--------------------------------------------------------------------------------
2022-04-29 18:40:44.177 [Debug] received epp: 5509396

--------------------------------------------------------------------------------
2022-04-29 18:40:44.353 [Debug] received epp: 5509583

--------------------------------------------------------------------------------
2022-04-29 18:40:44.545 [Debug] received epp: 5509770

--------------------------------------------------------------------------------
2022-04-29 18:40:44.754 [Debug] received epp: 5509973

--------------------------------------------------------------------------------
2022-04-29 18:40:44.977 [Debug] received epp: 5510193

--------------------------------------------------------------------------------
2022-04-29 18:40:45.435 [Debug] received epp: 5510661

--------------------------------------------------------------------------------
2022-04-29 18:40:46.103 [Debug] received epp: 5511333

--------------------------------------------------------------------------------
2022-04-29 18:40:48.942 [Debug] received epp: 5514162

--------------------------------------------------------------------------------
2022-04-29 18:40:50.768 [Debug] received epp: 5515974

--------------------------------------------------------------------------------
2022-04-29 18:40:50.819 [Debug] received epp: 5515974

--------------------------------------------------------------------------------
2022-04-29 18:40:51.970 [Debug] received epp: 5517193

--------------------------------------------------------------------------------
2022-04-29 18:41:00.405 [Error] Received unhandled exception from System.Threading.Tasks.ContinuationTaskFromTask.

--------------------------------------------------------------------------------
2022-04-29 18:41:00.405 [Error] AggregateException: A Task's exception(s) were not observed either by Waiting on the Task or accessing its Exception property. As a result, the unobserved exception was rethrown by the finalizer thread.

Caused By
ArgumentOutOfRangeException: Index was out of range. Must be non-negative and less than the size of the collection.
Parameter name: index
    Stack:    at System.ThrowHelper.ThrowArgumentOutOfRangeException(ExceptionArgument argument, ExceptionResource resource)
   at System.Collections.Generic.List`1.RemoveAt(Int32 index)
   at System.Collections.Generic.List`1.Remove(T item)
   at Intersect.Client.Framework.Content.ContentWatcher.<>c__DisplayClass12_0.<Modify>b__0(Task completedTask)
   at System.Threading.Tasks.Task.Execute()


--------------------------------------------------------------------------------
2022-04-29 18:41:00.407 [Error] Caused by:

--------------------------------------------------------------------------------
2022-04-29 18:41:00.407 [Error] ArgumentOutOfRangeException: Index was out of range. Must be non-negative and less than the size of the collection.
Parameter name: index
    Stack:    at System.ThrowHelper.ThrowArgumentOutOfRangeException(ExceptionArgument argument, ExceptionResource resource)
   at System.Collections.Generic.List`1.RemoveAt(Int32 index)
   at System.Collections.Generic.List`1.Remove(T item)
   at Intersect.Client.Framework.Content.ContentWatcher.<>c__DisplayClass12_0.<Modify>b__0(Task completedTask)
   at System.Threading.Tasks.Task.Execute()


--------------------------------------------------------------------------------
2022-04-29 18:41:00.408 [Info] Acquiring context lock... (0ms)

--------------------------------------------------------------------------------
2022-04-29 18:41:00.408 [Info] Acquired. (0ms)

--------------------------------------------------------------------------------
2022-04-29 18:41:00.409 [Info] Beginning context dispose. (0ms)

--------------------------------------------------------------------------------
2022-04-29 18:41:00.410 [Info] GC.SuppressFinalize (0ms)

--------------------------------------------------------------------------------
2022-04-29 18:41:00.410 [Info] InternalDispose() completed. (0ms)

--------------------------------------------------------------------------------
2022-04-29 18:41:00.410 [Info] Clearing instance... (1ms)

--------------------------------------------------------------------------------
2022-04-29 18:41:00.410 [Info] Releasing context lock... (1ms)

--------------------------------------------------------------------------------
2022-04-29 18:41:00.410 [Info] Released. (1ms)

--------------------------------------------------------------------------------
2022-04-29 18:41:06.075 [Debug] received epp: 5531286

--------------------------------------------------------------------------------
2022-04-29 18:41:06.292 [Debug] received epp: 5531286

--------------------------------------------------------------------------------
2022-04-29 18:41:07.381 [Debug] received epp: 5532600

--------------------------------------------------------------------------------
2022-04-29 18:41:07.560 [Debug] received epp: 5532786

--------------------------------------------------------------------------------
2022-04-29 18:41:07.755 [Debug] received epp: 5532973

--------------------------------------------------------------------------------
2022-04-29 18:41:08.359 [Debug] received epp: 5533583

--------------------------------------------------------------------------------
2022-04-29 18:41:08.741 [Debug] received epp: 5533958

--------------------------------------------------------------------------------
2022-04-29 18:48:31.798 [Debug] received epp: 5977005

--------------------------------------------------------------------------------
2022-04-29 18:48:32.037 [Debug] received epp: 5977068

--------------------------------------------------------------------------------
2022-04-29 18:48:46.346 [Debug] received epp: 5991567

--------------------------------------------------------------------------------
2022-04-29 18:48:46.547 [Debug] received epp: 5991771

--------------------------------------------------------------------------------
2022-04-29 18:48:46.754 [Debug] received epp: 5991974

--------------------------------------------------------------------------------
2022-04-29 18:48:46.942 [Debug] received epp: 5992162

--------------------------------------------------------------------------------
2022-04-29 18:48:47.619 [Debug] received epp: 5992817

--------------------------------------------------------------------------------
2022-04-29 18:48:47.826 [Debug] received epp: 5993052

--------------------------------------------------------------------------------
2022-04-29 18:48:48.045 [Debug] received epp: 5993271

--------------------------------------------------------------------------------
2022-04-29 18:48:48.660 [Debug] received epp: 5993865

--------------------------------------------------------------------------------
2022-04-29 18:48:48.969 [Debug] received epp: 5994193

--------------------------------------------------------------------------------
2022-04-29 18:48:49.990 [Debug] received epp: 5995208

--------------------------------------------------------------------------------
2022-04-29 18:56:13.621 [Error] InvalidOperationException: GetSkin: null
    Stack:    at Intersect.Client.Framework.Gwen.Control.Base.get_Skin()
   at Intersect.Client.Framework.Gwen.Control.Base.Dispose()
   at Intersect.Client.Interface.Debugging.DebugWindow.Dispose()
   at Intersect.Client.Interface.MutableInterface.DisposeDebugWindow()
   at Intersect.Client.Interface.Interface.DestroyGwen(Boolean exiting)
   at Intersect.Client.Core.Main.DestroyGame()
   at Intersect.Client.MonoGame.IntersectGame.Update(GameTime gameTime)
   at Microsoft.Xna.Framework.Game.DoUpdate(GameTime gameTime)
   at Microsoft.Xna.Framework.Game.Tick()
   at Microsoft.Xna.Framework.SdlGamePlatform.RunLoop()
   at Microsoft.Xna.Framework.Game.Run(GameRunBehavior runBehavior)
   at Intersect.Client.MonoGame.IntersectGame.MonoGameRunner.Start(IClientContext context, Action postStartupAction)
   at Intersect.Client.Core.ClientContext.InternalStart()
   at Intersect.Core.ApplicationContext`2.Start(Boolean lockUntilShutdown)


--------------------------------------------------------------------------------
