2022-04-06 00:05:01.862 [Info] Connecting to 38.129.153.213:5400...

--------------------------------------------------------------------------------
2022-04-06 00:05:02.291 [Info] Connection approved [00000000-0000-0000-0000-000000000000].

--------------------------------------------------------------------------------
2022-04-06 00:05:02.355 [Debug] approval Time=711601 Offset=63784799590665 Real=63784800302266

--------------------------------------------------------------------------------
2022-04-06 00:05:02.355 [Debug] local Time=711601 Offset=63784799590753 Real=63784800302354

--------------------------------------------------------------------------------
2022-04-06 00:05:02.364 [Debug] real delta=97

--------------------------------------------------------------------------------
2022-04-06 00:05:02.364 [Debug] this.Statistics.Ping=0 NCPing=5

--------------------------------------------------------------------------------
2022-04-06 00:05:02.366 [Debug] Connection established to remote [00000000-0000-0000-0000-000000000000/38.129.153.213:5400].

--------------------------------------------------------------------------------
2022-04-06 00:05:02.366 [Info] Connected [00000000-0000-0000-0000-000000000000].

--------------------------------------------------------------------------------
2022-04-06 00:07:12.542 [Debug] StatusChanged: [NetIncomingMessage #0 10 bytes] [Disconnecting]

--------------------------------------------------------------------------------
2022-04-06 00:07:12.557 [Debug] StatusChanged: [NetIncomingMessage #0 10 bytes] [Disconnected]

--------------------------------------------------------------------------------
2022-04-06 00:07:12.557 [Debug] Connection terminated to remote [00000000-0000-0000-0000-000000000000/38.129.153.213:5400].

--------------------------------------------------------------------------------
2022-04-06 00:07:12.557 [Info] Disconnected [00000000-0000-0000-0000-000000000000].

--------------------------------------------------------------------------------
