2022-04-07 01:58:50.856 [Info] Discovered 0 plugins:


--------------------------------------------------------------------------------
2022-04-07 01:58:51.906 [Info] Connecting to 38.129.153.213:5400...

--------------------------------------------------------------------------------
2022-04-07 01:58:52.301 [Info] Connection approved [00000000-0000-0000-0000-000000000000].

--------------------------------------------------------------------------------
2022-04-07 01:58:52.363 [Debug] approval Time=402841 Offset=63784893129442 Real=63784893532283

--------------------------------------------------------------------------------
2022-04-07 01:58:52.363 [Debug] local Time=402841 Offset=63784893129522 Real=63784893532363

--------------------------------------------------------------------------------
2022-04-07 01:58:52.363 [Debug] real delta=80

--------------------------------------------------------------------------------
2022-04-07 01:58:52.364 [Debug] this.Statistics.Ping=0 NCPing=8

--------------------------------------------------------------------------------
2022-04-07 01:58:52.366 [Debug] Connection established to remote [00000000-0000-0000-0000-000000000000/38.129.153.213:5400].

--------------------------------------------------------------------------------
2022-04-07 01:58:52.366 [Info] Connected [00000000-0000-0000-0000-000000000000].

--------------------------------------------------------------------------------
2022-04-07 01:58:56.712 [Warn] 'Me' is null.

--------------------------------------------------------------------------------
2022-04-07 01:58:56.996 [Debug] received epp: 407230

--------------------------------------------------------------------------------
2022-04-07 01:59:20.902 [Debug] StatusChanged: [NetIncomingMessage #959 10 bytes] [Disconnecting]

--------------------------------------------------------------------------------
2022-04-07 01:59:20.906 [Debug] StatusChanged: [NetIncomingMessage #960 14 bytes] [Disconnected]

--------------------------------------------------------------------------------
2022-04-07 01:59:20.950 [Info] Acquiring context lock... (0ms)

--------------------------------------------------------------------------------
2022-04-07 01:59:20.951 [Info] Acquired. (0ms)

--------------------------------------------------------------------------------
2022-04-07 01:59:20.952 [Info] Beginning context dispose. (0ms)

--------------------------------------------------------------------------------
2022-04-07 01:59:20.952 [Info] GC.SuppressFinalize (0ms)

--------------------------------------------------------------------------------
2022-04-07 01:59:20.952 [Info] InternalDispose() completed. (0ms)

--------------------------------------------------------------------------------
2022-04-07 01:59:20.952 [Info] Clearing instance... (1ms)

--------------------------------------------------------------------------------
2022-04-07 01:59:20.952 [Info] Releasing context lock... (1ms)

--------------------------------------------------------------------------------
2022-04-07 01:59:20.952 [Info] Released. (1ms)

--------------------------------------------------------------------------------
