2022-04-06 22:32:38.401 [Info] Discovered 0 plugins:


--------------------------------------------------------------------------------
2022-04-06 22:32:39.482 [Info] Connecting to 38.129.153.213:5400...

--------------------------------------------------------------------------------
2022-04-06 22:32:39.963 [Info] Connection approved [00000000-0000-0000-0000-000000000000].

--------------------------------------------------------------------------------
2022-04-06 22:32:40.036 [Debug] approval Time=2882432 Offset=63784878277505 Real=63784881159938

--------------------------------------------------------------------------------
2022-04-06 22:32:40.037 [Debug] local Time=2882432 Offset=63784878277603 Real=63784881160036

--------------------------------------------------------------------------------
2022-04-06 22:32:40.037 [Debug] real delta=98

--------------------------------------------------------------------------------
2022-04-06 22:32:40.037 [Debug] this.Statistics.Ping=0 NCPing=7

--------------------------------------------------------------------------------
2022-04-06 22:32:40.039 [Debug] Connection established to remote [00000000-0000-0000-0000-000000000000/38.129.153.213:5400].

--------------------------------------------------------------------------------
2022-04-06 22:32:40.039 [Info] Connected [00000000-0000-0000-0000-000000000000].

--------------------------------------------------------------------------------
2022-04-06 22:32:45.206 [Warn] 'Me' is null.

--------------------------------------------------------------------------------
2022-04-06 22:32:45.476 [Debug] received epp: 2887636

--------------------------------------------------------------------------------
2022-04-06 22:34:49.177 [Warn] 'Me' is null.

--------------------------------------------------------------------------------
2022-04-06 22:34:49.297 [Debug] received epp: 3011651

--------------------------------------------------------------------------------
2022-04-06 22:34:54.677 [Debug] StatusChanged: [NetIncomingMessage #270 10 bytes] [Disconnecting]

--------------------------------------------------------------------------------
2022-04-06 22:34:54.680 [Debug] StatusChanged: [NetIncomingMessage #271 14 bytes] [Disconnected]

--------------------------------------------------------------------------------
2022-04-06 22:34:54.722 [Info] Acquiring context lock... (0ms)

--------------------------------------------------------------------------------
2022-04-06 22:34:54.722 [Info] Acquired. (0ms)

--------------------------------------------------------------------------------
2022-04-06 22:34:54.723 [Info] Beginning context dispose. (0ms)

--------------------------------------------------------------------------------
2022-04-06 22:34:54.724 [Info] GC.SuppressFinalize (0ms)

--------------------------------------------------------------------------------
2022-04-06 22:34:54.724 [Info] InternalDispose() completed. (0ms)

--------------------------------------------------------------------------------
2022-04-06 22:34:54.724 [Info] Clearing instance... (1ms)

--------------------------------------------------------------------------------
2022-04-06 22:34:54.724 [Info] Releasing context lock... (1ms)

--------------------------------------------------------------------------------
2022-04-06 22:34:54.724 [Info] Released. (1ms)

--------------------------------------------------------------------------------
