2022-04-04 01:10:51.634 [Info] Discovered 0 plugins:


--------------------------------------------------------------------------------
2022-04-04 01:10:52.970 [Info] Connecting to 38.129.153.213:5400...

--------------------------------------------------------------------------------
2022-04-04 01:10:53.608 [Info] Connection approved [00000000-0000-0000-0000-000000000000].

--------------------------------------------------------------------------------
2022-04-04 01:10:53.679 [Debug] approval Time=12550 Offset=63784631440998 Real=63784631453548

--------------------------------------------------------------------------------
2022-04-04 01:10:53.679 [Debug] local Time=12550 Offset=63784631441128 Real=63784631453679

--------------------------------------------------------------------------------
2022-04-04 01:10:53.679 [Debug] real delta=130

--------------------------------------------------------------------------------
2022-04-04 01:10:53.679 [Debug] this.Statistics.Ping=0 NCPing=7

--------------------------------------------------------------------------------
2022-04-04 01:10:53.681 [Debug] Connection established to remote [00000000-0000-0000-0000-000000000000/38.129.153.213:5400].

--------------------------------------------------------------------------------
2022-04-04 01:10:53.681 [Info] Connected [00000000-0000-0000-0000-000000000000].

--------------------------------------------------------------------------------
2022-04-04 01:11:07.793 [Warn] 'Me' is null.

--------------------------------------------------------------------------------
2022-04-04 01:11:08.190 [Debug] received epp: 26878

--------------------------------------------------------------------------------
2022-04-04 01:11:32.827 [Debug] received epp: 51800

--------------------------------------------------------------------------------
2022-04-04 01:11:32.910 [Debug] received epp: 51878

--------------------------------------------------------------------------------
2022-04-04 01:11:33.527 [Debug] received epp: 52502

--------------------------------------------------------------------------------
2022-04-04 01:11:34.677 [Debug] received epp: 53658

--------------------------------------------------------------------------------
2022-04-04 01:11:35.027 [Debug] received epp: 54017

--------------------------------------------------------------------------------
2022-04-04 01:11:36.077 [Debug] received epp: 55049

--------------------------------------------------------------------------------
2022-04-04 01:11:37.827 [Debug] received epp: 56816

--------------------------------------------------------------------------------
2022-04-04 01:11:38.794 [Debug] received epp: 57767

--------------------------------------------------------------------------------
2022-04-04 01:11:38.898 [Debug] received epp: 57767

--------------------------------------------------------------------------------
2022-04-04 01:12:07.478 [Debug] received epp: 86455

--------------------------------------------------------------------------------
2022-04-04 01:12:07.703 [Debug] received epp: 86455

--------------------------------------------------------------------------------
2022-04-04 01:13:01.594 [Debug] received epp: 140565

--------------------------------------------------------------------------------
2022-04-04 01:13:01.640 [Debug] received epp: 140565

--------------------------------------------------------------------------------
2022-04-04 01:13:34.077 [Debug] received epp: 173049

--------------------------------------------------------------------------------
2022-04-04 01:13:39.727 [Debug] received epp: 178706

--------------------------------------------------------------------------------
2022-04-04 01:13:46.893 [Debug] received epp: 185862

--------------------------------------------------------------------------------
2022-04-04 01:13:48.327 [Debug] received epp: 187097

--------------------------------------------------------------------------------
2022-04-04 01:13:48.879 [Debug] received epp: 187097

--------------------------------------------------------------------------------
2022-04-04 01:13:49.271 [Debug] received epp: 188253

--------------------------------------------------------------------------------
2022-04-04 01:14:05.010 [Debug] received epp: 203988

--------------------------------------------------------------------------------
2022-04-04 01:14:05.511 [Debug] received epp: 204486

--------------------------------------------------------------------------------
2022-04-04 01:14:06.277 [Debug] received epp: 205252

--------------------------------------------------------------------------------
2022-04-04 01:14:08.360 [Debug] received epp: 207345

--------------------------------------------------------------------------------
2022-04-04 01:14:08.378 [Debug] received epp: 207345

--------------------------------------------------------------------------------
2022-04-04 01:14:33.893 [Warn] 'Me' is null.

--------------------------------------------------------------------------------
2022-04-04 01:14:33.945 [Debug] received epp: 232847

--------------------------------------------------------------------------------
2022-04-04 01:14:39.443 [Debug] received epp: 238425

--------------------------------------------------------------------------------
2022-04-04 01:14:39.484 [Debug] received epp: 238455

--------------------------------------------------------------------------------
2022-04-04 01:14:41.093 [Debug] received epp: 240049

--------------------------------------------------------------------------------
2022-04-04 01:14:41.112 [Debug] received epp: 240049

--------------------------------------------------------------------------------
2022-04-04 01:15:59.361 [Debug] StatusChanged: [NetIncomingMessage #4 10 bytes] [Disconnecting]

--------------------------------------------------------------------------------
2022-04-04 01:15:59.365 [Debug] StatusChanged: [NetIncomingMessage #5 10 bytes] [Disconnected]

--------------------------------------------------------------------------------
2022-04-04 01:15:59.408 [Info] Acquiring context lock... (0ms)

--------------------------------------------------------------------------------
2022-04-04 01:15:59.408 [Info] Acquired. (0ms)

--------------------------------------------------------------------------------
2022-04-04 01:15:59.409 [Info] Beginning context dispose. (0ms)

--------------------------------------------------------------------------------
2022-04-04 01:15:59.409 [Info] GC.SuppressFinalize (0ms)

--------------------------------------------------------------------------------
2022-04-04 01:15:59.409 [Info] InternalDispose() completed. (0ms)

--------------------------------------------------------------------------------
2022-04-04 01:15:59.409 [Info] Clearing instance... (1ms)

--------------------------------------------------------------------------------
2022-04-04 01:15:59.409 [Info] Releasing context lock... (1ms)

--------------------------------------------------------------------------------
2022-04-04 01:15:59.409 [Info] Released. (1ms)

--------------------------------------------------------------------------------
