2022-04-04 22:31:34.488 [Info] Discovered 0 plugins:


--------------------------------------------------------------------------------
2022-04-04 22:31:35.565 [Info] Connecting to 38.129.153.213:5400...

--------------------------------------------------------------------------------
2022-04-04 22:31:35.999 [Info] Connection approved [00000000-0000-0000-0000-000000000000].

--------------------------------------------------------------------------------
2022-04-04 22:31:36.068 [Debug] approval Time=6973809 Offset=63784701322168 Real=63784708295977

--------------------------------------------------------------------------------
2022-04-04 22:31:36.068 [Debug] local Time=6973809 Offset=63784701322259 Real=63784708296068

--------------------------------------------------------------------------------
2022-04-04 22:31:36.068 [Debug] real delta=90

--------------------------------------------------------------------------------
2022-04-04 22:31:36.068 [Debug] this.Statistics.Ping=0 NCPing=8

--------------------------------------------------------------------------------
2022-04-04 22:31:36.070 [Debug] Connection established to remote [00000000-0000-0000-0000-000000000000/38.129.153.213:5400].

--------------------------------------------------------------------------------
2022-04-04 22:31:36.070 [Info] Connected [00000000-0000-0000-0000-000000000000].

--------------------------------------------------------------------------------
2022-04-04 22:31:40.643 [Warn] 'Me' is null.

--------------------------------------------------------------------------------
2022-04-04 22:31:40.939 [Debug] received epp: 6978401

--------------------------------------------------------------------------------
2022-04-04 22:37:04.899 [Debug] StatusChanged: [NetIncomingMessage #25 10 bytes] [Disconnecting]

--------------------------------------------------------------------------------
2022-04-04 22:37:04.902 [Debug] StatusChanged: [NetIncomingMessage #26 14 bytes] [Disconnected]

--------------------------------------------------------------------------------
2022-04-04 22:37:04.935 [Info] Acquiring context lock... (0ms)

--------------------------------------------------------------------------------
2022-04-04 22:37:04.935 [Info] Acquired. (0ms)

--------------------------------------------------------------------------------
2022-04-04 22:37:04.936 [Info] Beginning context dispose. (0ms)

--------------------------------------------------------------------------------
2022-04-04 22:37:04.937 [Info] GC.SuppressFinalize (0ms)

--------------------------------------------------------------------------------
2022-04-04 22:37:04.937 [Info] InternalDispose() completed. (0ms)

--------------------------------------------------------------------------------
2022-04-04 22:37:04.937 [Info] Clearing instance... (2ms)

--------------------------------------------------------------------------------
2022-04-04 22:37:04.937 [Info] Releasing context lock... (2ms)

--------------------------------------------------------------------------------
2022-04-04 22:37:04.937 [Info] Released. (2ms)

--------------------------------------------------------------------------------
