2022-04-07 02:01:24.826 [Info] Discovered 0 plugins:


--------------------------------------------------------------------------------
2022-04-07 02:01:25.894 [Info] Connecting to 38.129.153.213:5400...

--------------------------------------------------------------------------------
2022-04-07 02:01:26.309 [Info] Connection approved [00000000-0000-0000-0000-000000000000].

--------------------------------------------------------------------------------
2022-04-07 02:01:26.391 [Debug] approval Time=556856 Offset=63784893129442 Real=63784893686298

--------------------------------------------------------------------------------
2022-04-07 02:01:26.391 [Debug] local Time=556856 Offset=63784893129534 Real=63784893686391

--------------------------------------------------------------------------------
2022-04-07 02:01:26.392 [Debug] real delta=92

--------------------------------------------------------------------------------
2022-04-07 02:01:26.392 [Debug] this.Statistics.Ping=0 NCPing=13

--------------------------------------------------------------------------------
2022-04-07 02:01:26.394 [Debug] Connection established to remote [00000000-0000-0000-0000-000000000000/38.129.153.213:5400].

--------------------------------------------------------------------------------
2022-04-07 02:01:26.395 [Info] Connected [00000000-0000-0000-0000-000000000000].

--------------------------------------------------------------------------------
2022-04-07 02:01:30.980 [Warn] 'Me' is null.

--------------------------------------------------------------------------------
2022-04-07 02:01:31.256 [Debug] received epp: 561496

--------------------------------------------------------------------------------
2022-04-07 02:05:35.869 [Debug] received epp: 806417

--------------------------------------------------------------------------------
2022-04-07 02:05:37.020 [Debug] received epp: 807559

--------------------------------------------------------------------------------
2022-04-07 02:06:29.844 [Debug] received epp: 860355

--------------------------------------------------------------------------------
2022-04-07 02:06:49.541 [Debug] received epp: 880027

--------------------------------------------------------------------------------
2022-04-07 02:07:15.427 [Debug] received epp: 905949

--------------------------------------------------------------------------------
2022-04-07 02:07:53.887 [Debug] received epp: 944433

--------------------------------------------------------------------------------
2022-04-07 02:08:54.238 [Debug] StatusChanged: [NetIncomingMessage #399 10 bytes] [Disconnecting]

--------------------------------------------------------------------------------
2022-04-07 02:08:54.244 [Debug] StatusChanged: [NetIncomingMessage #400 14 bytes] [Disconnected]

--------------------------------------------------------------------------------
2022-04-07 02:08:54.281 [Info] Acquiring context lock... (0ms)

--------------------------------------------------------------------------------
2022-04-07 02:08:54.281 [Info] Acquired. (0ms)

--------------------------------------------------------------------------------
2022-04-07 02:08:54.282 [Info] Beginning context dispose. (0ms)

--------------------------------------------------------------------------------
2022-04-07 02:08:54.283 [Info] GC.SuppressFinalize (0ms)

--------------------------------------------------------------------------------
2022-04-07 02:08:54.283 [Info] InternalDispose() completed. (0ms)

--------------------------------------------------------------------------------
2022-04-07 02:08:54.283 [Info] Clearing instance... (1ms)

--------------------------------------------------------------------------------
2022-04-07 02:08:54.283 [Info] Releasing context lock... (1ms)

--------------------------------------------------------------------------------
2022-04-07 02:08:54.283 [Info] Released. (1ms)

--------------------------------------------------------------------------------
