2022-04-10 19:05:00.773 [Info] Connecting to 38.129.153.213:5400...

--------------------------------------------------------------------------------
2022-04-10 19:05:01.203 [Info] Connection approved [00000000-0000-0000-0000-000000000000].

--------------------------------------------------------------------------------
2022-04-10 19:05:01.274 [Debug] approval Time=7457478 Offset=63785206843711 Real=63785214301189

--------------------------------------------------------------------------------
2022-04-10 19:05:01.274 [Debug] local Time=7457478 Offset=63785206843796 Real=63785214301274

--------------------------------------------------------------------------------
2022-04-10 19:05:01.275 [Debug] real delta=84

--------------------------------------------------------------------------------
2022-04-10 19:05:01.275 [Debug] this.Statistics.Ping=0 NCPing=6

--------------------------------------------------------------------------------
2022-04-10 19:05:01.276 [Debug] Connection established to remote [00000000-0000-0000-0000-000000000000/38.129.153.213:5400].

--------------------------------------------------------------------------------
2022-04-10 19:05:01.277 [Info] Connected [00000000-0000-0000-0000-000000000000].

--------------------------------------------------------------------------------
2022-04-10 19:07:59.703 [Debug] StatusChanged: [NetIncomingMessage #0 10 bytes] [Disconnecting]

--------------------------------------------------------------------------------
2022-04-10 19:07:59.712 [Debug] StatusChanged: [NetIncomingMessage #0 10 bytes] [Disconnected]

--------------------------------------------------------------------------------
2022-04-10 19:07:59.712 [Debug] Connection terminated to remote [00000000-0000-0000-0000-000000000000/38.129.153.213:5400].

--------------------------------------------------------------------------------
2022-04-10 19:07:59.712 [Info] Disconnected [00000000-0000-0000-0000-000000000000].

--------------------------------------------------------------------------------
