2022-04-04 01:22:01.259 [Info] Discovered 0 plugins:


--------------------------------------------------------------------------------
2022-04-04 01:22:02.173 [Info] Connecting to 38.129.153.213:5400...

--------------------------------------------------------------------------------
2022-04-04 01:22:02.569 [Info] Connection approved [00000000-0000-0000-0000-000000000000].

--------------------------------------------------------------------------------
2022-04-04 01:22:02.628 [Debug] approval Time=681550 Offset=63784631440998 Real=63784632122548

--------------------------------------------------------------------------------
2022-04-04 01:22:02.628 [Debug] local Time=681550 Offset=63784631441077 Real=63784632122628

--------------------------------------------------------------------------------
2022-04-04 01:22:02.628 [Debug] real delta=79

--------------------------------------------------------------------------------
2022-04-04 01:22:02.628 [Debug] this.Statistics.Ping=0 NCPing=5

--------------------------------------------------------------------------------
2022-04-04 01:22:02.630 [Debug] Connection established to remote [00000000-0000-0000-0000-000000000000/38.129.153.213:5400].

--------------------------------------------------------------------------------
2022-04-04 01:22:02.630 [Info] Connected [00000000-0000-0000-0000-000000000000].

--------------------------------------------------------------------------------
2022-04-04 01:22:13.772 [Warn] 'Me' is null.

--------------------------------------------------------------------------------
2022-04-04 01:22:13.972 [Debug] received epp: 692721

--------------------------------------------------------------------------------
2022-04-04 01:22:32.830 [Debug] StatusChanged: [NetIncomingMessage #13 10 bytes] [Disconnecting]

--------------------------------------------------------------------------------
2022-04-04 01:22:32.832 [Debug] StatusChanged: [NetIncomingMessage #14 10 bytes] [Disconnected]

--------------------------------------------------------------------------------
2022-04-04 01:22:32.879 [Info] Acquiring context lock... (0ms)

--------------------------------------------------------------------------------
2022-04-04 01:22:32.880 [Info] Acquired. (0ms)

--------------------------------------------------------------------------------
2022-04-04 01:22:32.881 [Info] Beginning context dispose. (0ms)

--------------------------------------------------------------------------------
2022-04-04 01:22:32.881 [Info] GC.SuppressFinalize (0ms)

--------------------------------------------------------------------------------
2022-04-04 01:22:32.881 [Info] InternalDispose() completed. (0ms)

--------------------------------------------------------------------------------
2022-04-04 01:22:32.881 [Info] Clearing instance... (1ms)

--------------------------------------------------------------------------------
2022-04-04 01:22:32.881 [Info] Releasing context lock... (1ms)

--------------------------------------------------------------------------------
2022-04-04 01:22:32.881 [Info] Released. (1ms)

--------------------------------------------------------------------------------
