2022-04-07 02:05:54.869 [Info] Connecting to 38.129.153.213:5400...

--------------------------------------------------------------------------------
2022-04-07 02:05:55.299 [Info] Connection approved [00000000-0000-0000-0000-000000000000].

--------------------------------------------------------------------------------
2022-04-07 02:05:55.363 [Debug] approval Time=825841 Offset=63784893129442 Real=63784893955283

--------------------------------------------------------------------------------
2022-04-07 02:05:55.363 [Debug] local Time=825841 Offset=63784893129521 Real=63784893955363

--------------------------------------------------------------------------------
2022-04-07 02:05:55.363 [Debug] real delta=79

--------------------------------------------------------------------------------
2022-04-07 02:05:55.363 [Debug] this.Statistics.Ping=0 NCPing=5

--------------------------------------------------------------------------------
2022-04-07 02:05:55.365 [Debug] Connection established to remote [00000000-0000-0000-0000-000000000000/38.129.153.213:5400].

--------------------------------------------------------------------------------
2022-04-07 02:05:55.365 [Info] Connected [00000000-0000-0000-0000-000000000000].

--------------------------------------------------------------------------------
2022-04-07 02:30:48.868 [Debug] StatusChanged: [NetIncomingMessage #974 10 bytes] [Disconnecting]

--------------------------------------------------------------------------------
2022-04-07 02:30:48.869 [Debug] StatusChanged: [NetIncomingMessage #965 10 bytes] [Disconnected]

--------------------------------------------------------------------------------
2022-04-07 02:30:48.869 [Debug] Connection terminated to remote [00000000-0000-0000-0000-000000000000/38.129.153.213:5400].

--------------------------------------------------------------------------------
2022-04-07 02:30:48.870 [Info] Disconnected [00000000-0000-0000-0000-000000000000].

--------------------------------------------------------------------------------
