2022-04-06 01:52:00.773 [Info] Discovered 0 plugins:


--------------------------------------------------------------------------------
2022-04-06 01:52:01.816 [Info] Connecting to 38.129.153.213:5400...

--------------------------------------------------------------------------------
2022-04-06 01:52:02.288 [Info] Connection approved [00000000-0000-0000-0000-000000000000].

--------------------------------------------------------------------------------
2022-04-06 01:52:02.358 [Debug] approval Time=7131600 Offset=63784799590665 Real=63784806722266

--------------------------------------------------------------------------------
2022-04-06 01:52:02.359 [Debug] local Time=7131601 Offset=63784799590758 Real=63784806722359

--------------------------------------------------------------------------------
2022-04-06 01:52:02.359 [Debug] real delta=93

--------------------------------------------------------------------------------
2022-04-06 01:52:02.359 [Debug] this.Statistics.Ping=0 NCPing=5

--------------------------------------------------------------------------------
2022-04-06 01:52:02.362 [Debug] Connection established to remote [00000000-0000-0000-0000-000000000000/38.129.153.213:5400].

--------------------------------------------------------------------------------
2022-04-06 01:52:02.362 [Info] Connected [00000000-0000-0000-0000-000000000000].

--------------------------------------------------------------------------------
2022-04-06 01:52:07.921 [Warn] 'Me' is null.

--------------------------------------------------------------------------------
2022-04-06 01:52:08.216 [Debug] received epp: 7137179

--------------------------------------------------------------------------------
2022-04-06 01:52:10.943 [Debug] received epp: 7140257

--------------------------------------------------------------------------------
2022-04-06 01:52:11.108 [Debug] received epp: 7140430

--------------------------------------------------------------------------------
2022-04-06 01:52:11.310 [Debug] received epp: 7140632

--------------------------------------------------------------------------------
2022-04-06 01:52:11.576 [Debug] received epp: 7140883

--------------------------------------------------------------------------------
2022-04-06 01:52:12.026 [Debug] received epp: 7141335

--------------------------------------------------------------------------------
2022-04-06 01:52:12.376 [Debug] received epp: 7141679

--------------------------------------------------------------------------------
2022-04-06 01:52:13.325 [Debug] received epp: 7142647

--------------------------------------------------------------------------------
2022-04-06 01:52:13.559 [Debug] received epp: 7142867

--------------------------------------------------------------------------------
2022-04-06 01:52:13.645 [Debug] received epp: 7142867

--------------------------------------------------------------------------------
2022-04-06 01:52:14.592 [Debug] received epp: 7143913

--------------------------------------------------------------------------------
2022-04-06 01:52:14.859 [Debug] received epp: 7144180

--------------------------------------------------------------------------------
2022-04-06 01:52:15.109 [Debug] received epp: 7144414

--------------------------------------------------------------------------------
2022-04-06 01:52:15.359 [Debug] received epp: 7144678

--------------------------------------------------------------------------------
2022-04-06 01:52:15.842 [Debug] received epp: 7145148

--------------------------------------------------------------------------------
2022-04-06 01:52:16.159 [Debug] received epp: 7145477

--------------------------------------------------------------------------------
2022-04-06 01:52:22.060 [Debug] StatusChanged: [NetIncomingMessage #37 10 bytes] [Disconnecting]

--------------------------------------------------------------------------------
2022-04-06 01:52:22.064 [Debug] StatusChanged: [NetIncomingMessage #38 14 bytes] [Disconnected]

--------------------------------------------------------------------------------
2022-04-06 01:52:22.119 [Info] Acquiring context lock... (0ms)

--------------------------------------------------------------------------------
2022-04-06 01:52:22.119 [Info] Acquired. (0ms)

--------------------------------------------------------------------------------
2022-04-06 01:52:22.120 [Info] Beginning context dispose. (0ms)

--------------------------------------------------------------------------------
2022-04-06 01:52:22.120 [Info] GC.SuppressFinalize (0ms)

--------------------------------------------------------------------------------
2022-04-06 01:52:22.120 [Info] InternalDispose() completed. (0ms)

--------------------------------------------------------------------------------
2022-04-06 01:52:22.120 [Info] Clearing instance... (1ms)

--------------------------------------------------------------------------------
2022-04-06 01:52:22.120 [Info] Releasing context lock... (1ms)

--------------------------------------------------------------------------------
2022-04-06 01:52:22.121 [Info] Released. (1ms)

--------------------------------------------------------------------------------
