2022-04-03 18:43:41.157 [Info] Discovered 0 plugins:


--------------------------------------------------------------------------------
2022-04-03 18:43:42.243 [Info] Connecting to 38.129.153.213:5400...

--------------------------------------------------------------------------------
2022-04-03 18:43:42.668 [Info] Connection approved [00000000-0000-0000-0000-000000000000].

--------------------------------------------------------------------------------
2022-04-03 18:43:42.736 [Debug] approval Time=13432666 Offset=63784594789990 Real=63784608222657

--------------------------------------------------------------------------------
2022-04-03 18:43:42.736 [Debug] local Time=13432666 Offset=63784594790070 Real=63784608222736

--------------------------------------------------------------------------------
2022-04-03 18:43:42.736 [Debug] real delta=79

--------------------------------------------------------------------------------
2022-04-03 18:43:42.737 [Debug] this.Statistics.Ping=0 NCPing=8

--------------------------------------------------------------------------------
2022-04-03 18:43:42.738 [Debug] Connection established to remote [00000000-0000-0000-0000-000000000000/38.129.153.213:5400].

--------------------------------------------------------------------------------
2022-04-03 18:43:42.738 [Info] Connected [00000000-0000-0000-0000-000000000000].

--------------------------------------------------------------------------------
2022-04-03 18:44:06.458 [Warn] 'Me' is null.

--------------------------------------------------------------------------------
2022-04-03 18:44:06.723 [Debug] received epp: 13456400

--------------------------------------------------------------------------------
2022-04-03 18:44:43.196 [Debug] StatusChanged: [NetIncomingMessage #737 10 bytes] [Disconnecting]

--------------------------------------------------------------------------------
2022-04-03 18:44:43.199 [Debug] StatusChanged: [NetIncomingMessage #738 10 bytes] [Disconnected]

--------------------------------------------------------------------------------
2022-04-03 18:44:43.248 [Info] Acquiring context lock... (0ms)

--------------------------------------------------------------------------------
2022-04-03 18:44:43.248 [Info] Acquired. (0ms)

--------------------------------------------------------------------------------
2022-04-03 18:44:43.249 [Info] Beginning context dispose. (0ms)

--------------------------------------------------------------------------------
2022-04-03 18:44:43.249 [Info] GC.SuppressFinalize (0ms)

--------------------------------------------------------------------------------
2022-04-03 18:44:43.249 [Info] InternalDispose() completed. (0ms)

--------------------------------------------------------------------------------
2022-04-03 18:44:43.249 [Info] Clearing instance... (1ms)

--------------------------------------------------------------------------------
2022-04-03 18:44:43.249 [Info] Releasing context lock... (1ms)

--------------------------------------------------------------------------------
2022-04-03 18:44:43.249 [Info] Released. (1ms)

--------------------------------------------------------------------------------
