2022-04-04 15:24:03.293 [Info] Discovered 0 plugins:


--------------------------------------------------------------------------------
2022-04-04 15:24:04.357 [Info] Connecting to 38.129.153.213:5400...

--------------------------------------------------------------------------------
2022-04-04 15:24:04.796 [Info] Connection approved [00000000-0000-0000-0000-000000000000].

--------------------------------------------------------------------------------
2022-04-04 15:24:04.876 [Debug] approval Time=7201491 Offset=63784675443290 Real=63784682644781

--------------------------------------------------------------------------------
2022-04-04 15:24:04.876 [Debug] local Time=7201491 Offset=63784675443384 Real=63784682644876

--------------------------------------------------------------------------------
2022-04-04 15:24:04.876 [Debug] real delta=94

--------------------------------------------------------------------------------
2022-04-04 15:24:04.876 [Debug] this.Statistics.Ping=0 NCPing=5

--------------------------------------------------------------------------------
2022-04-04 15:24:04.878 [Debug] Connection established to remote [00000000-0000-0000-0000-000000000000/38.129.153.213:5400].

--------------------------------------------------------------------------------
2022-04-04 15:24:04.878 [Info] Connected [00000000-0000-0000-0000-000000000000].

--------------------------------------------------------------------------------
2022-04-04 15:25:48.001 [Warn] 'Me' is null.

--------------------------------------------------------------------------------
2022-04-04 15:25:48.228 [Debug] received epp: 7304632

--------------------------------------------------------------------------------
2022-04-04 15:25:56.491 [Debug] received epp: 7313148

--------------------------------------------------------------------------------
2022-04-04 15:25:59.139 [Debug] received epp: 7315835

--------------------------------------------------------------------------------
2022-04-04 15:25:59.374 [Debug] received epp: 7316054

--------------------------------------------------------------------------------
2022-04-04 15:26:00.056 [Debug] received epp: 7316726

--------------------------------------------------------------------------------
2022-04-04 15:26:01.423 [Debug] received epp: 7318101

--------------------------------------------------------------------------------
2022-04-04 15:26:46.727 [Debug] received epp: 7363413

--------------------------------------------------------------------------------
2022-04-04 15:27:58.260 [Debug] received epp: 7434914

--------------------------------------------------------------------------------
2022-04-04 15:28:21.364 [Debug] received epp: 7458022

--------------------------------------------------------------------------------
2022-04-04 15:30:08.214 [Debug] received epp: 7564898

--------------------------------------------------------------------------------
2022-04-04 15:31:41.874 [Debug] received epp: 7658554

--------------------------------------------------------------------------------
2022-04-04 15:31:42.607 [Debug] received epp: 7659305

--------------------------------------------------------------------------------
2022-04-04 15:31:42.858 [Debug] received epp: 7659554

--------------------------------------------------------------------------------
2022-04-04 15:31:43.241 [Debug] received epp: 7659915

--------------------------------------------------------------------------------
2022-04-04 15:31:43.475 [Debug] received epp: 7660163

--------------------------------------------------------------------------------
2022-04-04 15:31:43.690 [Debug] received epp: 7660383

--------------------------------------------------------------------------------
2022-04-04 15:31:43.926 [Debug] received epp: 7660600

--------------------------------------------------------------------------------
2022-04-04 15:31:44.243 [Debug] received epp: 7660913

--------------------------------------------------------------------------------
2022-04-04 15:31:46.876 [Debug] received epp: 7663570

--------------------------------------------------------------------------------
2022-04-04 15:31:47.190 [Debug] received epp: 7663883

--------------------------------------------------------------------------------
2022-04-04 15:31:47.424 [Debug] received epp: 7664116

--------------------------------------------------------------------------------
2022-04-04 15:31:47.690 [Debug] received epp: 7664382

--------------------------------------------------------------------------------
2022-04-04 15:31:47.942 [Debug] received epp: 7664632

--------------------------------------------------------------------------------
2022-04-04 15:31:48.211 [Debug] received epp: 7664883

--------------------------------------------------------------------------------
2022-04-04 15:31:48.441 [Debug] received epp: 7665133

--------------------------------------------------------------------------------
2022-04-04 15:31:48.707 [Debug] received epp: 7665398

--------------------------------------------------------------------------------
2022-04-04 15:31:48.974 [Debug] received epp: 7665664

--------------------------------------------------------------------------------
2022-04-04 15:31:49.208 [Debug] received epp: 7665897

--------------------------------------------------------------------------------
2022-04-04 15:31:49.474 [Debug] received epp: 7666163

--------------------------------------------------------------------------------
2022-04-04 15:31:49.759 [Debug] received epp: 7666444

--------------------------------------------------------------------------------
2022-04-04 15:31:49.993 [Debug] received epp: 7666680

--------------------------------------------------------------------------------
2022-04-04 15:31:50.258 [Debug] received epp: 7666946

--------------------------------------------------------------------------------
2022-04-04 15:31:50.524 [Debug] received epp: 7667211

--------------------------------------------------------------------------------
2022-04-04 15:31:50.843 [Debug] received epp: 7667522

--------------------------------------------------------------------------------
2022-04-04 15:31:51.057 [Debug] received epp: 7667757

--------------------------------------------------------------------------------
2022-04-04 15:31:51.290 [Debug] received epp: 7667991

--------------------------------------------------------------------------------
2022-04-04 15:31:51.610 [Debug] received epp: 7668304

--------------------------------------------------------------------------------
2022-04-04 15:33:22.058 [Debug] StatusChanged: [NetIncomingMessage #57 10 bytes] [Disconnecting]

--------------------------------------------------------------------------------
2022-04-04 15:33:22.060 [Debug] StatusChanged: [NetIncomingMessage #58 10 bytes] [Disconnected]

--------------------------------------------------------------------------------
2022-04-04 15:33:22.104 [Info] Acquiring context lock... (0ms)

--------------------------------------------------------------------------------
2022-04-04 15:33:22.104 [Info] Acquired. (0ms)

--------------------------------------------------------------------------------
2022-04-04 15:33:22.105 [Info] Beginning context dispose. (0ms)

--------------------------------------------------------------------------------
2022-04-04 15:33:22.105 [Info] GC.SuppressFinalize (0ms)

--------------------------------------------------------------------------------
2022-04-04 15:33:22.105 [Info] InternalDispose() completed. (0ms)

--------------------------------------------------------------------------------
2022-04-04 15:33:22.106 [Info] Clearing instance... (1ms)

--------------------------------------------------------------------------------
2022-04-04 15:33:22.106 [Info] Releasing context lock... (1ms)

--------------------------------------------------------------------------------
2022-04-04 15:33:22.106 [Info] Released. (1ms)

--------------------------------------------------------------------------------
