2022-04-03 15:00:10.133 [Info] Discovered 0 plugins:


--------------------------------------------------------------------------------
2022-04-03 15:00:11.465 [Info] Connecting to 38.129.153.213:5400...

--------------------------------------------------------------------------------
2022-04-03 15:00:11.939 [Info] Connection approved [00000000-0000-0000-0000-000000000000].

--------------------------------------------------------------------------------
2022-04-03 15:00:12.017 [Debug] approval Time=21932 Offset=63784594789990 Real=63784594811922

--------------------------------------------------------------------------------
2022-04-03 15:00:12.018 [Debug] local Time=21932 Offset=63784594790085 Real=63784594812017

--------------------------------------------------------------------------------
2022-04-03 15:00:12.018 [Debug] real delta=94

--------------------------------------------------------------------------------
2022-04-03 15:00:12.018 [Debug] this.Statistics.Ping=0 NCPing=7

--------------------------------------------------------------------------------
2022-04-03 15:00:12.020 [Debug] Connection established to remote [00000000-0000-0000-0000-000000000000/38.129.153.213:5400].

--------------------------------------------------------------------------------
2022-04-03 15:00:12.020 [Info] Connected [00000000-0000-0000-0000-000000000000].

--------------------------------------------------------------------------------
2022-04-03 15:01:40.648 [Warn] 'Me' is null.

--------------------------------------------------------------------------------
2022-04-03 15:01:41.319 [Debug] received epp: 110731

--------------------------------------------------------------------------------
2022-04-03 15:01:48.369 [Debug] received epp: 118338

--------------------------------------------------------------------------------
2022-04-03 15:01:48.621 [Debug] received epp: 118338

--------------------------------------------------------------------------------
2022-04-03 15:01:51.816 [Debug] received epp: 121807

--------------------------------------------------------------------------------
2022-04-03 15:01:52.034 [Debug] received epp: 122009

--------------------------------------------------------------------------------
2022-04-03 15:01:52.232 [Debug] received epp: 122228

--------------------------------------------------------------------------------
2022-04-03 15:01:52.449 [Debug] received epp: 122447

--------------------------------------------------------------------------------
2022-04-03 15:01:52.700 [Debug] received epp: 122682

--------------------------------------------------------------------------------
2022-04-03 15:01:52.932 [Debug] received epp: 122917

--------------------------------------------------------------------------------
2022-04-03 15:01:53.116 [Debug] received epp: 123104

--------------------------------------------------------------------------------
2022-04-03 15:01:53.732 [Debug] received epp: 123729

--------------------------------------------------------------------------------
2022-04-03 15:01:54.065 [Debug] received epp: 124056

--------------------------------------------------------------------------------
2022-04-03 15:01:54.583 [Debug] received epp: 124572

--------------------------------------------------------------------------------
2022-04-03 15:01:55.517 [Debug] received epp: 125511

--------------------------------------------------------------------------------
2022-04-03 15:01:56.352 [Debug] received epp: 126339

--------------------------------------------------------------------------------
2022-04-03 15:01:56.426 [Debug] received epp: 126339

--------------------------------------------------------------------------------
2022-04-03 15:03:02.582 [Debug] received epp: 192556

--------------------------------------------------------------------------------
2022-04-03 15:03:04.632 [Debug] received epp: 194619

--------------------------------------------------------------------------------
2022-04-03 15:03:08.050 [Debug] StatusChanged: [NetIncomingMessage #207 10 bytes] [Disconnecting]

--------------------------------------------------------------------------------
2022-04-03 15:03:08.053 [Debug] StatusChanged: [NetIncomingMessage #208 10 bytes] [Disconnected]

--------------------------------------------------------------------------------
2022-04-03 15:03:08.099 [Info] Acquiring context lock... (0ms)

--------------------------------------------------------------------------------
2022-04-03 15:03:08.099 [Info] Acquired. (0ms)

--------------------------------------------------------------------------------
2022-04-03 15:03:08.100 [Info] Beginning context dispose. (0ms)

--------------------------------------------------------------------------------
2022-04-03 15:03:08.101 [Info] GC.SuppressFinalize (0ms)

--------------------------------------------------------------------------------
2022-04-03 15:03:08.101 [Info] InternalDispose() completed. (0ms)

--------------------------------------------------------------------------------
2022-04-03 15:03:08.101 [Info] Clearing instance... (2ms)

--------------------------------------------------------------------------------
2022-04-03 15:03:08.101 [Info] Releasing context lock... (2ms)

--------------------------------------------------------------------------------
2022-04-03 15:03:08.101 [Info] Released. (2ms)

--------------------------------------------------------------------------------
