2022-04-17 22:09:29.129 [Info] Discovered 0 plugins:


--------------------------------------------------------------------------------
2022-04-17 22:09:30.709 [Info] Connecting to 38.129.153.213:5400...

--------------------------------------------------------------------------------
2022-04-17 22:09:31.405 [Info] Connection approved [00000000-0000-0000-0000-000000000000].

--------------------------------------------------------------------------------
2022-04-17 22:09:31.489 [Debug] approval Time=933741 Offset=63785829237573 Real=63785830171314

--------------------------------------------------------------------------------
2022-04-17 22:09:31.489 [Debug] local Time=933741 Offset=63785829237748 Real=63785830171489

--------------------------------------------------------------------------------
2022-04-17 22:09:31.490 [Debug] real delta=174

--------------------------------------------------------------------------------
2022-04-17 22:09:31.490 [Debug] this.Statistics.Ping=0 NCPing=12

--------------------------------------------------------------------------------
2022-04-17 22:09:31.493 [Debug] Connection established to remote [00000000-0000-0000-0000-000000000000/38.129.153.213:5400].

--------------------------------------------------------------------------------
2022-04-17 22:09:31.493 [Info] Connected [00000000-0000-0000-0000-000000000000].

--------------------------------------------------------------------------------
2022-04-17 22:11:49.660 [Warn] 'Me' is null.

--------------------------------------------------------------------------------
2022-04-17 22:11:50.269 [Debug] received epp: 1072210

--------------------------------------------------------------------------------
2022-04-17 22:11:56.223 [Debug] received epp: 1078629

--------------------------------------------------------------------------------
2022-04-17 22:12:24.486 [Debug] received epp: 1106896

--------------------------------------------------------------------------------
2022-04-17 22:12:24.559 [Debug] received epp: 1106896

--------------------------------------------------------------------------------
2022-04-17 22:12:27.559 [Debug] received epp: 1109959

--------------------------------------------------------------------------------
2022-04-17 22:12:27.760 [Debug] received epp: 1109959

--------------------------------------------------------------------------------
2022-04-17 22:12:28.610 [Debug] received epp: 1111020

--------------------------------------------------------------------------------
2022-04-17 22:12:28.685 [Debug] received epp: 1111020

--------------------------------------------------------------------------------
2022-04-17 22:12:31.828 [Debug] received epp: 1114240

--------------------------------------------------------------------------------
2022-04-17 22:12:32.021 [Debug] received epp: 1114240

--------------------------------------------------------------------------------
2022-04-17 22:12:34.535 [Debug] received epp: 1116943

--------------------------------------------------------------------------------
2022-04-17 22:12:36.709 [Debug] received epp: 1119100

--------------------------------------------------------------------------------
2022-04-17 22:27:32.806 [Debug] StatusChanged: [NetIncomingMessage #514 10 bytes] [Disconnecting]

--------------------------------------------------------------------------------
2022-04-17 22:27:32.811 [Debug] StatusChanged: [NetIncomingMessage #515 14 bytes] [Disconnected]

--------------------------------------------------------------------------------
2022-04-17 22:27:32.852 [Info] Acquiring context lock... (0ms)

--------------------------------------------------------------------------------
2022-04-17 22:27:32.852 [Info] Acquired. (0ms)

--------------------------------------------------------------------------------
2022-04-17 22:27:32.853 [Info] Beginning context dispose. (0ms)

--------------------------------------------------------------------------------
2022-04-17 22:27:32.853 [Info] GC.SuppressFinalize (0ms)

--------------------------------------------------------------------------------
2022-04-17 22:27:32.853 [Info] InternalDispose() completed. (0ms)

--------------------------------------------------------------------------------
2022-04-17 22:27:32.853 [Info] Clearing instance... (1ms)

--------------------------------------------------------------------------------
2022-04-17 22:27:32.853 [Info] Releasing context lock... (1ms)

--------------------------------------------------------------------------------
2022-04-17 22:27:32.853 [Info] Released. (1ms)

--------------------------------------------------------------------------------
