2022-05-01 14:40:59.565 [Info] Discovered 0 plugins:


--------------------------------------------------------------------------------
2022-05-01 14:41:00.828 [Info] Connecting to 38.129.153.213:5400...

--------------------------------------------------------------------------------
2022-05-01 14:41:01.322 [Info] Connection approved [00000000-0000-0000-0000-000000000000].

--------------------------------------------------------------------------------
2022-05-01 14:41:01.394 [Debug] approval Time=4462600 Offset=63787008398697 Real=63787012861298

--------------------------------------------------------------------------------
2022-05-01 14:41:01.394 [Debug] local Time=4462600 Offset=63787008398794 Real=63787012861394

--------------------------------------------------------------------------------
2022-05-01 14:41:01.395 [Debug] real delta=96

--------------------------------------------------------------------------------
2022-05-01 14:41:01.395 [Debug] this.Statistics.Ping=0 NCPing=11

--------------------------------------------------------------------------------
2022-05-01 14:41:01.396 [Debug] Connection established to remote [00000000-0000-0000-0000-000000000000/38.129.153.213:5400].

--------------------------------------------------------------------------------
2022-05-01 14:41:01.397 [Info] Connected [00000000-0000-0000-0000-000000000000].

--------------------------------------------------------------------------------
2022-05-01 14:41:25.114 [Warn] 'Me' is null.

--------------------------------------------------------------------------------
2022-05-01 14:41:25.428 [Debug] received epp: 4486365

--------------------------------------------------------------------------------
2022-05-01 14:41:36.385 [Debug] received epp: 4497663

--------------------------------------------------------------------------------
2022-05-01 14:41:49.697 [Debug] received epp: 4510944

--------------------------------------------------------------------------------
2022-05-01 14:41:56.266 [Debug] received epp: 4517552

--------------------------------------------------------------------------------
2022-05-01 14:41:57.593 [Debug] received epp: 4518881

--------------------------------------------------------------------------------
2022-05-01 14:41:57.651 [Debug] received epp: 4518881

--------------------------------------------------------------------------------
2022-05-01 14:42:01.187 [Debug] received epp: 4522475

--------------------------------------------------------------------------------
2022-05-01 14:42:01.395 [Debug] received epp: 4522475

--------------------------------------------------------------------------------
2022-05-01 14:42:05.169 [Debug] received epp: 4526460

--------------------------------------------------------------------------------
2022-05-01 14:42:07.468 [Debug] received epp: 4528741

--------------------------------------------------------------------------------
2022-05-01 14:42:07.516 [Debug] received epp: 4528741

--------------------------------------------------------------------------------
2022-05-01 14:42:10.517 [Debug] received epp: 4531804

--------------------------------------------------------------------------------
2022-05-01 14:42:10.755 [Debug] received epp: 4531804

--------------------------------------------------------------------------------
2022-05-01 14:42:28.684 [Debug] received epp: 4549974

--------------------------------------------------------------------------------
2022-05-01 14:46:36.697 [Debug] received epp: 4797960

--------------------------------------------------------------------------------
2022-05-01 14:47:27.960 [Debug] received epp: 4849240

--------------------------------------------------------------------------------
2022-05-01 14:49:07.791 [Debug] received epp: 4949068

--------------------------------------------------------------------------------
2022-05-01 14:57:03.085 [Debug] received epp: 5424365

--------------------------------------------------------------------------------
2022-05-01 14:57:03.863 [Debug] received epp: 5425146

--------------------------------------------------------------------------------
2022-05-01 14:57:04.488 [Debug] received epp: 5425772

--------------------------------------------------------------------------------
2022-05-01 14:57:04.773 [Debug] received epp: 5426054

--------------------------------------------------------------------------------
2022-05-01 14:57:04.988 [Debug] received epp: 5426272

--------------------------------------------------------------------------------
2022-05-01 14:57:05.210 [Debug] received epp: 5426490

--------------------------------------------------------------------------------
2022-05-01 14:57:05.885 [Debug] received epp: 5427177

--------------------------------------------------------------------------------
2022-05-01 14:57:06.168 [Debug] received epp: 5427459

--------------------------------------------------------------------------------
2022-05-01 14:57:07.681 [Debug] received epp: 5428975

--------------------------------------------------------------------------------
2022-05-01 14:57:09.821 [Debug] received epp: 5431101

--------------------------------------------------------------------------------
2022-05-01 14:57:09.898 [Debug] received epp: 5431115

--------------------------------------------------------------------------------
2022-05-01 15:00:59.837 [Debug] received epp: 5661115

--------------------------------------------------------------------------------
2022-05-01 15:01:00.085 [Debug] received epp: 5661115

--------------------------------------------------------------------------------
2022-05-01 15:01:27.236 [Debug] received epp: 5688522

--------------------------------------------------------------------------------
2022-05-01 15:01:27.459 [Debug] received epp: 5688741

--------------------------------------------------------------------------------
2022-05-01 15:01:27.653 [Debug] received epp: 5688929

--------------------------------------------------------------------------------
2022-05-01 15:01:28.084 [Debug] received epp: 5689366

--------------------------------------------------------------------------------
2022-05-01 15:01:28.599 [Debug] received epp: 5689882

--------------------------------------------------------------------------------
2022-05-01 15:01:28.863 [Debug] received epp: 5690147

--------------------------------------------------------------------------------
2022-05-01 15:01:29.099 [Debug] received epp: 5690382

--------------------------------------------------------------------------------
2022-05-01 15:01:29.321 [Debug] received epp: 5690615

--------------------------------------------------------------------------------
2022-05-01 15:01:29.759 [Debug] received epp: 5691037

--------------------------------------------------------------------------------
2022-05-01 15:01:30.038 [Debug] received epp: 5691319

--------------------------------------------------------------------------------
2022-05-01 15:01:30.264 [Debug] received epp: 5691552

--------------------------------------------------------------------------------
2022-05-01 15:02:46.035 [Debug] received epp: 5767319

--------------------------------------------------------------------------------
2022-05-01 15:02:46.293 [Debug] received epp: 5767568

--------------------------------------------------------------------------------
2022-05-01 15:02:46.542 [Debug] received epp: 5767820

--------------------------------------------------------------------------------
2022-05-01 15:02:48.750 [Debug] received epp: 5770037

--------------------------------------------------------------------------------
2022-05-01 15:02:49.035 [Debug] received epp: 5770319

--------------------------------------------------------------------------------
2022-05-01 15:02:49.287 [Debug] received epp: 5770568

--------------------------------------------------------------------------------
2022-05-01 15:02:49.966 [Debug] received epp: 5771256

--------------------------------------------------------------------------------
2022-05-01 15:02:50.019 [Debug] received epp: 5771303

--------------------------------------------------------------------------------
2022-05-01 15:02:50.272 [Debug] received epp: 5771569

--------------------------------------------------------------------------------
2022-05-01 15:02:50.508 [Debug] received epp: 5771787

--------------------------------------------------------------------------------
2022-05-01 15:02:50.799 [Debug] received epp: 5772069

--------------------------------------------------------------------------------
2022-05-01 15:02:50.813 [Debug] received epp: 5772085

--------------------------------------------------------------------------------
2022-05-01 15:02:50.993 [Debug] received epp: 5772272

--------------------------------------------------------------------------------
2022-05-01 15:02:51.196 [Debug] received epp: 5772475

--------------------------------------------------------------------------------
2022-05-01 15:02:51.404 [Debug] received epp: 5772694

--------------------------------------------------------------------------------
2022-05-01 15:02:52.153 [Debug] received epp: 5773429

--------------------------------------------------------------------------------
2022-05-01 15:02:52.153 [Debug] received epp: 5773445

--------------------------------------------------------------------------------
2022-05-01 15:02:52.793 [Debug] received epp: 5774085

--------------------------------------------------------------------------------
2022-05-01 15:04:42.334 [Debug] received epp: 5883615

--------------------------------------------------------------------------------
2022-05-01 15:04:42.616 [Debug] received epp: 5883896

--------------------------------------------------------------------------------
2022-05-01 15:04:43.424 [Debug] received epp: 5884708

--------------------------------------------------------------------------------
2022-05-01 15:04:43.745 [Debug] received epp: 5885037

--------------------------------------------------------------------------------
2022-05-01 15:04:44.583 [Debug] received epp: 5885866

--------------------------------------------------------------------------------
2022-05-01 15:04:45.139 [Debug] received epp: 5886413

--------------------------------------------------------------------------------
2022-05-01 15:04:45.743 [Debug] received epp: 5887023

--------------------------------------------------------------------------------
2022-05-01 15:04:46.049 [Debug] received epp: 5887333

--------------------------------------------------------------------------------
2022-05-01 15:04:46.313 [Debug] received epp: 5887601

--------------------------------------------------------------------------------
2022-05-01 15:05:35.363 [Debug] received epp: 5936615

--------------------------------------------------------------------------------
2022-05-01 15:09:12.355 [Debug] StatusChanged: [NetIncomingMessage #245 10 bytes] [Disconnecting]

--------------------------------------------------------------------------------
2022-05-01 15:09:12.358 [Debug] StatusChanged: [NetIncomingMessage #246 14 bytes] [Disconnected]

--------------------------------------------------------------------------------
2022-05-01 15:09:12.393 [Info] Acquiring context lock... (0ms)

--------------------------------------------------------------------------------
2022-05-01 15:09:12.393 [Info] Acquired. (0ms)

--------------------------------------------------------------------------------
2022-05-01 15:09:12.393 [Info] Beginning context dispose. (0ms)

--------------------------------------------------------------------------------
2022-05-01 15:09:12.394 [Info] GC.SuppressFinalize (0ms)

--------------------------------------------------------------------------------
2022-05-01 15:09:12.394 [Info] InternalDispose() completed. (0ms)

--------------------------------------------------------------------------------
2022-05-01 15:09:12.394 [Info] Clearing instance... (1ms)

--------------------------------------------------------------------------------
2022-05-01 15:09:12.394 [Info] Releasing context lock... (1ms)

--------------------------------------------------------------------------------
2022-05-01 15:09:12.394 [Info] Released. (1ms)

--------------------------------------------------------------------------------
