2022-04-04 22:42:47.257 [Info] Discovered 0 plugins:


--------------------------------------------------------------------------------
2022-04-04 22:42:48.357 [Info] Connecting to 38.129.153.213:5400...

--------------------------------------------------------------------------------
2022-04-04 22:42:48.773 [Info] Connection approved [00000000-0000-0000-0000-000000000000].

--------------------------------------------------------------------------------
2022-04-04 22:42:48.849 [Debug] approval Time=7646589 Offset=63784701322168 Real=63784708968758

--------------------------------------------------------------------------------
2022-04-04 22:42:48.849 [Debug] local Time=7646589 Offset=63784701322259 Real=63784708968849

--------------------------------------------------------------------------------
2022-04-04 22:42:48.850 [Debug] real delta=91

--------------------------------------------------------------------------------
2022-04-04 22:42:48.850 [Debug] this.Statistics.Ping=0 NCPing=9

--------------------------------------------------------------------------------
2022-04-04 22:42:48.851 [Debug] Connection established to remote [00000000-0000-0000-0000-000000000000/38.129.153.213:5400].

--------------------------------------------------------------------------------
2022-04-04 22:42:48.852 [Info] Connected [00000000-0000-0000-0000-000000000000].

--------------------------------------------------------------------------------
2022-04-04 22:42:52.263 [Warn] 'Me' is null.

--------------------------------------------------------------------------------
2022-04-04 22:42:52.519 [Debug] received epp: 7649995

--------------------------------------------------------------------------------
2022-04-04 22:43:15.185 [Warn] 'Me' is null.

--------------------------------------------------------------------------------
2022-04-04 22:43:15.313 [Debug] received epp: 7672995

--------------------------------------------------------------------------------
2022-04-04 22:46:18.768 [Debug] StatusChanged: [NetIncomingMessage #932 10 bytes] [Disconnecting]

--------------------------------------------------------------------------------
2022-04-04 22:46:18.772 [Debug] StatusChanged: [NetIncomingMessage #933 14 bytes] [Disconnected]

--------------------------------------------------------------------------------
2022-04-04 22:46:18.807 [Info] Acquiring context lock... (0ms)

--------------------------------------------------------------------------------
2022-04-04 22:46:18.807 [Info] Acquired. (0ms)

--------------------------------------------------------------------------------
2022-04-04 22:46:18.808 [Info] Beginning context dispose. (0ms)

--------------------------------------------------------------------------------
2022-04-04 22:46:18.809 [Info] GC.SuppressFinalize (0ms)

--------------------------------------------------------------------------------
2022-04-04 22:46:18.809 [Info] InternalDispose() completed. (0ms)

--------------------------------------------------------------------------------
2022-04-04 22:46:18.809 [Info] Clearing instance... (1ms)

--------------------------------------------------------------------------------
2022-04-04 22:46:18.809 [Info] Releasing context lock... (1ms)

--------------------------------------------------------------------------------
2022-04-04 22:46:18.809 [Info] Released. (1ms)

--------------------------------------------------------------------------------
