2022-04-04 15:06:06.033 [Info] Discovered 0 plugins:


--------------------------------------------------------------------------------
2022-04-04 15:06:07.457 [Info] Connecting to 38.129.153.213:5400...

--------------------------------------------------------------------------------
2022-04-04 15:06:07.881 [Info] Connection approved [00000000-0000-0000-0000-000000000000].

--------------------------------------------------------------------------------
2022-04-04 15:06:07.958 [Debug] approval Time=6124569 Offset=63784675443290 Real=63784681567859

--------------------------------------------------------------------------------
2022-04-04 15:06:07.959 [Debug] local Time=6124569 Offset=63784675443388 Real=63784681567958

--------------------------------------------------------------------------------
2022-04-04 15:06:07.959 [Debug] real delta=98

--------------------------------------------------------------------------------
2022-04-04 15:06:07.959 [Debug] this.Statistics.Ping=0 NCPing=6

--------------------------------------------------------------------------------
2022-04-04 15:06:07.961 [Debug] Connection established to remote [00000000-0000-0000-0000-000000000000/38.129.153.213:5400].

--------------------------------------------------------------------------------
2022-04-04 15:06:07.961 [Info] Connected [00000000-0000-0000-0000-000000000000].

--------------------------------------------------------------------------------
2022-04-04 15:06:18.349 [Warn] 'Me' is null.

--------------------------------------------------------------------------------
2022-04-04 15:06:18.635 [Debug] received epp: 6134976

--------------------------------------------------------------------------------
2022-04-04 15:06:36.082 [Debug] received epp: 6152758

--------------------------------------------------------------------------------
2022-04-04 15:06:38.349 [Debug] received epp: 6155039

--------------------------------------------------------------------------------
2022-04-04 15:06:39.385 [Debug] received epp: 6156069

--------------------------------------------------------------------------------
2022-04-04 15:06:39.574 [Debug] received epp: 6156069

--------------------------------------------------------------------------------
2022-04-04 15:06:41.416 [Debug] received epp: 6158101

--------------------------------------------------------------------------------
2022-04-04 15:06:41.703 [Debug] received epp: 6158382

--------------------------------------------------------------------------------
2022-04-04 15:06:41.933 [Debug] received epp: 6158616

--------------------------------------------------------------------------------
2022-04-04 15:06:42.166 [Debug] received epp: 6158851

--------------------------------------------------------------------------------
2022-04-04 15:06:42.383 [Debug] received epp: 6159070

--------------------------------------------------------------------------------
2022-04-04 15:06:42.601 [Debug] received epp: 6159289

--------------------------------------------------------------------------------
2022-04-04 15:06:43.251 [Debug] received epp: 6159946

--------------------------------------------------------------------------------
2022-04-04 15:06:44.267 [Debug] received epp: 6160960

--------------------------------------------------------------------------------
2022-04-04 15:08:51.302 [Debug] StatusChanged: [NetIncomingMessage #207 10 bytes] [Disconnecting]

--------------------------------------------------------------------------------
2022-04-04 15:08:51.304 [Debug] StatusChanged: [NetIncomingMessage #208 10 bytes] [Disconnected]

--------------------------------------------------------------------------------
2022-04-04 15:08:51.355 [Info] Acquiring context lock... (0ms)

--------------------------------------------------------------------------------
2022-04-04 15:08:51.355 [Info] Acquired. (0ms)

--------------------------------------------------------------------------------
2022-04-04 15:08:51.356 [Info] Beginning context dispose. (0ms)

--------------------------------------------------------------------------------
2022-04-04 15:08:51.357 [Info] GC.SuppressFinalize (0ms)

--------------------------------------------------------------------------------
2022-04-04 15:08:51.357 [Info] InternalDispose() completed. (0ms)

--------------------------------------------------------------------------------
2022-04-04 15:08:51.357 [Info] Clearing instance... (1ms)

--------------------------------------------------------------------------------
2022-04-04 15:08:51.357 [Info] Releasing context lock... (2ms)

--------------------------------------------------------------------------------
2022-04-04 15:08:51.357 [Info] Released. (2ms)

--------------------------------------------------------------------------------
