2022-04-04 16:21:13.290 [Info] Discovered 0 plugins:


--------------------------------------------------------------------------------
2022-04-04 16:21:14.313 [Info] Connecting to 38.129.153.213:5400...

--------------------------------------------------------------------------------
2022-04-04 16:21:14.726 [Info] Connection approved [00000000-0000-0000-0000-000000000000].

--------------------------------------------------------------------------------
2022-04-04 16:21:14.797 [Info] Connected [00000000-0000-0000-0000-000000000000].

--------------------------------------------------------------------------------
2022-04-04 16:21:19.021 [Warn] 'Me' is null.

--------------------------------------------------------------------------------
2022-04-04 16:21:34.659 [Info] Disconnected [00000000-0000-0000-0000-000000000000].

--------------------------------------------------------------------------------
2022-04-04 16:21:34.711 [Info] Acquiring context lock... (0ms)

--------------------------------------------------------------------------------
2022-04-04 16:21:34.711 [Info] Acquired. (0ms)

--------------------------------------------------------------------------------
2022-04-04 16:21:34.712 [Info] Beginning context dispose. (0ms)

--------------------------------------------------------------------------------
2022-04-04 16:21:34.712 [Info] GC.SuppressFinalize (0ms)

--------------------------------------------------------------------------------
2022-04-04 16:21:34.712 [Info] InternalDispose() completed. (0ms)

--------------------------------------------------------------------------------
2022-04-04 16:21:34.712 [Info] Clearing instance... (1ms)

--------------------------------------------------------------------------------
2022-04-04 16:21:34.712 [Info] Releasing context lock... (1ms)

--------------------------------------------------------------------------------
2022-04-04 16:21:34.712 [Info] Released. (1ms)

--------------------------------------------------------------------------------
