2022-04-03 17:30:44.354 [Info] Discovered 0 plugins:


--------------------------------------------------------------------------------
2022-04-03 17:30:45.328 [Info] Connecting to 38.129.153.213:5400...

--------------------------------------------------------------------------------
2022-04-03 17:30:45.741 [Info] Connection approved [00000000-0000-0000-0000-000000000000].

--------------------------------------------------------------------------------
2022-04-03 17:30:45.814 [Debug] approval Time=9055729 Offset=63784594789990 Real=63784603845720

--------------------------------------------------------------------------------
2022-04-03 17:30:45.815 [Debug] local Time=9055729 Offset=63784594790085 Real=63784603845814

--------------------------------------------------------------------------------
2022-04-03 17:30:45.815 [Debug] real delta=94

--------------------------------------------------------------------------------
2022-04-03 17:30:45.815 [Debug] this.Statistics.Ping=0 NCPing=7

--------------------------------------------------------------------------------
2022-04-03 17:30:45.820 [Debug] Connection established to remote [00000000-0000-0000-0000-000000000000/38.129.153.213:5400].

--------------------------------------------------------------------------------
2022-04-03 17:30:45.820 [Info] Connected [00000000-0000-0000-0000-000000000000].

--------------------------------------------------------------------------------
2022-04-03 17:31:19.276 [Debug] StatusChanged: [NetIncomingMessage #0 10 bytes] [Disconnecting]

--------------------------------------------------------------------------------
2022-04-03 17:31:19.278 [Debug] StatusChanged: [NetIncomingMessage #0 10 bytes] [Disconnected]

--------------------------------------------------------------------------------
2022-04-03 17:31:19.321 [Info] Acquiring context lock... (0ms)

--------------------------------------------------------------------------------
2022-04-03 17:31:19.321 [Info] Acquired. (0ms)

--------------------------------------------------------------------------------
2022-04-03 17:31:19.322 [Info] Beginning context dispose. (0ms)

--------------------------------------------------------------------------------
2022-04-03 17:31:19.322 [Info] GC.SuppressFinalize (0ms)

--------------------------------------------------------------------------------
2022-04-03 17:31:19.322 [Info] InternalDispose() completed. (0ms)

--------------------------------------------------------------------------------
2022-04-03 17:31:19.322 [Info] Clearing instance... (1ms)

--------------------------------------------------------------------------------
2022-04-03 17:31:19.323 [Info] Releasing context lock... (1ms)

--------------------------------------------------------------------------------
2022-04-03 17:31:19.323 [Info] Released. (1ms)

--------------------------------------------------------------------------------
