2022-04-06 22:42:32.904 [Info] Connecting to 38.129.153.213:5400...

--------------------------------------------------------------------------------
2022-04-06 22:42:33.328 [Info] Connection approved [00000000-0000-0000-0000-000000000000].

--------------------------------------------------------------------------------
2022-04-06 22:42:33.394 [Debug] approval Time=3475808 Offset=63784878277505 Real=63784881753313

--------------------------------------------------------------------------------
2022-04-06 22:42:33.394 [Debug] local Time=3475808 Offset=63784878277586 Real=63784881753394

--------------------------------------------------------------------------------
2022-04-06 22:42:33.394 [Debug] real delta=81

--------------------------------------------------------------------------------
2022-04-06 22:42:33.394 [Debug] this.Statistics.Ping=0 NCPing=8

--------------------------------------------------------------------------------
2022-04-06 22:42:33.396 [Debug] Connection established to remote [00000000-0000-0000-0000-000000000000/38.129.153.213:5400].

--------------------------------------------------------------------------------
2022-04-06 22:42:33.396 [Info] Connected [00000000-0000-0000-0000-000000000000].

--------------------------------------------------------------------------------
2022-04-06 22:48:32.009 [Debug] StatusChanged: [NetIncomingMessage #356 10 bytes] [Disconnecting]

--------------------------------------------------------------------------------
2022-04-06 22:48:32.017 [Debug] StatusChanged: [NetIncomingMessage #357 10 bytes] [Disconnected]

--------------------------------------------------------------------------------
2022-04-06 22:48:32.017 [Debug] Connection terminated to remote [00000000-0000-0000-0000-000000000000/38.129.153.213:5400].

--------------------------------------------------------------------------------
2022-04-06 22:48:32.017 [Info] Disconnected [00000000-0000-0000-0000-000000000000].

--------------------------------------------------------------------------------
