2022-04-03 19:18:20.546 [Info] Discovered 0 plugins:


--------------------------------------------------------------------------------
2022-04-03 19:18:21.534 [Info] Connecting to 38.129.153.213:5400...

--------------------------------------------------------------------------------
2022-04-03 19:18:21.964 [Info] Connection approved [00000000-0000-0000-0000-000000000000].

--------------------------------------------------------------------------------
2022-04-03 19:18:22.035 [Debug] approval Time=15511947 Offset=63784594789990 Real=63784610301938

--------------------------------------------------------------------------------
2022-04-03 19:18:22.036 [Debug] local Time=15511947 Offset=63784594790088 Real=63784610302035

--------------------------------------------------------------------------------
2022-04-03 19:18:22.036 [Debug] real delta=97

--------------------------------------------------------------------------------
2022-04-03 19:18:22.036 [Debug] this.Statistics.Ping=0 NCPing=6

--------------------------------------------------------------------------------
2022-04-03 19:18:22.038 [Debug] Connection established to remote [00000000-0000-0000-0000-000000000000/38.129.153.213:5400].

--------------------------------------------------------------------------------
2022-04-03 19:18:22.038 [Info] Connected [00000000-0000-0000-0000-000000000000].

--------------------------------------------------------------------------------
2022-04-03 19:18:57.272 [Debug] StatusChanged: [NetIncomingMessage #0 10 bytes] [Disconnecting]

--------------------------------------------------------------------------------
2022-04-03 19:18:57.274 [Debug] StatusChanged: [NetIncomingMessage #0 10 bytes] [Disconnected]

--------------------------------------------------------------------------------
2022-04-03 19:18:57.298 [Info] Acquiring context lock... (0ms)

--------------------------------------------------------------------------------
2022-04-03 19:18:57.298 [Info] Acquired. (0ms)

--------------------------------------------------------------------------------
2022-04-03 19:18:57.299 [Info] Beginning context dispose. (0ms)

--------------------------------------------------------------------------------
2022-04-03 19:18:57.300 [Info] GC.SuppressFinalize (0ms)

--------------------------------------------------------------------------------
2022-04-03 19:18:57.300 [Info] InternalDispose() completed. (0ms)

--------------------------------------------------------------------------------
2022-04-03 19:18:57.300 [Info] Clearing instance... (1ms)

--------------------------------------------------------------------------------
2022-04-03 19:18:57.300 [Info] Releasing context lock... (1ms)

--------------------------------------------------------------------------------
2022-04-03 19:18:57.300 [Info] Released. (1ms)

--------------------------------------------------------------------------------
