2022-04-06 21:44:43.818 [Info] Connecting to 38.129.153.213:5400...

--------------------------------------------------------------------------------
2022-04-06 21:44:45.405 [Info] Connection approved [00000000-0000-0000-0000-000000000000].

--------------------------------------------------------------------------------
2022-04-06 21:44:45.482 [Debug] approval Time=7807 Offset=63784878277505 Real=63784878285312

--------------------------------------------------------------------------------
2022-04-06 21:44:45.483 [Debug] local Time=7807 Offset=63784878277675 Real=63784878285482

--------------------------------------------------------------------------------
2022-04-06 21:44:45.483 [Debug] real delta=169

--------------------------------------------------------------------------------
2022-04-06 21:44:45.483 [Debug] this.Statistics.Ping=0 NCPing=26

--------------------------------------------------------------------------------
2022-04-06 21:44:45.485 [Debug] Connection established to remote [00000000-0000-0000-0000-000000000000/38.129.153.213:5400].

--------------------------------------------------------------------------------
2022-04-06 21:44:45.485 [Info] Connected [00000000-0000-0000-0000-000000000000].

--------------------------------------------------------------------------------
2022-04-06 21:48:56.210 [Debug] StatusChanged: [NetIncomingMessage #0 10 bytes] [Disconnecting]

--------------------------------------------------------------------------------
2022-04-06 21:48:56.211 [Debug] StatusChanged: [NetIncomingMessage #0 10 bytes] [Disconnected]

--------------------------------------------------------------------------------
2022-04-06 21:48:56.211 [Debug] Connection terminated to remote [00000000-0000-0000-0000-000000000000/38.129.153.213:5400].

--------------------------------------------------------------------------------
2022-04-06 21:48:56.212 [Info] Disconnected [00000000-0000-0000-0000-000000000000].

--------------------------------------------------------------------------------
