2022-04-07 01:52:33.632 [Info] Discovered 0 plugins:


--------------------------------------------------------------------------------
2022-04-07 01:52:34.968 [Info] Connecting to 38.129.153.213:5400...

--------------------------------------------------------------------------------
2022-04-07 01:52:35.633 [Info] Connection approved [00000000-0000-0000-0000-000000000000].

--------------------------------------------------------------------------------
2022-04-07 01:52:35.703 [Debug] approval Time=26137 Offset=63784893129442 Real=63784893155579

--------------------------------------------------------------------------------
2022-04-07 01:52:35.703 [Debug] local Time=26138 Offset=63784893129564 Real=63784893155703

--------------------------------------------------------------------------------
2022-04-07 01:52:35.703 [Debug] real delta=123

--------------------------------------------------------------------------------
2022-04-07 01:52:35.703 [Debug] this.Statistics.Ping=0 NCPing=8

--------------------------------------------------------------------------------
2022-04-07 01:52:35.705 [Debug] Connection established to remote [00000000-0000-0000-0000-000000000000/38.129.153.213:5400].

--------------------------------------------------------------------------------
2022-04-07 01:52:35.705 [Info] Connected [00000000-0000-0000-0000-000000000000].

--------------------------------------------------------------------------------
2022-04-07 01:52:40.712 [Warn] 'Me' is null.

--------------------------------------------------------------------------------
2022-04-07 01:52:41.097 [Debug] received epp: 31436

--------------------------------------------------------------------------------
2022-04-07 01:53:39.915 [Debug] received epp: 90450

--------------------------------------------------------------------------------
2022-04-07 01:53:40.081 [Debug] received epp: 90620

--------------------------------------------------------------------------------
2022-04-07 01:53:40.298 [Debug] received epp: 90841

--------------------------------------------------------------------------------
2022-04-07 01:53:40.549 [Debug] received epp: 91074

--------------------------------------------------------------------------------
2022-04-07 01:53:54.314 [Debug] received epp: 104855

--------------------------------------------------------------------------------
2022-04-07 01:53:54.531 [Debug] received epp: 105074

--------------------------------------------------------------------------------
2022-04-07 01:53:54.765 [Debug] received epp: 105310

--------------------------------------------------------------------------------
2022-04-07 01:53:55.015 [Debug] received epp: 105558

--------------------------------------------------------------------------------
2022-04-07 01:53:55.231 [Debug] received epp: 105777

--------------------------------------------------------------------------------
2022-04-07 01:55:47.833 [Debug] StatusChanged: [NetIncomingMessage #414 10 bytes] [Disconnecting]

--------------------------------------------------------------------------------
2022-04-07 01:55:47.837 [Debug] StatusChanged: [NetIncomingMessage #415 14 bytes] [Disconnected]

--------------------------------------------------------------------------------
2022-04-07 01:55:47.882 [Info] Acquiring context lock... (0ms)

--------------------------------------------------------------------------------
2022-04-07 01:55:47.882 [Info] Acquired. (0ms)

--------------------------------------------------------------------------------
2022-04-07 01:55:47.883 [Info] Beginning context dispose. (0ms)

--------------------------------------------------------------------------------
2022-04-07 01:55:47.883 [Info] GC.SuppressFinalize (0ms)

--------------------------------------------------------------------------------
2022-04-07 01:55:47.883 [Info] InternalDispose() completed. (0ms)

--------------------------------------------------------------------------------
2022-04-07 01:55:47.883 [Info] Clearing instance... (1ms)

--------------------------------------------------------------------------------
2022-04-07 01:55:47.883 [Info] Releasing context lock... (1ms)

--------------------------------------------------------------------------------
2022-04-07 01:55:47.883 [Info] Released. (1ms)

--------------------------------------------------------------------------------
