2022-04-03 16:52:17.954 [Info] Discovered 0 plugins:


--------------------------------------------------------------------------------
2022-04-03 16:52:18.960 [Info] Connecting to 38.129.153.213:5400...

--------------------------------------------------------------------------------
2022-04-03 16:52:19.388 [Info] Connection approved [00000000-0000-0000-0000-000000000000].

--------------------------------------------------------------------------------
2022-04-03 16:52:19.457 [Debug] approval Time=6749370 Offset=63784594789990 Real=63784601539360

--------------------------------------------------------------------------------
2022-04-03 16:52:19.458 [Debug] local Time=6749370 Offset=63784594790087 Real=63784601539457

--------------------------------------------------------------------------------
2022-04-03 16:52:19.458 [Debug] real delta=97

--------------------------------------------------------------------------------
2022-04-03 16:52:19.458 [Debug] this.Statistics.Ping=0 NCPing=13

--------------------------------------------------------------------------------
2022-04-03 16:52:19.463 [Debug] Connection established to remote [00000000-0000-0000-0000-000000000000/38.129.153.213:5400].

--------------------------------------------------------------------------------
2022-04-03 16:52:19.463 [Info] Connected [00000000-0000-0000-0000-000000000000].

--------------------------------------------------------------------------------
2022-04-03 16:52:55.894 [Warn] 'Me' is null.

--------------------------------------------------------------------------------
2022-04-03 16:52:56.123 [Debug] received epp: 6785823

--------------------------------------------------------------------------------
2022-04-03 16:53:02.649 [Debug] StatusChanged: [NetIncomingMessage #314 10 bytes] [Disconnecting]

--------------------------------------------------------------------------------
2022-04-03 16:53:02.651 [Debug] StatusChanged: [NetIncomingMessage #315 10 bytes] [Disconnected]

--------------------------------------------------------------------------------
2022-04-03 16:53:02.705 [Info] Acquiring context lock... (0ms)

--------------------------------------------------------------------------------
2022-04-03 16:53:02.705 [Info] Acquired. (0ms)

--------------------------------------------------------------------------------
2022-04-03 16:53:02.705 [Info] Beginning context dispose. (0ms)

--------------------------------------------------------------------------------
2022-04-03 16:53:02.706 [Info] GC.SuppressFinalize (0ms)

--------------------------------------------------------------------------------
2022-04-03 16:53:02.706 [Info] InternalDispose() completed. (0ms)

--------------------------------------------------------------------------------
2022-04-03 16:53:02.706 [Info] Clearing instance... (1ms)

--------------------------------------------------------------------------------
2022-04-03 16:53:02.706 [Info] Releasing context lock... (1ms)

--------------------------------------------------------------------------------
2022-04-03 16:53:02.706 [Info] Released. (1ms)

--------------------------------------------------------------------------------
