2022-04-10 19:04:57.343 [Info] Discovered 0 plugins:


--------------------------------------------------------------------------------
2022-04-10 19:04:58.547 [Info] Connecting to 38.129.153.213:5400...

--------------------------------------------------------------------------------
2022-04-10 19:04:58.965 [Info] Connection approved [00000000-0000-0000-0000-000000000000].

--------------------------------------------------------------------------------
2022-04-10 19:04:59.029 [Debug] approval Time=7455227 Offset=63785206843711 Real=63785214298939

--------------------------------------------------------------------------------
2022-04-10 19:04:59.029 [Debug] local Time=7455227 Offset=63785206843801 Real=63785214299029

--------------------------------------------------------------------------------
2022-04-10 19:04:59.030 [Debug] real delta=89

--------------------------------------------------------------------------------
2022-04-10 19:04:59.030 [Debug] this.Statistics.Ping=0 NCPing=6

--------------------------------------------------------------------------------
2022-04-10 19:04:59.032 [Debug] Connection established to remote [00000000-0000-0000-0000-000000000000/38.129.153.213:5400].

--------------------------------------------------------------------------------
2022-04-10 19:04:59.032 [Info] Connected [00000000-0000-0000-0000-000000000000].

--------------------------------------------------------------------------------
2022-04-10 19:06:25.422 [Warn] 'Me' is null.

--------------------------------------------------------------------------------
2022-04-10 19:06:25.694 [Debug] received epp: 7541633

--------------------------------------------------------------------------------
2022-04-10 19:06:43.585 [Debug] received epp: 7559820

--------------------------------------------------------------------------------
2022-04-10 19:06:43.769 [Debug] received epp: 7559820

--------------------------------------------------------------------------------
2022-04-10 19:06:44.224 [Debug] received epp: 7560492

--------------------------------------------------------------------------------
2022-04-10 19:07:09.657 [Debug] received epp: 7585930

--------------------------------------------------------------------------------
2022-04-10 19:07:18.507 [Debug] received epp: 7594774

--------------------------------------------------------------------------------
2022-04-10 19:07:57.747 [Debug] StatusChanged: [NetIncomingMessage #924 10 bytes] [Disconnecting]

--------------------------------------------------------------------------------
2022-04-10 19:07:57.748 [Debug] StatusChanged: [NetIncomingMessage #925 9 bytes] [Disconnected]

--------------------------------------------------------------------------------
2022-04-10 19:07:57.794 [Info] Acquiring context lock... (0ms)

--------------------------------------------------------------------------------
2022-04-10 19:07:57.794 [Info] Acquired. (0ms)

--------------------------------------------------------------------------------
2022-04-10 19:07:57.795 [Info] Beginning context dispose. (0ms)

--------------------------------------------------------------------------------
2022-04-10 19:07:57.795 [Info] GC.SuppressFinalize (0ms)

--------------------------------------------------------------------------------
2022-04-10 19:07:57.795 [Info] InternalDispose() completed. (0ms)

--------------------------------------------------------------------------------
2022-04-10 19:07:57.795 [Info] Clearing instance... (1ms)

--------------------------------------------------------------------------------
2022-04-10 19:07:57.795 [Info] Releasing context lock... (1ms)

--------------------------------------------------------------------------------
2022-04-10 19:07:57.796 [Info] Released. (1ms)

--------------------------------------------------------------------------------
