2022-04-03 20:57:44.864 [Info] Discovered 0 plugins:


--------------------------------------------------------------------------------
2022-04-03 20:57:45.905 [Info] Connecting to 38.129.153.213:5400...

--------------------------------------------------------------------------------
2022-04-03 20:57:46.318 [Info] Connection approved [00000000-0000-0000-0000-000000000000].

--------------------------------------------------------------------------------
2022-04-03 20:57:46.378 [Debug] approval Time=2054030 Offset=63784614212267 Real=63784616266297

--------------------------------------------------------------------------------
2022-04-03 20:57:46.378 [Debug] local Time=2054030 Offset=63784614212347 Real=63784616266378

--------------------------------------------------------------------------------
2022-04-03 20:57:46.378 [Debug] real delta=80

--------------------------------------------------------------------------------
2022-04-03 20:57:46.378 [Debug] this.Statistics.Ping=0 NCPing=7

--------------------------------------------------------------------------------
2022-04-03 20:57:46.380 [Debug] Connection established to remote [00000000-0000-0000-0000-000000000000/38.129.153.213:5400].

--------------------------------------------------------------------------------
2022-04-03 20:57:46.380 [Info] Connected [00000000-0000-0000-0000-000000000000].

--------------------------------------------------------------------------------
2022-04-03 21:10:14.330 [Debug] StatusChanged: [NetIncomingMessage #0 10 bytes] [Disconnecting]

--------------------------------------------------------------------------------
2022-04-03 21:10:14.333 [Debug] StatusChanged: [NetIncomingMessage #0 10 bytes] [Disconnected]

--------------------------------------------------------------------------------
2022-04-03 21:10:14.377 [Info] Acquiring context lock... (0ms)

--------------------------------------------------------------------------------
2022-04-03 21:10:14.378 [Info] Acquired. (0ms)

--------------------------------------------------------------------------------
2022-04-03 21:10:14.379 [Info] Beginning context dispose. (0ms)

--------------------------------------------------------------------------------
2022-04-03 21:10:14.379 [Info] GC.SuppressFinalize (0ms)

--------------------------------------------------------------------------------
2022-04-03 21:10:14.379 [Info] InternalDispose() completed. (0ms)

--------------------------------------------------------------------------------
2022-04-03 21:10:14.379 [Info] Clearing instance... (1ms)

--------------------------------------------------------------------------------
2022-04-03 21:10:14.379 [Info] Releasing context lock... (1ms)

--------------------------------------------------------------------------------
2022-04-03 21:10:14.379 [Info] Released. (1ms)

--------------------------------------------------------------------------------
