2022-04-03 20:24:32.610 [Info] Discovered 0 plugins:


--------------------------------------------------------------------------------
2022-04-03 20:24:33.608 [Info] Connecting to 38.129.153.213:5400...

--------------------------------------------------------------------------------
2022-04-03 20:24:34.354 [Info] Connection approved [00000000-0000-0000-0000-000000000000].

--------------------------------------------------------------------------------
2022-04-03 20:24:34.447 [Debug] approval Time=62015 Offset=63784614212267 Real=63784614274282

--------------------------------------------------------------------------------
2022-04-03 20:24:34.447 [Debug] local Time=62015 Offset=63784614212430 Real=63784614274446

--------------------------------------------------------------------------------
2022-04-03 20:24:34.447 [Debug] real delta=163

--------------------------------------------------------------------------------
2022-04-03 20:24:34.447 [Debug] this.Statistics.Ping=0 NCPing=7

--------------------------------------------------------------------------------
2022-04-03 20:24:34.449 [Debug] Connection established to remote [00000000-0000-0000-0000-000000000000/38.129.153.213:5400].

--------------------------------------------------------------------------------
2022-04-03 20:24:34.449 [Info] Connected [00000000-0000-0000-0000-000000000000].

--------------------------------------------------------------------------------
2022-04-03 20:24:46.339 [Warn] 'Me' is null.

--------------------------------------------------------------------------------
2022-04-03 20:24:46.578 [Debug] received epp: 74203

--------------------------------------------------------------------------------
2022-04-03 20:25:05.821 [Debug] StatusChanged: [NetIncomingMessage #459 10 bytes] [Disconnecting]

--------------------------------------------------------------------------------
2022-04-03 20:25:05.823 [Debug] StatusChanged: [NetIncomingMessage #460 10 bytes] [Disconnected]

--------------------------------------------------------------------------------
2022-04-03 20:25:05.875 [Info] Acquiring context lock... (0ms)

--------------------------------------------------------------------------------
2022-04-03 20:25:05.875 [Info] Acquired. (0ms)

--------------------------------------------------------------------------------
2022-04-03 20:25:05.876 [Info] Beginning context dispose. (0ms)

--------------------------------------------------------------------------------
2022-04-03 20:25:05.876 [Info] GC.SuppressFinalize (0ms)

--------------------------------------------------------------------------------
2022-04-03 20:25:05.876 [Info] InternalDispose() completed. (0ms)

--------------------------------------------------------------------------------
2022-04-03 20:25:05.876 [Info] Clearing instance... (1ms)

--------------------------------------------------------------------------------
2022-04-03 20:25:05.876 [Info] Releasing context lock... (1ms)

--------------------------------------------------------------------------------
2022-04-03 20:25:05.876 [Info] Released. (1ms)

--------------------------------------------------------------------------------
