2022-04-04 20:58:05.681 [Info] Discovered 0 plugins:


--------------------------------------------------------------------------------
2022-04-04 20:58:06.715 [Info] Connecting to 38.129.153.213:5400...

--------------------------------------------------------------------------------
2022-04-04 20:58:07.156 [Info] Connection approved [00000000-0000-0000-0000-000000000000].

--------------------------------------------------------------------------------
2022-04-04 20:58:07.246 [Debug] approval Time=1364972 Offset=63784701322168 Real=63784702687140

--------------------------------------------------------------------------------
2022-04-04 20:58:07.246 [Debug] local Time=1364972 Offset=63784701322273 Real=63784702687246

--------------------------------------------------------------------------------
2022-04-04 20:58:07.246 [Debug] real delta=105

--------------------------------------------------------------------------------
2022-04-04 20:58:07.246 [Debug] this.Statistics.Ping=0 NCPing=5

--------------------------------------------------------------------------------
2022-04-04 20:58:07.248 [Debug] Connection established to remote [00000000-0000-0000-0000-000000000000/38.129.153.213:5400].

--------------------------------------------------------------------------------
2022-04-04 20:58:07.249 [Info] Connected [00000000-0000-0000-0000-000000000000].

--------------------------------------------------------------------------------
2022-04-04 20:58:11.315 [Warn] 'Me' is null.

--------------------------------------------------------------------------------
2022-04-04 20:58:11.602 [Debug] received epp: 1369067

--------------------------------------------------------------------------------
2022-04-04 20:58:25.281 [Debug] received epp: 1383082

--------------------------------------------------------------------------------
2022-04-04 20:58:25.481 [Debug] received epp: 1383301

--------------------------------------------------------------------------------
2022-04-04 20:58:25.714 [Debug] received epp: 1383536

--------------------------------------------------------------------------------
2022-04-04 20:58:26.615 [Debug] received epp: 1384426

--------------------------------------------------------------------------------
2022-04-04 20:58:27.081 [Debug] received epp: 1384895

--------------------------------------------------------------------------------
2022-04-04 20:58:27.315 [Debug] received epp: 1385129

--------------------------------------------------------------------------------
2022-04-04 20:58:27.597 [Debug] received epp: 1385411

--------------------------------------------------------------------------------
2022-04-04 20:58:28.965 [Debug] received epp: 1386784

--------------------------------------------------------------------------------
2022-04-04 20:58:31.299 [Debug] received epp: 1389099

--------------------------------------------------------------------------------
2022-04-04 20:58:34.238 [Error] Received unhandled exception from Name:Intersect Client.exe
There are no context policies.
.

--------------------------------------------------------------------------------
2022-04-04 20:58:34.239 [Error] InvalidOperationException: Collection was modified; enumeration operation may not execute.
    Stack:    at System.ThrowHelper.ThrowInvalidOperationException(ExceptionResource resource)
   at System.Collections.Generic.List`1.Enumerator.MoveNextRare()
   at System.Linq.Enumerable.<SelectManyIterator>d__17`2.MoveNext()
   at System.Linq.Enumerable.<SelectManyIterator>d__17`2.MoveNext()
   at System.Linq.Enumerable.<SelectManyIterator>d__17`2.MoveNext()
   at System.Linq.Enumerable.<SelectManyIterator>d__17`2.MoveNext()
   at System.Linq.Enumerable.<SelectManyIterator>d__17`2.MoveNext()
   at System.Linq.Enumerable.<SelectManyIterator>d__17`2.MoveNext()
   at System.Linq.Enumerable.Any[TSource](IEnumerable`1 source)
   at Intersect.Extensions.EnumerableExtensions.SelectManyRecursive[T](IEnumerable`1 source, Func`2 selector, CancellationToken cancellationToken)
   at Intersect.Extensions.EnumerableExtensions.SelectManyRecursive[T](IEnumerable`1 source, Func`2 selector, CancellationToken cancellationToken)
   at Intersect.Extensions.EnumerableExtensions.SelectManyRecursive[T](IEnumerable`1 source, Func`2 selector, CancellationToken cancellationToken)
   at Intersect.Extensions.EnumerableExtensions.SelectManyRecursive[T](IEnumerable`1 source, Func`2 selector, CancellationToken cancellationToken)
   at Intersect.Extensions.EnumerableExtensions.SelectManyRecursive[T](IEnumerable`1 source, Func`2 selector, CancellationToken cancellationToken)
   at Intersect.Extensions.EnumerableExtensions.SelectManyRecursive[T](IEnumerable`1 source, Func`2 selector, CancellationToken cancellationToken)
   at Intersect.Extensions.EnumerableExtensions.SelectManyRecursive[T](IEnumerable`1 source, Func`2 selector, CancellationToken cancellationToken)
   at Intersect.Extensions.EnumerableExtensions.SelectManyRecursive[T](IEnumerable`1 source, Func`2 selector, CancellationToken cancellationToken)
   at Intersect.Client.Interface.Debugging.DebugWindow.<>c.<CreateTableDebugStats>b__29_13(CancellationToken cancellationToken)
   at Intersect.Client.Framework.Gwen.Control.Data.ValueTableCellDataProvider`1.<>c__DisplayClass1_1.<.ctor>b__3(Task _)
   at System.Threading.Tasks.ContinuationResultTaskFromTask`1.InnerInvoke()
   at System.Threading.Tasks.Task.Execute()
--- End of stack trace from previous location where exception was thrown ---
   at System.Runtime.ExceptionServices.ExceptionDispatchInfo.Throw()
   at System.Runtime.CompilerServices.TaskAwaiter.HandleNonSuccessAndDebuggerNotification(Task task)
   at System.Runtime.CompilerServices.ConfiguredTaskAwaitable`1.ConfiguredTaskAwaiter.GetResult()
   at Intersect.Async.AsyncValueGenerator`1.<DoLoop>d__6.MoveNext()
--- End of stack trace from previous location where exception was thrown ---
   at System.Runtime.ExceptionServices.ExceptionDispatchInfo.Throw()
   at System.Threading.ExecutionContext.RunInternal(ExecutionContext executionContext, ContextCallback callback, Object state, Boolean preserveSyncCtx)
   at System.Threading.ExecutionContext.Run(ExecutionContext executionContext, ContextCallback callback, Object state, Boolean preserveSyncCtx)
   at System.Threading.QueueUserWorkItemCallback.System.Threading.IThreadPoolWorkItem.ExecuteWorkItem()
   at System.Threading.ThreadPoolWorkQueue.Dispatch()


--------------------------------------------------------------------------------
2022-04-04 20:58:34.244 [Info] Acquiring context lock... (0ms)

--------------------------------------------------------------------------------
2022-04-04 20:58:34.244 [Info] Acquired. (0ms)

--------------------------------------------------------------------------------
2022-04-04 20:58:34.245 [Info] Beginning context dispose. (0ms)

--------------------------------------------------------------------------------
2022-04-04 20:58:34.245 [Info] GC.SuppressFinalize (0ms)

--------------------------------------------------------------------------------
2022-04-04 20:58:34.245 [Info] InternalDispose() completed. (0ms)

--------------------------------------------------------------------------------
2022-04-04 20:58:34.245 [Info] Clearing instance... (1ms)

--------------------------------------------------------------------------------
2022-04-04 20:58:34.246 [Info] Releasing context lock... (1ms)

--------------------------------------------------------------------------------
2022-04-04 20:58:34.246 [Info] Released. (1ms)

--------------------------------------------------------------------------------
