2022-04-04 19:07:00.936 [Info] Discovered 0 plugins:


--------------------------------------------------------------------------------
2022-04-04 19:07:01.833 [Info] Connecting to 38.129.153.213:5400...

--------------------------------------------------------------------------------
2022-04-04 19:07:02.239 [Info] Connection approved [00000000-0000-0000-0000-000000000000].

--------------------------------------------------------------------------------
2022-04-04 19:07:02.325 [Info] Connected [00000000-0000-0000-0000-000000000000].

--------------------------------------------------------------------------------
2022-04-04 19:07:08.850 [Warn] 'Me' is null.

--------------------------------------------------------------------------------
2022-04-04 19:24:35.457 [Info] Acquiring context lock... (0ms)

--------------------------------------------------------------------------------
2022-04-04 19:24:35.457 [Info] Acquired. (0ms)

--------------------------------------------------------------------------------
2022-04-04 19:24:35.459 [Info] Beginning context dispose. (0ms)

--------------------------------------------------------------------------------
2022-04-04 19:24:35.460 [Info] GC.SuppressFinalize (0ms)

--------------------------------------------------------------------------------
2022-04-04 19:24:35.460 [Info] InternalDispose() completed. (0ms)

--------------------------------------------------------------------------------
2022-04-04 19:24:35.460 [Info] Clearing instance... (2ms)

--------------------------------------------------------------------------------
2022-04-04 19:24:35.460 [Info] Releasing context lock... (2ms)

--------------------------------------------------------------------------------
2022-04-04 19:24:35.460 [Info] Released. (2ms)

--------------------------------------------------------------------------------
