2022-04-04 23:53:46.598 [Info] Connecting to 38.129.153.213:5400...

--------------------------------------------------------------------------------
2022-04-04 23:53:47.009 [Info] Connection approved [00000000-0000-0000-0000-000000000000].

--------------------------------------------------------------------------------
2022-04-04 23:53:47.070 [Debug] approval Time=1415860 Offset=63784711811125 Real=63784713226986

--------------------------------------------------------------------------------
2022-04-04 23:53:47.070 [Debug] local Time=1415860 Offset=63784711811209 Real=63784713227070

--------------------------------------------------------------------------------
2022-04-04 23:53:47.070 [Debug] real delta=83

--------------------------------------------------------------------------------
2022-04-04 23:53:47.070 [Debug] this.Statistics.Ping=0 NCPing=8

--------------------------------------------------------------------------------
2022-04-04 23:53:47.072 [Debug] Connection established to remote [00000000-0000-0000-0000-000000000000/38.129.153.213:5400].

--------------------------------------------------------------------------------
2022-04-04 23:53:47.072 [Info] Connected [00000000-0000-0000-0000-000000000000].

--------------------------------------------------------------------------------
2022-04-04 23:56:57.170 [Debug] StatusChanged: [NetIncomingMessage #0 10 bytes] [Disconnecting]

--------------------------------------------------------------------------------
2022-04-04 23:56:57.183 [Debug] StatusChanged: [NetIncomingMessage #0 10 bytes] [Disconnected]

--------------------------------------------------------------------------------
2022-04-04 23:56:57.183 [Debug] Connection terminated to remote [00000000-0000-0000-0000-000000000000/38.129.153.213:5400].

--------------------------------------------------------------------------------
2022-04-04 23:56:57.183 [Info] Disconnected [00000000-0000-0000-0000-000000000000].

--------------------------------------------------------------------------------
