2022-04-28 13:18:16.667 [Info] Discovered 0 plugins:


--------------------------------------------------------------------------------
2022-04-28 13:18:18.035 [Info] Connecting to 38.129.153.213:5400...

--------------------------------------------------------------------------------
2022-04-28 13:18:18.550 [Info] Connection approved [00000000-0000-0000-0000-000000000000].

--------------------------------------------------------------------------------
2022-04-28 13:18:18.632 [Debug] approval Time=1400073 Offset=63786747298459 Real=63786748698533

--------------------------------------------------------------------------------
2022-04-28 13:18:18.632 [Debug] local Time=1400073 Offset=63786747298559 Real=63786748698632

--------------------------------------------------------------------------------
2022-04-28 13:18:18.632 [Debug] real delta=99

--------------------------------------------------------------------------------
2022-04-28 13:18:18.632 [Debug] this.Statistics.Ping=0 NCPing=7

--------------------------------------------------------------------------------
2022-04-28 13:18:18.634 [Debug] Connection established to remote [00000000-0000-0000-0000-000000000000/38.129.153.213:5400].

--------------------------------------------------------------------------------
2022-04-28 13:18:18.634 [Info] Connected [00000000-0000-0000-0000-000000000000].

--------------------------------------------------------------------------------
2022-04-28 13:18:25.025 [Warn] 'Me' is null.

--------------------------------------------------------------------------------
2022-04-28 13:18:25.314 [Debug] received epp: 1406509

--------------------------------------------------------------------------------
2022-04-28 13:18:35.588 [Debug] received epp: 1416947

--------------------------------------------------------------------------------
2022-04-28 13:19:21.129 [Debug] received epp: 1462636

--------------------------------------------------------------------------------
2022-04-28 13:19:25.172 [Debug] received epp: 1466698

--------------------------------------------------------------------------------
2022-04-28 13:19:31.372 [Debug] received epp: 1472885

--------------------------------------------------------------------------------
2022-04-28 13:19:34.178 [Debug] received epp: 1475698

--------------------------------------------------------------------------------
2022-04-28 13:19:41.999 [Debug] received epp: 1483511

--------------------------------------------------------------------------------
2022-04-28 13:20:32.011 [Debug] received epp: 1533510

--------------------------------------------------------------------------------
2022-04-28 13:20:45.046 [Debug] received epp: 1546542

--------------------------------------------------------------------------------
2022-04-28 13:21:20.032 [Debug] received epp: 1581541

--------------------------------------------------------------------------------
2022-04-28 13:21:42.439 [Debug] received epp: 1603947

--------------------------------------------------------------------------------
2022-04-28 13:21:56.940 [Debug] received epp: 1618462

--------------------------------------------------------------------------------
2022-04-28 13:23:16.198 [Debug] received epp: 1697712

--------------------------------------------------------------------------------
2022-04-28 13:23:23.500 [Debug] received epp: 1705009

--------------------------------------------------------------------------------
2022-04-28 13:23:35.517 [Debug] received epp: 1717025

--------------------------------------------------------------------------------
2022-04-28 13:23:49.762 [Debug] received epp: 1731276

--------------------------------------------------------------------------------
2022-04-28 13:23:56.440 [Debug] received epp: 1737962

--------------------------------------------------------------------------------
2022-04-28 13:24:09.257 [Debug] received epp: 1750760

--------------------------------------------------------------------------------
2022-04-28 13:24:17.149 [Debug] received epp: 1758667

--------------------------------------------------------------------------------
2022-04-28 13:24:17.364 [Debug] received epp: 1758884

--------------------------------------------------------------------------------
2022-04-28 13:24:18.878 [Debug] received epp: 1760384

--------------------------------------------------------------------------------
2022-04-28 13:24:18.898 [Debug] received epp: 1760384

--------------------------------------------------------------------------------
2022-04-28 13:24:23.618 [Debug] received epp: 1765118

--------------------------------------------------------------------------------
2022-04-28 13:24:23.865 [Debug] received epp: 1765134

--------------------------------------------------------------------------------
2022-04-28 13:25:28.060 [Debug] received epp: 1829572

--------------------------------------------------------------------------------
2022-04-28 13:26:06.079 [Debug] received epp: 1867603

--------------------------------------------------------------------------------
2022-04-28 13:26:06.378 [Debug] received epp: 1867885

--------------------------------------------------------------------------------
2022-04-28 13:26:06.698 [Debug] received epp: 1868228

--------------------------------------------------------------------------------
2022-04-28 13:26:06.997 [Debug] received epp: 1868525

--------------------------------------------------------------------------------
2022-04-28 13:26:07.218 [Debug] received epp: 1868744

--------------------------------------------------------------------------------
2022-04-28 13:26:07.392 [Debug] received epp: 1868917

--------------------------------------------------------------------------------
2022-04-28 13:26:07.913 [Debug] received epp: 1869432

--------------------------------------------------------------------------------
2022-04-28 13:26:08.169 [Debug] received epp: 1869697

--------------------------------------------------------------------------------
2022-04-28 13:26:08.650 [Debug] received epp: 1870181

--------------------------------------------------------------------------------
2022-04-28 13:26:08.926 [Debug] received epp: 1870448

--------------------------------------------------------------------------------
2022-04-28 13:26:09.198 [Debug] received epp: 1870729

--------------------------------------------------------------------------------
2022-04-28 13:26:09.613 [Debug] received epp: 1871136

--------------------------------------------------------------------------------
2022-04-28 13:26:09.864 [Debug] received epp: 1871385

--------------------------------------------------------------------------------
2022-04-28 13:26:10.447 [Debug] received epp: 1871978

--------------------------------------------------------------------------------
2022-04-28 13:26:12.352 [Debug] received epp: 1873884

--------------------------------------------------------------------------------
2022-04-28 13:26:13.634 [Debug] received epp: 1875150

--------------------------------------------------------------------------------
2022-04-28 13:26:13.683 [Debug] received epp: 1875150

--------------------------------------------------------------------------------
2022-04-28 13:26:20.685 [Debug] received epp: 1882197

--------------------------------------------------------------------------------
2022-04-28 13:26:20.906 [Debug] received epp: 1882197

--------------------------------------------------------------------------------
2022-04-28 13:26:27.947 [Debug] received epp: 1889464

--------------------------------------------------------------------------------
2022-04-28 13:26:27.997 [Debug] received epp: 1889464

--------------------------------------------------------------------------------
2022-04-28 13:26:28.096 [Debug] received epp: 1889589

--------------------------------------------------------------------------------
2022-04-28 13:26:31.504 [Debug] received epp: 1893011

--------------------------------------------------------------------------------
2022-04-28 13:26:31.722 [Debug] received epp: 1893011

--------------------------------------------------------------------------------
2022-04-28 13:26:40.294 [Debug] received epp: 1901806

--------------------------------------------------------------------------------
2022-04-28 13:26:40.655 [Debug] received epp: 1902152

--------------------------------------------------------------------------------
2022-04-28 13:26:40.906 [Debug] received epp: 1902416

--------------------------------------------------------------------------------
2022-04-28 13:26:41.134 [Debug] received epp: 1902667

--------------------------------------------------------------------------------
2022-04-28 13:26:52.100 [Debug] received epp: 1913619

--------------------------------------------------------------------------------
2022-04-28 13:26:52.530 [Debug] received epp: 1914056

--------------------------------------------------------------------------------
2022-04-28 13:26:52.871 [Debug] received epp: 1914370

--------------------------------------------------------------------------------
2022-04-28 13:26:53.086 [Debug] received epp: 1914603

--------------------------------------------------------------------------------
2022-04-28 13:26:53.322 [Debug] received epp: 1914839

--------------------------------------------------------------------------------
2022-04-28 13:26:53.539 [Debug] received epp: 1915057

--------------------------------------------------------------------------------
2022-04-28 13:26:53.982 [Debug] received epp: 1915509

--------------------------------------------------------------------------------
2022-04-28 13:26:54.490 [Debug] received epp: 1916010

--------------------------------------------------------------------------------
2022-04-28 13:26:54.906 [Debug] received epp: 1916431

--------------------------------------------------------------------------------
2022-04-28 13:26:55.372 [Debug] received epp: 1916901

--------------------------------------------------------------------------------
2022-04-28 13:26:55.962 [Debug] received epp: 1917494

--------------------------------------------------------------------------------
2022-04-28 13:26:57.593 [Debug] received epp: 1919119

--------------------------------------------------------------------------------
2022-04-28 13:26:57.711 [Debug] received epp: 1919229

--------------------------------------------------------------------------------
2022-04-28 13:26:58.030 [Debug] received epp: 1919541

--------------------------------------------------------------------------------
2022-04-28 13:26:58.363 [Debug] received epp: 1919886

--------------------------------------------------------------------------------
2022-04-28 13:26:58.941 [Debug] received epp: 1920462

--------------------------------------------------------------------------------
2022-04-28 13:27:59.067 [Debug] received epp: 1980588

--------------------------------------------------------------------------------
2022-04-28 13:29:10.079 [Debug] received epp: 2051589

--------------------------------------------------------------------------------
2022-04-28 13:29:10.274 [Debug] received epp: 2051806

--------------------------------------------------------------------------------
2022-04-28 13:29:10.482 [Debug] received epp: 2052010

--------------------------------------------------------------------------------
2022-04-28 13:29:10.983 [Debug] received epp: 2052494

--------------------------------------------------------------------------------
2022-04-28 13:29:11.211 [Debug] received epp: 2052729

--------------------------------------------------------------------------------
2022-04-28 13:29:11.490 [Debug] received epp: 2053010

--------------------------------------------------------------------------------
2022-04-28 13:29:11.787 [Debug] received epp: 2053306

--------------------------------------------------------------------------------
2022-04-28 13:29:12.315 [Debug] received epp: 2053838

--------------------------------------------------------------------------------
2022-04-28 13:29:36.655 [Debug] received epp: 2078182

--------------------------------------------------------------------------------
2022-04-28 13:29:36.676 [Debug] received epp: 2078182

--------------------------------------------------------------------------------
2022-04-28 13:33:36.142 [Debug] received epp: 2317667

--------------------------------------------------------------------------------
2022-04-28 13:34:19.929 [Debug] received epp: 2361447

--------------------------------------------------------------------------------
2022-04-28 13:35:07.790 [Debug] received epp: 2409291

--------------------------------------------------------------------------------
2022-04-28 13:36:25.176 [Debug] received epp: 2486697

--------------------------------------------------------------------------------
2022-04-28 13:36:36.164 [Debug] received epp: 2497697

--------------------------------------------------------------------------------
2022-04-28 14:00:25.466 [Debug] received epp: 3926978

--------------------------------------------------------------------------------
2022-04-28 14:00:38.426 [Debug] received epp: 3939948

--------------------------------------------------------------------------------
2022-04-28 14:03:34.702 [Debug] received epp: 4116229

--------------------------------------------------------------------------------
2022-04-28 14:03:34.857 [Debug] received epp: 4116229

--------------------------------------------------------------------------------
2022-04-28 14:03:39.012 [Debug] received epp: 4120526

--------------------------------------------------------------------------------
2022-04-28 14:03:39.033 [Debug] received epp: 4120526

--------------------------------------------------------------------------------
2022-04-28 14:03:39.145 [Debug] received epp: 4120667

--------------------------------------------------------------------------------
2022-04-28 14:03:49.153 [Debug] received epp: 4130651

--------------------------------------------------------------------------------
2022-04-28 14:03:49.314 [Debug] received epp: 4130651

--------------------------------------------------------------------------------
2022-04-28 14:03:51.819 [Debug] received epp: 4133338

--------------------------------------------------------------------------------
2022-04-28 14:03:51.838 [Debug] received epp: 4133338

--------------------------------------------------------------------------------
2022-04-28 14:03:51.905 [Debug] received epp: 4133431

--------------------------------------------------------------------------------
2022-04-28 14:09:40.717 [Debug] received epp: 4482245

--------------------------------------------------------------------------------
2022-04-28 14:09:49.738 [Debug] received epp: 4491228

--------------------------------------------------------------------------------
2022-04-28 14:09:49.883 [Debug] received epp: 4491228

--------------------------------------------------------------------------------
2022-04-28 14:09:54.793 [Debug] received epp: 4496323

--------------------------------------------------------------------------------
2022-04-28 14:09:58.651 [Debug] received epp: 4500182

--------------------------------------------------------------------------------
2022-04-28 14:09:58.708 [Debug] received epp: 4500182

--------------------------------------------------------------------------------
2022-04-28 14:10:04.007 [Debug] received epp: 4505509

--------------------------------------------------------------------------------
2022-04-28 14:10:04.208 [Debug] received epp: 4505509

--------------------------------------------------------------------------------
2022-04-28 14:10:09.651 [Debug] received epp: 4511181

--------------------------------------------------------------------------------
2022-04-28 14:10:09.723 [Debug] received epp: 4511181

--------------------------------------------------------------------------------
2022-04-28 14:10:09.756 [Debug] received epp: 4511275

--------------------------------------------------------------------------------
2022-04-28 14:10:12.911 [Debug] received epp: 4514400

--------------------------------------------------------------------------------
2022-04-28 14:10:13.111 [Debug] received epp: 4514415

--------------------------------------------------------------------------------
2022-04-28 14:16:46.089 [Debug] received epp: 4907572

--------------------------------------------------------------------------------
2022-04-28 14:16:56.589 [Debug] received epp: 4918119

--------------------------------------------------------------------------------
2022-04-28 14:16:56.612 [Debug] received epp: 4918119

--------------------------------------------------------------------------------
2022-04-28 14:17:10.264 [Debug] received epp: 4931776

--------------------------------------------------------------------------------
2022-04-28 14:17:10.421 [Debug] received epp: 4931776

--------------------------------------------------------------------------------
2022-04-28 14:17:12.463 [Debug] received epp: 4933979

--------------------------------------------------------------------------------
2022-04-28 14:17:12.701 [Debug] received epp: 4934228

--------------------------------------------------------------------------------
2022-04-28 14:17:14.374 [Debug] received epp: 4935884

--------------------------------------------------------------------------------
2022-04-28 14:17:14.429 [Debug] received epp: 4935948

--------------------------------------------------------------------------------
2022-04-28 14:17:19.629 [Debug] received epp: 4941135

--------------------------------------------------------------------------------
2022-04-28 14:17:19.678 [Debug] received epp: 4941135

--------------------------------------------------------------------------------
2022-04-28 14:17:51.972 [Debug] received epp: 4973478

--------------------------------------------------------------------------------
2022-04-28 14:17:52.214 [Debug] received epp: 4973478

--------------------------------------------------------------------------------
2022-04-28 14:17:58.213 [Debug] received epp: 4979728

--------------------------------------------------------------------------------
2022-04-28 14:17:58.240 [Debug] received epp: 4979728

--------------------------------------------------------------------------------
2022-04-28 14:18:20.402 [Debug] received epp: 5001916

--------------------------------------------------------------------------------
2022-04-28 14:18:20.614 [Debug] received epp: 5001916

--------------------------------------------------------------------------------
2022-04-28 14:18:24.158 [Debug] received epp: 5005666

--------------------------------------------------------------------------------
2022-04-28 14:18:24.191 [Debug] received epp: 5005666

--------------------------------------------------------------------------------
2022-04-28 14:18:24.223 [Debug] received epp: 5005745

--------------------------------------------------------------------------------
2022-04-28 14:18:26.729 [Debug] received epp: 5008229

--------------------------------------------------------------------------------
2022-04-28 14:18:26.946 [Debug] received epp: 5008229

--------------------------------------------------------------------------------
2022-04-28 14:18:55.151 [Debug] received epp: 5036681

--------------------------------------------------------------------------------
2022-04-28 14:23:15.769 [Debug] received epp: 5297292

--------------------------------------------------------------------------------
2022-04-28 14:24:19.153 [Debug] received epp: 5360666

--------------------------------------------------------------------------------
2022-04-28 14:24:20.325 [Debug] received epp: 5361839

--------------------------------------------------------------------------------
2022-04-28 14:24:20.650 [Debug] received epp: 5362182

--------------------------------------------------------------------------------
2022-04-28 14:24:36.004 [Debug] received epp: 5377510

--------------------------------------------------------------------------------
2022-04-28 14:24:36.052 [Debug] received epp: 5377510

--------------------------------------------------------------------------------
2022-04-28 14:24:44.437 [Debug] received epp: 5385947

--------------------------------------------------------------------------------
2022-04-28 14:24:44.640 [Debug] received epp: 5385947

--------------------------------------------------------------------------------
2022-04-28 14:24:46.567 [Debug] received epp: 5388088

--------------------------------------------------------------------------------
2022-04-28 14:24:47.997 [Debug] received epp: 5389526

--------------------------------------------------------------------------------
2022-04-28 14:24:48.044 [Debug] received epp: 5389526

--------------------------------------------------------------------------------
2022-04-28 14:24:58.379 [Error] Received unhandled exception from System.Threading.Tasks.ContinuationTaskFromTask.

--------------------------------------------------------------------------------
2022-04-28 14:24:58.379 [Error] AggregateException: A Task's exception(s) were not observed either by Waiting on the Task or accessing its Exception property. As a result, the unobserved exception was rethrown by the finalizer thread.

Caused By
ArgumentOutOfRangeException: Index was out of range. Must be non-negative and less than the size of the collection.
Parameter name: index
    Stack:    at System.ThrowHelper.ThrowArgumentOutOfRangeException(ExceptionArgument argument, ExceptionResource resource)
   at System.Collections.Generic.List`1.RemoveAt(Int32 index)
   at System.Collections.Generic.List`1.Remove(T item)
   at Intersect.Client.Framework.Content.ContentWatcher.<>c__DisplayClass12_0.<Modify>b__0(Task completedTask)
   at System.Threading.Tasks.Task.Execute()


--------------------------------------------------------------------------------
2022-04-28 14:24:58.384 [Error] Caused by:

--------------------------------------------------------------------------------
2022-04-28 14:24:58.384 [Error] ArgumentOutOfRangeException: Index was out of range. Must be non-negative and less than the size of the collection.
Parameter name: index
    Stack:    at System.ThrowHelper.ThrowArgumentOutOfRangeException(ExceptionArgument argument, ExceptionResource resource)
   at System.Collections.Generic.List`1.RemoveAt(Int32 index)
   at System.Collections.Generic.List`1.Remove(T item)
   at Intersect.Client.Framework.Content.ContentWatcher.<>c__DisplayClass12_0.<Modify>b__0(Task completedTask)
   at System.Threading.Tasks.Task.Execute()


--------------------------------------------------------------------------------
2022-04-28 14:24:58.386 [Info] Acquiring context lock... (0ms)

--------------------------------------------------------------------------------
2022-04-28 14:24:58.386 [Info] Acquired. (0ms)

--------------------------------------------------------------------------------
2022-04-28 14:24:58.387 [Info] Beginning context dispose. (0ms)

--------------------------------------------------------------------------------
2022-04-28 14:24:58.387 [Info] GC.SuppressFinalize (0ms)

--------------------------------------------------------------------------------
2022-04-28 14:24:58.387 [Info] InternalDispose() completed. (0ms)

--------------------------------------------------------------------------------
2022-04-28 14:24:58.387 [Info] Clearing instance... (1ms)

--------------------------------------------------------------------------------
2022-04-28 14:24:58.387 [Info] Releasing context lock... (1ms)

--------------------------------------------------------------------------------
2022-04-28 14:24:58.387 [Info] Released. (1ms)

--------------------------------------------------------------------------------
2022-04-28 14:25:08.639 [Debug] received epp: 5410134

--------------------------------------------------------------------------------
2022-04-28 14:25:08.844 [Debug] received epp: 5410134

--------------------------------------------------------------------------------
2022-04-28 14:38:58.183 [Debug] received epp: 6239714

--------------------------------------------------------------------------------
2022-04-28 14:39:53.934 [Debug] received epp: 6295463

--------------------------------------------------------------------------------
2022-04-28 14:41:22.551 [Debug] received epp: 6384073

--------------------------------------------------------------------------------
2022-04-28 14:41:23.079 [Debug] received epp: 6384604

--------------------------------------------------------------------------------
2022-04-28 14:41:23.754 [Debug] received epp: 6385275

--------------------------------------------------------------------------------
2022-04-28 14:41:24.878 [Debug] received epp: 6386384

--------------------------------------------------------------------------------
2022-04-28 14:41:27.704 [Debug] received epp: 6389213

--------------------------------------------------------------------------------
2022-04-28 14:41:27.757 [Debug] received epp: 6389213

--------------------------------------------------------------------------------
2022-04-28 14:41:29.817 [Debug] received epp: 6391339

--------------------------------------------------------------------------------
2022-04-28 14:41:30.016 [Debug] received epp: 6391339

--------------------------------------------------------------------------------
2022-04-28 14:41:30.372 [Debug] received epp: 6391901

--------------------------------------------------------------------------------
2022-04-28 14:41:38.420 [Debug] received epp: 6399931

--------------------------------------------------------------------------------
2022-04-28 14:41:39.107 [Debug] received epp: 6400635

--------------------------------------------------------------------------------
2022-04-28 14:41:42.511 [Debug] received epp: 6404026

--------------------------------------------------------------------------------
2022-04-28 14:41:42.879 [Debug] received epp: 6404385

--------------------------------------------------------------------------------
2022-04-28 14:41:45.440 [Debug] received epp: 6406964

--------------------------------------------------------------------------------
2022-04-28 14:46:12.919 [Debug] received epp: 6674432

--------------------------------------------------------------------------------
2022-04-28 14:47:38.939 [Debug] received epp: 6760464

--------------------------------------------------------------------------------
2022-04-28 14:47:42.072 [Debug] received epp: 6763588

--------------------------------------------------------------------------------
2022-04-28 14:47:44.031 [Debug] received epp: 6765557

--------------------------------------------------------------------------------
2022-04-28 14:47:45.572 [Debug] received epp: 6767104

--------------------------------------------------------------------------------
2022-04-28 14:47:46.251 [Debug] received epp: 6767775

--------------------------------------------------------------------------------
2022-04-28 14:47:47.517 [Debug] received epp: 6769026

--------------------------------------------------------------------------------
2022-04-28 14:47:47.804 [Debug] received epp: 6769322

--------------------------------------------------------------------------------
2022-04-28 14:47:48.023 [Debug] received epp: 6769542

--------------------------------------------------------------------------------
2022-04-28 14:47:48.266 [Debug] received epp: 6769791

--------------------------------------------------------------------------------
2022-04-28 14:47:48.524 [Debug] received epp: 6770040

--------------------------------------------------------------------------------
2022-04-28 14:47:48.759 [Debug] received epp: 6770292

--------------------------------------------------------------------------------
2022-04-28 14:47:49.565 [Debug] received epp: 6771072

--------------------------------------------------------------------------------
2022-04-28 14:47:50.384 [Debug] received epp: 6771916

--------------------------------------------------------------------------------
2022-04-28 14:47:50.849 [Debug] received epp: 6772370

--------------------------------------------------------------------------------
2022-04-28 14:48:18.872 [Debug] received epp: 6800385

--------------------------------------------------------------------------------
2022-04-28 14:48:19.059 [Debug] received epp: 6800494

--------------------------------------------------------------------------------
2022-04-28 14:48:55.517 [Error] InvalidOperationException: GetSkin: null
    Stack:    at Intersect.Client.Framework.Gwen.Control.Base.get_Skin()
   at Intersect.Client.Framework.Gwen.Control.Base.Dispose()
   at Intersect.Client.Interface.Debugging.DebugWindow.Dispose()
   at Intersect.Client.Interface.MutableInterface.DisposeDebugWindow()
   at Intersect.Client.Interface.Interface.DestroyGwen(Boolean exiting)
   at Intersect.Client.Core.Main.DestroyGame()
   at Intersect.Client.MonoGame.IntersectGame.Update(GameTime gameTime)
   at Microsoft.Xna.Framework.Game.DoUpdate(GameTime gameTime)
   at Microsoft.Xna.Framework.Game.Tick()
   at Microsoft.Xna.Framework.SdlGamePlatform.RunLoop()
   at Microsoft.Xna.Framework.Game.Run(GameRunBehavior runBehavior)
   at Intersect.Client.MonoGame.IntersectGame.MonoGameRunner.Start(IClientContext context, Action postStartupAction)
   at Intersect.Client.Core.ClientContext.InternalStart()
   at Intersect.Core.ApplicationContext`2.Start(Boolean lockUntilShutdown)


--------------------------------------------------------------------------------
