2022-04-06 00:16:23.176 [Info] Discovered 0 plugins:


--------------------------------------------------------------------------------
2022-04-06 00:16:24.252 [Info] Connecting to 38.129.153.213:5400...

--------------------------------------------------------------------------------
2022-04-06 00:16:24.724 [Info] Connection approved [00000000-0000-0000-0000-000000000000].

--------------------------------------------------------------------------------
2022-04-06 00:16:24.789 [Debug] approval Time=1394038 Offset=63784799590665 Real=63784800984704

--------------------------------------------------------------------------------
2022-04-06 00:16:24.789 [Debug] local Time=1394038 Offset=63784799590751 Real=63784800984789

--------------------------------------------------------------------------------
2022-04-06 00:16:24.789 [Debug] real delta=85

--------------------------------------------------------------------------------
2022-04-06 00:16:24.789 [Debug] this.Statistics.Ping=0 NCPing=6

--------------------------------------------------------------------------------
2022-04-06 00:16:24.794 [Debug] Connection established to remote [00000000-0000-0000-0000-000000000000/38.129.153.213:5400].

--------------------------------------------------------------------------------
2022-04-06 00:16:24.794 [Info] Connected [00000000-0000-0000-0000-000000000000].

--------------------------------------------------------------------------------
2022-04-06 00:16:30.487 [Warn] 'Me' is null.

--------------------------------------------------------------------------------
2022-04-06 00:16:30.763 [Debug] received epp: 1399741

--------------------------------------------------------------------------------
2022-04-06 00:16:40.590 [Debug] received epp: 1409897

--------------------------------------------------------------------------------
2022-04-06 00:16:40.594 [Debug] received epp: 1409913

--------------------------------------------------------------------------------
2022-04-06 00:16:40.725 [Debug] received epp: 1409945

--------------------------------------------------------------------------------
2022-04-06 00:16:45.176 [Debug] received epp: 1414460

--------------------------------------------------------------------------------
2022-04-06 00:16:46.980 [Debug] received epp: 1416304

--------------------------------------------------------------------------------
2022-04-06 00:16:56.724 [Debug] received epp: 1426023

--------------------------------------------------------------------------------
2022-04-06 00:16:56.795 [Debug] received epp: 1426023

--------------------------------------------------------------------------------
2022-04-06 00:16:58.690 [Debug] received epp: 1428006

--------------------------------------------------------------------------------
2022-04-06 00:16:59.107 [Debug] received epp: 1428429

--------------------------------------------------------------------------------
2022-04-06 00:16:59.757 [Debug] received epp: 1429054

--------------------------------------------------------------------------------
2022-04-06 00:16:59.991 [Debug] received epp: 1429303

--------------------------------------------------------------------------------
2022-04-06 00:17:00.241 [Debug] received epp: 1429554

--------------------------------------------------------------------------------
2022-04-06 00:17:00.759 [Debug] received epp: 1430055

--------------------------------------------------------------------------------
2022-04-06 00:18:39.811 [Debug] received epp: 1529116

--------------------------------------------------------------------------------
2022-04-06 00:23:54.000 [Debug] received epp: 1843304

--------------------------------------------------------------------------------
2022-04-06 00:24:13.929 [Debug] received epp: 1863242

--------------------------------------------------------------------------------
2022-04-06 00:41:21.442 [Debug] received epp: 2890741

--------------------------------------------------------------------------------
2022-04-06 00:42:28.967 [Debug] received epp: 2958289

--------------------------------------------------------------------------------
2022-04-06 00:42:44.867 [Debug] received epp: 2974163

--------------------------------------------------------------------------------
2022-04-06 01:10:52.452 [Debug] StatusChanged: [NetIncomingMessage #0 10 bytes] [Disconnecting]

--------------------------------------------------------------------------------
2022-04-06 01:10:52.455 [Debug] StatusChanged: [NetIncomingMessage #0 14 bytes] [Disconnected]

--------------------------------------------------------------------------------
2022-04-06 01:10:52.507 [Info] Acquiring context lock... (0ms)

--------------------------------------------------------------------------------
2022-04-06 01:10:52.507 [Info] Acquired. (0ms)

--------------------------------------------------------------------------------
2022-04-06 01:10:52.508 [Info] Beginning context dispose. (0ms)

--------------------------------------------------------------------------------
2022-04-06 01:10:52.508 [Info] GC.SuppressFinalize (0ms)

--------------------------------------------------------------------------------
2022-04-06 01:10:52.509 [Info] InternalDispose() completed. (0ms)

--------------------------------------------------------------------------------
2022-04-06 01:10:52.509 [Info] Clearing instance... (1ms)

--------------------------------------------------------------------------------
2022-04-06 01:10:52.509 [Info] Releasing context lock... (1ms)

--------------------------------------------------------------------------------
2022-04-06 01:10:52.509 [Info] Released. (1ms)

--------------------------------------------------------------------------------
