2022-04-04 21:58:14.828 [Info] Discovered 0 plugins:


--------------------------------------------------------------------------------
2022-04-04 21:58:15.883 [Info] Connecting to 38.129.153.213:5400...

--------------------------------------------------------------------------------
2022-04-04 21:58:16.317 [Info] Connection approved [00000000-0000-0000-0000-000000000000].

--------------------------------------------------------------------------------
2022-04-04 21:58:16.390 [Debug] approval Time=4974129 Offset=63784701322168 Real=63784706296298

--------------------------------------------------------------------------------
2022-04-04 21:58:16.390 [Debug] local Time=4974130 Offset=63784701322260 Real=63784706296390

--------------------------------------------------------------------------------
2022-04-04 21:58:16.390 [Debug] real delta=92

--------------------------------------------------------------------------------
2022-04-04 21:58:16.390 [Debug] this.Statistics.Ping=0 NCPing=10

--------------------------------------------------------------------------------
2022-04-04 21:58:16.392 [Debug] Connection established to remote [00000000-0000-0000-0000-000000000000/38.129.153.213:5400].

--------------------------------------------------------------------------------
2022-04-04 21:58:16.392 [Info] Connected [00000000-0000-0000-0000-000000000000].

--------------------------------------------------------------------------------
2022-04-04 21:58:19.942 [Warn] 'Me' is null.

--------------------------------------------------------------------------------
2022-04-04 21:58:20.220 [Debug] received epp: 4977708

--------------------------------------------------------------------------------
2022-04-04 22:02:19.466 [Debug] StatusChanged: [NetIncomingMessage #103 10 bytes] [Disconnecting]

--------------------------------------------------------------------------------
2022-04-04 22:02:19.469 [Debug] StatusChanged: [NetIncomingMessage #104 14 bytes] [Disconnected]

--------------------------------------------------------------------------------
2022-04-04 22:02:19.513 [Info] Acquiring context lock... (0ms)

--------------------------------------------------------------------------------
2022-04-04 22:02:19.513 [Info] Acquired. (0ms)

--------------------------------------------------------------------------------
2022-04-04 22:02:19.515 [Info] Beginning context dispose. (0ms)

--------------------------------------------------------------------------------
2022-04-04 22:02:19.515 [Info] GC.SuppressFinalize (0ms)

--------------------------------------------------------------------------------
2022-04-04 22:02:19.515 [Info] InternalDispose() completed. (0ms)

--------------------------------------------------------------------------------
2022-04-04 22:02:19.515 [Info] Clearing instance... (2ms)

--------------------------------------------------------------------------------
2022-04-04 22:02:19.515 [Info] Releasing context lock... (2ms)

--------------------------------------------------------------------------------
2022-04-04 22:02:19.515 [Info] Released. (2ms)

--------------------------------------------------------------------------------
