2022-04-14 20:55:07.679 [Info] Connecting to 38.129.153.213:5400...

--------------------------------------------------------------------------------
2022-04-14 20:55:08.096 [Info] Connection approved [00000000-0000-0000-0000-000000000000].

--------------------------------------------------------------------------------
2022-04-14 20:55:08.158 [Debug] approval Time=1497135 Offset=63785565010944 Real=63785566508079

--------------------------------------------------------------------------------
2022-04-14 20:55:08.158 [Debug] local Time=1497135 Offset=63785565011022 Real=63785566508158

--------------------------------------------------------------------------------
2022-04-14 20:55:08.158 [Debug] real delta=78

--------------------------------------------------------------------------------
2022-04-14 20:55:08.158 [Debug] this.Statistics.Ping=0 NCPing=5

--------------------------------------------------------------------------------
2022-04-14 20:55:08.160 [Debug] Connection established to remote [00000000-0000-0000-0000-000000000000/38.129.153.213:5400].

--------------------------------------------------------------------------------
2022-04-14 20:55:08.160 [Info] Connected [00000000-0000-0000-0000-000000000000].

--------------------------------------------------------------------------------
2022-04-14 20:55:36.565 [Debug] StatusChanged: [NetIncomingMessage #193 10 bytes] [Disconnecting]

--------------------------------------------------------------------------------
2022-04-14 20:55:36.582 [Debug] StatusChanged: [NetIncomingMessage #197 10 bytes] [Disconnected]

--------------------------------------------------------------------------------
2022-04-14 20:55:36.582 [Debug] Connection terminated to remote [00000000-0000-0000-0000-000000000000/38.129.153.213:5400].

--------------------------------------------------------------------------------
2022-04-14 20:55:36.582 [Info] Disconnected [00000000-0000-0000-0000-000000000000].

--------------------------------------------------------------------------------
