2022-04-10 17:39:07.334 [Info] Connecting to 38.129.153.213:5400...

--------------------------------------------------------------------------------
2022-04-10 17:39:07.766 [Info] Connection approved [00000000-0000-0000-0000-000000000000].

--------------------------------------------------------------------------------
2022-04-10 17:39:07.828 [Debug] approval Time=2304039 Offset=63785206843711 Real=63785209147751

--------------------------------------------------------------------------------
2022-04-10 17:39:07.828 [Debug] local Time=2304039 Offset=63785206843788 Real=63785209147828

--------------------------------------------------------------------------------
2022-04-10 17:39:07.828 [Debug] real delta=77

--------------------------------------------------------------------------------
2022-04-10 17:39:07.828 [Debug] this.Statistics.Ping=0 NCPing=5

--------------------------------------------------------------------------------
2022-04-10 17:39:07.830 [Debug] Connection established to remote [00000000-0000-0000-0000-000000000000/38.129.153.213:5400].

--------------------------------------------------------------------------------
2022-04-10 17:39:07.830 [Info] Connected [00000000-0000-0000-0000-000000000000].

--------------------------------------------------------------------------------
2022-04-10 18:26:13.365 [Debug] StatusChanged: [NetIncomingMessage #0 10 bytes] [Disconnecting]

--------------------------------------------------------------------------------
2022-04-10 18:26:13.371 [Debug] StatusChanged: [NetIncomingMessage #0 10 bytes] [Disconnected]

--------------------------------------------------------------------------------
2022-04-10 18:26:13.371 [Debug] Connection terminated to remote [00000000-0000-0000-0000-000000000000/38.129.153.213:5400].

--------------------------------------------------------------------------------
2022-04-10 18:26:13.371 [Info] Disconnected [00000000-0000-0000-0000-000000000000].

--------------------------------------------------------------------------------
