2022-04-03 21:40:07.347 [Info] Discovered 0 plugins:


--------------------------------------------------------------------------------
2022-04-03 21:40:08.339 [Info] Connecting to 38.129.153.213:5400...

--------------------------------------------------------------------------------
2022-04-03 21:40:08.788 [Info] Connection approved [00000000-0000-0000-0000-000000000000].

--------------------------------------------------------------------------------
2022-04-03 21:40:08.860 [Debug] approval Time=4596500 Offset=63784614212267 Real=63784618808767

--------------------------------------------------------------------------------
2022-04-03 21:40:08.861 [Debug] local Time=4596500 Offset=63784614212360 Real=63784618808860

--------------------------------------------------------------------------------
2022-04-03 21:40:08.861 [Debug] real delta=93

--------------------------------------------------------------------------------
2022-04-03 21:40:08.861 [Debug] this.Statistics.Ping=0 NCPing=6

--------------------------------------------------------------------------------
2022-04-03 21:40:08.863 [Debug] Connection established to remote [00000000-0000-0000-0000-000000000000/38.129.153.213:5400].

--------------------------------------------------------------------------------
2022-04-03 21:40:08.863 [Info] Connected [00000000-0000-0000-0000-000000000000].

--------------------------------------------------------------------------------
2022-04-03 21:40:48.003 [Debug] StatusChanged: [NetIncomingMessage #0 10 bytes] [Disconnecting]

--------------------------------------------------------------------------------
2022-04-03 21:40:48.006 [Debug] StatusChanged: [NetIncomingMessage #0 10 bytes] [Disconnected]

--------------------------------------------------------------------------------
2022-04-03 21:40:48.037 [Info] Acquiring context lock... (0ms)

--------------------------------------------------------------------------------
2022-04-03 21:40:48.037 [Info] Acquired. (0ms)

--------------------------------------------------------------------------------
2022-04-03 21:40:48.038 [Info] Beginning context dispose. (0ms)

--------------------------------------------------------------------------------
2022-04-03 21:40:48.038 [Info] GC.SuppressFinalize (0ms)

--------------------------------------------------------------------------------
2022-04-03 21:40:48.038 [Info] InternalDispose() completed. (0ms)

--------------------------------------------------------------------------------
2022-04-03 21:40:48.039 [Info] Clearing instance... (1ms)

--------------------------------------------------------------------------------
2022-04-03 21:40:48.039 [Info] Releasing context lock... (2ms)

--------------------------------------------------------------------------------
2022-04-03 21:40:48.039 [Info] Released. (2ms)

--------------------------------------------------------------------------------
