2022-04-03 15:32:49.896 [Info] Discovered 0 plugins:


--------------------------------------------------------------------------------
2022-04-03 15:32:50.986 [Info] Connecting to 38.129.153.213:5400...

--------------------------------------------------------------------------------
2022-04-03 15:32:51.399 [Info] Connection approved [00000000-0000-0000-0000-000000000000].

--------------------------------------------------------------------------------
2022-04-03 15:32:51.462 [Debug] approval Time=1981385 Offset=63784594789990 Real=63784596771375

--------------------------------------------------------------------------------
2022-04-03 15:32:51.462 [Debug] local Time=1981385 Offset=63784594790077 Real=63784596771462

--------------------------------------------------------------------------------
2022-04-03 15:32:51.462 [Debug] real delta=86

--------------------------------------------------------------------------------
2022-04-03 15:32:51.462 [Debug] this.Statistics.Ping=0 NCPing=7

--------------------------------------------------------------------------------
2022-04-03 15:32:51.467 [Debug] Connection established to remote [00000000-0000-0000-0000-000000000000/38.129.153.213:5400].

--------------------------------------------------------------------------------
2022-04-03 15:32:51.467 [Info] Connected [00000000-0000-0000-0000-000000000000].

--------------------------------------------------------------------------------
2022-04-03 15:33:10.993 [Debug] StatusChanged: [NetIncomingMessage #0 10 bytes] [Disconnecting]

--------------------------------------------------------------------------------
2022-04-03 15:33:10.996 [Debug] StatusChanged: [NetIncomingMessage #0 10 bytes] [Disconnected]

--------------------------------------------------------------------------------
2022-04-03 15:33:11.035 [Info] Acquiring context lock... (0ms)

--------------------------------------------------------------------------------
2022-04-03 15:33:11.036 [Info] Acquired. (0ms)

--------------------------------------------------------------------------------
2022-04-03 15:33:11.037 [Info] Beginning context dispose. (0ms)

--------------------------------------------------------------------------------
2022-04-03 15:33:11.037 [Info] GC.SuppressFinalize (0ms)

--------------------------------------------------------------------------------
2022-04-03 15:33:11.037 [Info] InternalDispose() completed. (0ms)

--------------------------------------------------------------------------------
2022-04-03 15:33:11.037 [Info] Clearing instance... (2ms)

--------------------------------------------------------------------------------
2022-04-03 15:33:11.038 [Info] Releasing context lock... (2ms)

--------------------------------------------------------------------------------
2022-04-03 15:33:11.038 [Info] Released. (2ms)

--------------------------------------------------------------------------------
