2022-04-06 00:36:35.487 [Info] Connecting to 38.129.153.213:5400...

--------------------------------------------------------------------------------
2022-04-06 00:36:36.058 [Info] Connection approved [00000000-0000-0000-0000-000000000000].

--------------------------------------------------------------------------------
2022-04-06 00:36:36.134 [Debug] approval Time=2605366 Offset=63784799590665 Real=63784802196031

--------------------------------------------------------------------------------
2022-04-06 00:36:36.134 [Debug] local Time=2605366 Offset=63784799590768 Real=63784802196134

--------------------------------------------------------------------------------
2022-04-06 00:36:36.135 [Debug] real delta=102

--------------------------------------------------------------------------------
2022-04-06 00:36:36.135 [Debug] this.Statistics.Ping=0 NCPing=6

--------------------------------------------------------------------------------
2022-04-06 00:36:36.137 [Debug] Connection established to remote [00000000-0000-0000-0000-000000000000/38.129.153.213:5400].

--------------------------------------------------------------------------------
2022-04-06 00:36:36.137 [Info] Connected [00000000-0000-0000-0000-000000000000].

--------------------------------------------------------------------------------
2022-04-06 01:10:53.612 [Debug] StatusChanged: [NetIncomingMessage #0 10 bytes] [Disconnecting]

--------------------------------------------------------------------------------
2022-04-06 01:10:53.623 [Debug] StatusChanged: [NetIncomingMessage #0 10 bytes] [Disconnected]

--------------------------------------------------------------------------------
2022-04-06 01:10:53.623 [Debug] Connection terminated to remote [00000000-0000-0000-0000-000000000000/38.129.153.213:5400].

--------------------------------------------------------------------------------
2022-04-06 01:10:53.623 [Info] Disconnected [00000000-0000-0000-0000-000000000000].

--------------------------------------------------------------------------------
