2022-04-04 14:54:50.362 [Info] Discovered 0 plugins:


--------------------------------------------------------------------------------
2022-04-04 14:54:51.434 [Info] Connecting to 38.129.153.213:5400...

--------------------------------------------------------------------------------
2022-04-04 14:54:51.863 [Info] Connection approved [00000000-0000-0000-0000-000000000000].

--------------------------------------------------------------------------------
2022-04-04 14:54:51.924 [Debug] approval Time=5448555 Offset=63784675443290 Real=63784680891845

--------------------------------------------------------------------------------
2022-04-04 14:54:51.924 [Debug] local Time=5448555 Offset=63784675443367 Real=63784680891923

--------------------------------------------------------------------------------
2022-04-04 14:54:51.924 [Debug] real delta=77

--------------------------------------------------------------------------------
2022-04-04 14:54:51.924 [Debug] this.Statistics.Ping=0 NCPing=5

--------------------------------------------------------------------------------
2022-04-04 14:54:51.926 [Debug] Connection established to remote [00000000-0000-0000-0000-000000000000/38.129.153.213:5400].

--------------------------------------------------------------------------------
2022-04-04 14:54:51.926 [Info] Connected [00000000-0000-0000-0000-000000000000].

--------------------------------------------------------------------------------
2022-04-04 14:54:55.509 [Warn] 'Me' is null.

--------------------------------------------------------------------------------
2022-04-04 14:54:55.730 [Debug] received epp: 5452147

--------------------------------------------------------------------------------
2022-04-04 14:55:01.413 [Debug] received epp: 5458102

--------------------------------------------------------------------------------
2022-04-04 14:55:01.523 [Debug] received epp: 5458195

--------------------------------------------------------------------------------
2022-04-04 14:55:01.596 [Debug] received epp: 5458289

--------------------------------------------------------------------------------
2022-04-04 14:55:33.808 [Debug] received epp: 5490476

--------------------------------------------------------------------------------
2022-04-04 14:55:54.335 [Debug] received epp: 5511007

--------------------------------------------------------------------------------
2022-04-04 14:56:48.231 [Debug] received epp: 5564930

--------------------------------------------------------------------------------
2022-04-04 14:56:48.531 [Debug] received epp: 5565210

--------------------------------------------------------------------------------
2022-04-04 14:58:51.299 [Debug] StatusChanged: [NetIncomingMessage #0 10 bytes] [Disconnecting]

--------------------------------------------------------------------------------
2022-04-04 14:58:51.302 [Debug] StatusChanged: [NetIncomingMessage #0 10 bytes] [Disconnected]

--------------------------------------------------------------------------------
2022-04-04 14:58:51.344 [Info] Acquiring context lock... (0ms)

--------------------------------------------------------------------------------
2022-04-04 14:58:51.344 [Info] Acquired. (0ms)

--------------------------------------------------------------------------------
2022-04-04 14:58:51.345 [Info] Beginning context dispose. (0ms)

--------------------------------------------------------------------------------
2022-04-04 14:58:51.346 [Info] GC.SuppressFinalize (0ms)

--------------------------------------------------------------------------------
2022-04-04 14:58:51.346 [Info] InternalDispose() completed. (0ms)

--------------------------------------------------------------------------------
2022-04-04 14:58:51.346 [Info] Clearing instance... (1ms)

--------------------------------------------------------------------------------
2022-04-04 14:58:51.346 [Info] Releasing context lock... (1ms)

--------------------------------------------------------------------------------
2022-04-04 14:58:51.346 [Info] Released. (2ms)

--------------------------------------------------------------------------------
