2022-04-04 22:37:08.384 [Info] Discovered 0 plugins:


--------------------------------------------------------------------------------
2022-04-04 22:37:09.491 [Info] Connecting to 38.129.153.213:5400...

--------------------------------------------------------------------------------
2022-04-04 22:37:09.913 [Info] Connection approved [00000000-0000-0000-0000-000000000000].

--------------------------------------------------------------------------------
2022-04-04 22:37:09.988 [Debug] approval Time=7307730 Offset=63784701322168 Real=63784708629899

--------------------------------------------------------------------------------
2022-04-04 22:37:09.989 [Debug] local Time=7307730 Offset=63784701322257 Real=63784708629988

--------------------------------------------------------------------------------
2022-04-04 22:37:09.989 [Debug] real delta=88

--------------------------------------------------------------------------------
2022-04-04 22:37:09.989 [Debug] this.Statistics.Ping=0 NCPing=8

--------------------------------------------------------------------------------
2022-04-04 22:37:09.991 [Debug] Connection established to remote [00000000-0000-0000-0000-000000000000/38.129.153.213:5400].

--------------------------------------------------------------------------------
2022-04-04 22:37:09.991 [Info] Connected [00000000-0000-0000-0000-000000000000].

--------------------------------------------------------------------------------
2022-04-04 22:37:14.010 [Warn] 'Me' is null.

--------------------------------------------------------------------------------
2022-04-04 22:37:14.266 [Debug] received epp: 7311762

--------------------------------------------------------------------------------
2022-04-04 22:38:35.164 [Warn] 'Me' is null.

--------------------------------------------------------------------------------
2022-04-04 22:38:35.279 [Debug] received epp: 7392950

--------------------------------------------------------------------------------
2022-04-04 22:42:43.050 [Debug] StatusChanged: [NetIncomingMessage #47 10 bytes] [Disconnecting]

--------------------------------------------------------------------------------
2022-04-04 22:42:43.055 [Debug] StatusChanged: [NetIncomingMessage #48 14 bytes] [Disconnected]

--------------------------------------------------------------------------------
2022-04-04 22:42:43.095 [Info] Acquiring context lock... (0ms)

--------------------------------------------------------------------------------
2022-04-04 22:42:43.095 [Info] Acquired. (0ms)

--------------------------------------------------------------------------------
2022-04-04 22:42:43.096 [Info] Beginning context dispose. (0ms)

--------------------------------------------------------------------------------
2022-04-04 22:42:43.097 [Info] GC.SuppressFinalize (0ms)

--------------------------------------------------------------------------------
2022-04-04 22:42:43.097 [Info] InternalDispose() completed. (0ms)

--------------------------------------------------------------------------------
2022-04-04 22:42:43.097 [Info] Clearing instance... (2ms)

--------------------------------------------------------------------------------
2022-04-04 22:42:43.097 [Info] Releasing context lock... (2ms)

--------------------------------------------------------------------------------
2022-04-04 22:42:43.097 [Info] Released. (2ms)

--------------------------------------------------------------------------------
