2022-05-01 13:27:02.671 [Info] Connecting to 38.129.153.213:5400...

--------------------------------------------------------------------------------
2022-05-01 13:27:03.396 [Info] Connection approved [00000000-0000-0000-0000-000000000000].

--------------------------------------------------------------------------------
2022-05-01 13:27:03.465 [Debug] approval Time=24647 Offset=63787008398697 Real=63787008423344

--------------------------------------------------------------------------------
2022-05-01 13:27:03.465 [Debug] local Time=24647 Offset=63787008398818 Real=63787008423465

--------------------------------------------------------------------------------
2022-05-01 13:27:03.465 [Debug] real delta=120

--------------------------------------------------------------------------------
2022-05-01 13:27:03.465 [Debug] this.Statistics.Ping=0 NCPing=10

--------------------------------------------------------------------------------
2022-05-01 13:27:03.467 [Debug] Connection established to remote [00000000-0000-0000-0000-000000000000/38.129.153.213:5400].

--------------------------------------------------------------------------------
2022-05-01 13:27:03.467 [Info] Connected [00000000-0000-0000-0000-000000000000].

--------------------------------------------------------------------------------
2022-05-01 13:49:54.464 [Debug] StatusChanged: [NetIncomingMessage #579 10 bytes] [Disconnecting]

--------------------------------------------------------------------------------
2022-05-01 13:49:54.465 [Debug] StatusChanged: [NetIncomingMessage #580 10 bytes] [Disconnected]

--------------------------------------------------------------------------------
2022-05-01 13:49:54.465 [Debug] Connection terminated to remote [00000000-0000-0000-0000-000000000000/38.129.153.213:5400].

--------------------------------------------------------------------------------
2022-05-01 13:49:54.466 [Info] Disconnected [00000000-0000-0000-0000-000000000000].

--------------------------------------------------------------------------------
