2022-04-04 22:15:20.410 [Info] Connecting to 38.129.153.213:5400...

--------------------------------------------------------------------------------
2022-04-04 22:15:20.830 [Info] Connection approved [00000000-0000-0000-0000-000000000000].

--------------------------------------------------------------------------------
2022-04-04 22:15:20.894 [Debug] approval Time=5998652 Offset=63784701322168 Real=63784707320820

--------------------------------------------------------------------------------
2022-04-04 22:15:20.894 [Debug] local Time=5998652 Offset=63784701322242 Real=63784707320894

--------------------------------------------------------------------------------
2022-04-04 22:15:20.894 [Debug] real delta=73

--------------------------------------------------------------------------------
2022-04-04 22:15:20.894 [Debug] this.Statistics.Ping=0 NCPing=8

--------------------------------------------------------------------------------
2022-04-04 22:15:20.896 [Debug] Connection established to remote [00000000-0000-0000-0000-000000000000/38.129.153.213:5400].

--------------------------------------------------------------------------------
2022-04-04 22:15:20.896 [Info] Connected [00000000-0000-0000-0000-000000000000].

--------------------------------------------------------------------------------
2022-04-04 22:31:30.653 [Debug] StatusChanged: [NetIncomingMessage #0 10 bytes] [Disconnecting]

--------------------------------------------------------------------------------
2022-04-04 22:31:30.657 [Debug] StatusChanged: [NetIncomingMessage #0 10 bytes] [Disconnected]

--------------------------------------------------------------------------------
2022-04-04 22:31:30.658 [Debug] Connection terminated to remote [00000000-0000-0000-0000-000000000000/38.129.153.213:5400].

--------------------------------------------------------------------------------
2022-04-04 22:31:30.658 [Info] Disconnected [00000000-0000-0000-0000-000000000000].

--------------------------------------------------------------------------------
