2022-04-10 18:12:46.809 [Info] Discovered 0 plugins:


--------------------------------------------------------------------------------
2022-04-10 18:12:47.900 [Info] Connecting to 38.129.153.213:5400...

--------------------------------------------------------------------------------
2022-04-10 18:12:48.338 [Info] Connection approved [00000000-0000-0000-0000-000000000000].

--------------------------------------------------------------------------------
2022-04-10 18:12:48.416 [Debug] approval Time=4324602 Offset=63785206843711 Real=63785211168314

--------------------------------------------------------------------------------
2022-04-10 18:12:48.416 [Debug] local Time=4324602 Offset=63785206843813 Real=63785211168416

--------------------------------------------------------------------------------
2022-04-10 18:12:48.416 [Debug] real delta=101

--------------------------------------------------------------------------------
2022-04-10 18:12:48.416 [Debug] this.Statistics.Ping=0 NCPing=6

--------------------------------------------------------------------------------
2022-04-10 18:12:48.418 [Debug] Connection established to remote [00000000-0000-0000-0000-000000000000/38.129.153.213:5400].

--------------------------------------------------------------------------------
2022-04-10 18:12:48.418 [Info] Connected [00000000-0000-0000-0000-000000000000].

--------------------------------------------------------------------------------
2022-04-10 18:12:52.901 [Warn] 'Me' is null.

--------------------------------------------------------------------------------
2022-04-10 18:12:53.192 [Debug] received epp: 4329117

--------------------------------------------------------------------------------
2022-04-10 18:12:57.670 [Debug] received epp: 4333929

--------------------------------------------------------------------------------
2022-04-10 18:12:58.357 [Debug] received epp: 4334586

--------------------------------------------------------------------------------
2022-04-10 18:12:58.555 [Debug] received epp: 4334601

--------------------------------------------------------------------------------
2022-04-10 18:12:59.005 [Debug] received epp: 4335273

--------------------------------------------------------------------------------
2022-04-10 18:13:01.071 [Debug] received epp: 4337336

--------------------------------------------------------------------------------
2022-04-10 18:13:02.639 [Debug] received epp: 4338914

--------------------------------------------------------------------------------
2022-04-10 18:13:02.660 [Debug] received epp: 4338914

--------------------------------------------------------------------------------
2022-04-10 18:13:09.948 [Error] Received unhandled exception from Name:Intersect Client.exe
There are no context policies.
.

--------------------------------------------------------------------------------
2022-04-10 18:13:09.957 [Error] InvalidOperationException: Collection was modified; enumeration operation may not execute.
    Stack:    at System.ThrowHelper.ThrowInvalidOperationException(ExceptionResource resource)
   at System.Collections.Generic.List`1.Enumerator.MoveNextRare()
   at System.Linq.Enumerable.<SelectManyIterator>d__17`2.MoveNext()
   at System.Linq.Enumerable.<SelectManyIterator>d__17`2.MoveNext()
   at System.Linq.Enumerable.<SelectManyIterator>d__17`2.MoveNext()
   at System.Linq.Enumerable.<SelectManyIterator>d__17`2.MoveNext()
   at System.Linq.Enumerable.<SelectManyIterator>d__17`2.MoveNext()
   at System.Linq.Enumerable.<SelectManyIterator>d__17`2.MoveNext()
   at System.Linq.Enumerable.<SelectManyIterator>d__17`2.MoveNext()
   at System.Linq.Enumerable.<ConcatIterator>d__59`1.MoveNext()
   at System.Linq.Enumerable.<ConcatIterator>d__59`1.MoveNext()
   at System.Linq.Enumerable.<ConcatIterator>d__59`1.MoveNext()
   at System.Linq.Enumerable.<ConcatIterator>d__59`1.MoveNext()
   at System.Linq.Enumerable.<ConcatIterator>d__59`1.MoveNext()
   at System.Linq.Enumerable.<ConcatIterator>d__59`1.MoveNext()
   at System.Linq.Enumerable.<ConcatIterator>d__59`1.MoveNext()
   at System.Linq.Buffer`1..ctor(IEnumerable`1 source)
   at System.Linq.Enumerable.ToArray[TSource](IEnumerable`1 source)
   at Intersect.Client.Interface.Debugging.DebugWindow.<>c.<CreateTableDebugStats>b__29_13(CancellationToken cancellationToken)
   at Intersect.Client.Framework.Gwen.Control.Data.ValueTableCellDataProvider`1.<>c__DisplayClass1_1.<.ctor>b__3(Task _)
   at System.Threading.Tasks.ContinuationResultTaskFromTask`1.InnerInvoke()
   at System.Threading.Tasks.Task.Execute()
--- End of stack trace from previous location where exception was thrown ---
   at System.Runtime.ExceptionServices.ExceptionDispatchInfo.Throw()
   at System.Runtime.CompilerServices.TaskAwaiter.HandleNonSuccessAndDebuggerNotification(Task task)
   at System.Runtime.CompilerServices.ConfiguredTaskAwaitable`1.ConfiguredTaskAwaiter.GetResult()
   at Intersect.Async.AsyncValueGenerator`1.<DoLoop>d__6.MoveNext()
--- End of stack trace from previous location where exception was thrown ---
   at System.Runtime.ExceptionServices.ExceptionDispatchInfo.Throw()
   at System.Threading.ExecutionContext.RunInternal(ExecutionContext executionContext, ContextCallback callback, Object state, Boolean preserveSyncCtx)
   at System.Threading.ExecutionContext.Run(ExecutionContext executionContext, ContextCallback callback, Object state, Boolean preserveSyncCtx)
   at System.Threading.QueueUserWorkItemCallback.System.Threading.IThreadPoolWorkItem.ExecuteWorkItem()
   at System.Threading.ThreadPoolWorkQueue.Dispatch()


--------------------------------------------------------------------------------
2022-04-10 18:13:09.976 [Info] Acquiring context lock... (0ms)

--------------------------------------------------------------------------------
2022-04-10 18:13:09.976 [Info] Acquired. (0ms)

--------------------------------------------------------------------------------
2022-04-10 18:13:09.977 [Info] Beginning context dispose. (0ms)

--------------------------------------------------------------------------------
2022-04-10 18:13:09.977 [Info] GC.SuppressFinalize (0ms)

--------------------------------------------------------------------------------
2022-04-10 18:13:09.977 [Info] InternalDispose() completed. (0ms)

--------------------------------------------------------------------------------
2022-04-10 18:13:09.977 [Info] Clearing instance... (1ms)

--------------------------------------------------------------------------------
2022-04-10 18:13:09.977 [Info] Releasing context lock... (1ms)

--------------------------------------------------------------------------------
2022-04-10 18:13:09.977 [Info] Released. (1ms)

--------------------------------------------------------------------------------
