2022-04-03 22:34:02.478 [Info] Discovered 0 plugins:


--------------------------------------------------------------------------------
2022-04-03 22:34:03.511 [Info] Connecting to 38.129.153.213:5400...

--------------------------------------------------------------------------------
2022-04-03 22:34:03.933 [Info] Connection approved [00000000-0000-0000-0000-000000000000].

--------------------------------------------------------------------------------
2022-04-03 22:34:04.001 [Debug] approval Time=7831641 Offset=63784614212267 Real=63784622043908

--------------------------------------------------------------------------------
2022-04-03 22:34:04.002 [Debug] local Time=7831641 Offset=63784614212359 Real=63784622044001

--------------------------------------------------------------------------------
2022-04-03 22:34:04.002 [Debug] real delta=92

--------------------------------------------------------------------------------
2022-04-03 22:34:04.002 [Debug] this.Statistics.Ping=0 NCPing=5

--------------------------------------------------------------------------------
2022-04-03 22:34:04.003 [Debug] Connection established to remote [00000000-0000-0000-0000-000000000000/38.129.153.213:5400].

--------------------------------------------------------------------------------
2022-04-03 22:34:04.004 [Info] Connected [00000000-0000-0000-0000-000000000000].

--------------------------------------------------------------------------------
2022-04-03 22:35:13.062 [Warn] 'Me' is null.

--------------------------------------------------------------------------------
2022-04-03 22:35:13.314 [Debug] received epp: 7900733

--------------------------------------------------------------------------------
2022-04-03 22:38:36.296 [Debug] StatusChanged: [NetIncomingMessage #129 10 bytes] [Disconnecting]

--------------------------------------------------------------------------------
2022-04-03 22:38:36.299 [Debug] StatusChanged: [NetIncomingMessage #130 10 bytes] [Disconnected]

--------------------------------------------------------------------------------
2022-04-03 22:38:36.334 [Info] Acquiring context lock... (0ms)

--------------------------------------------------------------------------------
2022-04-03 22:38:36.334 [Info] Acquired. (0ms)

--------------------------------------------------------------------------------
2022-04-03 22:38:36.335 [Info] Beginning context dispose. (0ms)

--------------------------------------------------------------------------------
2022-04-03 22:38:36.336 [Info] GC.SuppressFinalize (0ms)

--------------------------------------------------------------------------------
2022-04-03 22:38:36.336 [Info] InternalDispose() completed. (0ms)

--------------------------------------------------------------------------------
2022-04-03 22:38:36.336 [Info] Clearing instance... (1ms)

--------------------------------------------------------------------------------
2022-04-03 22:38:36.336 [Info] Releasing context lock... (1ms)

--------------------------------------------------------------------------------
2022-04-03 22:38:36.336 [Info] Released. (1ms)

--------------------------------------------------------------------------------
