2022-04-28 23:34:52.842 [Info] Discovered 0 plugins:


--------------------------------------------------------------------------------
2022-04-28 23:34:54.504 [Info] Connecting to 38.129.153.213:5400...

--------------------------------------------------------------------------------
2022-04-28 23:34:55.194 [Info] Connection approved [00000000-0000-0000-0000-000000000000].

--------------------------------------------------------------------------------
2022-04-28 23:34:55.288 [Debug] approval Time=474308 Offset=63786785220858 Real=63786785695166

--------------------------------------------------------------------------------
2022-04-28 23:34:55.289 [Debug] local Time=474308 Offset=63786785220979 Real=63786785695288

--------------------------------------------------------------------------------
2022-04-28 23:34:55.289 [Debug] real delta=121

--------------------------------------------------------------------------------
2022-04-28 23:34:55.289 [Debug] this.Statistics.Ping=0 NCPing=10

--------------------------------------------------------------------------------
2022-04-28 23:34:55.292 [Debug] Connection established to remote [00000000-0000-0000-0000-000000000000/38.129.153.213:5400].

--------------------------------------------------------------------------------
2022-04-28 23:34:55.292 [Info] Connected [00000000-0000-0000-0000-000000000000].

--------------------------------------------------------------------------------
2022-04-28 23:35:04.170 [Warn] 'Me' is null.

--------------------------------------------------------------------------------
2022-04-28 23:35:04.543 [Debug] received epp: 483213

--------------------------------------------------------------------------------
2022-04-28 23:35:07.781 [Debug] received epp: 486902

--------------------------------------------------------------------------------
2022-04-28 23:36:05.718 [Debug] received epp: 544823

--------------------------------------------------------------------------------
2022-04-28 23:36:06.107 [Debug] received epp: 545229

--------------------------------------------------------------------------------
2022-04-28 23:36:25.921 [Debug] received epp: 565042

--------------------------------------------------------------------------------
2022-04-28 23:36:25.954 [Debug] received epp: 565042

--------------------------------------------------------------------------------
2022-04-28 23:36:28.848 [Debug] received epp: 567948

--------------------------------------------------------------------------------
2022-04-28 23:36:29.065 [Debug] received epp: 567964

--------------------------------------------------------------------------------
2022-04-28 23:38:01.611 [Debug] received epp: 660730

--------------------------------------------------------------------------------
2022-04-28 23:38:33.711 [Error] Received unhandled exception from System.Threading.Tasks.ContinuationTaskFromTask.

--------------------------------------------------------------------------------
2022-04-28 23:38:33.711 [Error] AggregateException: A Task's exception(s) were not observed either by Waiting on the Task or accessing its Exception property. As a result, the unobserved exception was rethrown by the finalizer thread.

Caused By
ArgumentOutOfRangeException: Index was out of range. Must be non-negative and less than the size of the collection.
Parameter name: index
    Stack:    at System.ThrowHelper.ThrowArgumentOutOfRangeException(ExceptionArgument argument, ExceptionResource resource)
   at System.Collections.Generic.List`1.RemoveAt(Int32 index)
   at System.Collections.Generic.List`1.Remove(T item)
   at Intersect.Client.Framework.Content.ContentWatcher.<>c__DisplayClass12_0.<Modify>b__0(Task completedTask)
   at System.Threading.Tasks.Task.Execute()


--------------------------------------------------------------------------------
2022-04-28 23:38:33.714 [Error] Caused by:

--------------------------------------------------------------------------------
2022-04-28 23:38:33.714 [Error] ArgumentOutOfRangeException: Index was out of range. Must be non-negative and less than the size of the collection.
Parameter name: index
    Stack:    at System.ThrowHelper.ThrowArgumentOutOfRangeException(ExceptionArgument argument, ExceptionResource resource)
   at System.Collections.Generic.List`1.RemoveAt(Int32 index)
   at System.Collections.Generic.List`1.Remove(T item)
   at Intersect.Client.Framework.Content.ContentWatcher.<>c__DisplayClass12_0.<Modify>b__0(Task completedTask)
   at System.Threading.Tasks.Task.Execute()


--------------------------------------------------------------------------------
2022-04-28 23:38:33.716 [Info] Acquiring context lock... (0ms)

--------------------------------------------------------------------------------
2022-04-28 23:38:33.716 [Info] Acquired. (0ms)

--------------------------------------------------------------------------------
2022-04-28 23:38:33.717 [Info] Beginning context dispose. (0ms)

--------------------------------------------------------------------------------
2022-04-28 23:38:33.717 [Info] GC.SuppressFinalize (0ms)

--------------------------------------------------------------------------------
2022-04-28 23:38:33.717 [Info] InternalDispose() completed. (0ms)

--------------------------------------------------------------------------------
2022-04-28 23:38:33.717 [Info] Clearing instance... (1ms)

--------------------------------------------------------------------------------
2022-04-28 23:38:33.717 [Info] Releasing context lock... (1ms)

--------------------------------------------------------------------------------
2022-04-28 23:38:33.717 [Info] Released. (1ms)

--------------------------------------------------------------------------------
2022-04-28 23:41:39.695 [Debug] received epp: 878809

--------------------------------------------------------------------------------
2022-04-28 23:41:47.619 [Debug] received epp: 886745

--------------------------------------------------------------------------------
2022-04-28 23:41:47.650 [Debug] received epp: 886745

--------------------------------------------------------------------------------
2022-04-28 23:41:53.864 [Debug] received epp: 892980

--------------------------------------------------------------------------------
2022-04-28 23:41:54.067 [Debug] received epp: 892980

--------------------------------------------------------------------------------
2022-04-29 00:34:44.741 [Debug] StatusChanged: [NetIncomingMessage #3 10 bytes] [Disconnecting]

--------------------------------------------------------------------------------
2022-04-29 00:34:44.746 [Debug] StatusChanged: [NetIncomingMessage #4 14 bytes] [Disconnected]

--------------------------------------------------------------------------------
