2022-04-18 15:59:33.418 [Info] Connecting to 38.129.153.213:5400...

--------------------------------------------------------------------------------
2022-04-18 15:59:34.070 [Info] Connection approved [00000000-0000-0000-0000-000000000000].

--------------------------------------------------------------------------------
2022-04-18 15:59:34.134 [Debug] approval Time=83874 Offset=63785894290141 Real=63785894374016

--------------------------------------------------------------------------------
2022-04-18 15:59:34.134 [Debug] local Time=83874 Offset=63785894290259 Real=63785894374134

--------------------------------------------------------------------------------
2022-04-18 15:59:34.134 [Debug] real delta=118

--------------------------------------------------------------------------------
2022-04-18 15:59:34.134 [Debug] this.Statistics.Ping=0 NCPing=7

--------------------------------------------------------------------------------
2022-04-18 15:59:34.136 [Debug] Connection established to remote [00000000-0000-0000-0000-000000000000/38.129.153.213:5400].

--------------------------------------------------------------------------------
2022-04-18 15:59:34.136 [Info] Connected [00000000-0000-0000-0000-000000000000].

--------------------------------------------------------------------------------
2022-04-18 16:41:05.559 [Debug] StatusChanged: [NetIncomingMessage #0 22 bytes] [Disconnected]

--------------------------------------------------------------------------------
2022-04-18 16:41:05.560 [Debug] Connection terminated to remote [00000000-0000-0000-0000-000000000000/38.129.153.213:5400].

--------------------------------------------------------------------------------
2022-04-18 16:41:05.560 [Info] Disconnected [00000000-0000-0000-0000-000000000000].

--------------------------------------------------------------------------------
