2022-04-03 18:17:41.683 [Info] Discovered 0 plugins:


--------------------------------------------------------------------------------
2022-04-03 18:17:42.635 [Info] Connecting to 38.129.153.213:5400...

--------------------------------------------------------------------------------
2022-04-03 18:17:43.081 [Info] Connection approved [00000000-0000-0000-0000-000000000000].

--------------------------------------------------------------------------------
2022-04-03 18:17:43.163 [Debug] approval Time=11873072 Offset=63784594789990 Real=63784606663063

--------------------------------------------------------------------------------
2022-04-03 18:17:43.163 [Debug] local Time=11873072 Offset=63784594790090 Real=63784606663163

--------------------------------------------------------------------------------
2022-04-03 18:17:43.163 [Debug] real delta=100

--------------------------------------------------------------------------------
2022-04-03 18:17:43.163 [Debug] this.Statistics.Ping=0 NCPing=8

--------------------------------------------------------------------------------
2022-04-03 18:17:43.165 [Debug] Connection established to remote [00000000-0000-0000-0000-000000000000/38.129.153.213:5400].

--------------------------------------------------------------------------------
2022-04-03 18:17:43.165 [Info] Connected [00000000-0000-0000-0000-000000000000].

--------------------------------------------------------------------------------
2022-04-03 18:17:47.501 [Warn] 'Me' is null.

--------------------------------------------------------------------------------
2022-04-03 18:17:47.728 [Debug] received epp: 11877432

--------------------------------------------------------------------------------
2022-04-03 18:18:26.839 [Debug] StatusChanged: [NetIncomingMessage #752 10 bytes] [Disconnecting]

--------------------------------------------------------------------------------
2022-04-03 18:18:26.841 [Debug] StatusChanged: [NetIncomingMessage #753 10 bytes] [Disconnected]

--------------------------------------------------------------------------------
2022-04-03 18:18:26.889 [Info] Acquiring context lock... (0ms)

--------------------------------------------------------------------------------
2022-04-03 18:18:26.889 [Info] Acquired. (0ms)

--------------------------------------------------------------------------------
2022-04-03 18:18:26.890 [Info] Beginning context dispose. (0ms)

--------------------------------------------------------------------------------
2022-04-03 18:18:26.891 [Info] GC.SuppressFinalize (0ms)

--------------------------------------------------------------------------------
2022-04-03 18:18:26.891 [Info] InternalDispose() completed. (0ms)

--------------------------------------------------------------------------------
2022-04-03 18:18:26.891 [Info] Clearing instance... (1ms)

--------------------------------------------------------------------------------
2022-04-03 18:18:26.891 [Info] Releasing context lock... (1ms)

--------------------------------------------------------------------------------
2022-04-03 18:18:26.891 [Info] Released. (1ms)

--------------------------------------------------------------------------------
