2022-04-29 23:53:56.750 [Info] Discovered 0 plugins:


--------------------------------------------------------------------------------
2022-04-29 23:53:57.888 [Info] Connecting to 38.129.153.213:5400...

--------------------------------------------------------------------------------
2022-04-29 23:53:58.568 [Info] Connection approved [00000000-0000-0000-0000-000000000000].

--------------------------------------------------------------------------------
2022-04-29 23:53:58.654 [Debug] approval Time=14014 Offset=63786873224487 Real=63786873238502

--------------------------------------------------------------------------------
2022-04-29 23:53:58.654 [Debug] local Time=14014 Offset=63786873224640 Real=63786873238654

--------------------------------------------------------------------------------
2022-04-29 23:53:58.654 [Debug] real delta=152

--------------------------------------------------------------------------------
2022-04-29 23:53:58.654 [Debug] this.Statistics.Ping=0 NCPing=7

--------------------------------------------------------------------------------
2022-04-29 23:53:58.657 [Debug] Connection established to remote [00000000-0000-0000-0000-000000000000/38.129.153.213:5400].

--------------------------------------------------------------------------------
2022-04-29 23:53:58.657 [Info] Connected [00000000-0000-0000-0000-000000000000].

--------------------------------------------------------------------------------
2022-04-29 23:54:02.540 [Error] Received unhandled exception from System.Threading.Tasks.ContinuationTaskFromTask.

--------------------------------------------------------------------------------
2022-04-29 23:54:02.541 [Error] AggregateException: A Task's exception(s) were not observed either by Waiting on the Task or accessing its Exception property. As a result, the unobserved exception was rethrown by the finalizer thread.

Caused By
ArgumentOutOfRangeException: Index was out of range. Must be non-negative and less than the size of the collection.
Parameter name: index
    Stack:    at System.ThrowHelper.ThrowArgumentOutOfRangeException(ExceptionArgument argument, ExceptionResource resource)
   at System.Collections.Generic.List`1.RemoveAt(Int32 index)
   at System.Collections.Generic.List`1.Remove(T item)
   at Intersect.Client.Framework.Content.ContentWatcher.<>c__DisplayClass12_0.<Modify>b__0(Task completedTask)
   at System.Threading.Tasks.Task.Execute()


--------------------------------------------------------------------------------
2022-04-29 23:54:02.542 [Error] Caused by:

--------------------------------------------------------------------------------
2022-04-29 23:54:02.542 [Error] ArgumentOutOfRangeException: Index was out of range. Must be non-negative and less than the size of the collection.
Parameter name: index
    Stack:    at System.ThrowHelper.ThrowArgumentOutOfRangeException(ExceptionArgument argument, ExceptionResource resource)
   at System.Collections.Generic.List`1.RemoveAt(Int32 index)
   at System.Collections.Generic.List`1.Remove(T item)
   at Intersect.Client.Framework.Content.ContentWatcher.<>c__DisplayClass12_0.<Modify>b__0(Task completedTask)
   at System.Threading.Tasks.Task.Execute()


--------------------------------------------------------------------------------
2022-04-29 23:54:02.544 [Info] Acquiring context lock... (0ms)

--------------------------------------------------------------------------------
2022-04-29 23:54:02.544 [Info] Acquired. (0ms)

--------------------------------------------------------------------------------
2022-04-29 23:54:02.544 [Info] Beginning context dispose. (0ms)

--------------------------------------------------------------------------------
2022-04-29 23:54:02.545 [Info] GC.SuppressFinalize (0ms)

--------------------------------------------------------------------------------
2022-04-29 23:54:02.545 [Info] InternalDispose() completed. (0ms)

--------------------------------------------------------------------------------
2022-04-29 23:54:02.545 [Info] Clearing instance... (1ms)

--------------------------------------------------------------------------------
2022-04-29 23:54:02.545 [Info] Releasing context lock... (1ms)

--------------------------------------------------------------------------------
2022-04-29 23:54:02.545 [Info] Released. (1ms)

--------------------------------------------------------------------------------
2022-04-29 23:54:07.323 [Warn] 'Me' is null.

--------------------------------------------------------------------------------
2022-04-29 23:54:07.793 [Debug] received epp: 22966

--------------------------------------------------------------------------------
2022-04-29 23:54:21.193 [Debug] received epp: 36685

--------------------------------------------------------------------------------
2022-04-29 23:54:21.384 [Debug] received epp: 36685

--------------------------------------------------------------------------------
2022-04-29 23:54:28.406 [Debug] received epp: 43889

--------------------------------------------------------------------------------
2022-04-29 23:54:28.453 [Debug] received epp: 43889

--------------------------------------------------------------------------------
2022-04-29 23:54:28.509 [Debug] received epp: 43999

--------------------------------------------------------------------------------
2022-04-29 23:54:30.337 [Debug] received epp: 45826

--------------------------------------------------------------------------------
2022-04-29 23:54:30.530 [Debug] received epp: 45826

--------------------------------------------------------------------------------
2022-04-29 23:54:32.156 [Debug] received epp: 47653

--------------------------------------------------------------------------------
2022-04-29 23:54:32.199 [Debug] received epp: 47653

--------------------------------------------------------------------------------
2022-04-29 23:54:32.267 [Debug] received epp: 47763

--------------------------------------------------------------------------------
2022-04-29 23:54:33.962 [Debug] received epp: 49451

--------------------------------------------------------------------------------
2022-04-29 23:54:34.140 [Debug] received epp: 49451

--------------------------------------------------------------------------------
2022-04-29 23:54:36.836 [Debug] received epp: 52326

--------------------------------------------------------------------------------
2022-04-29 23:54:36.881 [Debug] received epp: 52326

--------------------------------------------------------------------------------
2022-04-29 23:54:38.792 [Debug] received epp: 54264

--------------------------------------------------------------------------------
2022-04-29 23:54:38.981 [Debug] received epp: 54264

--------------------------------------------------------------------------------
2022-04-29 23:54:40.245 [Debug] received epp: 55733

--------------------------------------------------------------------------------
2022-04-29 23:54:41.476 [Debug] received epp: 56981

--------------------------------------------------------------------------------
2022-04-29 23:55:52.641 [Error] Received unhandled exception from System.Threading.Tasks.ContinuationTaskFromTask.

--------------------------------------------------------------------------------
2022-04-29 23:55:52.641 [Error] AggregateException: A Task's exception(s) were not observed either by Waiting on the Task or accessing its Exception property. As a result, the unobserved exception was rethrown by the finalizer thread.

Caused By
ArgumentOutOfRangeException: Index was out of range. Must be non-negative and less than the size of the collection.
Parameter name: index
    Stack:    at System.ThrowHelper.ThrowArgumentOutOfRangeException(ExceptionArgument argument, ExceptionResource resource)
   at System.Collections.Generic.List`1.RemoveAt(Int32 index)
   at System.Collections.Generic.List`1.Remove(T item)
   at Intersect.Client.Framework.Content.ContentWatcher.<>c__DisplayClass12_0.<Modify>b__0(Task completedTask)
   at System.Threading.Tasks.Task.Execute()


--------------------------------------------------------------------------------
2022-04-29 23:55:52.641 [Error] Caused by:

--------------------------------------------------------------------------------
2022-04-29 23:55:52.641 [Error] ArgumentOutOfRangeException: Index was out of range. Must be non-negative and less than the size of the collection.
Parameter name: index
    Stack:    at System.ThrowHelper.ThrowArgumentOutOfRangeException(ExceptionArgument argument, ExceptionResource resource)
   at System.Collections.Generic.List`1.RemoveAt(Int32 index)
   at System.Collections.Generic.List`1.Remove(T item)
   at Intersect.Client.Framework.Content.ContentWatcher.<>c__DisplayClass12_0.<Modify>b__0(Task completedTask)
   at System.Threading.Tasks.Task.Execute()


--------------------------------------------------------------------------------
2022-04-29 23:57:04.801 [Debug] received epp: 200294

--------------------------------------------------------------------------------
2022-04-29 23:57:05.447 [Debug] received epp: 200936

--------------------------------------------------------------------------------
2022-04-29 23:57:05.857 [Debug] received epp: 201357

--------------------------------------------------------------------------------
2022-04-29 23:57:06.475 [Debug] received epp: 201966

--------------------------------------------------------------------------------
2022-04-29 23:57:06.906 [Debug] received epp: 202404

--------------------------------------------------------------------------------
2022-04-29 23:57:07.787 [Debug] received epp: 203278

--------------------------------------------------------------------------------
2022-04-29 23:57:09.003 [Debug] received epp: 204498

--------------------------------------------------------------------------------
2022-04-29 23:57:09.906 [Debug] received epp: 205372

--------------------------------------------------------------------------------
2022-04-29 23:57:14.308 [Debug] received epp: 209811

--------------------------------------------------------------------------------
2022-04-29 23:57:14.948 [Debug] received epp: 210434

--------------------------------------------------------------------------------
2022-04-29 23:57:15.307 [Debug] received epp: 210810

--------------------------------------------------------------------------------
2022-04-29 23:57:16.023 [Debug] received epp: 211529

--------------------------------------------------------------------------------
2022-04-29 23:57:17.274 [Debug] received epp: 212763

--------------------------------------------------------------------------------
2022-04-29 23:57:18.512 [Debug] received epp: 213997

--------------------------------------------------------------------------------
2022-04-29 23:57:18.586 [Debug] received epp: 213997

--------------------------------------------------------------------------------
2022-04-29 23:57:21.144 [Debug] received epp: 216639

--------------------------------------------------------------------------------
2022-04-29 23:57:21.364 [Debug] received epp: 216639

--------------------------------------------------------------------------------
2022-04-29 23:57:22.468 [Debug] received epp: 217966

--------------------------------------------------------------------------------
2022-04-29 23:57:22.558 [Debug] received epp: 217966

--------------------------------------------------------------------------------
2022-04-29 23:57:35.706 [Debug] received epp: 231202

--------------------------------------------------------------------------------
2022-04-29 23:57:35.921 [Debug] received epp: 231202

--------------------------------------------------------------------------------
2022-04-29 23:57:44.697 [Debug] received epp: 240200

--------------------------------------------------------------------------------
2022-04-29 23:57:44.725 [Debug] received epp: 240217

--------------------------------------------------------------------------------
2022-04-29 23:57:44.997 [Debug] received epp: 240499

--------------------------------------------------------------------------------
2022-04-29 23:57:45.329 [Debug] received epp: 240811

--------------------------------------------------------------------------------
2022-04-29 23:57:45.579 [Debug] received epp: 241077

--------------------------------------------------------------------------------
2022-04-29 23:57:45.870 [Debug] received epp: 241374

--------------------------------------------------------------------------------
2022-04-29 23:57:46.212 [Debug] received epp: 241639

--------------------------------------------------------------------------------
2022-04-29 23:57:46.420 [Debug] received epp: 241920

--------------------------------------------------------------------------------
2022-04-29 23:57:46.711 [Debug] received epp: 242216

--------------------------------------------------------------------------------
2022-04-29 23:57:47.023 [Debug] received epp: 242513

--------------------------------------------------------------------------------
2022-04-29 23:57:47.275 [Debug] received epp: 242764

--------------------------------------------------------------------------------
2022-04-29 23:57:47.579 [Debug] received epp: 243077

--------------------------------------------------------------------------------
2022-04-29 23:57:47.885 [Debug] received epp: 243373

--------------------------------------------------------------------------------
2022-04-29 23:57:48.149 [Debug] received epp: 243653

--------------------------------------------------------------------------------
2022-04-29 23:57:48.440 [Debug] received epp: 243934

--------------------------------------------------------------------------------
2022-04-29 23:57:48.732 [Debug] received epp: 244217

--------------------------------------------------------------------------------
2022-04-29 23:57:49.024 [Debug] received epp: 244514

--------------------------------------------------------------------------------
2022-04-29 23:57:49.295 [Debug] received epp: 244796

--------------------------------------------------------------------------------
2022-04-29 23:57:49.579 [Debug] received epp: 245076

--------------------------------------------------------------------------------
2022-04-29 23:57:49.898 [Debug] received epp: 245388

--------------------------------------------------------------------------------
2022-04-29 23:57:50.192 [Debug] received epp: 245685

--------------------------------------------------------------------------------
2022-04-29 23:57:50.468 [Debug] received epp: 245968

--------------------------------------------------------------------------------
2022-04-29 23:57:50.774 [Debug] received epp: 246263

--------------------------------------------------------------------------------
2022-04-29 23:57:51.107 [Debug] received epp: 246607

--------------------------------------------------------------------------------
2022-04-29 23:57:51.405 [Debug] received epp: 246905

--------------------------------------------------------------------------------
2022-04-29 23:57:51.725 [Debug] received epp: 247216

--------------------------------------------------------------------------------
2022-04-29 23:57:52.059 [Debug] received epp: 247545

--------------------------------------------------------------------------------
2022-04-29 23:57:53.495 [Debug] received epp: 248983

--------------------------------------------------------------------------------
2022-04-29 23:58:00.080 [Debug] StatusChanged: [NetIncomingMessage #631 10 bytes] [Disconnecting]

--------------------------------------------------------------------------------
2022-04-29 23:58:00.084 [Debug] StatusChanged: [NetIncomingMessage #632 14 bytes] [Disconnected]

--------------------------------------------------------------------------------
