2022-04-03 15:55:20.236 [Info] Connecting to 38.129.153.213:5400...

--------------------------------------------------------------------------------
2022-04-03 15:55:20.687 [Info] Connection approved [00000000-0000-0000-0000-000000000000].

--------------------------------------------------------------------------------
2022-04-03 15:55:20.748 [Debug] approval Time=3330682 Offset=63784594789990 Real=63784598120672

--------------------------------------------------------------------------------
2022-04-03 15:55:20.748 [Debug] local Time=3330682 Offset=63784594790066 Real=63784598120748

--------------------------------------------------------------------------------
2022-04-03 15:55:20.748 [Debug] real delta=75

--------------------------------------------------------------------------------
2022-04-03 15:55:20.749 [Debug] this.Statistics.Ping=0 NCPing=6

--------------------------------------------------------------------------------
2022-04-03 15:55:20.750 [Debug] Connection established to remote [00000000-0000-0000-0000-000000000000/38.129.153.213:5400].

--------------------------------------------------------------------------------
2022-04-03 15:55:20.750 [Info] Connected [00000000-0000-0000-0000-000000000000].

--------------------------------------------------------------------------------
2022-04-03 15:55:55.518 [Debug] StatusChanged: [NetIncomingMessage #732 10 bytes] [Disconnecting]

--------------------------------------------------------------------------------
2022-04-03 15:55:55.520 [Debug] StatusChanged: [NetIncomingMessage #733 10 bytes] [Disconnected]

--------------------------------------------------------------------------------
2022-04-03 15:55:55.521 [Debug] Connection terminated to remote [00000000-0000-0000-0000-000000000000/38.129.153.213:5400].

--------------------------------------------------------------------------------
2022-04-03 15:55:55.521 [Info] Disconnected [00000000-0000-0000-0000-000000000000].

--------------------------------------------------------------------------------
