2022-04-04 22:02:36.033 [Info] Discovered 0 plugins:


--------------------------------------------------------------------------------
2022-04-04 22:02:37.025 [Info] Connecting to 38.129.153.213:5400...

--------------------------------------------------------------------------------
2022-04-04 22:02:37.438 [Info] Connection approved [00000000-0000-0000-0000-000000000000].

--------------------------------------------------------------------------------
2022-04-04 22:02:37.506 [Debug] approval Time=5235255 Offset=63784701322168 Real=63784706557423

--------------------------------------------------------------------------------
2022-04-04 22:02:37.506 [Debug] local Time=5235255 Offset=63784701322251 Real=63784706557506

--------------------------------------------------------------------------------
2022-04-04 22:02:37.506 [Debug] real delta=82

--------------------------------------------------------------------------------
2022-04-04 22:02:37.506 [Debug] this.Statistics.Ping=0 NCPing=7

--------------------------------------------------------------------------------
2022-04-04 22:02:37.508 [Debug] Connection established to remote [00000000-0000-0000-0000-000000000000/38.129.153.213:5400].

--------------------------------------------------------------------------------
2022-04-04 22:02:37.508 [Info] Connected [00000000-0000-0000-0000-000000000000].

--------------------------------------------------------------------------------
2022-04-04 22:02:46.360 [Warn] 'Me' is null.

--------------------------------------------------------------------------------
2022-04-04 22:02:46.615 [Debug] received epp: 5244114

--------------------------------------------------------------------------------
2022-04-04 22:13:53.336 [Debug] StatusChanged: [NetIncomingMessage #465 10 bytes] [Disconnecting]

--------------------------------------------------------------------------------
2022-04-04 22:13:53.340 [Debug] StatusChanged: [NetIncomingMessage #404 14 bytes] [Disconnected]

--------------------------------------------------------------------------------
2022-04-04 22:13:53.382 [Info] Acquiring context lock... (0ms)

--------------------------------------------------------------------------------
2022-04-04 22:13:53.382 [Info] Acquired. (0ms)

--------------------------------------------------------------------------------
2022-04-04 22:13:53.383 [Info] Beginning context dispose. (0ms)

--------------------------------------------------------------------------------
2022-04-04 22:13:53.384 [Info] GC.SuppressFinalize (0ms)

--------------------------------------------------------------------------------
2022-04-04 22:13:53.384 [Info] InternalDispose() completed. (0ms)

--------------------------------------------------------------------------------
2022-04-04 22:13:53.384 [Info] Clearing instance... (2ms)

--------------------------------------------------------------------------------
2022-04-04 22:13:53.384 [Info] Releasing context lock... (2ms)

--------------------------------------------------------------------------------
2022-04-04 22:13:53.384 [Info] Released. (2ms)

--------------------------------------------------------------------------------
