2022-04-03 17:39:12.174 [Info] Discovered 0 plugins:


--------------------------------------------------------------------------------
2022-04-03 17:39:13.182 [Info] Connecting to 38.129.153.213:5400...

--------------------------------------------------------------------------------
2022-04-03 17:39:13.619 [Info] Connection approved [00000000-0000-0000-0000-000000000000].

--------------------------------------------------------------------------------
2022-04-03 17:39:13.689 [Debug] approval Time=9563604 Offset=63784594789990 Real=63784604353595

--------------------------------------------------------------------------------
2022-04-03 17:39:13.689 [Debug] local Time=9563604 Offset=63784594790084 Real=63784604353689

--------------------------------------------------------------------------------
2022-04-03 17:39:13.689 [Debug] real delta=94

--------------------------------------------------------------------------------
2022-04-03 17:39:13.689 [Debug] this.Statistics.Ping=0 NCPing=6

--------------------------------------------------------------------------------
2022-04-03 17:39:13.695 [Debug] Connection established to remote [00000000-0000-0000-0000-000000000000/38.129.153.213:5400].

--------------------------------------------------------------------------------
2022-04-03 17:39:13.695 [Info] Connected [00000000-0000-0000-0000-000000000000].

--------------------------------------------------------------------------------
2022-04-03 17:40:12.262 [Debug] StatusChanged: [NetIncomingMessage #0 10 bytes] [Disconnecting]

--------------------------------------------------------------------------------
2022-04-03 17:40:12.265 [Debug] StatusChanged: [NetIncomingMessage #0 10 bytes] [Disconnected]

--------------------------------------------------------------------------------
2022-04-03 17:40:12.306 [Info] Acquiring context lock... (0ms)

--------------------------------------------------------------------------------
2022-04-03 17:40:12.306 [Info] Acquired. (0ms)

--------------------------------------------------------------------------------
2022-04-03 17:40:12.307 [Info] Beginning context dispose. (0ms)

--------------------------------------------------------------------------------
2022-04-03 17:40:12.307 [Info] GC.SuppressFinalize (0ms)

--------------------------------------------------------------------------------
2022-04-03 17:40:12.307 [Info] InternalDispose() completed. (0ms)

--------------------------------------------------------------------------------
2022-04-03 17:40:12.307 [Info] Clearing instance... (1ms)

--------------------------------------------------------------------------------
2022-04-03 17:40:12.307 [Info] Releasing context lock... (1ms)

--------------------------------------------------------------------------------
2022-04-03 17:40:12.307 [Info] Released. (1ms)

--------------------------------------------------------------------------------
