2022-04-03 16:20:53.243 [Info] Discovered 0 plugins:


--------------------------------------------------------------------------------
2022-04-03 16:20:54.259 [Info] Connecting to 38.129.153.213:5400...

--------------------------------------------------------------------------------
2022-04-03 16:20:54.652 [Info] Connection approved [00000000-0000-0000-0000-000000000000].

--------------------------------------------------------------------------------
2022-04-03 16:20:54.732 [Debug] approval Time=4864650 Offset=63784594789990 Real=63784599654641

--------------------------------------------------------------------------------
2022-04-03 16:20:54.732 [Debug] local Time=4864650 Offset=63784594790081 Real=63784599654732

--------------------------------------------------------------------------------
2022-04-03 16:20:54.732 [Debug] real delta=91

--------------------------------------------------------------------------------
2022-04-03 16:20:54.732 [Debug] this.Statistics.Ping=0 NCPing=7

--------------------------------------------------------------------------------
2022-04-03 16:20:54.734 [Debug] Connection established to remote [00000000-0000-0000-0000-000000000000/38.129.153.213:5400].

--------------------------------------------------------------------------------
2022-04-03 16:20:54.734 [Info] Connected [00000000-0000-0000-0000-000000000000].

--------------------------------------------------------------------------------
2022-04-03 16:21:17.501 [Warn] 'Me' is null.

--------------------------------------------------------------------------------
2022-04-03 16:21:17.718 [Debug] received epp: 4887431

--------------------------------------------------------------------------------
2022-04-03 16:21:35.990 [Debug] StatusChanged: [NetIncomingMessage #521 10 bytes] [Disconnecting]

--------------------------------------------------------------------------------
2022-04-03 16:21:35.993 [Debug] StatusChanged: [NetIncomingMessage #522 10 bytes] [Disconnected]

--------------------------------------------------------------------------------
2022-04-03 16:21:36.040 [Info] Acquiring context lock... (0ms)

--------------------------------------------------------------------------------
2022-04-03 16:21:36.040 [Info] Acquired. (0ms)

--------------------------------------------------------------------------------
2022-04-03 16:21:36.041 [Info] Beginning context dispose. (0ms)

--------------------------------------------------------------------------------
2022-04-03 16:21:36.041 [Info] GC.SuppressFinalize (0ms)

--------------------------------------------------------------------------------
2022-04-03 16:21:36.041 [Info] InternalDispose() completed. (0ms)

--------------------------------------------------------------------------------
2022-04-03 16:21:36.041 [Info] Clearing instance... (1ms)

--------------------------------------------------------------------------------
2022-04-03 16:21:36.042 [Info] Releasing context lock... (1ms)

--------------------------------------------------------------------------------
2022-04-03 16:21:36.042 [Info] Released. (1ms)

--------------------------------------------------------------------------------
