2022-04-03 22:18:03.573 [Info] Discovered 0 plugins:


--------------------------------------------------------------------------------
2022-04-03 22:18:04.588 [Info] Connecting to 38.129.153.213:5400...

--------------------------------------------------------------------------------
2022-04-03 22:18:05.020 [Info] Connection approved [00000000-0000-0000-0000-000000000000].

--------------------------------------------------------------------------------
2022-04-03 22:18:05.089 [Debug] approval Time=6872734 Offset=63784614212267 Real=63784621085001

--------------------------------------------------------------------------------
2022-04-03 22:18:05.089 [Debug] local Time=6872734 Offset=63784614212355 Real=63784621085089

--------------------------------------------------------------------------------
2022-04-03 22:18:05.089 [Debug] real delta=88

--------------------------------------------------------------------------------
2022-04-03 22:18:05.090 [Debug] this.Statistics.Ping=0 NCPing=7

--------------------------------------------------------------------------------
2022-04-03 22:18:05.091 [Debug] Connection established to remote [00000000-0000-0000-0000-000000000000/38.129.153.213:5400].

--------------------------------------------------------------------------------
2022-04-03 22:18:05.091 [Info] Connected [00000000-0000-0000-0000-000000000000].

--------------------------------------------------------------------------------
2022-04-03 22:18:40.942 [Debug] StatusChanged: [NetIncomingMessage #0 10 bytes] [Disconnecting]

--------------------------------------------------------------------------------
2022-04-03 22:18:40.944 [Debug] StatusChanged: [NetIncomingMessage #0 10 bytes] [Disconnected]

--------------------------------------------------------------------------------
2022-04-03 22:18:40.971 [Info] Acquiring context lock... (0ms)

--------------------------------------------------------------------------------
2022-04-03 22:18:40.972 [Info] Acquired. (0ms)

--------------------------------------------------------------------------------
2022-04-03 22:18:40.973 [Info] Beginning context dispose. (0ms)

--------------------------------------------------------------------------------
2022-04-03 22:18:40.973 [Info] GC.SuppressFinalize (0ms)

--------------------------------------------------------------------------------
2022-04-03 22:18:40.973 [Info] InternalDispose() completed. (0ms)

--------------------------------------------------------------------------------
2022-04-03 22:18:40.973 [Info] Clearing instance... (1ms)

--------------------------------------------------------------------------------
2022-04-03 22:18:40.973 [Info] Releasing context lock... (1ms)

--------------------------------------------------------------------------------
2022-04-03 22:18:40.973 [Info] Released. (1ms)

--------------------------------------------------------------------------------
