2022-04-14 20:31:38.875 [Info] Discovered 0 plugins:


--------------------------------------------------------------------------------
2022-04-14 20:31:39.878 [Info] Connecting to 38.129.153.213:5400...

--------------------------------------------------------------------------------
2022-04-14 20:31:40.306 [Info] Connection approved [00000000-0000-0000-0000-000000000000].

--------------------------------------------------------------------------------
2022-04-14 20:31:40.378 [Debug] approval Time=89338 Offset=63785565010944 Real=63785565100282

--------------------------------------------------------------------------------
2022-04-14 20:31:40.378 [Debug] local Time=89338 Offset=63785565011039 Real=63785565100378

--------------------------------------------------------------------------------
2022-04-14 20:31:40.378 [Debug] real delta=95

--------------------------------------------------------------------------------
2022-04-14 20:31:40.378 [Debug] this.Statistics.Ping=0 NCPing=11

--------------------------------------------------------------------------------
2022-04-14 20:31:40.380 [Debug] Connection established to remote [00000000-0000-0000-0000-000000000000/38.129.153.213:5400].

--------------------------------------------------------------------------------
2022-04-14 20:31:40.380 [Info] Connected [00000000-0000-0000-0000-000000000000].

--------------------------------------------------------------------------------
2022-04-14 20:31:44.487 [Warn] 'Me' is null.

--------------------------------------------------------------------------------
2022-04-14 20:31:44.743 [Debug] received epp: 93463

--------------------------------------------------------------------------------
2022-04-14 20:31:47.459 [Error] Received unhandled exception from Name:Intersect Client.exe
There are no context policies.
.

--------------------------------------------------------------------------------
2022-04-14 20:31:47.460 [Error] InvalidOperationException: Collection was modified; enumeration operation may not execute.
    Stack:    at System.ThrowHelper.ThrowInvalidOperationException(ExceptionResource resource)
   at System.Collections.Generic.List`1.Enumerator.MoveNextRare()
   at System.Linq.Enumerable.<SelectManyIterator>d__17`2.MoveNext()
   at System.Linq.Enumerable.<SelectManyIterator>d__17`2.MoveNext()
   at System.Linq.Enumerable.<SelectManyIterator>d__17`2.MoveNext()
   at System.Linq.Enumerable.<SelectManyIterator>d__17`2.MoveNext()
   at System.Linq.Enumerable.<SelectManyIterator>d__17`2.MoveNext()
   at System.Linq.Enumerable.<SelectManyIterator>d__17`2.MoveNext()
   at System.Linq.Enumerable.Any[TSource](IEnumerable`1 source)
   at Intersect.Extensions.EnumerableExtensions.SelectManyRecursive[T](IEnumerable`1 source, Func`2 selector, CancellationToken cancellationToken)
   at Intersect.Extensions.EnumerableExtensions.SelectManyRecursive[T](IEnumerable`1 source, Func`2 selector, CancellationToken cancellationToken)
   at Intersect.Extensions.EnumerableExtensions.SelectManyRecursive[T](IEnumerable`1 source, Func`2 selector, CancellationToken cancellationToken)
   at Intersect.Extensions.EnumerableExtensions.SelectManyRecursive[T](IEnumerable`1 source, Func`2 selector, CancellationToken cancellationToken)
   at Intersect.Extensions.EnumerableExtensions.SelectManyRecursive[T](IEnumerable`1 source, Func`2 selector, CancellationToken cancellationToken)
   at Intersect.Extensions.EnumerableExtensions.SelectManyRecursive[T](IEnumerable`1 source, Func`2 selector, CancellationToken cancellationToken)
   at Intersect.Extensions.EnumerableExtensions.SelectManyRecursive[T](IEnumerable`1 source, Func`2 selector, CancellationToken cancellationToken)
   at Intersect.Extensions.EnumerableExtensions.SelectManyRecursive[T](IEnumerable`1 source, Func`2 selector, CancellationToken cancellationToken)
   at Intersect.Client.Interface.Debugging.DebugWindow.<>c.<CreateTableDebugStats>b__29_13(CancellationToken cancellationToken)
   at Intersect.Client.Framework.Gwen.Control.Data.ValueTableCellDataProvider`1.<>c__DisplayClass1_1.<.ctor>b__3(Task _)
   at System.Threading.Tasks.ContinuationResultTaskFromTask`1.InnerInvoke()
   at System.Threading.Tasks.Task.Execute()
--- End of stack trace from previous location where exception was thrown ---
   at System.Runtime.ExceptionServices.ExceptionDispatchInfo.Throw()
   at System.Runtime.CompilerServices.TaskAwaiter.HandleNonSuccessAndDebuggerNotification(Task task)
   at System.Runtime.CompilerServices.ConfiguredTaskAwaitable`1.ConfiguredTaskAwaiter.GetResult()
   at Intersect.Async.AsyncValueGenerator`1.<DoLoop>d__6.MoveNext()
--- End of stack trace from previous location where exception was thrown ---
   at System.Runtime.ExceptionServices.ExceptionDispatchInfo.Throw()
   at System.Threading.ExecutionContext.RunInternal(ExecutionContext executionContext, ContextCallback callback, Object state, Boolean preserveSyncCtx)
   at System.Threading.ExecutionContext.Run(ExecutionContext executionContext, ContextCallback callback, Object state, Boolean preserveSyncCtx)
   at System.Threading.QueueUserWorkItemCallback.System.Threading.IThreadPoolWorkItem.ExecuteWorkItem()
   at System.Threading.ThreadPoolWorkQueue.Dispatch()


--------------------------------------------------------------------------------
2022-04-14 20:31:47.464 [Info] Acquiring context lock... (0ms)

--------------------------------------------------------------------------------
2022-04-14 20:31:47.464 [Info] Acquired. (0ms)

--------------------------------------------------------------------------------
2022-04-14 20:31:47.464 [Info] Beginning context dispose. (0ms)

--------------------------------------------------------------------------------
2022-04-14 20:31:47.465 [Info] GC.SuppressFinalize (0ms)

--------------------------------------------------------------------------------
2022-04-14 20:31:47.465 [Info] InternalDispose() completed. (0ms)

--------------------------------------------------------------------------------
2022-04-14 20:31:47.465 [Info] Clearing instance... (1ms)

--------------------------------------------------------------------------------
2022-04-14 20:31:47.465 [Info] Releasing context lock... (1ms)

--------------------------------------------------------------------------------
2022-04-14 20:31:47.465 [Info] Released. (1ms)

--------------------------------------------------------------------------------
