2022-04-03 21:50:24.351 [Info] Discovered 0 plugins:


--------------------------------------------------------------------------------
2022-04-03 21:50:25.398 [Info] Connecting to 38.129.153.213:5400...

--------------------------------------------------------------------------------
2022-04-03 21:50:25.825 [Info] Connection approved [00000000-0000-0000-0000-000000000000].

--------------------------------------------------------------------------------
2022-04-03 21:50:25.896 [Debug] approval Time=5213530 Offset=63784614212267 Real=63784619425797

--------------------------------------------------------------------------------
2022-04-03 21:50:25.896 [Debug] local Time=5213530 Offset=63784614212365 Real=63784619425896

--------------------------------------------------------------------------------
2022-04-03 21:50:25.896 [Debug] real delta=98

--------------------------------------------------------------------------------
2022-04-03 21:50:25.896 [Debug] this.Statistics.Ping=0 NCPing=7

--------------------------------------------------------------------------------
2022-04-03 21:50:25.898 [Debug] Connection established to remote [00000000-0000-0000-0000-000000000000/38.129.153.213:5400].

--------------------------------------------------------------------------------
2022-04-03 21:50:25.898 [Info] Connected [00000000-0000-0000-0000-000000000000].

--------------------------------------------------------------------------------
2022-04-03 21:51:42.123 [Debug] StatusChanged: [NetIncomingMessage #0 10 bytes] [Disconnecting]

--------------------------------------------------------------------------------
2022-04-03 21:51:42.126 [Debug] StatusChanged: [NetIncomingMessage #0 10 bytes] [Disconnected]

--------------------------------------------------------------------------------
2022-04-03 21:51:42.157 [Info] Acquiring context lock... (0ms)

--------------------------------------------------------------------------------
2022-04-03 21:51:42.157 [Info] Acquired. (0ms)

--------------------------------------------------------------------------------
2022-04-03 21:51:42.159 [Info] Beginning context dispose. (0ms)

--------------------------------------------------------------------------------
2022-04-03 21:51:42.160 [Info] GC.SuppressFinalize (0ms)

--------------------------------------------------------------------------------
2022-04-03 21:51:42.160 [Info] InternalDispose() completed. (0ms)

--------------------------------------------------------------------------------
2022-04-03 21:51:42.160 [Info] Clearing instance... (3ms)

--------------------------------------------------------------------------------
2022-04-03 21:51:42.160 [Info] Releasing context lock... (3ms)

--------------------------------------------------------------------------------
2022-04-03 21:51:42.160 [Info] Released. (3ms)

--------------------------------------------------------------------------------
