2022-04-04 16:26:53.057 [Info] Discovered 0 plugins:


--------------------------------------------------------------------------------
2022-04-04 16:26:54.078 [Info] Connecting to 38.129.153.213:5400...

--------------------------------------------------------------------------------
2022-04-04 16:26:54.528 [Info] Connection approved [00000000-0000-0000-0000-000000000000].

--------------------------------------------------------------------------------
2022-04-04 16:26:54.595 [Info] Connected [00000000-0000-0000-0000-000000000000].

--------------------------------------------------------------------------------
2022-04-04 16:26:58.525 [Warn] 'Me' is null.

--------------------------------------------------------------------------------
2022-04-04 16:30:42.482 [Info] Acquiring context lock... (0ms)

--------------------------------------------------------------------------------
2022-04-04 16:30:42.482 [Info] Acquired. (0ms)

--------------------------------------------------------------------------------
2022-04-04 16:30:42.484 [Info] Beginning context dispose. (0ms)

--------------------------------------------------------------------------------
2022-04-04 16:30:42.484 [Info] GC.SuppressFinalize (0ms)

--------------------------------------------------------------------------------
2022-04-04 16:30:42.484 [Info] InternalDispose() completed. (0ms)

--------------------------------------------------------------------------------
2022-04-04 16:30:42.484 [Info] Clearing instance... (3ms)

--------------------------------------------------------------------------------
2022-04-04 16:30:42.485 [Info] Releasing context lock... (3ms)

--------------------------------------------------------------------------------
2022-04-04 16:30:42.485 [Info] Released. (3ms)

--------------------------------------------------------------------------------
