2022-04-10 17:12:52.328 [Info] Connecting to 38.129.153.213:5400...

--------------------------------------------------------------------------------
2022-04-10 17:12:53.022 [Info] Connection approved [00000000-0000-0000-0000-000000000000].

--------------------------------------------------------------------------------
2022-04-10 17:12:53.087 [Debug] approval Time=729259 Offset=63785206843711 Real=63785207572970

--------------------------------------------------------------------------------
2022-04-10 17:12:53.087 [Debug] local Time=729259 Offset=63785206843827 Real=63785207573086

--------------------------------------------------------------------------------
2022-04-10 17:12:53.087 [Debug] real delta=115

--------------------------------------------------------------------------------
2022-04-10 17:12:53.087 [Debug] this.Statistics.Ping=0 NCPing=8

--------------------------------------------------------------------------------
2022-04-10 17:12:53.089 [Debug] Connection established to remote [00000000-0000-0000-0000-000000000000/38.129.153.213:5400].

--------------------------------------------------------------------------------
2022-04-10 17:12:53.089 [Info] Connected [00000000-0000-0000-0000-000000000000].

--------------------------------------------------------------------------------
2022-04-10 17:36:49.300 [Debug] StatusChanged: [NetIncomingMessage #0 10 bytes] [Disconnecting]

--------------------------------------------------------------------------------
2022-04-10 17:36:49.315 [Debug] StatusChanged: [NetIncomingMessage #0 10 bytes] [Disconnected]

--------------------------------------------------------------------------------
2022-04-10 17:36:49.316 [Debug] Connection terminated to remote [00000000-0000-0000-0000-000000000000/38.129.153.213:5400].

--------------------------------------------------------------------------------
2022-04-10 17:36:49.316 [Info] Disconnected [00000000-0000-0000-0000-000000000000].

--------------------------------------------------------------------------------
