2022-04-03 17:31:21.302 [Info] Discovered 0 plugins:


--------------------------------------------------------------------------------
2022-04-03 17:31:22.260 [Info] Connecting to 38.129.153.213:5400...

--------------------------------------------------------------------------------
2022-04-03 17:31:22.686 [Info] Connection approved [00000000-0000-0000-0000-000000000000].

--------------------------------------------------------------------------------
2022-04-03 17:31:22.758 [Debug] approval Time=9092682 Offset=63784594789990 Real=63784603882673

--------------------------------------------------------------------------------
2022-04-03 17:31:22.758 [Debug] local Time=9092682 Offset=63784594790075 Real=63784603882758

--------------------------------------------------------------------------------
2022-04-03 17:31:22.761 [Debug] real delta=84

--------------------------------------------------------------------------------
2022-04-03 17:31:22.761 [Debug] this.Statistics.Ping=0 NCPing=6

--------------------------------------------------------------------------------
2022-04-03 17:31:22.763 [Debug] Connection established to remote [00000000-0000-0000-0000-000000000000/38.129.153.213:5400].

--------------------------------------------------------------------------------
2022-04-03 17:31:22.763 [Info] Connected [00000000-0000-0000-0000-000000000000].

--------------------------------------------------------------------------------
2022-04-03 17:31:52.293 [Debug] StatusChanged: [NetIncomingMessage #0 10 bytes] [Disconnecting]

--------------------------------------------------------------------------------
2022-04-03 17:31:52.295 [Debug] StatusChanged: [NetIncomingMessage #0 10 bytes] [Disconnected]

--------------------------------------------------------------------------------
2022-04-03 17:31:52.336 [Info] Acquiring context lock... (0ms)

--------------------------------------------------------------------------------
2022-04-03 17:31:52.336 [Info] Acquired. (0ms)

--------------------------------------------------------------------------------
2022-04-03 17:31:52.336 [Info] Beginning context dispose. (0ms)

--------------------------------------------------------------------------------
2022-04-03 17:31:52.337 [Info] GC.SuppressFinalize (0ms)

--------------------------------------------------------------------------------
2022-04-03 17:31:52.337 [Info] InternalDispose() completed. (0ms)

--------------------------------------------------------------------------------
2022-04-03 17:31:52.337 [Info] Clearing instance... (1ms)

--------------------------------------------------------------------------------
2022-04-03 17:31:52.337 [Info] Releasing context lock... (1ms)

--------------------------------------------------------------------------------
2022-04-03 17:31:52.337 [Info] Released. (1ms)

--------------------------------------------------------------------------------
