2022-04-10 18:13:28.990 [Info] Discovered 0 plugins:


--------------------------------------------------------------------------------
2022-04-10 18:13:30.165 [Info] Connecting to 38.129.153.213:5400...

--------------------------------------------------------------------------------
2022-04-10 18:13:30.604 [Info] Connection approved [00000000-0000-0000-0000-000000000000].

--------------------------------------------------------------------------------
2022-04-10 18:13:30.674 [Debug] approval Time=4366867 Offset=63785206843711 Real=63785211210578

--------------------------------------------------------------------------------
2022-04-10 18:13:30.674 [Debug] local Time=4366867 Offset=63785206843807 Real=63785211210674

--------------------------------------------------------------------------------
2022-04-10 18:13:30.675 [Debug] real delta=95

--------------------------------------------------------------------------------
2022-04-10 18:13:30.675 [Debug] this.Statistics.Ping=0 NCPing=13

--------------------------------------------------------------------------------
2022-04-10 18:13:30.676 [Debug] Connection established to remote [00000000-0000-0000-0000-000000000000/38.129.153.213:5400].

--------------------------------------------------------------------------------
2022-04-10 18:13:30.677 [Info] Connected [00000000-0000-0000-0000-000000000000].

--------------------------------------------------------------------------------
2022-04-10 18:13:36.584 [Warn] 'Me' is null.

--------------------------------------------------------------------------------
2022-04-10 18:13:36.864 [Debug] received epp: 4372805

--------------------------------------------------------------------------------
2022-04-10 18:18:41.297 [Debug] received epp: 4677556

--------------------------------------------------------------------------------
2022-04-10 18:25:41.549 [Debug] received epp: 5097821

--------------------------------------------------------------------------------
2022-04-10 18:27:36.533 [Debug] received epp: 5212806

--------------------------------------------------------------------------------
2022-04-10 18:28:18.316 [Debug] received epp: 5254571

--------------------------------------------------------------------------------
2022-04-10 18:28:45.435 [Debug] received epp: 5281679

--------------------------------------------------------------------------------
2022-04-10 18:29:03.918 [Debug] received epp: 5300165

--------------------------------------------------------------------------------
2022-04-10 18:29:08.113 [Debug] StatusChanged: [NetIncomingMessage #248 10 bytes] [Disconnecting]

--------------------------------------------------------------------------------
2022-04-10 18:29:08.116 [Debug] StatusChanged: [NetIncomingMessage #0 14 bytes] [Disconnected]

--------------------------------------------------------------------------------
2022-04-10 18:29:08.160 [Info] Acquiring context lock... (0ms)

--------------------------------------------------------------------------------
2022-04-10 18:29:08.160 [Info] Acquired. (0ms)

--------------------------------------------------------------------------------
2022-04-10 18:29:08.161 [Info] Beginning context dispose. (0ms)

--------------------------------------------------------------------------------
2022-04-10 18:29:08.162 [Info] GC.SuppressFinalize (0ms)

--------------------------------------------------------------------------------
2022-04-10 18:29:08.162 [Info] InternalDispose() completed. (0ms)

--------------------------------------------------------------------------------
2022-04-10 18:29:08.162 [Info] Clearing instance... (1ms)

--------------------------------------------------------------------------------
2022-04-10 18:29:08.162 [Info] Releasing context lock... (2ms)

--------------------------------------------------------------------------------
2022-04-10 18:29:08.162 [Info] Released. (2ms)

--------------------------------------------------------------------------------
