2022-04-14 20:56:14.636 [Info] Connecting to 38.129.153.213:5400...

--------------------------------------------------------------------------------
2022-04-14 20:56:15.139 [Info] Connection approved [00000000-0000-0000-0000-000000000000].

--------------------------------------------------------------------------------
2022-04-14 20:56:15.207 [Debug] approval Time=1564181 Offset=63785565010944 Real=63785566575125

--------------------------------------------------------------------------------
2022-04-14 20:56:15.207 [Debug] local Time=1564181 Offset=63785565011024 Real=63785566575206

--------------------------------------------------------------------------------
2022-04-14 20:56:15.207 [Debug] real delta=80

--------------------------------------------------------------------------------
2022-04-14 20:56:15.207 [Debug] this.Statistics.Ping=0 NCPing=7

--------------------------------------------------------------------------------
2022-04-14 20:56:15.209 [Debug] Connection established to remote [00000000-0000-0000-0000-000000000000/38.129.153.213:5400].

--------------------------------------------------------------------------------
2022-04-14 20:56:15.209 [Info] Connected [00000000-0000-0000-0000-000000000000].

--------------------------------------------------------------------------------
2022-04-14 21:02:13.797 [Debug] StatusChanged: [NetIncomingMessage #0 10 bytes] [Disconnecting]

--------------------------------------------------------------------------------
2022-04-14 21:02:13.812 [Debug] StatusChanged: [NetIncomingMessage #0 10 bytes] [Disconnected]

--------------------------------------------------------------------------------
2022-04-14 21:02:13.812 [Debug] Connection terminated to remote [00000000-0000-0000-0000-000000000000/38.129.153.213:5400].

--------------------------------------------------------------------------------
2022-04-14 21:02:13.812 [Info] Disconnected [00000000-0000-0000-0000-000000000000].

--------------------------------------------------------------------------------
