2022-04-03 16:42:23.491 [Info] Discovered 0 plugins:


--------------------------------------------------------------------------------
2022-04-03 16:42:24.467 [Info] Connecting to 38.129.153.213:5400...

--------------------------------------------------------------------------------
2022-04-03 16:42:24.876 [Info] Connection approved [00000000-0000-0000-0000-000000000000].

--------------------------------------------------------------------------------
2022-04-03 16:42:24.948 [Debug] approval Time=6154869 Offset=63784594789990 Real=63784600944860

--------------------------------------------------------------------------------
2022-04-03 16:42:24.948 [Debug] local Time=6154869 Offset=63784594790078 Real=63784600944948

--------------------------------------------------------------------------------
2022-04-03 16:42:24.948 [Debug] real delta=87

--------------------------------------------------------------------------------
2022-04-03 16:42:24.948 [Debug] this.Statistics.Ping=0 NCPing=6

--------------------------------------------------------------------------------
2022-04-03 16:42:24.950 [Debug] Connection established to remote [00000000-0000-0000-0000-000000000000/38.129.153.213:5400].

--------------------------------------------------------------------------------
2022-04-03 16:42:24.950 [Info] Connected [00000000-0000-0000-0000-000000000000].

--------------------------------------------------------------------------------
2022-04-03 16:43:26.342 [Warn] 'Me' is null.

--------------------------------------------------------------------------------
2022-04-03 16:43:26.547 [Debug] received epp: 6216277

--------------------------------------------------------------------------------
2022-04-03 16:44:37.496 [Debug] StatusChanged: [NetIncomingMessage #642 10 bytes] [Disconnecting]

--------------------------------------------------------------------------------
2022-04-03 16:44:37.499 [Debug] StatusChanged: [NetIncomingMessage #643 10 bytes] [Disconnected]

--------------------------------------------------------------------------------
2022-04-03 16:44:37.554 [Info] Acquiring context lock... (0ms)

--------------------------------------------------------------------------------
2022-04-03 16:44:37.554 [Info] Acquired. (0ms)

--------------------------------------------------------------------------------
2022-04-03 16:44:37.556 [Info] Beginning context dispose. (0ms)

--------------------------------------------------------------------------------
2022-04-03 16:44:37.556 [Info] GC.SuppressFinalize (0ms)

--------------------------------------------------------------------------------
2022-04-03 16:44:37.556 [Info] InternalDispose() completed. (0ms)

--------------------------------------------------------------------------------
2022-04-03 16:44:37.556 [Info] Clearing instance... (1ms)

--------------------------------------------------------------------------------
2022-04-03 16:44:37.556 [Info] Releasing context lock... (1ms)

--------------------------------------------------------------------------------
2022-04-03 16:44:37.556 [Info] Released. (1ms)

--------------------------------------------------------------------------------
