2022-04-04 14:16:26.100 [Info] Connecting to 38.129.153.213:5400...

--------------------------------------------------------------------------------
2022-04-04 14:16:26.554 [Info] Connection approved [00000000-0000-0000-0000-000000000000].

--------------------------------------------------------------------------------
2022-04-04 14:16:26.616 [Debug] approval Time=3143241 Offset=63784675443290 Real=63784678586531

--------------------------------------------------------------------------------
2022-04-04 14:16:26.616 [Debug] local Time=3143241 Offset=63784675443373 Real=63784678586615

--------------------------------------------------------------------------------
2022-04-04 14:16:26.616 [Debug] real delta=83

--------------------------------------------------------------------------------
2022-04-04 14:16:26.616 [Debug] this.Statistics.Ping=0 NCPing=5

--------------------------------------------------------------------------------
2022-04-04 14:16:26.618 [Debug] Connection established to remote [00000000-0000-0000-0000-000000000000/38.129.153.213:5400].

--------------------------------------------------------------------------------
2022-04-04 14:16:26.618 [Info] Connected [00000000-0000-0000-0000-000000000000].

--------------------------------------------------------------------------------
2022-04-04 14:50:59.055 [Debug] StatusChanged: [NetIncomingMessage #55 10 bytes] [Disconnecting]

--------------------------------------------------------------------------------
2022-04-04 14:50:59.058 [Debug] StatusChanged: [NetIncomingMessage #0 10 bytes] [Disconnected]

--------------------------------------------------------------------------------
2022-04-04 14:50:59.059 [Debug] Connection terminated to remote [00000000-0000-0000-0000-000000000000/38.129.153.213:5400].

--------------------------------------------------------------------------------
2022-04-04 14:50:59.059 [Info] Disconnected [00000000-0000-0000-0000-000000000000].

--------------------------------------------------------------------------------
