2022-04-04 20:37:57.657 [Info] Discovered 0 plugins:


--------------------------------------------------------------------------------
2022-04-04 20:37:58.775 [Info] Connecting to 38.129.153.213:5400...

--------------------------------------------------------------------------------
2022-04-04 20:37:59.183 [Info] Connection approved [00000000-0000-0000-0000-000000000000].

--------------------------------------------------------------------------------
2022-04-04 20:37:59.261 [Debug] approval Time=156988 Offset=63784701322168 Real=63784701479156

--------------------------------------------------------------------------------
2022-04-04 20:37:59.261 [Debug] local Time=156988 Offset=63784701322272 Real=63784701479260

--------------------------------------------------------------------------------
2022-04-04 20:37:59.261 [Debug] real delta=103

--------------------------------------------------------------------------------
2022-04-04 20:37:59.261 [Debug] this.Statistics.Ping=0 NCPing=8

--------------------------------------------------------------------------------
2022-04-04 20:37:59.263 [Debug] Connection established to remote [00000000-0000-0000-0000-000000000000/38.129.153.213:5400].

--------------------------------------------------------------------------------
2022-04-04 20:37:59.263 [Info] Connected [00000000-0000-0000-0000-000000000000].

--------------------------------------------------------------------------------
2022-04-04 20:38:14.377 [Warn] 'Me' is null.

--------------------------------------------------------------------------------
2022-04-04 20:38:14.753 [Debug] received epp: 172269

--------------------------------------------------------------------------------
2022-04-04 20:38:19.792 [Debug] received epp: 177614

--------------------------------------------------------------------------------
2022-04-04 20:38:19.992 [Debug] received epp: 177800

--------------------------------------------------------------------------------
2022-04-04 20:38:20.759 [Debug] received epp: 178567

--------------------------------------------------------------------------------
2022-04-04 20:38:21.442 [Debug] received epp: 179254

--------------------------------------------------------------------------------
2022-04-04 20:38:22.992 [Debug] received epp: 180800

--------------------------------------------------------------------------------
2022-04-04 20:38:24.325 [Debug] received epp: 182144

--------------------------------------------------------------------------------
2022-04-04 20:38:25.443 [Debug] received epp: 183253

--------------------------------------------------------------------------------
2022-04-04 20:38:25.653 [Debug] received epp: 183253

--------------------------------------------------------------------------------
2022-04-04 20:38:28.259 [Debug] received epp: 186050

--------------------------------------------------------------------------------
2022-04-04 20:38:28.333 [Debug] received epp: 186050

--------------------------------------------------------------------------------
2022-04-04 20:38:43.210 [Debug] received epp: 201020

--------------------------------------------------------------------------------
2022-04-04 20:38:43.415 [Debug] received epp: 201020

--------------------------------------------------------------------------------
2022-04-04 20:38:49.859 [Debug] received epp: 207676

--------------------------------------------------------------------------------
2022-04-04 20:38:49.930 [Debug] received epp: 207676

--------------------------------------------------------------------------------
2022-04-04 20:39:37.445 [Debug] StatusChanged: [NetIncomingMessage #997 10 bytes] [Disconnecting]

--------------------------------------------------------------------------------
2022-04-04 20:39:37.448 [Debug] StatusChanged: [NetIncomingMessage #998 14 bytes] [Disconnected]

--------------------------------------------------------------------------------
2022-04-04 20:39:37.482 [Info] Acquiring context lock... (0ms)

--------------------------------------------------------------------------------
2022-04-04 20:39:37.482 [Info] Acquired. (0ms)

--------------------------------------------------------------------------------
2022-04-04 20:39:37.483 [Info] Beginning context dispose. (0ms)

--------------------------------------------------------------------------------
2022-04-04 20:39:37.484 [Info] GC.SuppressFinalize (0ms)

--------------------------------------------------------------------------------
2022-04-04 20:39:37.484 [Info] InternalDispose() completed. (0ms)

--------------------------------------------------------------------------------
2022-04-04 20:39:37.484 [Info] Clearing instance... (1ms)

--------------------------------------------------------------------------------
2022-04-04 20:39:37.484 [Info] Releasing context lock... (1ms)

--------------------------------------------------------------------------------
2022-04-04 20:39:37.484 [Info] Released. (1ms)

--------------------------------------------------------------------------------
