2022-04-28 15:51:00.557 [Info] Discovered 0 plugins:


--------------------------------------------------------------------------------
2022-04-28 15:51:01.756 [Info] Connecting to 38.129.153.213:5400...

--------------------------------------------------------------------------------
2022-04-28 15:51:02.247 [Info] Connection approved [00000000-0000-0000-0000-000000000000].

--------------------------------------------------------------------------------
2022-04-28 15:51:02.321 [Debug] approval Time=10563775 Offset=63786747298459 Real=63786757862234

--------------------------------------------------------------------------------
2022-04-28 15:51:02.322 [Debug] local Time=10563775 Offset=63786747298546 Real=63786757862321

--------------------------------------------------------------------------------
2022-04-28 15:51:02.322 [Debug] real delta=86

--------------------------------------------------------------------------------
2022-04-28 15:51:02.322 [Debug] this.Statistics.Ping=0 NCPing=7

--------------------------------------------------------------------------------
2022-04-28 15:51:02.324 [Debug] Connection established to remote [00000000-0000-0000-0000-000000000000/38.129.153.213:5400].

--------------------------------------------------------------------------------
2022-04-28 15:51:02.324 [Info] Connected [00000000-0000-0000-0000-000000000000].

--------------------------------------------------------------------------------
2022-04-28 15:51:05.426 [Warn] 'Me' is null.

--------------------------------------------------------------------------------
2022-04-28 15:51:05.730 [Debug] received epp: 10566901

--------------------------------------------------------------------------------
2022-04-28 15:58:49.260 [Debug] received epp: 11030790

--------------------------------------------------------------------------------
2022-04-28 15:58:51.058 [Debug] received epp: 11032587

--------------------------------------------------------------------------------
2022-04-28 15:59:37.821 [Debug] received epp: 11079337

--------------------------------------------------------------------------------
2022-04-28 15:59:38.058 [Debug] received epp: 11079573

--------------------------------------------------------------------------------
2022-04-28 15:59:38.231 [Debug] received epp: 11079760

--------------------------------------------------------------------------------
2022-04-28 15:59:38.460 [Debug] received epp: 11079979

--------------------------------------------------------------------------------
2022-04-28 15:59:38.683 [Debug] received epp: 11080198

--------------------------------------------------------------------------------
2022-04-28 16:02:41.301 [Debug] received epp: 11262822

--------------------------------------------------------------------------------
2022-04-28 16:02:41.468 [Debug] received epp: 11262885

--------------------------------------------------------------------------------
2022-04-28 16:02:42.272 [Info] Acquiring context lock... (0ms)

--------------------------------------------------------------------------------
2022-04-28 16:02:42.272 [Info] Acquired. (0ms)

--------------------------------------------------------------------------------
2022-04-28 16:02:42.273 [Info] Beginning context dispose. (0ms)

--------------------------------------------------------------------------------
2022-04-28 16:02:42.273 [Info] GC.SuppressFinalize (0ms)

--------------------------------------------------------------------------------
2022-04-28 16:02:42.274 [Info] InternalDispose() completed. (0ms)

--------------------------------------------------------------------------------
2022-04-28 16:02:42.274 [Info] Clearing instance... (2ms)

--------------------------------------------------------------------------------
2022-04-28 16:02:42.274 [Info] Releasing context lock... (2ms)

--------------------------------------------------------------------------------
2022-04-28 16:02:42.274 [Info] Released. (2ms)

--------------------------------------------------------------------------------
2022-04-28 16:02:42.274 [Error] NullReferenceException: Object reference not set to an instance of an object.
    Stack:    at Intersect.Client.Entities.Player.Update()
   at Intersect.Client.Core.Main.ProcessGame()
   at Intersect.Client.Core.Main.Update(TimeSpan deltaTime)
   at Intersect.Client.MonoGame.IntersectGame.Update(GameTime gameTime)
   at Microsoft.Xna.Framework.Game.DoUpdate(GameTime gameTime)
   at Microsoft.Xna.Framework.Game.Tick()
   at Microsoft.Xna.Framework.SdlGamePlatform.RunLoop()
   at Microsoft.Xna.Framework.Game.Run(GameRunBehavior runBehavior)
   at Intersect.Client.MonoGame.IntersectGame.MonoGameRunner.Start(IClientContext context, Action postStartupAction)
   at Intersect.Client.Core.ClientContext.InternalStart()
   at Intersect.Core.ApplicationContext`2.Start(Boolean lockUntilShutdown)


--------------------------------------------------------------------------------
