2022-04-03 22:10:55.888 [Info] Discovered 0 plugins:


--------------------------------------------------------------------------------
2022-04-03 22:10:56.948 [Info] Connecting to 38.129.153.213:5400...

--------------------------------------------------------------------------------
2022-04-03 22:10:57.408 [Info] Connection approved [00000000-0000-0000-0000-000000000000].

--------------------------------------------------------------------------------
2022-04-03 22:10:57.482 [Debug] approval Time=6445124 Offset=63784614212267 Real=63784620657391

--------------------------------------------------------------------------------
2022-04-03 22:10:57.482 [Debug] local Time=6445124 Offset=63784614212357 Real=63784620657482

--------------------------------------------------------------------------------
2022-04-03 22:10:57.483 [Debug] real delta=90

--------------------------------------------------------------------------------
2022-04-03 22:10:57.483 [Debug] this.Statistics.Ping=0 NCPing=5

--------------------------------------------------------------------------------
2022-04-03 22:10:57.484 [Debug] Connection established to remote [00000000-0000-0000-0000-000000000000/38.129.153.213:5400].

--------------------------------------------------------------------------------
2022-04-03 22:10:57.484 [Info] Connected [00000000-0000-0000-0000-000000000000].

--------------------------------------------------------------------------------
2022-04-03 22:12:02.575 [Debug] StatusChanged: [NetIncomingMessage #0 10 bytes] [Disconnecting]

--------------------------------------------------------------------------------
2022-04-03 22:12:02.578 [Debug] StatusChanged: [NetIncomingMessage #0 10 bytes] [Disconnected]

--------------------------------------------------------------------------------
2022-04-03 22:12:02.614 [Info] Acquiring context lock... (0ms)

--------------------------------------------------------------------------------
2022-04-03 22:12:02.614 [Info] Acquired. (0ms)

--------------------------------------------------------------------------------
2022-04-03 22:12:02.615 [Info] Beginning context dispose. (0ms)

--------------------------------------------------------------------------------
2022-04-03 22:12:02.615 [Info] GC.SuppressFinalize (0ms)

--------------------------------------------------------------------------------
2022-04-03 22:12:02.615 [Info] InternalDispose() completed. (0ms)

--------------------------------------------------------------------------------
2022-04-03 22:12:02.615 [Info] Clearing instance... (1ms)

--------------------------------------------------------------------------------
2022-04-03 22:12:02.615 [Info] Releasing context lock... (1ms)

--------------------------------------------------------------------------------
2022-04-03 22:12:02.615 [Info] Released. (1ms)

--------------------------------------------------------------------------------
