2022-04-08 22:02:24.532 [Info] Discovered 0 plugins:


--------------------------------------------------------------------------------
2022-04-08 22:02:25.708 [Info] Connecting to 38.129.153.213:5400...

--------------------------------------------------------------------------------
2022-04-08 22:02:26.119 [Info] Connection approved [00000000-0000-0000-0000-000000000000].

--------------------------------------------------------------------------------
2022-04-08 22:02:26.182 [Debug] approval Time=787050 Offset=63785051359043 Real=63785052146094

--------------------------------------------------------------------------------
2022-04-08 22:02:26.182 [Debug] local Time=787050 Offset=63785051359131 Real=63785052146182

--------------------------------------------------------------------------------
2022-04-08 22:02:26.182 [Debug] real delta=87

--------------------------------------------------------------------------------
2022-04-08 22:02:26.182 [Debug] this.Statistics.Ping=0 NCPing=6

--------------------------------------------------------------------------------
2022-04-08 22:02:26.184 [Debug] Connection established to remote [00000000-0000-0000-0000-000000000000/38.129.153.213:5400].

--------------------------------------------------------------------------------
2022-04-08 22:02:26.184 [Info] Connected [00000000-0000-0000-0000-000000000000].

--------------------------------------------------------------------------------
2022-04-08 22:02:33.842 [Warn] 'Me' is null.

--------------------------------------------------------------------------------
2022-04-08 22:02:34.208 [Debug] received epp: 794848

--------------------------------------------------------------------------------
2022-04-08 22:02:39.628 [Debug] received epp: 800566

--------------------------------------------------------------------------------
2022-04-08 22:02:39.678 [Debug] received epp: 800613

--------------------------------------------------------------------------------
2022-04-08 22:02:39.828 [Debug] received epp: 800769

--------------------------------------------------------------------------------
2022-04-08 22:02:40.095 [Debug] received epp: 801036

--------------------------------------------------------------------------------
2022-04-08 22:02:40.462 [Debug] received epp: 801394

--------------------------------------------------------------------------------
2022-04-08 22:02:40.745 [Debug] received epp: 801675

--------------------------------------------------------------------------------
2022-04-08 22:02:41.028 [Debug] received epp: 801972

--------------------------------------------------------------------------------
2022-04-08 22:02:41.262 [Debug] received epp: 802207

--------------------------------------------------------------------------------
2022-04-08 22:02:42.045 [Debug] received epp: 802987

--------------------------------------------------------------------------------
2022-04-08 22:02:43.395 [Debug] received epp: 804331

--------------------------------------------------------------------------------
2022-04-08 22:02:43.696 [Debug] received epp: 804629

--------------------------------------------------------------------------------
2022-04-08 22:02:43.962 [Debug] received epp: 804895

--------------------------------------------------------------------------------
2022-04-08 22:02:44.230 [Debug] received epp: 805161

--------------------------------------------------------------------------------
2022-04-08 22:02:44.478 [Debug] received epp: 805410

--------------------------------------------------------------------------------
2022-04-08 22:02:44.711 [Debug] received epp: 805644

--------------------------------------------------------------------------------
2022-04-08 22:02:44.979 [Debug] received epp: 805911

--------------------------------------------------------------------------------
2022-04-08 22:02:45.245 [Debug] received epp: 806176

--------------------------------------------------------------------------------
2022-04-08 22:02:45.530 [Debug] received epp: 806472

--------------------------------------------------------------------------------
2022-04-08 22:02:45.746 [Debug] received epp: 806675

--------------------------------------------------------------------------------
2022-04-08 22:02:46.246 [Debug] received epp: 807177

--------------------------------------------------------------------------------
2022-04-08 22:02:46.547 [Debug] received epp: 807489

--------------------------------------------------------------------------------
2022-04-08 22:02:46.779 [Debug] received epp: 807722

--------------------------------------------------------------------------------
2022-04-08 22:02:47.109 [Debug] received epp: 808019

--------------------------------------------------------------------------------
2022-04-08 22:02:49.579 [Debug] received epp: 810519

--------------------------------------------------------------------------------
2022-04-08 22:02:49.864 [Debug] received epp: 810801

--------------------------------------------------------------------------------
2022-04-08 22:02:50.100 [Debug] received epp: 811036

--------------------------------------------------------------------------------
2022-04-08 22:02:50.363 [Debug] received epp: 811301

--------------------------------------------------------------------------------
2022-04-08 22:02:50.629 [Debug] received epp: 811566

--------------------------------------------------------------------------------
2022-04-08 22:02:50.895 [Debug] received epp: 811831

--------------------------------------------------------------------------------
2022-04-08 22:02:51.178 [Debug] received epp: 812112

--------------------------------------------------------------------------------
2022-04-08 22:02:51.495 [Debug] received epp: 812440

--------------------------------------------------------------------------------
2022-04-08 22:02:51.762 [Debug] received epp: 812692

--------------------------------------------------------------------------------
2022-04-08 22:02:53.028 [Debug] received epp: 813957

--------------------------------------------------------------------------------
2022-04-08 22:02:53.344 [Debug] received epp: 814286

--------------------------------------------------------------------------------
2022-04-08 22:02:53.663 [Debug] received epp: 814598

--------------------------------------------------------------------------------
2022-04-08 22:02:54.780 [Debug] received epp: 815722

--------------------------------------------------------------------------------
2022-04-08 22:02:55.080 [Debug] received epp: 816019

--------------------------------------------------------------------------------
2022-04-08 22:02:55.346 [Debug] received epp: 816284

--------------------------------------------------------------------------------
2022-04-08 22:02:55.613 [Debug] received epp: 816551

--------------------------------------------------------------------------------
2022-04-08 22:02:55.896 [Debug] received epp: 816831

--------------------------------------------------------------------------------
2022-04-08 22:02:56.146 [Debug] received epp: 817083

--------------------------------------------------------------------------------
2022-04-08 22:02:56.430 [Debug] received epp: 817363

--------------------------------------------------------------------------------
2022-04-08 22:02:58.662 [Debug] received epp: 819597

--------------------------------------------------------------------------------
2022-04-08 22:02:59.445 [Debug] received epp: 820378

--------------------------------------------------------------------------------
2022-04-08 22:02:59.995 [Debug] received epp: 820926

--------------------------------------------------------------------------------
2022-04-08 22:03:02.412 [Debug] received epp: 823348

--------------------------------------------------------------------------------
2022-04-08 22:03:02.762 [Debug] received epp: 823707

--------------------------------------------------------------------------------
2022-04-08 22:03:03.096 [Debug] received epp: 824036

--------------------------------------------------------------------------------
2022-04-08 22:03:03.362 [Debug] received epp: 824301

--------------------------------------------------------------------------------
2022-04-08 22:03:03.712 [Debug] received epp: 824645

--------------------------------------------------------------------------------
2022-04-08 22:03:03.980 [Debug] received epp: 824926

--------------------------------------------------------------------------------
2022-04-08 22:03:04.295 [Debug] received epp: 825237

--------------------------------------------------------------------------------
2022-04-08 22:03:04.564 [Debug] received epp: 825503

--------------------------------------------------------------------------------
2022-04-08 22:03:04.863 [Debug] received epp: 825801

--------------------------------------------------------------------------------
2022-04-08 22:03:05.262 [Debug] received epp: 826206

--------------------------------------------------------------------------------
2022-04-08 22:03:05.579 [Debug] received epp: 826504

--------------------------------------------------------------------------------
2022-04-08 22:03:05.728 [Debug] received epp: 826660

--------------------------------------------------------------------------------
2022-04-08 22:03:05.795 [Debug] received epp: 826739

--------------------------------------------------------------------------------
2022-04-08 22:03:06.112 [Debug] received epp: 827035

--------------------------------------------------------------------------------
2022-04-08 22:03:09.945 [Debug] received epp: 830879

--------------------------------------------------------------------------------
2022-04-08 22:03:10.612 [Debug] received epp: 831551

--------------------------------------------------------------------------------
2022-04-08 22:04:14.129 [Debug] received epp: 895066

--------------------------------------------------------------------------------
2022-04-08 22:04:14.178 [Debug] received epp: 895066

--------------------------------------------------------------------------------
2022-04-08 22:04:24.497 [Debug] received epp: 905425

--------------------------------------------------------------------------------
2022-04-08 22:04:24.695 [Debug] received epp: 905425

--------------------------------------------------------------------------------
2022-04-08 22:04:46.096 [Debug] received epp: 927034

--------------------------------------------------------------------------------
2022-04-08 22:05:09.729 [Debug] received epp: 950661

--------------------------------------------------------------------------------
2022-04-08 22:05:10.447 [Debug] received epp: 951378

--------------------------------------------------------------------------------
2022-04-08 22:05:13.196 [Debug] received epp: 954129

--------------------------------------------------------------------------------
2022-04-08 22:05:14.946 [Debug] received epp: 955880

--------------------------------------------------------------------------------
2022-04-08 22:05:35.647 [Debug] StatusChanged: [NetIncomingMessage #162 10 bytes] [Disconnecting]

--------------------------------------------------------------------------------
2022-04-08 22:05:35.651 [Debug] StatusChanged: [NetIncomingMessage #163 14 bytes] [Disconnected]

--------------------------------------------------------------------------------
2022-04-08 22:05:35.701 [Info] Acquiring context lock... (0ms)

--------------------------------------------------------------------------------
2022-04-08 22:05:35.701 [Info] Acquired. (0ms)

--------------------------------------------------------------------------------
2022-04-08 22:05:35.702 [Info] Beginning context dispose. (0ms)

--------------------------------------------------------------------------------
2022-04-08 22:05:35.703 [Info] GC.SuppressFinalize (0ms)

--------------------------------------------------------------------------------
2022-04-08 22:05:35.703 [Info] InternalDispose() completed. (0ms)

--------------------------------------------------------------------------------
2022-04-08 22:05:35.703 [Info] Clearing instance... (1ms)

--------------------------------------------------------------------------------
2022-04-08 22:05:35.703 [Info] Releasing context lock... (1ms)

--------------------------------------------------------------------------------
2022-04-08 22:05:35.703 [Info] Released. (1ms)

--------------------------------------------------------------------------------
