2022-04-03 17:49:52.085 [Info] Discovered 0 plugins:


--------------------------------------------------------------------------------
2022-04-03 17:49:53.044 [Info] Connecting to 38.129.153.213:5400...

--------------------------------------------------------------------------------
2022-04-03 17:49:53.478 [Info] Connection approved [00000000-0000-0000-0000-000000000000].

--------------------------------------------------------------------------------
2022-04-03 17:49:53.548 [Debug] approval Time=10203464 Offset=63784594789990 Real=63784604993454

--------------------------------------------------------------------------------
2022-04-03 17:49:53.548 [Debug] local Time=10203464 Offset=63784594790084 Real=63784604993548

--------------------------------------------------------------------------------
2022-04-03 17:49:53.549 [Debug] real delta=93

--------------------------------------------------------------------------------
2022-04-03 17:49:53.549 [Debug] this.Statistics.Ping=0 NCPing=5

--------------------------------------------------------------------------------
2022-04-03 17:49:53.554 [Debug] Connection established to remote [00000000-0000-0000-0000-000000000000/38.129.153.213:5400].

--------------------------------------------------------------------------------
2022-04-03 17:49:53.554 [Info] Connected [00000000-0000-0000-0000-000000000000].

--------------------------------------------------------------------------------
2022-04-03 17:49:58.476 [Warn] 'Me' is null.

--------------------------------------------------------------------------------
2022-04-03 17:49:58.706 [Debug] received epp: 10208432

--------------------------------------------------------------------------------
2022-04-03 17:50:19.281 [Debug] StatusChanged: [NetIncomingMessage #557 10 bytes] [Disconnecting]

--------------------------------------------------------------------------------
2022-04-03 17:50:19.284 [Debug] StatusChanged: [NetIncomingMessage #558 10 bytes] [Disconnected]

--------------------------------------------------------------------------------
2022-04-03 17:50:19.334 [Info] Acquiring context lock... (0ms)

--------------------------------------------------------------------------------
2022-04-03 17:50:19.334 [Info] Acquired. (0ms)

--------------------------------------------------------------------------------
2022-04-03 17:50:19.335 [Info] Beginning context dispose. (0ms)

--------------------------------------------------------------------------------
2022-04-03 17:50:19.336 [Info] GC.SuppressFinalize (0ms)

--------------------------------------------------------------------------------
2022-04-03 17:50:19.336 [Info] InternalDispose() completed. (0ms)

--------------------------------------------------------------------------------
2022-04-03 17:50:19.336 [Info] Clearing instance... (1ms)

--------------------------------------------------------------------------------
2022-04-03 17:50:19.336 [Info] Releasing context lock... (1ms)

--------------------------------------------------------------------------------
2022-04-03 17:50:19.336 [Info] Released. (1ms)

--------------------------------------------------------------------------------
