2022-04-07 02:13:35.725 [Info] Discovered 0 plugins:


--------------------------------------------------------------------------------
2022-04-07 02:13:36.980 [Info] Connecting to 38.129.153.213:5400...

--------------------------------------------------------------------------------
2022-04-07 02:13:37.419 [Info] Connection approved [00000000-0000-0000-0000-000000000000].

--------------------------------------------------------------------------------
2022-04-07 02:13:37.485 [Debug] approval Time=1287965 Offset=63784893129442 Real=63784894417407

--------------------------------------------------------------------------------
2022-04-07 02:13:37.486 [Debug] local Time=1287965 Offset=63784893129519 Real=63784894417485

--------------------------------------------------------------------------------
2022-04-07 02:13:37.486 [Debug] real delta=77

--------------------------------------------------------------------------------
2022-04-07 02:13:37.486 [Debug] this.Statistics.Ping=0 NCPing=7

--------------------------------------------------------------------------------
2022-04-07 02:13:37.488 [Debug] Connection established to remote [00000000-0000-0000-0000-000000000000/38.129.153.213:5400].

--------------------------------------------------------------------------------
2022-04-07 02:13:37.488 [Info] Connected [00000000-0000-0000-0000-000000000000].

--------------------------------------------------------------------------------
2022-04-07 02:13:43.504 [Warn] 'Me' is null.

--------------------------------------------------------------------------------
2022-04-07 02:13:43.857 [Debug] received epp: 1293995

--------------------------------------------------------------------------------
2022-04-07 02:13:57.290 [Debug] received epp: 1307824

--------------------------------------------------------------------------------
2022-04-07 02:14:59.028 [Debug] received epp: 1369558

--------------------------------------------------------------------------------
2022-04-07 02:15:33.774 [Debug] received epp: 1404308

--------------------------------------------------------------------------------
2022-04-07 02:15:34.090 [Debug] received epp: 1404621

--------------------------------------------------------------------------------
2022-04-07 02:15:34.374 [Debug] received epp: 1404919

--------------------------------------------------------------------------------
2022-04-07 02:15:34.742 [Debug] received epp: 1405277

--------------------------------------------------------------------------------
2022-04-07 02:15:35.307 [Debug] received epp: 1405839

--------------------------------------------------------------------------------
2022-04-07 02:15:35.362 [Debug] received epp: 1405903

--------------------------------------------------------------------------------
2022-04-07 02:15:36.040 [Debug] received epp: 1406575

--------------------------------------------------------------------------------
2022-04-07 02:15:36.957 [Debug] received epp: 1407481

--------------------------------------------------------------------------------
2022-04-07 02:15:37.391 [Debug] received epp: 1407935

--------------------------------------------------------------------------------
2022-04-07 02:15:37.808 [Debug] received epp: 1408340

--------------------------------------------------------------------------------
2022-04-07 02:15:38.356 [Debug] received epp: 1408887

--------------------------------------------------------------------------------
2022-04-07 02:15:38.707 [Debug] received epp: 1409247

--------------------------------------------------------------------------------
2022-04-07 02:15:39.057 [Debug] received epp: 1409591

--------------------------------------------------------------------------------
2022-04-07 02:15:39.707 [Debug] received epp: 1410247

--------------------------------------------------------------------------------
2022-04-07 02:15:40.374 [Debug] received epp: 1410918

--------------------------------------------------------------------------------
2022-04-07 02:15:40.724 [Debug] received epp: 1411263

--------------------------------------------------------------------------------
2022-04-07 02:15:41.307 [Debug] received epp: 1411855

--------------------------------------------------------------------------------
2022-04-07 02:15:42.024 [Debug] received epp: 1412559

--------------------------------------------------------------------------------
2022-04-07 02:15:42.657 [Debug] received epp: 1413200

--------------------------------------------------------------------------------
2022-04-07 02:15:43.407 [Debug] received epp: 1413950

--------------------------------------------------------------------------------
2022-04-07 02:15:43.892 [Debug] received epp: 1414433

--------------------------------------------------------------------------------
2022-04-07 02:15:44.490 [Debug] received epp: 1415027

--------------------------------------------------------------------------------
2022-04-07 02:15:45.507 [Debug] received epp: 1416044

--------------------------------------------------------------------------------
2022-04-07 02:15:46.457 [Debug] received epp: 1416997

--------------------------------------------------------------------------------
2022-04-07 02:15:47.007 [Debug] received epp: 1417543

--------------------------------------------------------------------------------
2022-04-07 02:15:47.524 [Debug] received epp: 1418074

--------------------------------------------------------------------------------
2022-04-07 02:15:47.957 [Debug] received epp: 1418496

--------------------------------------------------------------------------------
2022-04-07 02:15:48.857 [Debug] received epp: 1419402

--------------------------------------------------------------------------------
2022-04-07 02:15:49.413 [Debug] received epp: 1419949

--------------------------------------------------------------------------------
2022-04-07 02:15:59.411 [Debug] received epp: 1429950

--------------------------------------------------------------------------------
2022-04-07 02:15:59.808 [Debug] received epp: 1430339

--------------------------------------------------------------------------------
2022-04-07 02:16:00.124 [Debug] received epp: 1430669

--------------------------------------------------------------------------------
2022-04-07 02:16:00.410 [Debug] received epp: 1430950

--------------------------------------------------------------------------------
2022-04-07 02:16:00.741 [Debug] received epp: 1431277

--------------------------------------------------------------------------------
2022-04-07 02:16:01.091 [Debug] received epp: 1431637

--------------------------------------------------------------------------------
2022-04-07 02:16:06.623 [Debug] received epp: 1437168

--------------------------------------------------------------------------------
2022-04-07 02:16:07.340 [Debug] received epp: 1437887

--------------------------------------------------------------------------------
2022-04-07 02:16:08.175 [Debug] received epp: 1438715

--------------------------------------------------------------------------------
2022-04-07 02:16:08.941 [Debug] received epp: 1439480

--------------------------------------------------------------------------------
2022-04-07 02:16:09.545 [Debug] received epp: 1440075

--------------------------------------------------------------------------------
2022-04-07 02:16:10.241 [Debug] received epp: 1440777

--------------------------------------------------------------------------------
2022-04-07 02:16:10.594 [Debug] received epp: 1441137

--------------------------------------------------------------------------------
2022-04-07 02:16:11.158 [Debug] received epp: 1441700

--------------------------------------------------------------------------------
2022-04-07 02:16:11.592 [Debug] received epp: 1442043

--------------------------------------------------------------------------------
2022-04-07 02:16:12.157 [Debug] received epp: 1442700

--------------------------------------------------------------------------------
2022-04-07 02:16:13.124 [Debug] received epp: 1443669

--------------------------------------------------------------------------------
2022-04-07 02:16:14.692 [Debug] received epp: 1445214

--------------------------------------------------------------------------------
2022-04-07 02:17:19.662 [Debug] received epp: 1510152

--------------------------------------------------------------------------------
2022-04-07 02:17:40.555 [Debug] received epp: 1531091

--------------------------------------------------------------------------------
2022-04-07 02:17:53.946 [Debug] received epp: 1544466

--------------------------------------------------------------------------------
2022-04-07 02:18:25.231 [Debug] received epp: 1575716

--------------------------------------------------------------------------------
2022-04-07 02:18:40.213 [Debug] received epp: 1590747

--------------------------------------------------------------------------------
2022-04-07 02:18:57.167 [Debug] received epp: 1607668

--------------------------------------------------------------------------------
2022-04-07 02:19:01.829 [Debug] received epp: 1612340

--------------------------------------------------------------------------------
2022-04-07 02:20:29.202 [Debug] received epp: 1699683

--------------------------------------------------------------------------------
2022-04-07 02:22:03.767 [Debug] received epp: 1794262

--------------------------------------------------------------------------------
2022-04-07 02:23:00.683 [Debug] received epp: 1851168

--------------------------------------------------------------------------------
2022-04-07 02:25:43.710 [Debug] received epp: 2014245

--------------------------------------------------------------------------------
2022-04-07 02:25:43.979 [Debug] received epp: 2014512

--------------------------------------------------------------------------------
2022-04-07 02:25:44.211 [Debug] received epp: 2014747

--------------------------------------------------------------------------------
2022-04-07 02:25:44.443 [Debug] received epp: 2014981

--------------------------------------------------------------------------------
2022-04-07 02:25:44.678 [Debug] received epp: 2015215

--------------------------------------------------------------------------------
2022-04-07 02:25:44.910 [Debug] received epp: 2015449

--------------------------------------------------------------------------------
2022-04-07 02:25:45.144 [Debug] received epp: 2015684

--------------------------------------------------------------------------------
2022-04-07 02:25:45.377 [Debug] received epp: 2015918

--------------------------------------------------------------------------------
2022-04-07 02:25:45.610 [Debug] received epp: 2016153

--------------------------------------------------------------------------------
2022-04-07 02:25:45.827 [Debug] received epp: 2016370

--------------------------------------------------------------------------------
2022-04-07 02:25:46.060 [Debug] received epp: 2016606

--------------------------------------------------------------------------------
2022-04-07 02:25:46.294 [Debug] received epp: 2016841

--------------------------------------------------------------------------------
2022-04-07 02:25:46.561 [Debug] received epp: 2017106

--------------------------------------------------------------------------------
2022-04-07 02:25:46.777 [Debug] received epp: 2017309

--------------------------------------------------------------------------------
2022-04-07 02:25:47.045 [Debug] received epp: 2017590

--------------------------------------------------------------------------------
2022-04-07 02:25:47.295 [Debug] received epp: 2017840

--------------------------------------------------------------------------------
2022-04-07 02:25:47.527 [Debug] received epp: 2018058

--------------------------------------------------------------------------------
2022-04-07 02:25:47.761 [Debug] received epp: 2018309

--------------------------------------------------------------------------------
2022-04-07 02:25:47.994 [Debug] received epp: 2018527

--------------------------------------------------------------------------------
2022-04-07 02:25:48.247 [Debug] received epp: 2018778

--------------------------------------------------------------------------------
2022-04-07 02:25:48.528 [Debug] received epp: 2019060

--------------------------------------------------------------------------------
2022-04-07 02:25:48.761 [Debug] received epp: 2019309

--------------------------------------------------------------------------------
2022-04-07 02:25:49.010 [Debug] received epp: 2019559

--------------------------------------------------------------------------------
2022-04-07 02:25:49.278 [Debug] received epp: 2019808

--------------------------------------------------------------------------------
2022-04-07 02:25:49.544 [Debug] received epp: 2020074

--------------------------------------------------------------------------------
2022-04-07 02:25:49.793 [Debug] received epp: 2020339

--------------------------------------------------------------------------------
2022-04-07 02:25:50.044 [Debug] received epp: 2020590

--------------------------------------------------------------------------------
2022-04-07 02:25:50.311 [Debug] received epp: 2020855

--------------------------------------------------------------------------------
2022-04-07 02:25:50.560 [Debug] received epp: 2021105

--------------------------------------------------------------------------------
2022-04-07 02:25:50.810 [Debug] received epp: 2021356

--------------------------------------------------------------------------------
2022-04-07 02:25:51.128 [Debug] received epp: 2021669

--------------------------------------------------------------------------------
2022-04-07 02:25:51.377 [Debug] received epp: 2021918

--------------------------------------------------------------------------------
2022-04-07 02:25:51.628 [Debug] received epp: 2022169

--------------------------------------------------------------------------------
2022-04-07 02:25:51.911 [Debug] received epp: 2022450

--------------------------------------------------------------------------------
2022-04-07 02:25:52.178 [Debug] received epp: 2022716

--------------------------------------------------------------------------------
2022-04-07 02:25:52.427 [Debug] received epp: 2022965

--------------------------------------------------------------------------------
2022-04-07 02:25:52.711 [Debug] received epp: 2023247

--------------------------------------------------------------------------------
2022-04-07 02:25:52.994 [Debug] received epp: 2023497

--------------------------------------------------------------------------------
2022-04-07 02:25:53.211 [Debug] received epp: 2023761

--------------------------------------------------------------------------------
2022-04-07 02:25:53.461 [Debug] received epp: 2023997

--------------------------------------------------------------------------------
2022-04-07 02:25:55.144 [Debug] received epp: 2025683

--------------------------------------------------------------------------------
2022-04-07 02:25:55.414 [Debug] received epp: 2025950

--------------------------------------------------------------------------------
2022-04-07 02:25:55.678 [Debug] received epp: 2026215

--------------------------------------------------------------------------------
2022-04-07 02:25:55.927 [Debug] received epp: 2026464

--------------------------------------------------------------------------------
2022-04-07 02:25:56.194 [Debug] received epp: 2026731

--------------------------------------------------------------------------------
2022-04-07 02:25:56.511 [Debug] received epp: 2027012

--------------------------------------------------------------------------------
2022-04-07 02:25:56.710 [Debug] received epp: 2027245

--------------------------------------------------------------------------------
2022-04-07 02:25:56.961 [Debug] received epp: 2027497

--------------------------------------------------------------------------------
2022-04-07 02:25:57.194 [Debug] received epp: 2027730

--------------------------------------------------------------------------------
2022-04-07 02:25:57.444 [Debug] received epp: 2027980

--------------------------------------------------------------------------------
2022-04-07 02:25:57.710 [Debug] received epp: 2028245

--------------------------------------------------------------------------------
2022-04-07 02:25:57.978 [Debug] received epp: 2028512

--------------------------------------------------------------------------------
2022-04-07 02:25:58.227 [Debug] received epp: 2028762

--------------------------------------------------------------------------------
2022-04-07 02:25:58.477 [Debug] received epp: 2029012

--------------------------------------------------------------------------------
2022-04-07 02:25:58.744 [Debug] received epp: 2029277

--------------------------------------------------------------------------------
2022-04-07 02:25:59.011 [Debug] received epp: 2029544

--------------------------------------------------------------------------------
2022-04-07 02:25:59.244 [Debug] received epp: 2029778

--------------------------------------------------------------------------------
2022-04-07 02:25:59.511 [Debug] received epp: 2030042

--------------------------------------------------------------------------------
2022-04-07 02:25:59.794 [Debug] received epp: 2030339

--------------------------------------------------------------------------------
2022-04-07 02:26:00.111 [Debug] received epp: 2030653

--------------------------------------------------------------------------------
2022-04-07 02:26:04.144 [Debug] received epp: 2034684

--------------------------------------------------------------------------------
2022-04-07 02:26:05.744 [Debug] received epp: 2036278

--------------------------------------------------------------------------------
2022-04-07 02:26:06.094 [Debug] received epp: 2036637

--------------------------------------------------------------------------------
2022-04-07 02:26:08.581 [Debug] received epp: 2039120

--------------------------------------------------------------------------------
2022-04-07 02:26:10.111 [Debug] received epp: 2040652

--------------------------------------------------------------------------------
2022-04-07 02:26:10.494 [Debug] received epp: 2041028

--------------------------------------------------------------------------------
2022-04-07 02:26:10.777 [Debug] received epp: 2041324

--------------------------------------------------------------------------------
2022-04-07 02:26:11.011 [Debug] received epp: 2041558

--------------------------------------------------------------------------------
2022-04-07 02:26:12.811 [Debug] received epp: 2043355

--------------------------------------------------------------------------------
2022-04-07 02:27:46.756 [Debug] received epp: 2137277

--------------------------------------------------------------------------------
2022-04-07 02:29:48.845 [Debug] received epp: 2259388

--------------------------------------------------------------------------------
2022-04-07 02:29:49.129 [Debug] received epp: 2259653

--------------------------------------------------------------------------------
2022-04-07 02:29:49.345 [Debug] received epp: 2259886

--------------------------------------------------------------------------------
2022-04-07 02:29:49.596 [Debug] received epp: 2260138

--------------------------------------------------------------------------------
2022-04-07 02:29:49.829 [Debug] received epp: 2260372

--------------------------------------------------------------------------------
2022-04-07 02:29:50.062 [Debug] received epp: 2260605

--------------------------------------------------------------------------------
2022-04-07 02:29:50.295 [Debug] received epp: 2260840

--------------------------------------------------------------------------------
2022-04-07 02:29:50.546 [Debug] received epp: 2261091

--------------------------------------------------------------------------------
2022-04-07 02:29:51.013 [Debug] received epp: 2261543

--------------------------------------------------------------------------------
2022-04-07 02:29:51.262 [Debug] received epp: 2261808

--------------------------------------------------------------------------------
2022-04-07 02:29:51.479 [Debug] received epp: 2262011

--------------------------------------------------------------------------------
2022-04-07 02:29:51.746 [Debug] received epp: 2262278

--------------------------------------------------------------------------------
2022-04-07 02:29:51.979 [Debug] received epp: 2262511

--------------------------------------------------------------------------------
2022-04-07 02:29:52.229 [Debug] received epp: 2262778

--------------------------------------------------------------------------------
2022-04-07 02:29:53.379 [Debug] received epp: 2263917

--------------------------------------------------------------------------------
2022-04-07 02:29:53.829 [Debug] received epp: 2264372

--------------------------------------------------------------------------------
2022-04-07 02:29:54.395 [Debug] received epp: 2264933

--------------------------------------------------------------------------------
2022-04-07 02:29:55.763 [Debug] received epp: 2266308

--------------------------------------------------------------------------------
2022-04-07 02:29:55.979 [Debug] received epp: 2266511

--------------------------------------------------------------------------------
2022-04-07 02:29:56.212 [Debug] received epp: 2266747

--------------------------------------------------------------------------------
2022-04-07 02:29:56.712 [Debug] received epp: 2267246

--------------------------------------------------------------------------------
2022-04-07 02:29:56.979 [Debug] received epp: 2267511

--------------------------------------------------------------------------------
2022-04-07 02:29:57.228 [Debug] received epp: 2267761

--------------------------------------------------------------------------------
2022-04-07 02:29:57.495 [Debug] received epp: 2268042

--------------------------------------------------------------------------------
2022-04-07 02:29:57.762 [Debug] received epp: 2268294

--------------------------------------------------------------------------------
2022-04-07 02:29:58.049 [Debug] received epp: 2268591

--------------------------------------------------------------------------------
2022-04-07 02:29:58.295 [Debug] received epp: 2268840

--------------------------------------------------------------------------------
2022-04-07 02:29:58.561 [Debug] received epp: 2269105

--------------------------------------------------------------------------------
2022-04-07 02:29:58.812 [Debug] received epp: 2269355

--------------------------------------------------------------------------------
2022-04-07 02:29:59.096 [Debug] received epp: 2269636

--------------------------------------------------------------------------------
2022-04-07 02:29:59.562 [Debug] received epp: 2270105

--------------------------------------------------------------------------------
2022-04-07 02:29:59.864 [Debug] received epp: 2270402

--------------------------------------------------------------------------------
2022-04-07 02:30:00.414 [Debug] received epp: 2270950

--------------------------------------------------------------------------------
2022-04-07 02:30:00.829 [Debug] received epp: 2271371

--------------------------------------------------------------------------------
2022-04-07 02:30:01.112 [Debug] received epp: 2271653

--------------------------------------------------------------------------------
2022-04-07 02:30:02.015 [Debug] received epp: 2272559

--------------------------------------------------------------------------------
2022-04-07 02:30:02.278 [Debug] received epp: 2272825

--------------------------------------------------------------------------------
2022-04-07 02:30:02.545 [Debug] received epp: 2273089

--------------------------------------------------------------------------------
2022-04-07 02:30:02.812 [Debug] received epp: 2273356

--------------------------------------------------------------------------------
2022-04-07 02:30:03.062 [Debug] received epp: 2273606

--------------------------------------------------------------------------------
2022-04-07 02:30:03.312 [Debug] received epp: 2273856

--------------------------------------------------------------------------------
2022-04-07 02:30:03.578 [Debug] received epp: 2274122

--------------------------------------------------------------------------------
2022-04-07 02:30:03.828 [Debug] received epp: 2274371

--------------------------------------------------------------------------------
2022-04-07 02:30:05.479 [Debug] received epp: 2276012

--------------------------------------------------------------------------------
2022-04-07 02:30:06.496 [Debug] received epp: 2277027

--------------------------------------------------------------------------------
2022-04-07 02:30:06.762 [Debug] received epp: 2277308

--------------------------------------------------------------------------------
2022-04-07 02:30:07.013 [Debug] received epp: 2277559

--------------------------------------------------------------------------------
2022-04-07 02:30:07.529 [Debug] received epp: 2278074

--------------------------------------------------------------------------------
2022-04-07 02:30:07.979 [Debug] received epp: 2278511

--------------------------------------------------------------------------------
2022-04-07 02:30:08.228 [Debug] received epp: 2278762

--------------------------------------------------------------------------------
2022-04-07 02:30:09.295 [Debug] received epp: 2279840

--------------------------------------------------------------------------------
2022-04-07 02:30:09.796 [Debug] received epp: 2280339

--------------------------------------------------------------------------------
2022-04-07 02:30:37.824 [Debug] received epp: 2308355

--------------------------------------------------------------------------------
2022-04-07 02:30:52.096 [Debug] StatusChanged: [NetIncomingMessage #913 10 bytes] [Disconnecting]

--------------------------------------------------------------------------------
2022-04-07 02:30:52.099 [Debug] StatusChanged: [NetIncomingMessage #534 14 bytes] [Disconnected]

--------------------------------------------------------------------------------
2022-04-07 02:30:52.143 [Info] Acquiring context lock... (0ms)

--------------------------------------------------------------------------------
2022-04-07 02:30:52.143 [Info] Acquired. (0ms)

--------------------------------------------------------------------------------
2022-04-07 02:30:52.144 [Info] Beginning context dispose. (0ms)

--------------------------------------------------------------------------------
2022-04-07 02:30:52.144 [Info] GC.SuppressFinalize (0ms)

--------------------------------------------------------------------------------
2022-04-07 02:30:52.144 [Info] InternalDispose() completed. (0ms)

--------------------------------------------------------------------------------
2022-04-07 02:30:52.144 [Info] Clearing instance... (1ms)

--------------------------------------------------------------------------------
2022-04-07 02:30:52.144 [Info] Releasing context lock... (1ms)

--------------------------------------------------------------------------------
2022-04-07 02:30:52.144 [Info] Released. (1ms)

--------------------------------------------------------------------------------
