2022-04-04 21:20:01.078 [Info] Discovered 0 plugins:


--------------------------------------------------------------------------------
2022-04-04 21:20:02.112 [Info] Connecting to 38.129.153.213:5400...

--------------------------------------------------------------------------------
2022-04-04 21:20:02.562 [Info] Connection approved [00000000-0000-0000-0000-000000000000].

--------------------------------------------------------------------------------
2022-04-04 21:20:02.625 [Debug] approval Time=2680379 Offset=63784701322168 Real=63784704002548

--------------------------------------------------------------------------------
2022-04-04 21:20:02.625 [Debug] local Time=2680379 Offset=63784701322246 Real=63784704002625

--------------------------------------------------------------------------------
2022-04-04 21:20:02.625 [Debug] real delta=77

--------------------------------------------------------------------------------
2022-04-04 21:20:02.625 [Debug] this.Statistics.Ping=0 NCPing=6

--------------------------------------------------------------------------------
2022-04-04 21:20:02.627 [Debug] Connection established to remote [00000000-0000-0000-0000-000000000000/38.129.153.213:5400].

--------------------------------------------------------------------------------
2022-04-04 21:20:02.627 [Info] Connected [00000000-0000-0000-0000-000000000000].

--------------------------------------------------------------------------------
2022-04-04 21:20:07.799 [Warn] 'Me' is null.

--------------------------------------------------------------------------------
2022-04-04 21:20:08.062 [Debug] received epp: 2685566

--------------------------------------------------------------------------------
2022-04-04 21:20:36.197 [Error] Received unhandled exception from System.Threading.Tasks.ContinuationTaskFromTask.

--------------------------------------------------------------------------------
2022-04-04 21:20:36.198 [Error] AggregateException: A Task's exception(s) were not observed either by Waiting on the Task or accessing its Exception property. As a result, the unobserved exception was rethrown by the finalizer thread.

Caused By
IndexOutOfRangeException: Index was outside the bounds of the array.
    Stack:    at System.Array.Clear(Array array, Int32 index, Int32 length)
   at System.Collections.Generic.List`1.RemoveAll(Predicate`1 match)
   at Intersect.Client.Framework.Content.ContentWatcher.<>c__DisplayClass12_0.<Modify>b__0(Task completedTask)
   at System.Threading.Tasks.Task.Execute()


--------------------------------------------------------------------------------
2022-04-04 21:20:36.199 [Error] Caused by:

--------------------------------------------------------------------------------
2022-04-04 21:20:36.199 [Error] IndexOutOfRangeException: Index was outside the bounds of the array.
    Stack:    at System.Array.Clear(Array array, Int32 index, Int32 length)
   at System.Collections.Generic.List`1.RemoveAll(Predicate`1 match)
   at Intersect.Client.Framework.Content.ContentWatcher.<>c__DisplayClass12_0.<Modify>b__0(Task completedTask)
   at System.Threading.Tasks.Task.Execute()


--------------------------------------------------------------------------------
2022-04-04 21:20:36.201 [Info] Acquiring context lock... (0ms)

--------------------------------------------------------------------------------
2022-04-04 21:20:36.201 [Info] Acquired. (0ms)

--------------------------------------------------------------------------------
2022-04-04 21:20:36.201 [Info] Beginning context dispose. (0ms)

--------------------------------------------------------------------------------
2022-04-04 21:20:36.202 [Info] GC.SuppressFinalize (0ms)

--------------------------------------------------------------------------------
2022-04-04 21:20:36.202 [Info] InternalDispose() completed. (0ms)

--------------------------------------------------------------------------------
2022-04-04 21:20:36.202 [Info] Clearing instance... (1ms)

--------------------------------------------------------------------------------
2022-04-04 21:20:36.202 [Info] Releasing context lock... (1ms)

--------------------------------------------------------------------------------
2022-04-04 21:20:36.202 [Info] Released. (1ms)

--------------------------------------------------------------------------------
2022-04-04 21:25:52.674 [Warn] 'Me' is null.

--------------------------------------------------------------------------------
2022-04-04 21:25:52.690 [Debug] received epp: 3030489

--------------------------------------------------------------------------------
2022-04-04 21:25:52.710 [Warn] 'GameUi' is null.

--------------------------------------------------------------------------------
2022-04-04 21:25:52.710 [Warn] 'GameUi' is null.

--------------------------------------------------------------------------------
2022-04-04 21:28:26.179 [Error] ObjectDisposedException: The CancellationTokenSource has been disposed.
    Stack:    at System.Threading.CancellationTokenSource.ThrowObjectDisposedException()
   at System.Threading.CancellationTokenSource.Cancel()
   at Intersect.Async.CancellableGenerator`1.Dispose()
   at Intersect.Client.Interface.Debugging.DebugWindow.Dispose()
   at Intersect.Client.Framework.Gwen.Control.Base.<>c.<Dispose>b__192_0(Base child)
   at System.Collections.Generic.List`1.ForEach(Action`1 action)
   at Intersect.Client.Framework.Gwen.Control.Base.Dispose()
   at Intersect.Client.Framework.Gwen.Control.Canvas.Dispose()
   at Intersect.Client.Interface.Game.GameInterface.Dispose()
   at Intersect.Client.Interface.Interface.InitGwen()
   at Intersect.Client.Core.Main.Logout(Boolean characterSelect)
   at Intersect.Client.Interface.Game.EscapeMenu.LogoutToCharacterSelect(Object sender, EventArgs e)
   at Intersect.Client.Interface.Game.EscapeMenu.GoToCharacterSelect_Clicked(Base sender, ClickedEventArgs arguments)
   at Intersect.Client.Framework.Gwen.Control.Base.OnMouseClickedLeft(Int32 x, Int32 y, Boolean down, Boolean automated)
   at Intersect.Client.Framework.Gwen.Control.Button.OnClicked(Int32 x, Int32 y)
   at Intersect.Client.Framework.Gwen.Control.Button.OnMouseClickedLeft(Int32 x, Int32 y, Boolean down, Boolean automated)
   at Intersect.Client.Framework.Gwen.Control.Base.InputMouseClickedLeft(Int32 x, Int32 y, Boolean down, Boolean automated)
   at Intersect.Client.Framework.Gwen.Input.InputHandler.OnMouseClicked(Base canvas, Int32 mouseButton, Boolean down)
   at Intersect.Client.Framework.Gwen.Control.Canvas.Input_MouseButton(Int32 button, Boolean down)
   at Intersect.Client.Framework.Gwen.Input.IntersectInput.ProcessMessage(Object message)
   at Intersect.Client.MonoGame.Input.MonoInput.CheckMouseButton(Keys modifier, ButtonState bs, MouseButtons mb)
   at Intersect.Client.MonoGame.Input.MonoInput.Update()
   at Intersect.Client.Core.Main.Update(TimeSpan deltaTime)
   at Intersect.Client.MonoGame.IntersectGame.Update(GameTime gameTime)
   at Microsoft.Xna.Framework.Game.DoUpdate(GameTime gameTime)
   at Microsoft.Xna.Framework.Game.Tick()
   at Microsoft.Xna.Framework.SdlGamePlatform.RunLoop()
   at Microsoft.Xna.Framework.Game.Run(GameRunBehavior runBehavior)
   at Intersect.Client.MonoGame.IntersectGame.MonoGameRunner.Start(IClientContext context, Action postStartupAction)
   at Intersect.Client.Core.ClientContext.InternalStart()
   at Intersect.Core.ApplicationContext`2.Start(Boolean lockUntilShutdown)


--------------------------------------------------------------------------------
