2022-04-03 21:31:27.166 [Info] Discovered 0 plugins:


--------------------------------------------------------------------------------
2022-04-03 21:31:28.159 [Info] Connecting to 38.129.153.213:5400...

--------------------------------------------------------------------------------
2022-04-03 21:31:28.602 [Info] Connection approved [00000000-0000-0000-0000-000000000000].

--------------------------------------------------------------------------------
2022-04-03 21:31:28.676 [Debug] approval Time=4076313 Offset=63784614212267 Real=63784618288580

--------------------------------------------------------------------------------
2022-04-03 21:31:28.676 [Debug] local Time=4076313 Offset=63784614212362 Real=63784618288676

--------------------------------------------------------------------------------
2022-04-03 21:31:28.676 [Debug] real delta=95

--------------------------------------------------------------------------------
2022-04-03 21:31:28.676 [Debug] this.Statistics.Ping=0 NCPing=16

--------------------------------------------------------------------------------
2022-04-03 21:31:28.677 [Debug] Connection established to remote [00000000-0000-0000-0000-000000000000/38.129.153.213:5400].

--------------------------------------------------------------------------------
2022-04-03 21:31:28.677 [Info] Connected [00000000-0000-0000-0000-000000000000].

--------------------------------------------------------------------------------
2022-04-03 21:32:40.700 [Debug] StatusChanged: [NetIncomingMessage #0 10 bytes] [Disconnecting]

--------------------------------------------------------------------------------
2022-04-03 21:32:40.703 [Debug] StatusChanged: [NetIncomingMessage #0 10 bytes] [Disconnected]

--------------------------------------------------------------------------------
2022-04-03 21:32:40.736 [Info] Acquiring context lock... (0ms)

--------------------------------------------------------------------------------
2022-04-03 21:32:40.736 [Info] Acquired. (0ms)

--------------------------------------------------------------------------------
2022-04-03 21:32:40.737 [Info] Beginning context dispose. (0ms)

--------------------------------------------------------------------------------
2022-04-03 21:32:40.738 [Info] GC.SuppressFinalize (0ms)

--------------------------------------------------------------------------------
2022-04-03 21:32:40.738 [Info] InternalDispose() completed. (0ms)

--------------------------------------------------------------------------------
2022-04-03 21:32:40.738 [Info] Clearing instance... (2ms)

--------------------------------------------------------------------------------
2022-04-03 21:32:40.738 [Info] Releasing context lock... (2ms)

--------------------------------------------------------------------------------
2022-04-03 21:32:40.738 [Info] Released. (2ms)

--------------------------------------------------------------------------------
