2022-04-04 22:20:22.970 [Info] Discovered 0 plugins:


--------------------------------------------------------------------------------
2022-04-04 22:20:24.241 [Info] Connecting to 38.129.153.213:5400...

--------------------------------------------------------------------------------
2022-04-04 22:20:24.741 [Info] Connection approved [00000000-0000-0000-0000-000000000000].

--------------------------------------------------------------------------------
2022-04-04 22:20:24.822 [Debug] approval Time=6302558 Offset=63784701322168 Real=63784707624726

--------------------------------------------------------------------------------
2022-04-04 22:20:24.822 [Debug] local Time=6302558 Offset=63784701322264 Real=63784707624822

--------------------------------------------------------------------------------
2022-04-04 22:20:24.822 [Debug] real delta=95

--------------------------------------------------------------------------------
2022-04-04 22:20:24.823 [Debug] this.Statistics.Ping=0 NCPing=7

--------------------------------------------------------------------------------
2022-04-04 22:20:24.828 [Debug] Connection established to remote [00000000-0000-0000-0000-000000000000/38.129.153.213:5400].

--------------------------------------------------------------------------------
2022-04-04 22:20:24.828 [Info] Connected [00000000-0000-0000-0000-000000000000].

--------------------------------------------------------------------------------
2022-04-04 22:20:59.133 [Warn] 'Me' is null.

--------------------------------------------------------------------------------
2022-04-04 22:20:59.430 [Debug] received epp: 6336887

--------------------------------------------------------------------------------
2022-04-04 22:21:40.238 [Debug] received epp: 6378057

--------------------------------------------------------------------------------
2022-04-04 22:21:40.260 [Debug] received epp: 6378073

--------------------------------------------------------------------------------
2022-04-04 22:21:40.963 [Debug] received epp: 6378762

--------------------------------------------------------------------------------
2022-04-04 22:21:51.768 [Debug] received epp: 6389574

--------------------------------------------------------------------------------
2022-04-04 22:21:52.001 [Debug] received epp: 6389809

--------------------------------------------------------------------------------
2022-04-04 22:21:52.219 [Debug] received epp: 6390026

--------------------------------------------------------------------------------
2022-04-04 22:21:52.414 [Debug] received epp: 6390231

--------------------------------------------------------------------------------
2022-04-04 22:21:53.298 [Debug] received epp: 6391105

--------------------------------------------------------------------------------
2022-04-04 22:21:53.822 [Debug] received epp: 6391637

--------------------------------------------------------------------------------
2022-04-04 22:21:57.883 [Debug] received epp: 6395699

--------------------------------------------------------------------------------
2022-04-04 22:21:58.107 [Debug] received epp: 6395917

--------------------------------------------------------------------------------
2022-04-04 22:21:58.424 [Debug] received epp: 6396231

--------------------------------------------------------------------------------
2022-04-04 22:21:58.883 [Debug] received epp: 6396699

--------------------------------------------------------------------------------
2022-04-04 22:21:59.323 [Debug] received epp: 6397136

--------------------------------------------------------------------------------
2022-04-04 22:21:59.827 [Debug] received epp: 6397636

--------------------------------------------------------------------------------
2022-04-04 22:22:00.545 [Debug] received epp: 6398354

--------------------------------------------------------------------------------
2022-04-04 22:22:09.599 [Debug] received epp: 6407417

--------------------------------------------------------------------------------
2022-04-04 22:22:09.832 [Debug] received epp: 6407652

--------------------------------------------------------------------------------
2022-04-04 22:22:10.034 [Debug] received epp: 6407839

--------------------------------------------------------------------------------
2022-04-04 22:22:10.248 [Debug] received epp: 6408058

--------------------------------------------------------------------------------
2022-04-04 22:22:10.715 [Debug] received epp: 6408527

--------------------------------------------------------------------------------
2022-04-04 22:22:10.955 [Debug] received epp: 6408777

--------------------------------------------------------------------------------
2022-04-04 22:22:11.169 [Debug] received epp: 6408980

--------------------------------------------------------------------------------
2022-04-04 22:22:11.353 [Debug] received epp: 6409167

--------------------------------------------------------------------------------
2022-04-04 22:22:13.032 [Debug] received epp: 6410854

--------------------------------------------------------------------------------
2022-04-04 22:22:13.114 [Debug] received epp: 6410854

--------------------------------------------------------------------------------
2022-04-04 22:22:21.393 [Debug] received epp: 6419198

--------------------------------------------------------------------------------
2022-04-04 22:22:21.623 [Debug] received epp: 6419198

--------------------------------------------------------------------------------
2022-04-04 22:22:23.363 [Debug] received epp: 6421183

--------------------------------------------------------------------------------
2022-04-04 22:22:25.869 [Debug] received epp: 6423684

--------------------------------------------------------------------------------
2022-04-04 22:22:26.977 [Debug] received epp: 6424793

--------------------------------------------------------------------------------
2022-04-04 22:22:27.190 [Debug] received epp: 6425011

--------------------------------------------------------------------------------
2022-04-04 22:22:28.055 [Debug] received epp: 6425871

--------------------------------------------------------------------------------
2022-04-04 22:22:32.257 [Debug] received epp: 6430073

--------------------------------------------------------------------------------
2022-04-04 22:22:32.278 [Debug] received epp: 6430073

--------------------------------------------------------------------------------
2022-04-04 22:22:40.251 [Debug] received epp: 6438057

--------------------------------------------------------------------------------
2022-04-04 22:22:40.469 [Debug] received epp: 6438057

--------------------------------------------------------------------------------
2022-04-04 22:22:45.369 [Debug] received epp: 6443182

--------------------------------------------------------------------------------
2022-04-04 22:22:45.594 [Debug] received epp: 6443402

--------------------------------------------------------------------------------
2022-04-04 22:22:46.331 [Debug] received epp: 6444135

--------------------------------------------------------------------------------
2022-04-04 22:22:46.932 [Debug] received epp: 6444746

--------------------------------------------------------------------------------
2022-04-04 22:22:50.435 [Debug] received epp: 6448246

--------------------------------------------------------------------------------
2022-04-04 22:22:50.790 [Debug] received epp: 6448604

--------------------------------------------------------------------------------
2022-04-04 22:22:51.723 [Debug] received epp: 6449542

--------------------------------------------------------------------------------
2022-04-04 22:22:59.802 [Debug] received epp: 6457621

--------------------------------------------------------------------------------
2022-04-04 22:23:00.036 [Debug] received epp: 6457854

--------------------------------------------------------------------------------
2022-04-04 22:23:00.267 [Debug] received epp: 6458074

--------------------------------------------------------------------------------
2022-04-04 22:23:01.990 [Debug] received epp: 6459808

--------------------------------------------------------------------------------
2022-04-04 22:23:02.223 [Debug] received epp: 6460042

--------------------------------------------------------------------------------
2022-04-04 22:23:03.307 [Debug] received epp: 6461121

--------------------------------------------------------------------------------
2022-04-04 22:23:17.278 [Debug] received epp: 6475089

--------------------------------------------------------------------------------
2022-04-04 22:23:17.462 [Debug] received epp: 6475278

--------------------------------------------------------------------------------
2022-04-04 22:23:17.678 [Debug] received epp: 6475496

--------------------------------------------------------------------------------
2022-04-04 22:23:17.928 [Debug] received epp: 6475731

--------------------------------------------------------------------------------
2022-04-04 22:23:25.357 [Debug] received epp: 6483167

--------------------------------------------------------------------------------
2022-04-04 22:23:25.382 [Debug] received epp: 6483167

--------------------------------------------------------------------------------
2022-04-04 22:23:27.206 [Debug] received epp: 6485027

--------------------------------------------------------------------------------
2022-04-04 22:23:27.365 [Debug] received epp: 6485027

--------------------------------------------------------------------------------
2022-04-04 22:23:37.502 [Debug] received epp: 6495308

--------------------------------------------------------------------------------
2022-04-04 22:23:37.619 [Debug] received epp: 6495433

--------------------------------------------------------------------------------
2022-04-04 22:25:51.696 [Debug] received epp: 6629511

--------------------------------------------------------------------------------
2022-04-04 22:25:52.078 [Debug] received epp: 6629885

--------------------------------------------------------------------------------
2022-04-04 22:26:23.997 [Debug] StatusChanged: [NetIncomingMessage #966 10 bytes] [Disconnecting]

--------------------------------------------------------------------------------
2022-04-04 22:26:24.001 [Debug] StatusChanged: [NetIncomingMessage #967 14 bytes] [Disconnected]

--------------------------------------------------------------------------------
2022-04-04 22:26:24.045 [Info] Acquiring context lock... (0ms)

--------------------------------------------------------------------------------
2022-04-04 22:26:24.045 [Info] Acquired. (0ms)

--------------------------------------------------------------------------------
2022-04-04 22:26:24.046 [Info] Beginning context dispose. (0ms)

--------------------------------------------------------------------------------
2022-04-04 22:26:24.046 [Info] GC.SuppressFinalize (0ms)

--------------------------------------------------------------------------------
2022-04-04 22:26:24.046 [Info] InternalDispose() completed. (0ms)

--------------------------------------------------------------------------------
2022-04-04 22:26:24.046 [Info] Clearing instance... (1ms)

--------------------------------------------------------------------------------
2022-04-04 22:26:24.046 [Info] Releasing context lock... (1ms)

--------------------------------------------------------------------------------
2022-04-04 22:26:24.046 [Info] Released. (1ms)

--------------------------------------------------------------------------------
