2022-04-04 23:49:03.857 [Info] Discovered 0 plugins:


--------------------------------------------------------------------------------
2022-04-04 23:49:04.853 [Info] Connecting to 38.129.153.213:5400...

--------------------------------------------------------------------------------
2022-04-04 23:49:05.273 [Info] Connection approved [00000000-0000-0000-0000-000000000000].

--------------------------------------------------------------------------------
2022-04-04 23:49:05.338 [Debug] approval Time=1134125 Offset=63784711811125 Real=63784712945251

--------------------------------------------------------------------------------
2022-04-04 23:49:05.338 [Debug] local Time=1134125 Offset=63784711811213 Real=63784712945338

--------------------------------------------------------------------------------
2022-04-04 23:49:05.338 [Debug] real delta=87

--------------------------------------------------------------------------------
2022-04-04 23:49:05.339 [Debug] this.Statistics.Ping=0 NCPing=12

--------------------------------------------------------------------------------
2022-04-04 23:49:05.340 [Debug] Connection established to remote [00000000-0000-0000-0000-000000000000/38.129.153.213:5400].

--------------------------------------------------------------------------------
2022-04-04 23:49:05.341 [Info] Connected [00000000-0000-0000-0000-000000000000].

--------------------------------------------------------------------------------
2022-04-04 23:49:08.947 [Warn] 'Me' is null.

--------------------------------------------------------------------------------
2022-04-04 23:49:09.212 [Debug] received epp: 1137750

--------------------------------------------------------------------------------
2022-04-04 23:52:44.904 [Debug] StatusChanged: [NetIncomingMessage #370 10 bytes] [Disconnecting]

--------------------------------------------------------------------------------
2022-04-04 23:52:44.907 [Debug] StatusChanged: [NetIncomingMessage #371 14 bytes] [Disconnected]

--------------------------------------------------------------------------------
2022-04-04 23:52:44.948 [Info] Acquiring context lock... (0ms)

--------------------------------------------------------------------------------
2022-04-04 23:52:44.948 [Info] Acquired. (0ms)

--------------------------------------------------------------------------------
2022-04-04 23:52:44.949 [Info] Beginning context dispose. (0ms)

--------------------------------------------------------------------------------
2022-04-04 23:52:44.950 [Info] GC.SuppressFinalize (0ms)

--------------------------------------------------------------------------------
2022-04-04 23:52:44.950 [Info] InternalDispose() completed. (0ms)

--------------------------------------------------------------------------------
2022-04-04 23:52:44.950 [Info] Clearing instance... (1ms)

--------------------------------------------------------------------------------
2022-04-04 23:52:44.950 [Info] Releasing context lock... (1ms)

--------------------------------------------------------------------------------
2022-04-04 23:52:44.950 [Info] Released. (1ms)

--------------------------------------------------------------------------------
