2022-04-02 23:34:46.853 [Info] Connecting to 38.129.153.213:5400...

--------------------------------------------------------------------------------
2022-04-02 23:34:47.523 [Info] Connection approved [00000000-0000-0000-0000-000000000000].

--------------------------------------------------------------------------------
2022-04-02 23:34:47.582 [Debug] approval Time=26858 Offset=63784539260612 Real=63784539287470

--------------------------------------------------------------------------------
2022-04-02 23:34:47.582 [Debug] local Time=26858 Offset=63784539260724 Real=63784539287582

--------------------------------------------------------------------------------
2022-04-02 23:34:47.582 [Debug] real delta=111

--------------------------------------------------------------------------------
2022-04-02 23:34:47.582 [Debug] this.Statistics.Ping=0 NCPing=7

--------------------------------------------------------------------------------
2022-04-02 23:34:47.584 [Debug] Connection established to remote [00000000-0000-0000-0000-000000000000/38.129.153.213:5400].

--------------------------------------------------------------------------------
2022-04-02 23:34:47.584 [Info] Connected [00000000-0000-0000-0000-000000000000].

--------------------------------------------------------------------------------
2022-04-03 00:02:05.300 [Debug] StatusChanged: [NetIncomingMessage #815 10 bytes] [Disconnecting]

--------------------------------------------------------------------------------
2022-04-03 00:02:05.303 [Debug] StatusChanged: [NetIncomingMessage #818 10 bytes] [Disconnected]

--------------------------------------------------------------------------------
2022-04-03 00:02:05.303 [Debug] Connection terminated to remote [00000000-0000-0000-0000-000000000000/38.129.153.213:5400].

--------------------------------------------------------------------------------
2022-04-03 00:02:05.303 [Info] Disconnected [00000000-0000-0000-0000-000000000000].

--------------------------------------------------------------------------------
