2022-04-03 17:48:28.656 [Info] Discovered 0 plugins:


--------------------------------------------------------------------------------
2022-04-03 17:48:29.641 [Info] Connecting to 38.129.153.213:5400...

--------------------------------------------------------------------------------
2022-04-03 17:48:30.126 [Info] Connection approved [00000000-0000-0000-0000-000000000000].

--------------------------------------------------------------------------------
2022-04-03 17:48:30.196 [Debug] approval Time=10120120 Offset=63784594789990 Real=63784604910111

--------------------------------------------------------------------------------
2022-04-03 17:48:30.197 [Debug] local Time=10120120 Offset=63784594790075 Real=63784604910196

--------------------------------------------------------------------------------
2022-04-03 17:48:30.197 [Debug] real delta=85

--------------------------------------------------------------------------------
2022-04-03 17:48:30.197 [Debug] this.Statistics.Ping=0 NCPing=8

--------------------------------------------------------------------------------
2022-04-03 17:48:30.202 [Debug] Connection established to remote [00000000-0000-0000-0000-000000000000/38.129.153.213:5400].

--------------------------------------------------------------------------------
2022-04-03 17:48:30.202 [Info] Connected [00000000-0000-0000-0000-000000000000].

--------------------------------------------------------------------------------
2022-04-03 17:48:35.109 [Warn] 'Me' is null.

--------------------------------------------------------------------------------
2022-04-03 17:48:35.337 [Debug] received epp: 10125058

--------------------------------------------------------------------------------
2022-04-03 17:49:49.948 [Debug] StatusChanged: [NetIncomingMessage #454 10 bytes] [Disconnecting]

--------------------------------------------------------------------------------
2022-04-03 17:49:49.950 [Debug] StatusChanged: [NetIncomingMessage #455 10 bytes] [Disconnected]

--------------------------------------------------------------------------------
2022-04-03 17:49:49.999 [Info] Acquiring context lock... (0ms)

--------------------------------------------------------------------------------
2022-04-03 17:49:49.999 [Info] Acquired. (0ms)

--------------------------------------------------------------------------------
2022-04-03 17:49:50.000 [Info] Beginning context dispose. (0ms)

--------------------------------------------------------------------------------
2022-04-03 17:49:50.001 [Info] GC.SuppressFinalize (0ms)

--------------------------------------------------------------------------------
2022-04-03 17:49:50.001 [Info] InternalDispose() completed. (0ms)

--------------------------------------------------------------------------------
2022-04-03 17:49:50.001 [Info] Clearing instance... (1ms)

--------------------------------------------------------------------------------
2022-04-03 17:49:50.001 [Info] Releasing context lock... (1ms)

--------------------------------------------------------------------------------
2022-04-03 17:49:50.001 [Info] Released. (1ms)

--------------------------------------------------------------------------------
