2022-05-01 15:50:35.327 [Info] Connecting to 38.129.153.213:5400...

--------------------------------------------------------------------------------
2022-05-01 15:50:35.817 [Info] Connection approved [00000000-0000-0000-0000-000000000000].

--------------------------------------------------------------------------------
2022-05-01 15:50:35.903 [Debug] approval Time=8637099 Offset=63787008398697 Real=63787017035797

--------------------------------------------------------------------------------
2022-05-01 15:50:35.903 [Debug] local Time=8637099 Offset=63787008398803 Real=63787017035903

--------------------------------------------------------------------------------
2022-05-01 15:50:35.903 [Debug] real delta=105

--------------------------------------------------------------------------------
2022-05-01 15:50:35.903 [Debug] this.Statistics.Ping=0 NCPing=7

--------------------------------------------------------------------------------
2022-05-01 15:50:35.904 [Debug] Connection established to remote [00000000-0000-0000-0000-000000000000/38.129.153.213:5400].

--------------------------------------------------------------------------------
2022-05-01 15:50:35.904 [Info] Connected [00000000-0000-0000-0000-000000000000].

--------------------------------------------------------------------------------
2022-05-01 16:00:07.321 [Debug] StatusChanged: [NetIncomingMessage #0 10 bytes] [Disconnecting]

--------------------------------------------------------------------------------
2022-05-01 16:00:07.327 [Debug] StatusChanged: [NetIncomingMessage #0 10 bytes] [Disconnected]

--------------------------------------------------------------------------------
2022-05-01 16:00:07.327 [Debug] Connection terminated to remote [00000000-0000-0000-0000-000000000000/38.129.153.213:5400].

--------------------------------------------------------------------------------
2022-05-01 16:00:07.328 [Info] Disconnected [00000000-0000-0000-0000-000000000000].

--------------------------------------------------------------------------------
