2022-04-03 21:42:36.026 [Info] Discovered 0 plugins:


--------------------------------------------------------------------------------
2022-04-03 21:42:37.023 [Info] Connecting to 38.129.153.213:5400...

--------------------------------------------------------------------------------
2022-04-03 21:42:37.476 [Info] Connection approved [00000000-0000-0000-0000-000000000000].

--------------------------------------------------------------------------------
2022-04-03 21:42:37.544 [Debug] approval Time=4745187 Offset=63784614212267 Real=63784618957454

--------------------------------------------------------------------------------
2022-04-03 21:42:37.544 [Debug] local Time=4745187 Offset=63784614212356 Real=63784618957544

--------------------------------------------------------------------------------
2022-04-03 21:42:37.544 [Debug] real delta=89

--------------------------------------------------------------------------------
2022-04-03 21:42:37.545 [Debug] this.Statistics.Ping=0 NCPing=6

--------------------------------------------------------------------------------
2022-04-03 21:42:37.550 [Debug] Connection established to remote [00000000-0000-0000-0000-000000000000/38.129.153.213:5400].

--------------------------------------------------------------------------------
2022-04-03 21:42:37.551 [Info] Connected [00000000-0000-0000-0000-000000000000].

--------------------------------------------------------------------------------
2022-04-03 21:43:54.221 [Debug] StatusChanged: [NetIncomingMessage #0 10 bytes] [Disconnecting]

--------------------------------------------------------------------------------
2022-04-03 21:43:54.223 [Debug] StatusChanged: [NetIncomingMessage #0 10 bytes] [Disconnected]

--------------------------------------------------------------------------------
2022-04-03 21:43:54.256 [Info] Acquiring context lock... (0ms)

--------------------------------------------------------------------------------
2022-04-03 21:43:54.256 [Info] Acquired. (0ms)

--------------------------------------------------------------------------------
2022-04-03 21:43:54.257 [Info] Beginning context dispose. (0ms)

--------------------------------------------------------------------------------
2022-04-03 21:43:54.258 [Info] GC.SuppressFinalize (0ms)

--------------------------------------------------------------------------------
2022-04-03 21:43:54.258 [Info] InternalDispose() completed. (0ms)

--------------------------------------------------------------------------------
2022-04-03 21:43:54.258 [Info] Clearing instance... (1ms)

--------------------------------------------------------------------------------
2022-04-03 21:43:54.258 [Info] Releasing context lock... (1ms)

--------------------------------------------------------------------------------
2022-04-03 21:43:54.258 [Info] Released. (1ms)

--------------------------------------------------------------------------------
