2022-04-03 20:22:01.728 [Info] Discovered 0 plugins:


--------------------------------------------------------------------------------
2022-04-03 20:22:02.793 [Info] Connecting to 38.129.153.213:5400...

--------------------------------------------------------------------------------
2022-04-03 20:22:03.240 [Info] Connection approved [00000000-0000-0000-0000-000000000000].

--------------------------------------------------------------------------------
2022-04-03 20:22:03.303 [Debug] approval Time=1682485 Offset=63784612440734 Real=63784614123219

--------------------------------------------------------------------------------
2022-04-03 20:22:03.303 [Debug] local Time=1682485 Offset=63784612440817 Real=63784614123303

--------------------------------------------------------------------------------
2022-04-03 20:22:03.303 [Debug] real delta=83

--------------------------------------------------------------------------------
2022-04-03 20:22:03.303 [Debug] this.Statistics.Ping=0 NCPing=6

--------------------------------------------------------------------------------
2022-04-03 20:22:03.305 [Debug] Connection established to remote [00000000-0000-0000-0000-000000000000/38.129.153.213:5400].

--------------------------------------------------------------------------------
2022-04-03 20:22:03.305 [Info] Connected [00000000-0000-0000-0000-000000000000].

--------------------------------------------------------------------------------
2022-04-03 20:22:17.562 [Debug] StatusChanged: [NetIncomingMessage #0 10 bytes] [Disconnected]

--------------------------------------------------------------------------------
2022-04-03 20:22:17.563 [Debug] Connection terminated to remote [00000000-0000-0000-0000-000000000000/38.129.153.213:5400].

--------------------------------------------------------------------------------
2022-04-03 20:22:17.563 [Info] Disconnected [00000000-0000-0000-0000-000000000000].

--------------------------------------------------------------------------------
2022-04-03 20:22:17.566 [Info] Connecting to 38.129.153.213:5400...

--------------------------------------------------------------------------------
2022-04-03 20:22:32.729 [Debug] StatusChanged: [NetIncomingMessage #0 63 bytes] [Disconnected]

--------------------------------------------------------------------------------
2022-04-03 20:22:32.729 [Debug] Unknown client disconnected (00-00-00-00-00-00-00-00).

--------------------------------------------------------------------------------
2022-04-03 20:22:32.729 [Info] Disconnected [00000000-0000-0000-0000-000000000000].

--------------------------------------------------------------------------------
2022-04-03 20:22:32.729 [Info] Connecting to 38.129.153.213:5400...

--------------------------------------------------------------------------------
2022-04-03 20:22:34.437 [Debug] StatusChanged: [NetIncomingMessage #0 10 bytes] [Disconnecting]

--------------------------------------------------------------------------------
2022-04-03 20:22:34.438 [Debug] StatusChanged: [NetIncomingMessage #0 10 bytes] [Disconnected]

--------------------------------------------------------------------------------
2022-04-03 20:22:34.438 [Debug] Unknown client disconnected (00-00-00-00-00-00-00-00).

--------------------------------------------------------------------------------
2022-04-03 20:22:34.438 [Info] Disconnected [00000000-0000-0000-0000-000000000000].

--------------------------------------------------------------------------------
2022-04-03 20:22:34.438 [Info] Connecting to 38.129.153.213:5400...

--------------------------------------------------------------------------------
2022-04-03 20:22:34.479 [Info] Acquiring context lock... (0ms)

--------------------------------------------------------------------------------
2022-04-03 20:22:34.479 [Info] Acquired. (0ms)

--------------------------------------------------------------------------------
2022-04-03 20:22:34.480 [Info] Beginning context dispose. (0ms)

--------------------------------------------------------------------------------
2022-04-03 20:22:34.481 [Info] GC.SuppressFinalize (0ms)

--------------------------------------------------------------------------------
2022-04-03 20:22:34.481 [Info] InternalDispose() completed. (0ms)

--------------------------------------------------------------------------------
2022-04-03 20:22:34.481 [Info] Clearing instance... (1ms)

--------------------------------------------------------------------------------
2022-04-03 20:22:34.481 [Info] Releasing context lock... (2ms)

--------------------------------------------------------------------------------
2022-04-03 20:22:34.481 [Info] Released. (2ms)

--------------------------------------------------------------------------------
