2022-04-04 21:28:31.474 [Info] Discovered 0 plugins:


--------------------------------------------------------------------------------
2022-04-04 21:28:32.519 [Info] Connecting to 38.129.153.213:5400...

--------------------------------------------------------------------------------
2022-04-04 21:28:32.958 [Info] Connection approved [00000000-0000-0000-0000-000000000000].

--------------------------------------------------------------------------------
2022-04-04 21:28:33.022 [Debug] approval Time=3190770 Offset=63784701322168 Real=63784704512938

--------------------------------------------------------------------------------
2022-04-04 21:28:33.022 [Debug] local Time=3190770 Offset=63784701322252 Real=63784704513022

--------------------------------------------------------------------------------
2022-04-04 21:28:33.022 [Debug] real delta=83

--------------------------------------------------------------------------------
2022-04-04 21:28:33.023 [Debug] this.Statistics.Ping=0 NCPing=6

--------------------------------------------------------------------------------
2022-04-04 21:28:33.024 [Debug] Connection established to remote [00000000-0000-0000-0000-000000000000/38.129.153.213:5400].

--------------------------------------------------------------------------------
2022-04-04 21:28:33.025 [Info] Connected [00000000-0000-0000-0000-000000000000].

--------------------------------------------------------------------------------
2022-04-04 21:28:38.068 [Warn] 'Me' is null.

--------------------------------------------------------------------------------
2022-04-04 21:28:38.327 [Debug] received epp: 3195832

--------------------------------------------------------------------------------
2022-04-04 21:28:42.739 [Debug] received epp: 3200551

--------------------------------------------------------------------------------
2022-04-04 21:28:45.772 [Debug] received epp: 3203583

--------------------------------------------------------------------------------
2022-04-04 21:28:54.389 [Debug] received epp: 3212206

--------------------------------------------------------------------------------
2022-04-04 21:51:57.132 [Debug] received epp: 4594941

--------------------------------------------------------------------------------
2022-04-04 21:54:56.616 [Warn] 'Me' is null.

--------------------------------------------------------------------------------
2022-04-04 21:54:56.720 [Debug] received epp: 4774426

--------------------------------------------------------------------------------
2022-04-04 21:55:02.447 [Debug] received epp: 4780238

--------------------------------------------------------------------------------
2022-04-04 21:55:02.578 [Debug] received epp: 4780238

--------------------------------------------------------------------------------
2022-04-04 21:58:10.048 [Debug] StatusChanged: [NetIncomingMessage #549 10 bytes] [Disconnecting]

--------------------------------------------------------------------------------
2022-04-04 21:58:10.052 [Debug] StatusChanged: [NetIncomingMessage #550 14 bytes] [Disconnected]

--------------------------------------------------------------------------------
2022-04-04 21:58:10.081 [Info] Acquiring context lock... (0ms)

--------------------------------------------------------------------------------
2022-04-04 21:58:10.081 [Info] Acquired. (0ms)

--------------------------------------------------------------------------------
2022-04-04 21:58:10.082 [Info] Beginning context dispose. (0ms)

--------------------------------------------------------------------------------
2022-04-04 21:58:10.082 [Info] GC.SuppressFinalize (0ms)

--------------------------------------------------------------------------------
2022-04-04 21:58:10.082 [Info] InternalDispose() completed. (0ms)

--------------------------------------------------------------------------------
2022-04-04 21:58:10.082 [Info] Clearing instance... (1ms)

--------------------------------------------------------------------------------
2022-04-04 21:58:10.083 [Info] Releasing context lock... (1ms)

--------------------------------------------------------------------------------
2022-04-04 21:58:10.083 [Info] Released. (1ms)

--------------------------------------------------------------------------------
