2022-04-03 15:41:01.565 [Info] Discovered 0 plugins:


--------------------------------------------------------------------------------
2022-04-03 15:41:02.694 [Info] Connecting to 38.129.153.213:5400...

--------------------------------------------------------------------------------
2022-04-03 15:41:03.143 [Info] Connection approved [00000000-0000-0000-0000-000000000000].

--------------------------------------------------------------------------------
2022-04-03 15:41:03.208 [Debug] approval Time=2473135 Offset=63784594789990 Real=63784597263126

--------------------------------------------------------------------------------
2022-04-03 15:41:03.209 [Debug] local Time=2473135 Offset=63784594790072 Real=63784597263208

--------------------------------------------------------------------------------
2022-04-03 15:41:03.209 [Debug] real delta=81

--------------------------------------------------------------------------------
2022-04-03 15:41:03.209 [Debug] this.Statistics.Ping=0 NCPing=7

--------------------------------------------------------------------------------
2022-04-03 15:41:03.211 [Debug] Connection established to remote [00000000-0000-0000-0000-000000000000/38.129.153.213:5400].

--------------------------------------------------------------------------------
2022-04-03 15:41:03.211 [Info] Connected [00000000-0000-0000-0000-000000000000].

--------------------------------------------------------------------------------
2022-04-03 15:41:21.811 [Debug] StatusChanged: [NetIncomingMessage #0 10 bytes] [Disconnecting]

--------------------------------------------------------------------------------
2022-04-03 15:41:21.813 [Debug] StatusChanged: [NetIncomingMessage #0 10 bytes] [Disconnected]

--------------------------------------------------------------------------------
2022-04-03 15:41:21.855 [Info] Acquiring context lock... (0ms)

--------------------------------------------------------------------------------
2022-04-03 15:41:21.856 [Info] Acquired. (0ms)

--------------------------------------------------------------------------------
2022-04-03 15:41:21.856 [Info] Beginning context dispose. (0ms)

--------------------------------------------------------------------------------
2022-04-03 15:41:21.857 [Info] GC.SuppressFinalize (0ms)

--------------------------------------------------------------------------------
2022-04-03 15:41:21.857 [Info] InternalDispose() completed. (0ms)

--------------------------------------------------------------------------------
2022-04-03 15:41:21.857 [Info] Clearing instance... (1ms)

--------------------------------------------------------------------------------
2022-04-03 15:41:21.857 [Info] Releasing context lock... (1ms)

--------------------------------------------------------------------------------
2022-04-03 15:41:21.857 [Info] Released. (1ms)

--------------------------------------------------------------------------------
